Mplus VERSION 8.4 (Mac)
MUTHEN & MUTHEN
03/17/2023   7:26 PM

INPUT INSTRUCTIONS

  TITLE: M1 dat1 Default Priors;

  DATA:
  FILE = mlsem_dat1.dat;

  VARIABLE:
  NAMES = country imprel confidence belong attend pray person year code RCCHR RCMUSLIM
       RCASIAN RCOTHER COMMALL RRI RLI ZAFRICA ZLA ZINDIC ZSINIC ZNWEST ZISLAM ZORT
       ZEUWEST;
  USEVARIABLES = country imprel person confidence pray attend belong
       RCASIAN RCOTHER COMMALL RRI RLI;
  MISSING = .;

  BETWEEN = RCASIAN RCOTHER COMMALL RRI RLI;
  CLUSTER = country;
  CATEGORICAL = imprel confidence belong person;

  ANALYSIS:
  ESTIMATOR = BAYES;
  PROCESSORS = 2;
  TYPE = TWOLEVEL RANDOM;
  THIN = 20;
  FBITERATIONS = 10000;

  MODEL:
  %WITHIN%
  Rel_W BY imprel person confidence pray belong;
  Res1_W BY pray@1 attend@1;
  Res2_W BY person@1 belong@1;
  Res1_W WITH Rel_W@0;
  Res2_W WITH Rel_W@0;
  Res1_W WITH Res2_W@0;

  SLOPE | attend ON Rel_W;

  %BETWEEN%
  Rel_B BY imprel person confidence pray attend belong;
  Res1_B BY pray@1 attend@1;
  Res2_B BY person@1 belong@1;
  Res1_B WITH Rel_B@0;
  Res2_B WITH Rel_B@0;
  Res1_B WITH Res2_B@0;

  SLOPE ON RCASIAN RCOTHER COMMALL RRI RLI;

  OUTPUT:
  TECH8;

  PLOT:
  TYPE = PLOT2;

  SAVEDATA:
  BPARAMETERS = parameters.dat;



*** WARNING in VARIABLE command
  Note that only the first 8 characters of variable names are used in the output.
  Shorten variable names to avoid any confusion.
*** WARNING in PLOT command
  Note that only the first 8 characters of variable names are used in plots.
  If variable names are not unique within the first 8 characters, problems
  may occur.
   2 WARNING(S) FOUND IN THE INPUT INSTRUCTIONS



M1 dat1 Default Priors;

SUMMARY OF ANALYSIS

Number of groups                                                 1
Number of observations                                       60019

Number of dependent variables                                    6
Number of independent variables                                  5
Number of continuous latent variables                            7

Observed dependent variables

  Continuous
   PRAY        ATTEND

  Binary and ordered categorical (ordinal)
   IMPREL      PERSON      CONFIDEN    BELONG

Observed independent variables
   RCASIAN     RCOTHER     COMMALL     RRI         RLI

Continuous latent variables
   REL_W       RES1_W      RES2_W      REL_B       RES1_B      RES2_B
   SLOPE

Variables with special functions

  Cluster variable      COUNTRY

  Between variables
   RCASIAN     RCOTHER     COMMALL     RRI         RLI


Estimator                                                    BAYES
Specifications for Bayesian Estimation
  Point estimate                                            MEDIAN
  Number of Markov chain Monte Carlo (MCMC) chains               2
  Random seed for the first chain                                0
  Starting value information                           UNPERTURBED
  Algorithm used for Markov chain Monte Carlo           GIBBS(PX1)
  Fixed number of iterations                                 10000
  K-th iteration used for thinning                              20
Link                                                        PROBIT

Input data file(s)
  mlsem_dat1.dat
Input data format  FREE


SUMMARY OF DATA

     Number of clusters                         42

       Size (s)    Cluster ID with Size s

        250        14
        447        30
        999        38
       1000        10 40
       1003        2
       1004        1
       1046        33
       1057        28
       1069        36
       1189        37
       1190        41
       1200        35 23 12 29 11 18 42
       1203        19
       1222        15
       1223        3
       1257        31
       1266        22
       1276        21
       1313        24
       1499        20
       1520        9
       1533        13
       1535        5
       1552        16
       1638        26
       1739        25
       1762        7
       1810        32
       1813        4
       1902        27
       2012        34
       2067        6
       2596        39
       2609        17
       4018        8



COVARIANCE COVERAGE OF DATA

Minimum covariance coverage value   0.100

     Number of missing data patterns             1


     PROPORTION OF DATA PRESENT


           Covariance Coverage
              IMPREL        PERSON        CONFIDEN      BELONG        PRAY
              ________      ________      ________      ________      ________
 IMPREL         1.000
 PERSON         1.000         1.000
 CONFIDEN       1.000         1.000         1.000
 BELONG         1.000         1.000         1.000         1.000
 PRAY           1.000         1.000         1.000         1.000         1.000
 ATTEND         1.000         1.000         1.000         1.000         1.000
 RCASIAN        1.000         1.000         1.000         1.000         1.000
 RCOTHER        1.000         1.000         1.000         1.000         1.000
 COMMALL        1.000         1.000         1.000         1.000         1.000
 RRI            1.000         1.000         1.000         1.000         1.000
 RLI            1.000         1.000         1.000         1.000         1.000


           Covariance Coverage
              ATTEND        RCASIAN       RCOTHER       COMMALL       RRI
              ________      ________      ________      ________      ________
 ATTEND         1.000
 RCASIAN        1.000         1.000
 RCOTHER        1.000         1.000         1.000
 COMMALL        1.000         1.000         1.000         1.000
 RRI            1.000         1.000         1.000         1.000         1.000
 RLI            1.000         1.000         1.000         1.000         1.000


           Covariance Coverage
              RLI
              ________
 RLI            1.000


UNIVARIATE PROPORTIONS AND COUNTS FOR CATEGORICAL VARIABLES

    IMPREL
      Category 1    0.185        11081.000
      Category 2    0.226        13556.000
      Category 3    0.240        14425.000
      Category 4    0.349        20957.000
    PERSON
      Category 1    0.390        23397.000
      Category 2    0.610        36622.000
    CONFIDEN
      Category 1    0.147         8797.000
      Category 2    0.293        17596.000
      Category 3    0.326        19541.000
      Category 4    0.235        14085.000
    BELONG
      Category 1    0.297        17819.000
      Category 2    0.703        42200.000



UNIVARIATE SAMPLE STATISTICS


     UNIVARIATE HIGHER-ORDER MOMENT DESCRIPTIVE STATISTICS

         Variable/         Mean/     Skewness/   Minimum/ % with                Percentiles
        Sample Size      Variance    Kurtosis    Maximum  Min/Max      20%/60%    40%/80%    Median

     PRAY                  4.773      -0.266       1.000   23.66%       1.000      4.000      6.000
           60019.000       7.545      -1.557       8.000   21.81%       6.000      8.000
     ATTEND                3.501       0.181       1.000   28.69%       1.000      2.000      4.000
           60019.000       4.503      -1.422       7.000    8.72%       4.000      6.000
     RCASIAN               4.401       3.225       0.000    4.76%       0.023      0.071      0.147
              42.000     138.067       9.547      54.805    2.38%       0.203      1.872
     RCOTHER              23.245       1.378       0.878    2.38%       4.549     10.138     15.725
              42.000     474.301       1.667      94.074    2.38%      24.344     39.463
     COMMALL               0.333       0.707       0.000   66.67%       0.000      0.000      0.000
              42.000       0.222      -1.500       1.000   33.33%       0.000      1.000
     RRI                  10.357       1.891       0.000    4.76%       2.000      5.000      6.000
              42.000     148.849       3.125      55.000    2.38%       7.000     17.000
     RLI                   9.500       2.756       3.000    4.76%       5.000      7.000      8.000
              42.000      44.107       8.354      36.000    2.38%       9.000     13.000


THE MODEL ESTIMATION TERMINATED NORMALLY

     USE THE FBITERATIONS OPTION TO INCREASE THE NUMBER OF ITERATIONS BY A FACTOR
     OF AT LEAST TWO TO CHECK CONVERGENCE AND THAT THE PSR VALUE DOES NOT INCREASE.



MODEL FIT INFORMATION

Number of Free Parameters                              40



MODEL RESULTS

                                Posterior  One-Tailed         95% C.I.
                    Estimate       S.D.      P-Value   Lower 2.5%  Upper 2.5%  Significance

Within Level

 REL_W    BY
    IMPREL             1.000       0.000      0.000       1.000       1.000
    PERSON             1.219       0.018      0.000       1.184       1.256      *
    CONFIDENCE         0.609       0.007      0.000       0.595       0.624      *
    PRAY               1.263       0.014      0.000       1.236       1.291      *
    BELONG             1.017       0.015      0.000       0.988       1.048      *

 RES1_W   BY
    PRAY               1.000       0.000      0.000       1.000       1.000
    ATTEND             1.000       0.000      0.000       1.000       1.000

 RES2_W   BY
    PERSON             1.000       0.000      0.000       1.000       1.000
    BELONG             1.000       0.000      0.000       1.000       1.000

 RES1_W   WITH
    REL_W              0.000       0.000      1.000       0.000       0.000
    RES2_W             0.000       0.000      1.000       0.000       0.000

 RES2_W   WITH
    REL_W              0.000       0.000      1.000       0.000       0.000

 Variances
    REL_W              1.595       0.030      0.000       1.536       1.653      *
    RES1_W             0.595       0.014      0.000       0.567       0.624      *
    RES2_W             0.268       0.021      0.000       0.228       0.309      *

 Residual Variances
    PRAY               2.149       0.018      0.000       2.113       2.184      *
    ATTEND             1.294       0.013      0.000       1.269       1.320      *

Between Level

 REL_B    BY
    IMPREL             1.000       0.000      0.000       1.000       1.000
    PERSON             0.734       0.084      0.000       0.569       0.899      *
    CONFIDENCE         0.449       0.048      0.000       0.354       0.543      *
    PRAY               1.267       0.064      0.000       1.145       1.394      *
    ATTEND             0.784       0.065      0.000       0.657       0.911      *
    BELONG             0.830       0.127      0.000       0.579       1.084      *

 RES1_B   BY
    PRAY               1.000       0.000      0.000       1.000       1.000
    ATTEND             1.000       0.000      0.000       1.000       1.000

 RES2_B   BY
    PERSON             1.000       0.000      0.000       1.000       1.000
    BELONG             1.000       0.000      0.000       1.000       1.000

 SLOPE      ON
    RCASIAN            0.001       0.003      0.305      -0.004       0.006
    RCOTHER            0.000       0.001      0.409      -0.003       0.002
    COMMALL           -0.192       0.069      0.002      -0.332      -0.058      *
    RRI                0.001       0.003      0.349      -0.004       0.006
    RLI               -0.005       0.005      0.119      -0.015       0.004

 RES1_B   WITH
    REL_B              0.000       0.000      1.000       0.000       0.000
    RES2_B             0.000       0.000      1.000       0.000       0.000

 RES2_B   WITH
    REL_B              0.000       0.000      1.000       0.000       0.000

 Intercepts
    PRAY               4.798       0.183      0.000       4.467       5.196      *
    ATTEND             3.529       0.129      0.000       3.290       3.797      *
    SLOPE              1.093       0.067      0.000       0.964       1.224      *

 Thresholds
    IMPREL$1          -1.915       0.134      0.000      -2.204      -1.678      *
    IMPREL$2          -0.483       0.135      0.000      -0.769      -0.249      *
    IMPREL$3           0.803       0.135      0.000       0.514       1.040      *
    PERSON$1          -0.644       0.137      0.000      -0.920      -0.383      *
    CONFIDEN$1        -1.496       0.082      0.000      -1.652      -1.336      *
    CONFIDEN$2        -0.222       0.082      0.008      -0.377      -0.061      *
    CONFIDEN$3         1.023       0.082      0.000       0.869       1.184      *
    BELONG$1          -1.262       0.185      0.000      -1.636      -0.912      *

 Variances
    REL_B              1.479       0.367      0.000       0.981       2.421      *
    RES1_B             0.058       0.039      0.000       0.005       0.156      *
    RES2_B             0.224       0.104      0.000       0.052       0.462      *

 Residual Variances
    IMPREL             0.012       0.015      0.000       0.000       0.058      *
    PERSON             0.149       0.095      0.000       0.016       0.383      *
    CONFIDENCE         0.122       0.032      0.000       0.079       0.201      *
    BELONG             0.653       0.192      0.000       0.385       1.128      *
    PRAY               0.118       0.048      0.000       0.045       0.236      *
    ATTEND             0.156       0.053      0.000       0.080       0.284      *
    SLOPE              0.034       0.010      0.000       0.021       0.058      *


TECHNICAL 1 OUTPUT


     PARAMETER SPECIFICATION FOR WITHIN


           TAU
              IMPREL$1      IMPREL$2      IMPREL$3      PERSON$1      CONFIDEN
              ________      ________      ________      ________      ________
                    0             0             0             0             0


           TAU
              CONFIDEN      CONFIDEN      BELONG$1
              ________      ________      ________
                    0             0             0


           NU
              IMPREL        PERSON        CONFIDEN      BELONG        PRAY
              ________      ________      ________      ________      ________
                    0             0             0             0             0


           NU
              ATTEND
              ________
                    0


           LAMBDA
              REL_W         RES1_W        RES2_W        ATTEND
              ________      ________      ________      ________
 IMPREL             0             0             0             0
 PERSON             1             0             0             0
 CONFIDEN           2             0             0             0
 BELONG             3             0             0             0
 PRAY               4             0             0             0
 ATTEND             0             0             0             0


           THETA
              IMPREL        PERSON        CONFIDEN      BELONG        PRAY
              ________      ________      ________      ________      ________
 IMPREL             0
 PERSON             0             0
 CONFIDEN           0             0             0
 BELONG             0             0             0             0
 PRAY               0             0             0             0             5
 ATTEND             0             0             0             0             0


           THETA
              ATTEND
              ________
 ATTEND             0


           ALPHA
              REL_W         RES1_W        RES2_W        ATTEND
              ________      ________      ________      ________
                    0             0             0             0


           BETA
              REL_W         RES1_W        RES2_W        ATTEND
              ________      ________      ________      ________
 REL_W              0             0             0             0
 RES1_W             0             0             0             0
 RES2_W             0             0             0             0
 ATTEND             0             0             0             0


           PSI
              REL_W         RES1_W        RES2_W        ATTEND
              ________      ________      ________      ________
 REL_W              6
 RES1_W             0             7
 RES2_W             0             0             8
 ATTEND             0             0             0             9


     PARAMETER SPECIFICATION FOR BETWEEN


           TAU
              IMPREL$1      IMPREL$2      IMPREL$3      PERSON$1      CONFIDEN
              ________      ________      ________      ________      ________
                   33            34            35            36            37


           TAU
              CONFIDEN      CONFIDEN      BELONG$1
              ________      ________      ________
                   38            39            40


           NU
              IMPREL        PERSON        CONFIDEN      BELONG        PRAY
              ________      ________      ________      ________      ________
                    0             0             0             0            10


           NU
              ATTEND        RCASIAN       RCOTHER       COMMALL       RRI
              ________      ________      ________      ________      ________
                    0             0             0             0             0


           NU
              RLI
              ________
                    0


           LAMBDA
              REL_B         RES1_B        RES2_B        SLOPE         ATTEND
              ________      ________      ________      ________      ________
 IMPREL             0             0             0             0             0
 PERSON            11             0             0             0             0
 CONFIDEN          12             0             0             0             0
 BELONG            13             0             0             0             0
 PRAY              14             0             0             0             0
 ATTEND             0             0             0             0             0
 RCASIAN            0             0             0             0             0
 RCOTHER            0             0             0             0             0
 COMMALL            0             0             0             0             0
 RRI                0             0             0             0             0
 RLI                0             0             0             0             0


           LAMBDA
              RCASIAN       RCOTHER       COMMALL       RRI           RLI
              ________      ________      ________      ________      ________
 IMPREL             0             0             0             0             0
 PERSON             0             0             0             0             0
 CONFIDEN           0             0             0             0             0
 BELONG             0             0             0             0             0
 PRAY               0             0             0             0             0
 ATTEND             0             0             0             0             0
 RCASIAN            0             0             0             0             0
 RCOTHER            0             0             0             0             0
 COMMALL            0             0             0             0             0
 RRI                0             0             0             0             0
 RLI                0             0             0             0             0


           THETA
              IMPREL        PERSON        CONFIDEN      BELONG        PRAY
              ________      ________      ________      ________      ________
 IMPREL            15
 PERSON             0            16
 CONFIDEN           0             0            17
 BELONG             0             0             0            18
 PRAY               0             0             0             0            19
 ATTEND             0             0             0             0             0
 RCASIAN            0             0             0             0             0
 RCOTHER            0             0             0             0             0
 COMMALL            0             0             0             0             0
 RRI                0             0             0             0             0
 RLI                0             0             0             0             0


           THETA
              ATTEND        RCASIAN       RCOTHER       COMMALL       RRI
              ________      ________      ________      ________      ________
 ATTEND             0
 RCASIAN            0             0
 RCOTHER            0             0             0
 COMMALL            0             0             0             0
 RRI                0             0             0             0             0
 RLI                0             0             0             0             0


           THETA
              RLI
              ________
 RLI                0


           ALPHA
              REL_B         RES1_B        RES2_B        SLOPE         ATTEND
              ________      ________      ________      ________      ________
                    0             0             0            20            21


           ALPHA
              RCASIAN       RCOTHER       COMMALL       RRI           RLI
              ________      ________      ________      ________      ________
                    0             0             0             0             0


           BETA
              REL_B         RES1_B        RES2_B        SLOPE         ATTEND
              ________      ________      ________      ________      ________
 REL_B              0             0             0             0             0
 RES1_B             0             0             0             0             0
 RES2_B             0             0             0             0             0
 SLOPE              0             0             0             0             0
 ATTEND            27             0             0             0             0
 RCASIAN            0             0             0             0             0
 RCOTHER            0             0             0             0             0
 COMMALL            0             0             0             0             0
 RRI                0             0             0             0             0
 RLI                0             0             0             0             0


           BETA
              RCASIAN       RCOTHER       COMMALL       RRI           RLI
              ________      ________      ________      ________      ________
 REL_B              0             0             0             0             0
 RES1_B             0             0             0             0             0
 RES2_B             0             0             0             0             0
 SLOPE             22            23            24            25            26
 ATTEND             0             0             0             0             0
 RCASIAN            0             0             0             0             0
 RCOTHER            0             0             0             0             0
 COMMALL            0             0             0             0             0
 RRI                0             0             0             0             0
 RLI                0             0             0             0             0


           PSI
              REL_B         RES1_B        RES2_B        SLOPE         ATTEND
              ________      ________      ________      ________      ________
 REL_B             28
 RES1_B             0            29
 RES2_B             0             0            30
 SLOPE              0             0             0            31
 ATTEND             0             0             0             0            32
 RCASIAN            0             0             0             0             0
 RCOTHER            0             0             0             0             0
 COMMALL            0             0             0             0             0
 RRI                0             0             0             0             0
 RLI                0             0             0             0             0


           PSI
              RCASIAN       RCOTHER       COMMALL       RRI           RLI
              ________      ________      ________      ________      ________
 RCASIAN            0
 RCOTHER            0             0
 COMMALL            0             0             0
 RRI                0             0             0             0
 RLI                0             0             0             0             0


     STARTING VALUES FOR WITHIN


           TAU
              IMPREL$1      IMPREL$2      IMPREL$3      PERSON$1      CONFIDEN
              ________      ________      ________      ________      ________
                0.000         0.000         0.000         0.000         0.000


           TAU
              CONFIDEN      CONFIDEN      BELONG$1
              ________      ________      ________
                0.000         0.000         0.000


           NU
              IMPREL        PERSON        CONFIDEN      BELONG        PRAY
              ________      ________      ________      ________      ________
                0.000         0.000         0.000         0.000         0.000


           NU
              ATTEND
              ________
                0.000


           LAMBDA
              REL_W         RES1_W        RES2_W        ATTEND
              ________      ________      ________      ________
 IMPREL         1.000         0.000         0.000         0.000
 PERSON         1.000         0.000         1.000         0.000
 CONFIDEN       1.000         0.000         0.000         0.000
 BELONG         1.000         0.000         1.000         0.000
 PRAY           1.000         1.000         0.000         0.000
 ATTEND         0.000         0.000         0.000         1.000


           THETA
              IMPREL        PERSON        CONFIDEN      BELONG        PRAY
              ________      ________      ________      ________      ________
 IMPREL         1.000
 PERSON         0.000         1.000
 CONFIDEN       0.000         0.000         1.000
 BELONG         0.000         0.000         0.000         1.000
 PRAY           0.000         0.000         0.000         0.000         3.773
 ATTEND         0.000         0.000         0.000         0.000         0.000


           THETA
              ATTEND
              ________
 ATTEND         0.000


           ALPHA
              REL_W         RES1_W        RES2_W        ATTEND
              ________      ________      ________      ________
                0.000         0.000         0.000         0.000


           BETA
              REL_W         RES1_W        RES2_W        ATTEND
              ________      ________      ________      ________
 REL_W          0.000         0.000         0.000         0.000
 RES1_W         0.000         0.000         0.000         0.000
 RES2_W         0.000         0.000         0.000         0.000
 ATTEND         0.000         1.000         0.000         0.000


           PSI
              REL_W         RES1_W        RES2_W        ATTEND
              ________      ________      ________      ________
 REL_W          1.000
 RES1_W         0.000         1.000
 RES2_W         0.000         0.000         1.000
 ATTEND         0.000         0.000         0.000         2.251


     STARTING VALUES FOR BETWEEN


           TAU
              IMPREL$1      IMPREL$2      IMPREL$3      PERSON$1      CONFIDEN
              ________      ________      ________      ________      ________
               -0.825        -0.201         0.346        -0.249        -0.979


           TAU
              CONFIDEN      CONFIDEN      BELONG$1
              ________      ________      ________
               -0.135         0.657        -0.479


           NU
              IMPREL        PERSON        CONFIDEN      BELONG        PRAY
              ________      ________      ________      ________      ________
                0.000         0.000         0.000         0.000         4.773


           NU
              ATTEND        RCASIAN       RCOTHER       COMMALL       RRI
              ________      ________      ________      ________      ________
                0.000         0.000         0.000         0.000         0.000


           NU
              RLI
              ________
                0.000


           LAMBDA
              REL_B         RES1_B        RES2_B        SLOPE         ATTEND
              ________      ________      ________      ________      ________
 IMPREL         1.000         0.000         0.000         0.000         0.000
 PERSON         1.000         0.000         1.000         0.000         0.000
 CONFIDEN       1.000         0.000         0.000         0.000         0.000
 BELONG         1.000         0.000         1.000         0.000         0.000
 PRAY           1.000         1.000         0.000         0.000         0.000
 ATTEND         0.000         0.000         0.000         0.000         1.000
 RCASIAN        0.000         0.000         0.000         0.000         0.000
 RCOTHER        0.000         0.000         0.000         0.000         0.000
 COMMALL        0.000         0.000         0.000         0.000         0.000
 RRI            0.000         0.000         0.000         0.000         0.000
 RLI            0.000         0.000         0.000         0.000         0.000


           LAMBDA
              RCASIAN       RCOTHER       COMMALL       RRI           RLI
              ________      ________      ________      ________      ________
 IMPREL         0.000         0.000         0.000         0.000         0.000
 PERSON         0.000         0.000         0.000         0.000         0.000
 CONFIDEN       0.000         0.000         0.000         0.000         0.000
 BELONG         0.000         0.000         0.000         0.000         0.000
 PRAY           0.000         0.000         0.000         0.000         0.000
 ATTEND         0.000         0.000         0.000         0.000         0.000
 RCASIAN        1.000         0.000         0.000         0.000         0.000
 RCOTHER        0.000         1.000         0.000         0.000         0.000
 COMMALL        0.000         0.000         1.000         0.000         0.000
 RRI            0.000         0.000         0.000         1.000         0.000
 RLI            0.000         0.000         0.000         0.000         1.000


           THETA
              IMPREL        PERSON        CONFIDEN      BELONG        PRAY
              ________      ________      ________      ________      ________
 IMPREL         1.000
 PERSON         0.000         1.000
 CONFIDEN       0.000         0.000         1.000
 BELONG         0.000         0.000         0.000         1.000
 PRAY           0.000         0.000         0.000         0.000         3.773
 ATTEND         0.000         0.000         0.000         0.000         0.000
 RCASIAN        0.000         0.000         0.000         0.000         0.000
 RCOTHER        0.000         0.000         0.000         0.000         0.000
 COMMALL        0.000         0.000         0.000         0.000         0.000
 RRI            0.000         0.000         0.000         0.000         0.000
 RLI            0.000         0.000         0.000         0.000         0.000


           THETA
              ATTEND        RCASIAN       RCOTHER       COMMALL       RRI
              ________      ________      ________      ________      ________
 ATTEND         0.000
 RCASIAN        0.000         0.000
 RCOTHER        0.000         0.000         0.000
 COMMALL        0.000         0.000         0.000         0.000
 RRI            0.000         0.000         0.000         0.000         0.000
 RLI            0.000         0.000         0.000         0.000         0.000


           THETA
              RLI
              ________
 RLI            0.000


           ALPHA
              REL_B         RES1_B        RES2_B        SLOPE         ATTEND
              ________      ________      ________      ________      ________
                0.000         0.000         0.000         0.000         3.501


           ALPHA
              RCASIAN       RCOTHER       COMMALL       RRI           RLI
              ________      ________      ________      ________      ________
                0.000         0.000         0.000         0.000         0.000


           BETA
              REL_B         RES1_B        RES2_B        SLOPE         ATTEND
              ________      ________      ________      ________      ________
 REL_B          0.000         0.000         0.000         0.000         0.000
 RES1_B         0.000         0.000         0.000         0.000         0.000
 RES2_B         0.000         0.000         0.000         0.000         0.000
 SLOPE          0.000         0.000         0.000         0.000         0.000
 ATTEND         1.000         1.000         0.000         0.000         0.000
 RCASIAN        0.000         0.000         0.000         0.000         0.000
 RCOTHER        0.000         0.000         0.000         0.000         0.000
 COMMALL        0.000         0.000         0.000         0.000         0.000
 RRI            0.000         0.000         0.000         0.000         0.000
 RLI            0.000         0.000         0.000         0.000         0.000


           BETA
              RCASIAN       RCOTHER       COMMALL       RRI           RLI
              ________      ________      ________      ________      ________
 REL_B          0.000         0.000         0.000         0.000         0.000
 RES1_B         0.000         0.000         0.000         0.000         0.000
 RES2_B         0.000         0.000         0.000         0.000         0.000
 SLOPE          0.000         0.000         0.000         0.000         0.000
 ATTEND         0.000         0.000         0.000         0.000         0.000
 RCASIAN        0.000         0.000         0.000         0.000         0.000
 RCOTHER        0.000         0.000         0.000         0.000         0.000
 COMMALL        0.000         0.000         0.000         0.000         0.000
 RRI            0.000         0.000         0.000         0.000         0.000
 RLI            0.000         0.000         0.000         0.000         0.000


           PSI
              REL_B         RES1_B        RES2_B        SLOPE         ATTEND
              ________      ________      ________      ________      ________
 REL_B          1.000
 RES1_B         0.000         1.000
 RES2_B         0.000         0.000         1.000
 SLOPE          0.000         0.000         0.000         1.000
 ATTEND         0.000         0.000         0.000         0.000         2.251
 RCASIAN        0.000         0.000         0.000         0.000         0.000
 RCOTHER        0.000         0.000         0.000         0.000         0.000
 COMMALL        0.000         0.000         0.000         0.000         0.000
 RRI            0.000         0.000         0.000         0.000         0.000
 RLI            0.000         0.000         0.000         0.000         0.000


           PSI
              RCASIAN       RCOTHER       COMMALL       RRI           RLI
              ________      ________      ________      ________      ________
 RCASIAN       79.798
 RCOTHER        0.000       220.882
 COMMALL        0.000         0.000         0.103
 RRI            0.000         0.000         0.000        69.930
 RLI            0.000         0.000         0.000         0.000        21.741



     PRIORS FOR ALL PARAMETERS            PRIOR MEAN      PRIOR VARIANCE     PRIOR STD. DEV.

     Parameter 1~N(0.000,5.000)              0.0000              5.0000              2.2361
     Parameter 2~N(0.000,5.000)              0.0000              5.0000              2.2361
     Parameter 3~N(0.000,5.000)              0.0000              5.0000              2.2361
     Parameter 4~N(0.000,infinity)           0.0000            infinity            infinity
     Parameter 5~IG(-1.000,0.000)          infinity            infinity            infinity
     Parameter 6~IG(-1.000,0.000)          infinity            infinity            infinity
     Parameter 7~IG(-1.000,0.000)          infinity            infinity            infinity
     Parameter 8~IG(-1.000,0.000)          infinity            infinity            infinity
     Parameter 9~IG(-1.000,0.000)          infinity            infinity            infinity
     Parameter 10~N(0.000,infinity)          0.0000            infinity            infinity
     Parameter 11~N(0.000,5.000)             0.0000              5.0000              2.2361
     Parameter 12~N(0.000,5.000)             0.0000              5.0000              2.2361
     Parameter 13~N(0.000,5.000)             0.0000              5.0000              2.2361
     Parameter 14~N(0.000,infinity)          0.0000            infinity            infinity
     Parameter 15~IG(-1.000,0.000)         infinity            infinity            infinity
     Parameter 16~IG(-1.000,0.000)         infinity            infinity            infinity
     Parameter 17~IG(-1.000,0.000)         infinity            infinity            infinity
     Parameter 18~IG(-1.000,0.000)         infinity            infinity            infinity
     Parameter 19~IG(-1.000,0.000)         infinity            infinity            infinity
     Parameter 20~N(0.000,infinity)          0.0000            infinity            infinity
     Parameter 21~N(0.000,infinity)          0.0000            infinity            infinity
     Parameter 22~N(0.000,infinity)          0.0000            infinity            infinity
     Parameter 23~N(0.000,infinity)          0.0000            infinity            infinity
     Parameter 24~N(0.000,infinity)          0.0000            infinity            infinity
     Parameter 25~N(0.000,infinity)          0.0000            infinity            infinity
     Parameter 26~N(0.000,infinity)          0.0000            infinity            infinity
     Parameter 27~N(0.000,infinity)          0.0000            infinity            infinity
     Parameter 28~IG(-1.000,0.000)         infinity            infinity            infinity
     Parameter 29~IG(-1.000,0.000)         infinity            infinity            infinity
     Parameter 30~IG(-1.000,0.000)         infinity            infinity            infinity
     Parameter 31~IG(-1.000,0.000)         infinity            infinity            infinity
     Parameter 32~IG(-1.000,0.000)         infinity            infinity            infinity
     Parameter 33~N(0.000,5.000)             0.0000              5.0000              2.2361
     Parameter 34~N(0.000,5.000)             0.0000              5.0000              2.2361
     Parameter 35~N(0.000,5.000)             0.0000              5.0000              2.2361
     Parameter 36~N(0.000,5.000)             0.0000              5.0000              2.2361
     Parameter 37~N(0.000,5.000)             0.0000              5.0000              2.2361
     Parameter 38~N(0.000,5.000)             0.0000              5.0000              2.2361
     Parameter 39~N(0.000,5.000)             0.0000              5.0000              2.2361
     Parameter 40~N(0.000,5.000)             0.0000              5.0000              2.2361


TECHNICAL 8 OUTPUT


   TECHNICAL 8 OUTPUT FOR BAYES ESTIMATION

     CHAIN    BSEED
     1        0
     2        285380

                     POTENTIAL       PARAMETER WITH
     ITERATION    SCALE REDUCTION      HIGHEST PSR
     100              8.877               39
     200              3.860               37
     300              4.793               35
     400              4.815               33
     500              3.613               33
     600              3.062               33
     700              2.758               33
     800              1.651               33
     900              1.400               33
     1000             1.324               33
     1100             1.383               33
     1200             1.484               33
     1300             1.590               33
     1400             1.727               33
     1500             1.960               33
     1600             2.269               33
     1700             2.596               33
     1800             2.994               33
     1900             3.437               34
     2000             3.819               34
     2100             3.708               34
     2200             3.471               34
     2300             3.435               34
     2400             3.171               34
     2500             3.160               38
     2600             3.290               38
     2700             2.973               38
     2800             2.627               38
     2900             2.300               39
     3000             2.243               39
     3100             2.146               39
     3200             2.101               38
     3300             2.076               38
     3400             1.878               39
     3500             1.704               39
     3600             1.668               39
     3700             1.599               39
     3800             1.509               39
     3900             1.440               39
     4000             1.443               39
     4100             1.337               39
     4200             1.295               39
     4300             1.316               34
     4400             1.337               34
     4500             1.361               33
     4600             1.386               33
     4700             1.412               33
     4800             1.386               33
     4900             1.348               33
     5000             1.291               33
     5100             1.223               33
     5200             1.183               33
     5300             1.152               33
     5400             1.132               33
     5500             1.118               33
     5600             1.106               33
     5700             1.102               37
     5800             1.083               37
     5900             1.061               35
     6000             1.055               34
     6100             1.055               35
     6200             1.050               35
     6300             1.044               35
     6400             1.042               35
     6500             1.043               35
     6600             1.042               35
     6700             1.040               35
     6800             1.037               35
     6900             1.039               35
     7000             1.041               35
     7100             1.044               35
     7200             1.048               35
     7300             1.053               35
     7400             1.063               35
     7500             1.074               35
     7600             1.088               35
     7700             1.110               35
     7800             1.130               35
     7900             1.148               35
     8000             1.168               35
     8100             1.190               35
     8200             1.209               35
     8300             1.228               35
     8400             1.242               35
     8500             1.243               35
     8600             1.245               35
     8700             1.248               35
     8800             1.242               35
     8900             1.219               35
     9000             1.202               38
     9100             1.205               38
     9200             1.210               38
     9300             1.206               38
     9400             1.193               38
     9500             1.184               38
     9600             1.189               38
     9700             1.201               38
     9800             1.197               38
     9900             1.191               38
     10000            1.216               38


PLOT INFORMATION

The following plots are available:

  Sample proportions
  Bayesian posterior parameter distributions
  Bayesian posterior parameter trace plots
  Bayesian autocorrelation plots
  Bayesian prior parameter distributions

SAVEDATA INFORMATION


  Bayesian Parameters

  Save file
    parameters.dat
  Save format      Free

  Order of parameters saved

    Chain number
    Iteration number
    Parameter 1, %WITHIN%: REL_W BY PERSON
    Parameter 2, %WITHIN%: REL_W BY CONFIDENCE
    Parameter 3, %WITHIN%: REL_W BY BELONG
    Parameter 4, %WITHIN%: REL_W BY PRAY
    Parameter 5, %WITHIN%: PRAY
    Parameter 6, %WITHIN%: REL_W
    Parameter 7, %WITHIN%: RES1_W
    Parameter 8, %WITHIN%: RES2_W
    Parameter 9, %WITHIN%: ATTEND
    Parameter 10, %BETWEEN%: [ PRAY ]
    Parameter 11, %BETWEEN%: REL_B BY PERSON
    Parameter 12, %BETWEEN%: REL_B BY CONFIDENCE
    Parameter 13, %BETWEEN%: REL_B BY BELONG
    Parameter 14, %BETWEEN%: REL_B BY PRAY
    Parameter 15, %BETWEEN%: IMPREL
    Parameter 16, %BETWEEN%: PERSON
    Parameter 17, %BETWEEN%: CONFIDENCE
    Parameter 18, %BETWEEN%: BELONG
    Parameter 19, %BETWEEN%: PRAY
    Parameter 20, %BETWEEN%: [ SLOPE ]
    Parameter 21, %BETWEEN%: [ ATTEND ]
    Parameter 22, %BETWEEN%: SLOPE ON RCASIAN
    Parameter 23, %BETWEEN%: SLOPE ON RCOTHER
    Parameter 24, %BETWEEN%: SLOPE ON COMMALL
    Parameter 25, %BETWEEN%: SLOPE ON RRI
    Parameter 26, %BETWEEN%: SLOPE ON RLI
    Parameter 27, %BETWEEN%: ATTEND ON REL_B
    Parameter 28, %BETWEEN%: REL_B
    Parameter 29, %BETWEEN%: RES1_B
    Parameter 30, %BETWEEN%: RES2_B
    Parameter 31, %BETWEEN%: SLOPE
    Parameter 32, %BETWEEN%: ATTEND
    Parameter 33, %BETWEEN%: [ IMPREL$1 ]
    Parameter 34, %BETWEEN%: [ IMPREL$2 ]
    Parameter 35, %BETWEEN%: [ IMPREL$3 ]
    Parameter 36, %BETWEEN%: [ PERSON$1 ]
    Parameter 37, %BETWEEN%: [ CONFIDENCE$1 ]
    Parameter 38, %BETWEEN%: [ CONFIDENCE$2 ]
    Parameter 39, %BETWEEN%: [ CONFIDENCE$3 ]
    Parameter 40, %BETWEEN%: [ BELONG$1 ]

     Beginning Time:  19:26:05
        Ending Time:  01:05:40
       Elapsed Time:  05:39:35



MUTHEN & MUTHEN
3463 Stoner Ave.
Los Angeles, CA  90066

Tel: (310) 391-9971
Fax: (310) 391-8971
Web: www.StatModel.com
Support: Support@StatModel.com

Copyright (c) 1998-2019 Muthen & Muthen
