Mplus VERSION 8.4 (Mac)
MUTHEN & MUTHEN
03/15/2023   9:36 AM

INPUT INSTRUCTIONS

  TITLE: RI SIMPLE dat5 Default Priors;

  DATA:
  FILE = mlsem_dat5.dat;

  VARIABLE:
  NAMES = country imprel confidence belong attend pray person year code RCCHR RCMUSLIM
       RCASIAN RCOTHER COMMALL RRI RLI ZAFRICA ZLA ZINDIC ZSINIC ZNWEST ZISLAM ZORT
       ZEUWEST;
  USEVARIABLES = country imprel person confidence pray attend belong;
  MISSING = .;

  CLUSTER = country;
  CATEGORICAL = imprel confidence belong person;

  ANALYSIS:
  ESTIMATOR = BAYES;
  PROCESSORS = 2;
  TYPE = TWOLEVEL;
  THIN = 20;
  FBITERATIONS = 10000;

  MODEL:
  %WITHIN%
  Rel_W BY imprel person confidence pray attend belong;
  Res1_W BY pray@1 attend@1;
  Res2_W BY person@1 belong@1;
  Res1_W WITH Rel_W@0;
  Res2_W WITH Rel_W@0;
  Res1_W WITH Res2_W@0;

  %BETWEEN%
  Rel_B BY imprel person confidence pray attend belong;
  Res1_B BY pray@1 attend@1;
  Res2_B BY person@1 belong@1;
  Res1_B WITH Rel_B@0;
  Res2_B WITH Rel_B@0;
  Res1_B WITH Res2_B@0;

  OUTPUT:
  TECH8;

  PLOT:
  TYPE = PLOT2;

  SAVEDATA:
  BPARAMETERS = parameters.dat;



*** WARNING in VARIABLE command
  Note that only the first 8 characters of variable names are used in the output.
  Shorten variable names to avoid any confusion.
*** WARNING in PLOT command
  Note that only the first 8 characters of variable names are used in plots.
  If variable names are not unique within the first 8 characters, problems
  may occur.
   2 WARNING(S) FOUND IN THE INPUT INSTRUCTIONS



RI SIMPLE dat5 Default Priors;

SUMMARY OF ANALYSIS

Number of groups                                                 1
Number of observations                                       60019

Number of dependent variables                                    6
Number of independent variables                                  0
Number of continuous latent variables                            6

Observed dependent variables

  Continuous
   PRAY        ATTEND

  Binary and ordered categorical (ordinal)
   IMPREL      PERSON      CONFIDEN    BELONG

Continuous latent variables
   REL_W       RES1_W      RES2_W      REL_B       RES1_B      RES2_B

Variables with special functions

  Cluster variable      COUNTRY

Estimator                                                    BAYES
Specifications for Bayesian Estimation
  Point estimate                                            MEDIAN
  Number of Markov chain Monte Carlo (MCMC) chains               2
  Random seed for the first chain                                0
  Starting value information                           UNPERTURBED
  Algorithm used for Markov chain Monte Carlo           GIBBS(PX1)
  Fixed number of iterations                                 10000
  K-th iteration used for thinning                              20
Link                                                        PROBIT

Input data file(s)
  mlsem_dat5.dat
Input data format  FREE


SUMMARY OF DATA

     Number of clusters                         42

       Size (s)    Cluster ID with Size s

        250        14
        447        30
        999        38
       1000        10 40
       1003        2
       1004        1
       1046        33
       1057        28
       1069        36
       1189        37
       1190        41
       1200        35 23 12 29 11 18 42
       1203        19
       1222        15
       1223        3
       1257        31
       1266        22
       1276        21
       1313        24
       1499        20
       1520        9
       1533        13
       1535        5
       1552        16
       1638        26
       1739        25
       1762        7
       1810        32
       1813        4
       1902        27
       2012        34
       2067        6
       2596        39
       2609        17
       4018        8



COVARIANCE COVERAGE OF DATA

Minimum covariance coverage value   0.100

     Number of missing data patterns             1


     PROPORTION OF DATA PRESENT


           Covariance Coverage
              IMPREL        PERSON        CONFIDEN      BELONG        PRAY
              ________      ________      ________      ________      ________
 IMPREL         1.000
 PERSON         1.000         1.000
 CONFIDEN       1.000         1.000         1.000
 BELONG         1.000         1.000         1.000         1.000
 PRAY           1.000         1.000         1.000         1.000         1.000
 ATTEND         1.000         1.000         1.000         1.000         1.000


           Covariance Coverage
              ATTEND
              ________
 ATTEND         1.000


UNIVARIATE PROPORTIONS AND COUNTS FOR CATEGORICAL VARIABLES

    IMPREL
      Category 1    0.184        11073.000
      Category 2    0.226        13538.000
      Category 3    0.241        14442.000
      Category 4    0.349        20966.000
    PERSON
      Category 1    0.390        23395.000
      Category 2    0.610        36624.000
    CONFIDEN
      Category 1    0.146         8791.000
      Category 2    0.294        17623.000
      Category 3    0.325        19523.000
      Category 4    0.235        14082.000
    BELONG
      Category 1    0.297        17823.000
      Category 2    0.703        42196.000



UNIVARIATE SAMPLE STATISTICS


     UNIVARIATE HIGHER-ORDER MOMENT DESCRIPTIVE STATISTICS

         Variable/         Mean/     Skewness/   Minimum/ % with                Percentiles
        Sample Size      Variance    Kurtosis    Maximum  Min/Max      20%/60%    40%/80%    Median

     PRAY                  4.774      -0.267       1.000   23.67%       1.000      4.000      6.000
           60019.000       7.547      -1.556       8.000   21.82%       6.000      8.000
     ATTEND                3.502       0.180       1.000   28.65%       1.000      2.000      4.000
           60019.000       4.499      -1.421       7.000    8.71%       4.000      6.000


THE MODEL ESTIMATION TERMINATED NORMALLY

     USE THE FBITERATIONS OPTION TO INCREASE THE NUMBER OF ITERATIONS BY A FACTOR
     OF AT LEAST TWO TO CHECK CONVERGENCE AND THAT THE PSR VALUE DOES NOT INCREASE.



MODEL FIT INFORMATION

Number of Free Parameters                              34

Bayesian Posterior Predictive Checking using Chi-Square

          95% Confidence Interval for the Difference Between
          the Observed and the Replicated Chi-Square Values

                                504.134           635.854

          Posterior Predictive P-Value              0.000



MODEL RESULTS

                                Posterior  One-Tailed         95% C.I.
                    Estimate       S.D.      P-Value   Lower 2.5%  Upper 2.5%  Significance

Within Level

 REL_W    BY
    IMPREL             1.000       0.000      0.000       1.000       1.000
    PERSON             1.215       0.019      0.000       1.179       1.253      *
    CONFIDENCE         0.605       0.007      0.000       0.591       0.620      *
    PRAY               1.251       0.014      0.000       1.225       1.279      *
    ATTEND             0.963       0.011      0.000       0.941       0.985      *
    BELONG             1.009       0.016      0.000       0.978       1.040      *

 RES1_W   BY
    PRAY               1.000       0.000      0.000       1.000       1.000
    ATTEND             1.000       0.000      0.000       1.000       1.000

 RES2_W   BY
    PERSON             1.000       0.000      0.000       1.000       1.000
    BELONG             1.000       0.000      0.000       1.000       1.000

 RES1_W   WITH
    REL_W              0.000       0.000      1.000       0.000       0.000
    RES2_W             0.000       0.000      1.000       0.000       0.000

 RES2_W   WITH
    REL_W              0.000       0.000      1.000       0.000       0.000

 Variances
    REL_W              1.621       0.031      0.000       1.562       1.683      *
    RES1_W             0.611       0.014      0.000       0.583       0.639      *
    RES2_W             0.265       0.021      0.000       0.225       0.307      *

 Residual Variances
    PRAY               2.144       0.018      0.000       2.110       2.178      *
    ATTEND             1.349       0.013      0.000       1.323       1.375      *

Between Level

 REL_B    BY
    IMPREL             1.000       0.000      0.000       1.000       1.000
    PERSON             0.731       0.083      0.000       0.572       0.898      *
    CONFIDENCE         0.447       0.048      0.000       0.352       0.542      *
    PRAY               1.262       0.063      0.000       1.140       1.388      *
    ATTEND             0.782       0.065      0.000       0.655       0.909      *
    BELONG             0.824       0.127      0.000       0.578       1.079      *

 RES1_B   BY
    PRAY               1.000       0.000      0.000       1.000       1.000
    ATTEND             1.000       0.000      0.000       1.000       1.000

 RES2_B   BY
    PERSON             1.000       0.000      0.000       1.000       1.000
    BELONG             1.000       0.000      0.000       1.000       1.000

 RES1_B   WITH
    REL_B              0.000       0.000      1.000       0.000       0.000
    RES2_B             0.000       0.000      1.000       0.000       0.000

 RES2_B   WITH
    REL_B              0.000       0.000      1.000       0.000       0.000

 Intercepts
    PRAY               4.814       0.206      0.000       4.439       5.236      *
    ATTEND             3.540       0.143      0.000       3.278       3.823      *

 Thresholds
    IMPREL$1          -1.934       0.157      0.000      -2.265      -1.649      *
    IMPREL$2          -0.498       0.156      0.000      -0.828      -0.213      *
    IMPREL$3           0.794       0.156      0.000       0.467       1.079      *
    PERSON$1          -0.653       0.149      0.000      -0.949      -0.371      *
    CONFIDEN$1        -1.511       0.080      0.000      -1.664      -1.352      *
    CONFIDEN$2        -0.234       0.080      0.000      -0.389      -0.076      *
    CONFIDEN$3         1.010       0.080      0.000       0.857       1.170      *
    BELONG$1          -1.275       0.197      0.000      -1.668      -0.895      *

 Variances
    REL_B              1.500       0.372      0.000       0.979       2.435      *
    RES1_B             0.057       0.039      0.000       0.006       0.153      *
    RES2_B             0.219       0.102      0.000       0.053       0.460      *

 Residual Variances
    IMPREL             0.013       0.016      0.000       0.000       0.059      *
    PERSON             0.142       0.093      0.000       0.014       0.371      *
    CONFIDENCE         0.122       0.032      0.000       0.078       0.201      *
    BELONG             0.661       0.193      0.000       0.390       1.134      *
    PRAY               0.117       0.048      0.000       0.046       0.233      *
    ATTEND             0.156       0.051      0.000       0.080       0.281      *


TECHNICAL 1 OUTPUT


     PARAMETER SPECIFICATION FOR WITHIN


           TAU
              IMPREL$1      IMPREL$2      IMPREL$3      PERSON$1      CONFIDEN
              ________      ________      ________      ________      ________
                    0             0             0             0             0


           TAU
              CONFIDEN      CONFIDEN      BELONG$1
              ________      ________      ________
                    0             0             0


           NU
              IMPREL        PERSON        CONFIDEN      BELONG        PRAY
              ________      ________      ________      ________      ________
                    0             0             0             0             0


           NU
              ATTEND
              ________
                    0


           LAMBDA
              REL_W         RES1_W        RES2_W
              ________      ________      ________
 IMPREL             0             0             0
 PERSON             1             0             0
 CONFIDEN           2             0             0
 BELONG             3             0             0
 PRAY               4             0             0
 ATTEND             5             0             0


           THETA
              IMPREL        PERSON        CONFIDEN      BELONG        PRAY
              ________      ________      ________      ________      ________
 IMPREL             0
 PERSON             0             0
 CONFIDEN           0             0             0
 BELONG             0             0             0             0
 PRAY               0             0             0             0             6
 ATTEND             0             0             0             0             0


           THETA
              ATTEND
              ________
 ATTEND             7


           ALPHA
              REL_W         RES1_W        RES2_W
              ________      ________      ________
                    0             0             0


           BETA
              REL_W         RES1_W        RES2_W
              ________      ________      ________
 REL_W              0             0             0
 RES1_W             0             0             0
 RES2_W             0             0             0


           PSI
              REL_W         RES1_W        RES2_W
              ________      ________      ________
 REL_W              8
 RES1_W             0             9
 RES2_W             0             0            10


     PARAMETER SPECIFICATION FOR BETWEEN


           TAU
              IMPREL$1      IMPREL$2      IMPREL$3      PERSON$1      CONFIDEN
              ________      ________      ________      ________      ________
                   27            28            29            30            31


           TAU
              CONFIDEN      CONFIDEN      BELONG$1
              ________      ________      ________
                   32            33            34


           NU
              IMPREL        PERSON        CONFIDEN      BELONG        PRAY
              ________      ________      ________      ________      ________
                    0             0             0             0            11


           NU
              ATTEND
              ________
                   12


           LAMBDA
              REL_B         RES1_B        RES2_B
              ________      ________      ________
 IMPREL             0             0             0
 PERSON            13             0             0
 CONFIDEN          14             0             0
 BELONG            15             0             0
 PRAY              16             0             0
 ATTEND            17             0             0


           THETA
              IMPREL        PERSON        CONFIDEN      BELONG        PRAY
              ________      ________      ________      ________      ________
 IMPREL            18
 PERSON             0            19
 CONFIDEN           0             0            20
 BELONG             0             0             0            21
 PRAY               0             0             0             0            22
 ATTEND             0             0             0             0             0


           THETA
              ATTEND
              ________
 ATTEND            23


           ALPHA
              REL_B         RES1_B        RES2_B
              ________      ________      ________
                    0             0             0


           BETA
              REL_B         RES1_B        RES2_B
              ________      ________      ________
 REL_B              0             0             0
 RES1_B             0             0             0
 RES2_B             0             0             0


           PSI
              REL_B         RES1_B        RES2_B
              ________      ________      ________
 REL_B             24
 RES1_B             0            25
 RES2_B             0             0            26


     STARTING VALUES FOR WITHIN


           TAU
              IMPREL$1      IMPREL$2      IMPREL$3      PERSON$1      CONFIDEN
              ________      ________      ________      ________      ________
                0.000         0.000         0.000         0.000         0.000


           TAU
              CONFIDEN      CONFIDEN      BELONG$1
              ________      ________      ________
                0.000         0.000         0.000


           NU
              IMPREL        PERSON        CONFIDEN      BELONG        PRAY
              ________      ________      ________      ________      ________
                0.000         0.000         0.000         0.000         0.000


           NU
              ATTEND
              ________
                0.000


           LAMBDA
              REL_W         RES1_W        RES2_W
              ________      ________      ________
 IMPREL         1.000         0.000         0.000
 PERSON         1.000         0.000         1.000
 CONFIDEN       1.000         0.000         0.000
 BELONG         1.000         0.000         1.000
 PRAY           1.000         1.000         0.000
 ATTEND         1.000         1.000         0.000


           THETA
              IMPREL        PERSON        CONFIDEN      BELONG        PRAY
              ________      ________      ________      ________      ________
 IMPREL         1.000
 PERSON         0.000         1.000
 CONFIDEN       0.000         0.000         1.000
 BELONG         0.000         0.000         0.000         1.000
 PRAY           0.000         0.000         0.000         0.000         3.773
 ATTEND         0.000         0.000         0.000         0.000         0.000


           THETA
              ATTEND
              ________
 ATTEND         2.250


           ALPHA
              REL_W         RES1_W        RES2_W
              ________      ________      ________
                0.000         0.000         0.000


           BETA
              REL_W         RES1_W        RES2_W
              ________      ________      ________
 REL_W          0.000         0.000         0.000
 RES1_W         0.000         0.000         0.000
 RES2_W         0.000         0.000         0.000


           PSI
              REL_W         RES1_W        RES2_W
              ________      ________      ________
 REL_W          1.000
 RES1_W         0.000         1.000
 RES2_W         0.000         0.000         1.000


     STARTING VALUES FOR BETWEEN


           TAU
              IMPREL$1      IMPREL$2      IMPREL$3      PERSON$1      CONFIDEN
              ________      ________      ________      ________      ________
               -0.826        -0.202         0.346        -0.249        -0.979


           TAU
              CONFIDEN      CONFIDEN      BELONG$1
              ________      ________      ________
               -0.134         0.657        -0.479


           NU
              IMPREL        PERSON        CONFIDEN      BELONG        PRAY
              ________      ________      ________      ________      ________
                0.000         0.000         0.000         0.000         4.774


           NU
              ATTEND
              ________
                3.502


           LAMBDA
              REL_B         RES1_B        RES2_B
              ________      ________      ________
 IMPREL         1.000         0.000         0.000
 PERSON         1.000         0.000         1.000
 CONFIDEN       1.000         0.000         0.000
 BELONG         1.000         0.000         1.000
 PRAY           1.000         1.000         0.000
 ATTEND         1.000         1.000         0.000


           THETA
              IMPREL        PERSON        CONFIDEN      BELONG        PRAY
              ________      ________      ________      ________      ________
 IMPREL         1.000
 PERSON         0.000         1.000
 CONFIDEN       0.000         0.000         1.000
 BELONG         0.000         0.000         0.000         1.000
 PRAY           0.000         0.000         0.000         0.000         3.773
 ATTEND         0.000         0.000         0.000         0.000         0.000


           THETA
              ATTEND
              ________
 ATTEND         2.250


           ALPHA
              REL_B         RES1_B        RES2_B
              ________      ________      ________
                0.000         0.000         0.000


           BETA
              REL_B         RES1_B        RES2_B
              ________      ________      ________
 REL_B          0.000         0.000         0.000
 RES1_B         0.000         0.000         0.000
 RES2_B         0.000         0.000         0.000


           PSI
              REL_B         RES1_B        RES2_B
              ________      ________      ________
 REL_B          1.000
 RES1_B         0.000         1.000
 RES2_B         0.000         0.000         1.000



     PRIORS FOR ALL PARAMETERS            PRIOR MEAN      PRIOR VARIANCE     PRIOR STD. DEV.

     Parameter 1~N(0.000,5.000)              0.0000              5.0000              2.2361
     Parameter 2~N(0.000,5.000)              0.0000              5.0000              2.2361
     Parameter 3~N(0.000,5.000)              0.0000              5.0000              2.2361
     Parameter 4~N(0.000,infinity)           0.0000            infinity            infinity
     Parameter 5~N(0.000,infinity)           0.0000            infinity            infinity
     Parameter 6~IG(-1.000,0.000)          infinity            infinity            infinity
     Parameter 7~IG(-1.000,0.000)          infinity            infinity            infinity
     Parameter 8~IG(-1.000,0.000)          infinity            infinity            infinity
     Parameter 9~IG(-1.000,0.000)          infinity            infinity            infinity
     Parameter 10~IG(-1.000,0.000)         infinity            infinity            infinity
     Parameter 11~N(0.000,infinity)          0.0000            infinity            infinity
     Parameter 12~N(0.000,infinity)          0.0000            infinity            infinity
     Parameter 13~N(0.000,5.000)             0.0000              5.0000              2.2361
     Parameter 14~N(0.000,5.000)             0.0000              5.0000              2.2361
     Parameter 15~N(0.000,5.000)             0.0000              5.0000              2.2361
     Parameter 16~N(0.000,infinity)          0.0000            infinity            infinity
     Parameter 17~N(0.000,infinity)          0.0000            infinity            infinity
     Parameter 18~IG(-1.000,0.000)         infinity            infinity            infinity
     Parameter 19~IG(-1.000,0.000)         infinity            infinity            infinity
     Parameter 20~IG(-1.000,0.000)         infinity            infinity            infinity
     Parameter 21~IG(-1.000,0.000)         infinity            infinity            infinity
     Parameter 22~IG(-1.000,0.000)         infinity            infinity            infinity
     Parameter 23~IG(-1.000,0.000)         infinity            infinity            infinity
     Parameter 24~IG(-1.000,0.000)         infinity            infinity            infinity
     Parameter 25~IG(-1.000,0.000)         infinity            infinity            infinity
     Parameter 26~IG(-1.000,0.000)         infinity            infinity            infinity
     Parameter 27~N(0.000,5.000)             0.0000              5.0000              2.2361
     Parameter 28~N(0.000,5.000)             0.0000              5.0000              2.2361
     Parameter 29~N(0.000,5.000)             0.0000              5.0000              2.2361
     Parameter 30~N(0.000,5.000)             0.0000              5.0000              2.2361
     Parameter 31~N(0.000,5.000)             0.0000              5.0000              2.2361
     Parameter 32~N(0.000,5.000)             0.0000              5.0000              2.2361
     Parameter 33~N(0.000,5.000)             0.0000              5.0000              2.2361
     Parameter 34~N(0.000,5.000)             0.0000              5.0000              2.2361


TECHNICAL 8 OUTPUT


   TECHNICAL 8 OUTPUT FOR BAYES ESTIMATION

     CHAIN    BSEED
     1        0
     2        285380

                     POTENTIAL       PARAMETER WITH
     ITERATION    SCALE REDUCTION      HIGHEST PSR
     100              4.428               27
     200              2.557               28
     300              1.207               33
     400              2.023               27
     500              3.206               27
     600              3.370               27
     700              3.030               28
     800              2.555               28
     900              2.472               28
     1000             2.303               29
     1100             1.494               29
     1200             1.214               29
     1300             1.056               29
     1400             1.010               8
     1500             1.014               8
     1600             1.015               32
     1700             1.053               27
     1800             1.137               27
     1900             1.209               27
     2000             1.255               28
     2100             1.255               28
     2200             1.228               27
     2300             1.181               27
     2400             1.126               27
     2500             1.066               32
     2600             1.041               31
     2700             1.014               31
     2800             1.014               31
     2900             1.014               32
     3000             1.004               32
     3100             1.006               8
     3200             1.011               29
     3300             1.037               29
     3400             1.079               29
     3500             1.130               29
     3600             1.180               28
     3700             1.243               28
     3800             1.329               28
     3900             1.450               28
     4000             1.581               28
     4100             1.709               29
     4200             1.801               29
     4300             1.796               29
     4400             1.690               29
     4500             1.613               28
     4600             1.581               28
     4700             1.552               28
     4800             1.495               28
     4900             1.384               27
     5000             1.321               27
     5100             1.302               27
     5200             1.310               27
     5300             1.300               27
     5400             1.268               27
     5500             1.186               27
     5600             1.141               27
     5700             1.122               29
     5800             1.118               29
     5900             1.106               27
     6000             1.095               27
     6100             1.084               27
     6200             1.080               27
     6300             1.069               27
     6400             1.057               27
     6500             1.034               27
     6600             1.016               27
     6700             1.005               27
     6800             1.001               1
     6900             1.002               32
     7000             1.006               32
     7100             1.016               31
     7200             1.027               32
     7300             1.037               33
     7400             1.044               33
     7500             1.054               31
     7600             1.071               33
     7700             1.091               28
     7800             1.120               28
     7900             1.145               28
     8000             1.178               28
     8100             1.231               28
     8200             1.290               28
     8300             1.318               27
     8400             1.320               28
     8500             1.279               28
     8600             1.243               28
     8700             1.214               28
     8800             1.188               28
     8900             1.193               28
     9000             1.210               27
     9100             1.230               27
     9200             1.256               27
     9300             1.281               27
     9400             1.306               28
     9500             1.330               28
     9600             1.352               28
     9700             1.360               28
     9800             1.372               28
     9900             1.393               28
     10000            1.412               28


PLOT INFORMATION

The following plots are available:

  Sample proportions and estimated probabilities
  Bayesian posterior parameter distributions
  Bayesian posterior parameter trace plots
  Bayesian autocorrelation plots
  Bayesian prior parameter distributions
  Bayesian posterior predictive checking scatterplots
  Bayesian posterior predictive checking distribution plots

SAVEDATA INFORMATION


  Bayesian Parameters

  Save file
    parameters.dat
  Save format      Free

  Order of parameters saved

    Chain number
    Iteration number
    Parameter 1, %WITHIN%: REL_W BY PERSON
    Parameter 2, %WITHIN%: REL_W BY CONFIDENCE
    Parameter 3, %WITHIN%: REL_W BY BELONG
    Parameter 4, %WITHIN%: REL_W BY PRAY
    Parameter 5, %WITHIN%: REL_W BY ATTEND
    Parameter 6, %WITHIN%: PRAY
    Parameter 7, %WITHIN%: ATTEND
    Parameter 8, %WITHIN%: REL_W
    Parameter 9, %WITHIN%: RES1_W
    Parameter 10, %WITHIN%: RES2_W
    Parameter 11, %BETWEEN%: [ PRAY ]
    Parameter 12, %BETWEEN%: [ ATTEND ]
    Parameter 13, %BETWEEN%: REL_B BY PERSON
    Parameter 14, %BETWEEN%: REL_B BY CONFIDENCE
    Parameter 15, %BETWEEN%: REL_B BY BELONG
    Parameter 16, %BETWEEN%: REL_B BY PRAY
    Parameter 17, %BETWEEN%: REL_B BY ATTEND
    Parameter 18, %BETWEEN%: IMPREL
    Parameter 19, %BETWEEN%: PERSON
    Parameter 20, %BETWEEN%: CONFIDENCE
    Parameter 21, %BETWEEN%: BELONG
    Parameter 22, %BETWEEN%: PRAY
    Parameter 23, %BETWEEN%: ATTEND
    Parameter 24, %BETWEEN%: REL_B
    Parameter 25, %BETWEEN%: RES1_B
    Parameter 26, %BETWEEN%: RES2_B
    Parameter 27, %BETWEEN%: [ IMPREL$1 ]
    Parameter 28, %BETWEEN%: [ IMPREL$2 ]
    Parameter 29, %BETWEEN%: [ IMPREL$3 ]
    Parameter 30, %BETWEEN%: [ PERSON$1 ]
    Parameter 31, %BETWEEN%: [ CONFIDENCE$1 ]
    Parameter 32, %BETWEEN%: [ CONFIDENCE$2 ]
    Parameter 33, %BETWEEN%: [ CONFIDENCE$3 ]
    Parameter 34, %BETWEEN%: [ BELONG$1 ]

     Beginning Time:  09:36:23
        Ending Time:  16:09:20
       Elapsed Time:  06:32:57



MUTHEN & MUTHEN
3463 Stoner Ave.
Los Angeles, CA  90066

Tel: (310) 391-9971
Fax: (310) 391-8971
Web: www.StatModel.com
Support: Support@StatModel.com

Copyright (c) 1998-2019 Muthen & Muthen
