Mplus VERSION 8.4 (Mac)
MUTHEN & MUTHEN
03/11/2023   9:37 PM

INPUT INSTRUCTIONS

  TITLE: RI SIMPLE dat1 Default Priors;

  DATA:
  FILE = mlsem_dat1.dat;

  VARIABLE:
  NAMES = country imprel confidence belong attend pray person year code RCCHR RCMUSLIM
       RCASIAN RCOTHER COMMALL RRI RLI ZAFRICA ZLA ZINDIC ZSINIC ZNWEST ZISLAM ZORT
       ZEUWEST;
  USEVARIABLES = country imprel person confidence pray attend belong;
  MISSING = .;

  CLUSTER = country;
  CATEGORICAL = imprel confidence belong person;

  ANALYSIS:
  ESTIMATOR = BAYES;
  PROCESSORS = 2;
  TYPE = TWOLEVEL;
  THIN = 20;
  FBITERATIONS = 10000;

  MODEL:
  %WITHIN%
  Rel_W BY imprel person confidence pray attend belong;
  Res1_W BY pray@1 attend@1;
  Res2_W BY person@1 belong@1;
  Res1_W WITH Rel_W@0;
  Res2_W WITH Rel_W@0;
  Res1_W WITH Res2_W@0;

  %BETWEEN%
  Rel_B BY imprel person confidence pray attend belong;
  Res1_B BY pray@1 attend@1;
  Res2_B BY person@1 belong@1;
  Res1_B WITH Rel_B@0;
  Res2_B WITH Rel_B@0;
  Res1_B WITH Res2_B@0;

  OUTPUT:
  TECH8;

  PLOT:
  TYPE = PLOT2;

  SAVEDATA:
  BPARAMETERS = parameters.dat;



*** WARNING in VARIABLE command
  Note that only the first 8 characters of variable names are used in the output.
  Shorten variable names to avoid any confusion.
*** WARNING in PLOT command
  Note that only the first 8 characters of variable names are used in plots.
  If variable names are not unique within the first 8 characters, problems
  may occur.
   2 WARNING(S) FOUND IN THE INPUT INSTRUCTIONS



RI SIMPLE dat1 Default Priors;

SUMMARY OF ANALYSIS

Number of groups                                                 1
Number of observations                                       60019

Number of dependent variables                                    6
Number of independent variables                                  0
Number of continuous latent variables                            6

Observed dependent variables

  Continuous
   PRAY        ATTEND

  Binary and ordered categorical (ordinal)
   IMPREL      PERSON      CONFIDEN    BELONG

Continuous latent variables
   REL_W       RES1_W      RES2_W      REL_B       RES1_B      RES2_B

Variables with special functions

  Cluster variable      COUNTRY

Estimator                                                    BAYES
Specifications for Bayesian Estimation
  Point estimate                                            MEDIAN
  Number of Markov chain Monte Carlo (MCMC) chains               2
  Random seed for the first chain                                0
  Starting value information                           UNPERTURBED
  Algorithm used for Markov chain Monte Carlo           GIBBS(PX1)
  Fixed number of iterations                                 10000
  K-th iteration used for thinning                              20
Link                                                        PROBIT

Input data file(s)
  mlsem_dat1.dat
Input data format  FREE


SUMMARY OF DATA

     Number of clusters                         42

       Size (s)    Cluster ID with Size s

        250        14
        447        30
        999        38
       1000        10 40
       1003        2
       1004        1
       1046        33
       1057        28
       1069        36
       1189        37
       1190        41
       1200        35 23 12 29 11 18 42
       1203        19
       1222        15
       1223        3
       1257        31
       1266        22
       1276        21
       1313        24
       1499        20
       1520        9
       1533        13
       1535        5
       1552        16
       1638        26
       1739        25
       1762        7
       1810        32
       1813        4
       1902        27
       2012        34
       2067        6
       2596        39
       2609        17
       4018        8



COVARIANCE COVERAGE OF DATA

Minimum covariance coverage value   0.100

     Number of missing data patterns             1


     PROPORTION OF DATA PRESENT


           Covariance Coverage
              IMPREL        PERSON        CONFIDEN      BELONG        PRAY
              ________      ________      ________      ________      ________
 IMPREL         1.000
 PERSON         1.000         1.000
 CONFIDEN       1.000         1.000         1.000
 BELONG         1.000         1.000         1.000         1.000
 PRAY           1.000         1.000         1.000         1.000         1.000
 ATTEND         1.000         1.000         1.000         1.000         1.000


           Covariance Coverage
              ATTEND
              ________
 ATTEND         1.000


UNIVARIATE PROPORTIONS AND COUNTS FOR CATEGORICAL VARIABLES

    IMPREL
      Category 1    0.185        11081.000
      Category 2    0.226        13556.000
      Category 3    0.240        14425.000
      Category 4    0.349        20957.000
    PERSON
      Category 1    0.390        23397.000
      Category 2    0.610        36622.000
    CONFIDEN
      Category 1    0.147         8797.000
      Category 2    0.293        17596.000
      Category 3    0.326        19541.000
      Category 4    0.235        14085.000
    BELONG
      Category 1    0.297        17819.000
      Category 2    0.703        42200.000



UNIVARIATE SAMPLE STATISTICS


     UNIVARIATE HIGHER-ORDER MOMENT DESCRIPTIVE STATISTICS

         Variable/         Mean/     Skewness/   Minimum/ % with                Percentiles
        Sample Size      Variance    Kurtosis    Maximum  Min/Max      20%/60%    40%/80%    Median

     PRAY                  4.773      -0.266       1.000   23.66%       1.000      4.000      6.000
           60019.000       7.545      -1.557       8.000   21.81%       6.000      8.000
     ATTEND                3.501       0.181       1.000   28.69%       1.000      2.000      4.000
           60019.000       4.503      -1.422       7.000    8.72%       4.000      6.000


THE MODEL ESTIMATION TERMINATED NORMALLY

     USE THE FBITERATIONS OPTION TO INCREASE THE NUMBER OF ITERATIONS BY A FACTOR
     OF AT LEAST TWO TO CHECK CONVERGENCE AND THAT THE PSR VALUE DOES NOT INCREASE.



MODEL FIT INFORMATION

Number of Free Parameters                              34

Bayesian Posterior Predictive Checking using Chi-Square

          95% Confidence Interval for the Difference Between
          the Observed and the Replicated Chi-Square Values

                                508.122           642.099

          Posterior Predictive P-Value              0.000



MODEL RESULTS

                                Posterior  One-Tailed         95% C.I.
                    Estimate       S.D.      P-Value   Lower 2.5%  Upper 2.5%  Significance

Within Level

 REL_W    BY
    IMPREL             1.000       0.000      0.000       1.000       1.000
    PERSON             1.216       0.019      0.000       1.180       1.254      *
    CONFIDENCE         0.604       0.007      0.000       0.590       0.619      *
    PRAY               1.248       0.014      0.000       1.221       1.276      *
    ATTEND             0.960       0.011      0.000       0.938       0.982      *
    BELONG             1.001       0.016      0.000       0.971       1.032      *

 RES1_W   BY
    PRAY               1.000       0.000      0.000       1.000       1.000
    ATTEND             1.000       0.000      0.000       1.000       1.000

 RES2_W   BY
    PERSON             1.000       0.000      0.000       1.000       1.000
    BELONG             1.000       0.000      0.000       1.000       1.000

 RES1_W   WITH
    REL_W              0.000       0.000      1.000       0.000       0.000
    RES2_W             0.000       0.000      1.000       0.000       0.000

 RES2_W   WITH
    REL_W              0.000       0.000      1.000       0.000       0.000

 Variances
    REL_W              1.630       0.031      0.000       1.569       1.692      *
    RES1_W             0.612       0.014      0.000       0.583       0.640      *
    RES2_W             0.266       0.021      0.000       0.225       0.307      *

 Residual Variances
    PRAY               2.137       0.017      0.000       2.103       2.171      *
    ATTEND             1.350       0.013      0.000       1.324       1.376      *

Between Level

 REL_B    BY
    IMPREL             1.000       0.000      0.000       1.000       1.000
    PERSON             0.729       0.084      0.000       0.569       0.897      *
    CONFIDENCE         0.447       0.048      0.000       0.352       0.543      *
    PRAY               1.261       0.063      0.000       1.139       1.387      *
    ATTEND             0.781       0.065      0.000       0.655       0.908      *
    BELONG             0.820       0.126      0.000       0.576       1.073      *

 RES1_B   BY
    PRAY               1.000       0.000      0.000       1.000       1.000
    ATTEND             1.000       0.000      0.000       1.000       1.000

 RES2_B   BY
    PERSON             1.000       0.000      0.000       1.000       1.000
    BELONG             1.000       0.000      0.000       1.000       1.000

 RES1_B   WITH
    REL_B              0.000       0.000      1.000       0.000       0.000
    RES2_B             0.000       0.000      1.000       0.000       0.000

 RES2_B   WITH
    REL_B              0.000       0.000      1.000       0.000       0.000

 Intercepts
    PRAY               4.797       0.215      0.000       4.407       5.213      *
    ATTEND             3.529       0.148      0.000       3.256       3.815      *

 Thresholds
    IMPREL$1          -1.925       0.165      0.000      -2.243      -1.634      *
    IMPREL$2          -0.485       0.164      0.000      -0.803      -0.199      *
    IMPREL$3           0.810       0.164      0.000       0.492       1.097      *
    PERSON$1          -0.645       0.153      0.000      -0.946      -0.351      *
    CONFIDEN$1        -1.502       0.086      0.000      -1.667      -1.334      *
    CONFIDEN$2        -0.226       0.085      0.000      -0.391      -0.056      *
    CONFIDEN$3         1.020       0.086      0.000       0.857       1.191      *
    BELONG$1          -1.259       0.200      0.000      -1.656      -0.872      *

 Variances
    REL_B              1.508       0.373      0.000       0.984       2.446      *
    RES1_B             0.057       0.038      0.000       0.006       0.152      *
    RES2_B             0.218       0.103      0.000       0.052       0.463      *

 Residual Variances
    IMPREL             0.013       0.016      0.000       0.000       0.058      *
    PERSON             0.150       0.095      0.000       0.016       0.384      *
    CONFIDENCE         0.122       0.032      0.000       0.078       0.203      *
    BELONG             0.651       0.192      0.000       0.383       1.120      *
    PRAY               0.116       0.047      0.000       0.045       0.230      *
    ATTEND             0.156       0.051      0.000       0.081       0.281      *


TECHNICAL 1 OUTPUT


     PARAMETER SPECIFICATION FOR WITHIN


           TAU
              IMPREL$1      IMPREL$2      IMPREL$3      PERSON$1      CONFIDEN
              ________      ________      ________      ________      ________
                    0             0             0             0             0


           TAU
              CONFIDEN      CONFIDEN      BELONG$1
              ________      ________      ________
                    0             0             0


           NU
              IMPREL        PERSON        CONFIDEN      BELONG        PRAY
              ________      ________      ________      ________      ________
                    0             0             0             0             0


           NU
              ATTEND
              ________
                    0


           LAMBDA
              REL_W         RES1_W        RES2_W
              ________      ________      ________
 IMPREL             0             0             0
 PERSON             1             0             0
 CONFIDEN           2             0             0
 BELONG             3             0             0
 PRAY               4             0             0
 ATTEND             5             0             0


           THETA
              IMPREL        PERSON        CONFIDEN      BELONG        PRAY
              ________      ________      ________      ________      ________
 IMPREL             0
 PERSON             0             0
 CONFIDEN           0             0             0
 BELONG             0             0             0             0
 PRAY               0             0             0             0             6
 ATTEND             0             0             0             0             0


           THETA
              ATTEND
              ________
 ATTEND             7


           ALPHA
              REL_W         RES1_W        RES2_W
              ________      ________      ________
                    0             0             0


           BETA
              REL_W         RES1_W        RES2_W
              ________      ________      ________
 REL_W              0             0             0
 RES1_W             0             0             0
 RES2_W             0             0             0


           PSI
              REL_W         RES1_W        RES2_W
              ________      ________      ________
 REL_W              8
 RES1_W             0             9
 RES2_W             0             0            10


     PARAMETER SPECIFICATION FOR BETWEEN


           TAU
              IMPREL$1      IMPREL$2      IMPREL$3      PERSON$1      CONFIDEN
              ________      ________      ________      ________      ________
                   27            28            29            30            31


           TAU
              CONFIDEN      CONFIDEN      BELONG$1
              ________      ________      ________
                   32            33            34


           NU
              IMPREL        PERSON        CONFIDEN      BELONG        PRAY
              ________      ________      ________      ________      ________
                    0             0             0             0            11


           NU
              ATTEND
              ________
                   12


           LAMBDA
              REL_B         RES1_B        RES2_B
              ________      ________      ________
 IMPREL             0             0             0
 PERSON            13             0             0
 CONFIDEN          14             0             0
 BELONG            15             0             0
 PRAY              16             0             0
 ATTEND            17             0             0


           THETA
              IMPREL        PERSON        CONFIDEN      BELONG        PRAY
              ________      ________      ________      ________      ________
 IMPREL            18
 PERSON             0            19
 CONFIDEN           0             0            20
 BELONG             0             0             0            21
 PRAY               0             0             0             0            22
 ATTEND             0             0             0             0             0


           THETA
              ATTEND
              ________
 ATTEND            23


           ALPHA
              REL_B         RES1_B        RES2_B
              ________      ________      ________
                    0             0             0


           BETA
              REL_B         RES1_B        RES2_B
              ________      ________      ________
 REL_B              0             0             0
 RES1_B             0             0             0
 RES2_B             0             0             0


           PSI
              REL_B         RES1_B        RES2_B
              ________      ________      ________
 REL_B             24
 RES1_B             0            25
 RES2_B             0             0            26


     STARTING VALUES FOR WITHIN


           TAU
              IMPREL$1      IMPREL$2      IMPREL$3      PERSON$1      CONFIDEN
              ________      ________      ________      ________      ________
                0.000         0.000         0.000         0.000         0.000


           TAU
              CONFIDEN      CONFIDEN      BELONG$1
              ________      ________      ________
                0.000         0.000         0.000


           NU
              IMPREL        PERSON        CONFIDEN      BELONG        PRAY
              ________      ________      ________      ________      ________
                0.000         0.000         0.000         0.000         0.000


           NU
              ATTEND
              ________
                0.000


           LAMBDA
              REL_W         RES1_W        RES2_W
              ________      ________      ________
 IMPREL         1.000         0.000         0.000
 PERSON         1.000         0.000         1.000
 CONFIDEN       1.000         0.000         0.000
 BELONG         1.000         0.000         1.000
 PRAY           1.000         1.000         0.000
 ATTEND         1.000         1.000         0.000


           THETA
              IMPREL        PERSON        CONFIDEN      BELONG        PRAY
              ________      ________      ________      ________      ________
 IMPREL         1.000
 PERSON         0.000         1.000
 CONFIDEN       0.000         0.000         1.000
 BELONG         0.000         0.000         0.000         1.000
 PRAY           0.000         0.000         0.000         0.000         3.773
 ATTEND         0.000         0.000         0.000         0.000         0.000


           THETA
              ATTEND
              ________
 ATTEND         2.251


           ALPHA
              REL_W         RES1_W        RES2_W
              ________      ________      ________
                0.000         0.000         0.000


           BETA
              REL_W         RES1_W        RES2_W
              ________      ________      ________
 REL_W          0.000         0.000         0.000
 RES1_W         0.000         0.000         0.000
 RES2_W         0.000         0.000         0.000


           PSI
              REL_W         RES1_W        RES2_W
              ________      ________      ________
 REL_W          1.000
 RES1_W         0.000         1.000
 RES2_W         0.000         0.000         1.000


     STARTING VALUES FOR BETWEEN


           TAU
              IMPREL$1      IMPREL$2      IMPREL$3      PERSON$1      CONFIDEN
              ________      ________      ________      ________      ________
               -0.825        -0.201         0.346        -0.249        -0.979


           TAU
              CONFIDEN      CONFIDEN      BELONG$1
              ________      ________      ________
               -0.135         0.657        -0.479


           NU
              IMPREL        PERSON        CONFIDEN      BELONG        PRAY
              ________      ________      ________      ________      ________
                0.000         0.000         0.000         0.000         4.773


           NU
              ATTEND
              ________
                3.501


           LAMBDA
              REL_B         RES1_B        RES2_B
              ________      ________      ________
 IMPREL         1.000         0.000         0.000
 PERSON         1.000         0.000         1.000
 CONFIDEN       1.000         0.000         0.000
 BELONG         1.000         0.000         1.000
 PRAY           1.000         1.000         0.000
 ATTEND         1.000         1.000         0.000


           THETA
              IMPREL        PERSON        CONFIDEN      BELONG        PRAY
              ________      ________      ________      ________      ________
 IMPREL         1.000
 PERSON         0.000         1.000
 CONFIDEN       0.000         0.000         1.000
 BELONG         0.000         0.000         0.000         1.000
 PRAY           0.000         0.000         0.000         0.000         3.773
 ATTEND         0.000         0.000         0.000         0.000         0.000


           THETA
              ATTEND
              ________
 ATTEND         2.251


           ALPHA
              REL_B         RES1_B        RES2_B
              ________      ________      ________
                0.000         0.000         0.000


           BETA
              REL_B         RES1_B        RES2_B
              ________      ________      ________
 REL_B          0.000         0.000         0.000
 RES1_B         0.000         0.000         0.000
 RES2_B         0.000         0.000         0.000


           PSI
              REL_B         RES1_B        RES2_B
              ________      ________      ________
 REL_B          1.000
 RES1_B         0.000         1.000
 RES2_B         0.000         0.000         1.000



     PRIORS FOR ALL PARAMETERS            PRIOR MEAN      PRIOR VARIANCE     PRIOR STD. DEV.

     Parameter 1~N(0.000,5.000)              0.0000              5.0000              2.2361
     Parameter 2~N(0.000,5.000)              0.0000              5.0000              2.2361
     Parameter 3~N(0.000,5.000)              0.0000              5.0000              2.2361
     Parameter 4~N(0.000,infinity)           0.0000            infinity            infinity
     Parameter 5~N(0.000,infinity)           0.0000            infinity            infinity
     Parameter 6~IG(-1.000,0.000)          infinity            infinity            infinity
     Parameter 7~IG(-1.000,0.000)          infinity            infinity            infinity
     Parameter 8~IG(-1.000,0.000)          infinity            infinity            infinity
     Parameter 9~IG(-1.000,0.000)          infinity            infinity            infinity
     Parameter 10~IG(-1.000,0.000)         infinity            infinity            infinity
     Parameter 11~N(0.000,infinity)          0.0000            infinity            infinity
     Parameter 12~N(0.000,infinity)          0.0000            infinity            infinity
     Parameter 13~N(0.000,5.000)             0.0000              5.0000              2.2361
     Parameter 14~N(0.000,5.000)             0.0000              5.0000              2.2361
     Parameter 15~N(0.000,5.000)             0.0000              5.0000              2.2361
     Parameter 16~N(0.000,infinity)          0.0000            infinity            infinity
     Parameter 17~N(0.000,infinity)          0.0000            infinity            infinity
     Parameter 18~IG(-1.000,0.000)         infinity            infinity            infinity
     Parameter 19~IG(-1.000,0.000)         infinity            infinity            infinity
     Parameter 20~IG(-1.000,0.000)         infinity            infinity            infinity
     Parameter 21~IG(-1.000,0.000)         infinity            infinity            infinity
     Parameter 22~IG(-1.000,0.000)         infinity            infinity            infinity
     Parameter 23~IG(-1.000,0.000)         infinity            infinity            infinity
     Parameter 24~IG(-1.000,0.000)         infinity            infinity            infinity
     Parameter 25~IG(-1.000,0.000)         infinity            infinity            infinity
     Parameter 26~IG(-1.000,0.000)         infinity            infinity            infinity
     Parameter 27~N(0.000,5.000)             0.0000              5.0000              2.2361
     Parameter 28~N(0.000,5.000)             0.0000              5.0000              2.2361
     Parameter 29~N(0.000,5.000)             0.0000              5.0000              2.2361
     Parameter 30~N(0.000,5.000)             0.0000              5.0000              2.2361
     Parameter 31~N(0.000,5.000)             0.0000              5.0000              2.2361
     Parameter 32~N(0.000,5.000)             0.0000              5.0000              2.2361
     Parameter 33~N(0.000,5.000)             0.0000              5.0000              2.2361
     Parameter 34~N(0.000,5.000)             0.0000              5.0000              2.2361


TECHNICAL 8 OUTPUT


   TECHNICAL 8 OUTPUT FOR BAYES ESTIMATION

     CHAIN    BSEED
     1        0
     2        285380

                     POTENTIAL       PARAMETER WITH
     ITERATION    SCALE REDUCTION      HIGHEST PSR
     100              6.304               28
     200              1.662               33
     300              1.688               29
     400              2.305               27
     500              2.936               27
     600              4.008               27
     700              3.401               28
     800              2.730               27
     900              2.804               28
     1000             2.638               28
     1100             2.614               28
     1200             2.684               28
     1300             2.612               28
     1400             2.993               28
     1500             3.407               28
     1600             3.402               28
     1700             2.437               29
     1800             1.859               29
     1900             1.610               29
     2000             1.384               29
     2100             1.310               28
     2200             1.308               28
     2300             1.324               29
     2400             1.353               28
     2500             1.387               29
     2600             1.361               28
     2700             1.303               28
     2800             1.183               29
     2900             1.135               29
     3000             1.125               29
     3100             1.137               29
     3200             1.144               29
     3300             1.179               29
     3400             1.228               28
     3500             1.287               29
     3600             1.349               29
     3700             1.410               29
     3800             1.465               29
     3900             1.538               29
     4000             1.643               29
     4100             1.724               29
     4200             1.787               29
     4300             1.783               29
     4400             1.662               29
     4500             1.493               28
     4600             1.403               28
     4700             1.330               28
     4800             1.244               28
     4900             1.159               27
     5000             1.101               31
     5100             1.083               31
     5200             1.068               31
     5300             1.061               31
     5400             1.042               31
     5500             1.024               31
     5600             1.013               31
     5700             1.007               31
     5800             1.007               31
     5900             1.002               31
     6000             1.001               29
     6100             1.004               29
     6200             1.006               29
     6300             1.010               29
     6400             1.013               29
     6500             1.018               29
     6600             1.026               29
     6700             1.035               29
     6800             1.053               29
     6900             1.071               29
     7000             1.089               29
     7100             1.111               29
     7200             1.135               29
     7300             1.153               29
     7400             1.177               28
     7500             1.204               28
     7600             1.232               28
     7700             1.258               28
     7800             1.294               28
     7900             1.321               28
     8000             1.353               28
     8100             1.398               28
     8200             1.451               28
     8300             1.442               28
     8400             1.411               28
     8500             1.380               28
     8600             1.364               28
     8700             1.349               28
     8800             1.338               28
     8900             1.345               28
     9000             1.362               28
     9100             1.379               28
     9200             1.397               28
     9300             1.414               27
     9400             1.429               28
     9500             1.442               28
     9600             1.455               28
     9700             1.459               28
     9800             1.469               28
     9900             1.477               28
     10000            1.483               28


PLOT INFORMATION

The following plots are available:

  Sample proportions and estimated probabilities
  Bayesian posterior parameter distributions
  Bayesian posterior parameter trace plots
  Bayesian autocorrelation plots
  Bayesian prior parameter distributions
  Bayesian posterior predictive checking scatterplots
  Bayesian posterior predictive checking distribution plots

SAVEDATA INFORMATION


  Bayesian Parameters

  Save file
    parameters.dat
  Save format      Free

  Order of parameters saved

    Chain number
    Iteration number
    Parameter 1, %WITHIN%: REL_W BY PERSON
    Parameter 2, %WITHIN%: REL_W BY CONFIDENCE
    Parameter 3, %WITHIN%: REL_W BY BELONG
    Parameter 4, %WITHIN%: REL_W BY PRAY
    Parameter 5, %WITHIN%: REL_W BY ATTEND
    Parameter 6, %WITHIN%: PRAY
    Parameter 7, %WITHIN%: ATTEND
    Parameter 8, %WITHIN%: REL_W
    Parameter 9, %WITHIN%: RES1_W
    Parameter 10, %WITHIN%: RES2_W
    Parameter 11, %BETWEEN%: [ PRAY ]
    Parameter 12, %BETWEEN%: [ ATTEND ]
    Parameter 13, %BETWEEN%: REL_B BY PERSON
    Parameter 14, %BETWEEN%: REL_B BY CONFIDENCE
    Parameter 15, %BETWEEN%: REL_B BY BELONG
    Parameter 16, %BETWEEN%: REL_B BY PRAY
    Parameter 17, %BETWEEN%: REL_B BY ATTEND
    Parameter 18, %BETWEEN%: IMPREL
    Parameter 19, %BETWEEN%: PERSON
    Parameter 20, %BETWEEN%: CONFIDENCE
    Parameter 21, %BETWEEN%: BELONG
    Parameter 22, %BETWEEN%: PRAY
    Parameter 23, %BETWEEN%: ATTEND
    Parameter 24, %BETWEEN%: REL_B
    Parameter 25, %BETWEEN%: RES1_B
    Parameter 26, %BETWEEN%: RES2_B
    Parameter 27, %BETWEEN%: [ IMPREL$1 ]
    Parameter 28, %BETWEEN%: [ IMPREL$2 ]
    Parameter 29, %BETWEEN%: [ IMPREL$3 ]
    Parameter 30, %BETWEEN%: [ PERSON$1 ]
    Parameter 31, %BETWEEN%: [ CONFIDENCE$1 ]
    Parameter 32, %BETWEEN%: [ CONFIDENCE$2 ]
    Parameter 33, %BETWEEN%: [ CONFIDENCE$3 ]
    Parameter 34, %BETWEEN%: [ BELONG$1 ]

     Beginning Time:  21:37:58
        Ending Time:  15:32:47
       Elapsed Time:  17:54:49



MUTHEN & MUTHEN
3463 Stoner Ave.
Los Angeles, CA  90066

Tel: (310) 391-9971
Fax: (310) 391-8971
Web: www.StatModel.com
Support: Support@StatModel.com

Copyright (c) 1998-2019 Muthen & Muthen
