Mplus VERSION 8.4 (Mac)
MUTHEN & MUTHEN
03/04/2023   8:25 PM

INPUT INSTRUCTIONS

  TITLE: M3 dat1 Doubled Iterations;

  DATA:
  FILE = mlsem_dat1.dat;

  VARIABLE:
  NAMES = country imprel confidence belong attend pray person year code RCCHR RCMUSLIM
       RCASIAN RCOTHER COMMALL RRI RLI ZAFRICA ZLA ZINDIC ZSINIC ZNWEST ZISLAM ZORT
       ZEUWEST;
  USEVARIABLES = country imprel person confidence pray attend belong
       ZAFRICA ZLA ZINDIC ZSINIC ZNWEST ZISLAM ZORT;
  MISSING = .;

  BETWEEN = ZAFRICA ZLA ZINDIC ZSINIC ZNWEST ZISLAM ZORT;
  CLUSTER = country;
  CATEGORICAL = imprel confidence belong person;

  ANALYSIS:
  ESTIMATOR = BAYES;
  PROCESSORS = 2;
  TYPE = TWOLEVEL RANDOM;
  THIN = 20;
  FBITERATIONS = 20000;

  MODEL:
  %WITHIN%
  Rel_W BY imprel person confidence pray belong;
  Res1_W BY pray@1 attend@1;
  Res2_W BY person@1 belong@1;
  Res1_W WITH Rel_W@0;
  Res2_W WITH Rel_W@0;
  Res1_W WITH Res2_W@0;

  SLOPE | attend ON Rel_W;

  %BETWEEN%
  Rel_B BY imprel person confidence pray attend belong;
  Res1_B BY pray@1 attend@1;
  Res2_B BY person@1 belong@1;
  Res1_B WITH Rel_B@0;
  Res2_B WITH Rel_B@0;
  Res1_B WITH Res2_B@0;

  SLOPE ON ZAFRICA ZLA ZINDIC ZSINIC ZNWEST ZISLAM ZORT;

  [imprel$1] (t1);
  [imprel$2] (t2);
  [imprel$3] (t3);
  [confidence$1] (t4);
  [confidence$2] (t5);
  [confidence$3] (t6);

  MODEL PRIORS:
  t1 ~ N(-1.767, 0.001);
  t2 ~ N(-0.428, 0.001);
  t3 ~ N(0.768, 0.001);
  t4 ~ N(-1.383, 0.001);
  t5 ~ N(-0.212, 0.001);
  t6 ~ N(0.942, 0.001);

  OUTPUT:
  TECH8;

  PLOT:
  TYPE = PLOT2;

  SAVEDATA:
  BPARAMETERS = parameters.dat;



*** WARNING in VARIABLE command
  Note that only the first 8 characters of variable names are used in the output.
  Shorten variable names to avoid any confusion.
*** WARNING in PLOT command
  Note that only the first 8 characters of variable names are used in plots.
  If variable names are not unique within the first 8 characters, problems
  may occur.
   2 WARNING(S) FOUND IN THE INPUT INSTRUCTIONS



M3 dat1 Doubled Iterations;

SUMMARY OF ANALYSIS

Number of groups                                                 1
Number of observations                                       60019

Number of dependent variables                                    6
Number of independent variables                                  7
Number of continuous latent variables                            7

Observed dependent variables

  Continuous
   PRAY        ATTEND

  Binary and ordered categorical (ordinal)
   IMPREL      PERSON      CONFIDEN    BELONG

Observed independent variables
   ZAFRICA     ZLA         ZINDIC      ZSINIC      ZNWEST      ZISLAM
   ZORT

Continuous latent variables
   REL_W       RES1_W      RES2_W      REL_B       RES1_B      RES2_B
   SLOPE

Variables with special functions

  Cluster variable      COUNTRY

  Between variables
   ZAFRICA     ZLA         ZINDIC      ZSINIC      ZNWEST      ZISLAM
   ZORT


Estimator                                                    BAYES
Specifications for Bayesian Estimation
  Point estimate                                            MEDIAN
  Number of Markov chain Monte Carlo (MCMC) chains               2
  Random seed for the first chain                                0
  Starting value information                           UNPERTURBED
  Algorithm used for Markov chain Monte Carlo           GIBBS(PX1)
  Fixed number of iterations                                 20000
  K-th iteration used for thinning                              20
Link                                                        PROBIT

Input data file(s)
  mlsem_dat1.dat
Input data format  FREE


SUMMARY OF DATA

     Number of clusters                         42

       Size (s)    Cluster ID with Size s

        250        14
        447        30
        999        38
       1000        10 40
       1003        2
       1004        1
       1046        33
       1057        28
       1069        36
       1189        37
       1190        41
       1200        35 23 12 29 11 18 42
       1203        19
       1222        15
       1223        3
       1257        31
       1266        22
       1276        21
       1313        24
       1499        20
       1520        9
       1533        13
       1535        5
       1552        16
       1638        26
       1739        25
       1762        7
       1810        32
       1813        4
       1902        27
       2012        34
       2067        6
       2596        39
       2609        17
       4018        8



COVARIANCE COVERAGE OF DATA

Minimum covariance coverage value   0.100

     Number of missing data patterns             1


     PROPORTION OF DATA PRESENT


           Covariance Coverage
              IMPREL        PERSON        CONFIDEN      BELONG        PRAY
              ________      ________      ________      ________      ________
 IMPREL         1.000
 PERSON         1.000         1.000
 CONFIDEN       1.000         1.000         1.000
 BELONG         1.000         1.000         1.000         1.000
 PRAY           1.000         1.000         1.000         1.000         1.000
 ATTEND         1.000         1.000         1.000         1.000         1.000
 ZAFRICA        1.000         1.000         1.000         1.000         1.000
 ZLA            1.000         1.000         1.000         1.000         1.000
 ZINDIC         1.000         1.000         1.000         1.000         1.000
 ZSINIC         1.000         1.000         1.000         1.000         1.000
 ZNWEST         1.000         1.000         1.000         1.000         1.000
 ZISLAM         1.000         1.000         1.000         1.000         1.000
 ZORT           1.000         1.000         1.000         1.000         1.000


           Covariance Coverage
              ATTEND        ZAFRICA       ZLA           ZINDIC        ZSINIC
              ________      ________      ________      ________      ________
 ATTEND         1.000
 ZAFRICA        1.000         1.000
 ZLA            1.000         1.000         1.000
 ZINDIC         1.000         1.000         1.000         1.000
 ZSINIC         1.000         1.000         1.000         1.000         1.000
 ZNWEST         1.000         1.000         1.000         1.000         1.000
 ZISLAM         1.000         1.000         1.000         1.000         1.000
 ZORT           1.000         1.000         1.000         1.000         1.000


           Covariance Coverage
              ZNWEST        ZISLAM        ZORT
              ________      ________      ________
 ZNWEST         1.000
 ZISLAM         1.000         1.000
 ZORT           1.000         1.000         1.000


UNIVARIATE PROPORTIONS AND COUNTS FOR CATEGORICAL VARIABLES

    IMPREL
      Category 1    0.185        11081.000
      Category 2    0.226        13556.000
      Category 3    0.240        14425.000
      Category 4    0.349        20957.000
    PERSON
      Category 1    0.390        23397.000
      Category 2    0.610        36622.000
    CONFIDEN
      Category 1    0.147         8797.000
      Category 2    0.293        17596.000
      Category 3    0.326        19541.000
      Category 4    0.235        14085.000
    BELONG
      Category 1    0.297        17819.000
      Category 2    0.703        42200.000



UNIVARIATE SAMPLE STATISTICS


     UNIVARIATE HIGHER-ORDER MOMENT DESCRIPTIVE STATISTICS

         Variable/         Mean/     Skewness/   Minimum/ % with                Percentiles
        Sample Size      Variance    Kurtosis    Maximum  Min/Max      20%/60%    40%/80%    Median

     PRAY                  4.773      -0.266       1.000   23.66%       1.000      4.000      6.000
           60019.000       7.545      -1.557       8.000   21.81%       6.000      8.000
     ATTEND                3.501       0.181       1.000   28.69%       1.000      2.000      4.000
           60019.000       4.503      -1.422       7.000    8.72%       4.000      6.000
     ZAFRICA               0.024       6.247       0.000   97.62%       0.000      0.000      0.000
              42.000       0.023      37.024       1.000    2.38%       0.000      0.000
     ZLA                   0.286       0.949       0.000   71.43%       0.000      0.000      0.000
              42.000       0.204      -1.100       1.000   28.57%       0.000      1.000
     ZINDIC                0.048       4.249       0.000   95.24%       0.000      0.000      0.000
              42.000       0.045      16.050       1.000    4.76%       0.000      0.000
     ZSINIC                0.048       4.249       0.000   95.24%       0.000      0.000      0.000
              42.000       0.045      16.050       1.000    4.76%       0.000      0.000
     ZNWEST                0.095       2.758       0.000   90.48%       0.000      0.000      0.000
              42.000       0.086       5.605       1.000    9.52%       0.000      0.000
     ZISLAM                0.024       6.247       0.000   97.62%       0.000      0.000      0.000
              42.000       0.023      37.024       1.000    2.38%       0.000      0.000
     ZORT                  0.167       1.789       0.000   83.33%       0.000      0.000      0.000
              42.000       0.139       1.200       1.000   16.67%       0.000      0.000


THE MODEL ESTIMATION TERMINATED NORMALLY

     USE THE FBITERATIONS OPTION TO INCREASE THE NUMBER OF ITERATIONS BY A FACTOR
     OF AT LEAST TWO TO CHECK CONVERGENCE AND THAT THE PSR VALUE DOES NOT INCREASE.



MODEL FIT INFORMATION

Number of Free Parameters                              42



MODEL RESULTS

                                Posterior  One-Tailed         95% C.I.
                    Estimate       S.D.      P-Value   Lower 2.5%  Upper 2.5%  Significance

Within Level

 REL_W    BY
    IMPREL             1.000       0.000      0.000       1.000       1.000
    PERSON             1.232       0.018      0.000       1.196       1.268      *
    CONFIDENCE         0.612       0.007      0.000       0.598       0.626      *
    PRAY               1.278       0.013      0.000       1.252       1.305      *
    BELONG             1.028       0.015      0.000       0.998       1.058      *

 RES1_W   BY
    PRAY               1.000       0.000      0.000       1.000       1.000
    ATTEND             1.000       0.000      0.000       1.000       1.000

 RES2_W   BY
    PERSON             1.000       0.000      0.000       1.000       1.000
    BELONG             1.000       0.000      0.000       1.000       1.000

 RES1_W   WITH
    REL_W              0.000       0.000      1.000       0.000       0.000
    RES2_W             0.000       0.000      1.000       0.000       0.000

 RES2_W   WITH
    REL_W              0.000       0.000      1.000       0.000       0.000

 Variances
    REL_W              1.562       0.028      0.000       1.508       1.618      *
    RES1_W             0.590       0.014      0.000       0.562       0.619      *
    RES2_W             0.265       0.021      0.000       0.224       0.306      *

 Residual Variances
    PRAY               2.147       0.018      0.000       2.112       2.182      *
    ATTEND             1.295       0.013      0.000       1.270       1.321      *

Between Level

 REL_B    BY
    IMPREL             1.000       0.000      0.000       1.000       1.000
    PERSON             0.740       0.086      0.000       0.572       0.911      *
    CONFIDENCE         0.451       0.048      0.000       0.357       0.546      *
    PRAY               1.275       0.064      0.000       1.150       1.405      *
    ATTEND             0.790       0.066      0.000       0.659       0.919      *
    BELONG             0.839       0.128      0.000       0.586       1.093      *

 RES1_B   BY
    PRAY               1.000       0.000      0.000       1.000       1.000
    ATTEND             1.000       0.000      0.000       1.000       1.000

 RES2_B   BY
    PERSON             1.000       0.000      0.000       1.000       1.000
    BELONG             1.000       0.000      0.000       1.000       1.000

 SLOPE      ON
    ZAFRICA            0.042       0.193      0.409      -0.342       0.422
    ZLA                0.187       0.073      0.006       0.044       0.331      *
    ZINDIC             0.129       0.138      0.170      -0.146       0.405
    ZSINIC            -0.066       0.138      0.314      -0.340       0.202
    ZNWEST             0.040       0.103      0.347      -0.163       0.245
    ZISLAM            -0.049       0.186      0.394      -0.417       0.316
    ZORT              -0.151       0.085      0.039      -0.317       0.015

 RES1_B   WITH
    REL_B              0.000       0.000      1.000       0.000       0.000
    RES2_B             0.000       0.000      1.000       0.000       0.000

 RES2_B   WITH
    REL_B              0.000       0.000      1.000       0.000       0.000

 Intercepts
    PRAY               4.737       0.075      0.000       4.589       4.884      *
    ATTEND             3.492       0.076      0.000       3.340       3.641      *
    SLOPE              0.964       0.051      0.000       0.863       1.066      *

 Thresholds
    IMPREL$1          -1.845       0.020      0.000      -1.883      -1.805      *
    IMPREL$2          -0.428       0.018      0.000      -0.464      -0.391      *
    IMPREL$3           0.846       0.020      0.000       0.808       0.885      *
    PERSON$1          -0.607       0.099      0.000      -0.803      -0.412      *
    CONFIDEN$1        -1.476       0.018      0.000      -1.512      -1.440      *
    CONFIDEN$2        -0.208       0.018      0.000      -0.243      -0.174      *
    CONFIDEN$3         1.031       0.018      0.000       0.995       1.066      *
    BELONG$1          -1.217       0.150      0.000      -1.514      -0.918      *

 Variances
    REL_B              1.440       0.360      0.000       0.946       2.345      *
    RES1_B             0.059       0.039      0.000       0.006       0.153      *
    RES2_B             0.222       0.104      0.000       0.055       0.461      *

 Residual Variances
    IMPREL             0.012       0.016      0.000       0.000       0.057      *
    PERSON             0.150       0.093      0.000       0.017       0.378      *
    CONFIDENCE         0.118       0.030      0.000       0.077       0.194      *
    BELONG             0.651       0.192      0.000       0.383       1.136      *
    PRAY               0.119       0.048      0.000       0.047       0.234      *
    ATTEND             0.155       0.052      0.000       0.079       0.281      *
    SLOPE              0.030       0.009      0.000       0.019       0.053      *


TECHNICAL 1 OUTPUT


     PARAMETER SPECIFICATION FOR WITHIN


           TAU
              IMPREL$1      IMPREL$2      IMPREL$3      PERSON$1      CONFIDEN
              ________      ________      ________      ________      ________
                    0             0             0             0             0


           TAU
              CONFIDEN      CONFIDEN      BELONG$1
              ________      ________      ________
                    0             0             0


           NU
              IMPREL        PERSON        CONFIDEN      BELONG        PRAY
              ________      ________      ________      ________      ________
                    0             0             0             0             0


           NU
              ATTEND
              ________
                    0


           LAMBDA
              REL_W         RES1_W        RES2_W        ATTEND
              ________      ________      ________      ________
 IMPREL             0             0             0             0
 PERSON             1             0             0             0
 CONFIDEN           2             0             0             0
 BELONG             3             0             0             0
 PRAY               4             0             0             0
 ATTEND             0             0             0             0


           THETA
              IMPREL        PERSON        CONFIDEN      BELONG        PRAY
              ________      ________      ________      ________      ________
 IMPREL             0
 PERSON             0             0
 CONFIDEN           0             0             0
 BELONG             0             0             0             0
 PRAY               0             0             0             0             5
 ATTEND             0             0             0             0             0


           THETA
              ATTEND
              ________
 ATTEND             0


           ALPHA
              REL_W         RES1_W        RES2_W        ATTEND
              ________      ________      ________      ________
                    0             0             0             0


           BETA
              REL_W         RES1_W        RES2_W        ATTEND
              ________      ________      ________      ________
 REL_W              0             0             0             0
 RES1_W             0             0             0             0
 RES2_W             0             0             0             0
 ATTEND             0             0             0             0


           PSI
              REL_W         RES1_W        RES2_W        ATTEND
              ________      ________      ________      ________
 REL_W              6
 RES1_W             0             7
 RES2_W             0             0             8
 ATTEND             0             0             0             9


     PARAMETER SPECIFICATION FOR BETWEEN


           TAU
              IMPREL$1      IMPREL$2      IMPREL$3      PERSON$1      CONFIDEN
              ________      ________      ________      ________      ________
                   35            36            37            38            39


           TAU
              CONFIDEN      CONFIDEN      BELONG$1
              ________      ________      ________
                   40            41            42


           NU
              IMPREL        PERSON        CONFIDEN      BELONG        PRAY
              ________      ________      ________      ________      ________
                    0             0             0             0            10


           NU
              ATTEND        ZAFRICA       ZLA           ZINDIC        ZSINIC
              ________      ________      ________      ________      ________
                    0             0             0             0             0


           NU
              ZNWEST        ZISLAM        ZORT
              ________      ________      ________
                    0             0             0


           LAMBDA
              REL_B         RES1_B        RES2_B        SLOPE         ATTEND
              ________      ________      ________      ________      ________
 IMPREL             0             0             0             0             0
 PERSON            11             0             0             0             0
 CONFIDEN          12             0             0             0             0
 BELONG            13             0             0             0             0
 PRAY              14             0             0             0             0
 ATTEND             0             0             0             0             0
 ZAFRICA            0             0             0             0             0
 ZLA                0             0             0             0             0
 ZINDIC             0             0             0             0             0
 ZSINIC             0             0             0             0             0
 ZNWEST             0             0             0             0             0
 ZISLAM             0             0             0             0             0
 ZORT               0             0             0             0             0


           LAMBDA
              ZAFRICA       ZLA           ZINDIC        ZSINIC        ZNWEST
              ________      ________      ________      ________      ________
 IMPREL             0             0             0             0             0
 PERSON             0             0             0             0             0
 CONFIDEN           0             0             0             0             0
 BELONG             0             0             0             0             0
 PRAY               0             0             0             0             0
 ATTEND             0             0             0             0             0
 ZAFRICA            0             0             0             0             0
 ZLA                0             0             0             0             0
 ZINDIC             0             0             0             0             0
 ZSINIC             0             0             0             0             0
 ZNWEST             0             0             0             0             0
 ZISLAM             0             0             0             0             0
 ZORT               0             0             0             0             0


           LAMBDA
              ZISLAM        ZORT
              ________      ________
 IMPREL             0             0
 PERSON             0             0
 CONFIDEN           0             0
 BELONG             0             0
 PRAY               0             0
 ATTEND             0             0
 ZAFRICA            0             0
 ZLA                0             0
 ZINDIC             0             0
 ZSINIC             0             0
 ZNWEST             0             0
 ZISLAM             0             0
 ZORT               0             0


           THETA
              IMPREL        PERSON        CONFIDEN      BELONG        PRAY
              ________      ________      ________      ________      ________
 IMPREL            15
 PERSON             0            16
 CONFIDEN           0             0            17
 BELONG             0             0             0            18
 PRAY               0             0             0             0            19
 ATTEND             0             0             0             0             0
 ZAFRICA            0             0             0             0             0
 ZLA                0             0             0             0             0
 ZINDIC             0             0             0             0             0
 ZSINIC             0             0             0             0             0
 ZNWEST             0             0             0             0             0
 ZISLAM             0             0             0             0             0
 ZORT               0             0             0             0             0


           THETA
              ATTEND        ZAFRICA       ZLA           ZINDIC        ZSINIC
              ________      ________      ________      ________      ________
 ATTEND             0
 ZAFRICA            0             0
 ZLA                0             0             0
 ZINDIC             0             0             0             0
 ZSINIC             0             0             0             0             0
 ZNWEST             0             0             0             0             0
 ZISLAM             0             0             0             0             0
 ZORT               0             0             0             0             0


           THETA
              ZNWEST        ZISLAM        ZORT
              ________      ________      ________
 ZNWEST             0
 ZISLAM             0             0
 ZORT               0             0             0


           ALPHA
              REL_B         RES1_B        RES2_B        SLOPE         ATTEND
              ________      ________      ________      ________      ________
                    0             0             0            20            21


           ALPHA
              ZAFRICA       ZLA           ZINDIC        ZSINIC        ZNWEST
              ________      ________      ________      ________      ________
                    0             0             0             0             0


           ALPHA
              ZISLAM        ZORT
              ________      ________
                    0             0


           BETA
              REL_B         RES1_B        RES2_B        SLOPE         ATTEND
              ________      ________      ________      ________      ________
 REL_B              0             0             0             0             0
 RES1_B             0             0             0             0             0
 RES2_B             0             0             0             0             0
 SLOPE              0             0             0             0             0
 ATTEND            29             0             0             0             0
 ZAFRICA            0             0             0             0             0
 ZLA                0             0             0             0             0
 ZINDIC             0             0             0             0             0
 ZSINIC             0             0             0             0             0
 ZNWEST             0             0             0             0             0
 ZISLAM             0             0             0             0             0
 ZORT               0             0             0             0             0


           BETA
              ZAFRICA       ZLA           ZINDIC        ZSINIC        ZNWEST
              ________      ________      ________      ________      ________
 REL_B              0             0             0             0             0
 RES1_B             0             0             0             0             0
 RES2_B             0             0             0             0             0
 SLOPE             22            23            24            25            26
 ATTEND             0             0             0             0             0
 ZAFRICA            0             0             0             0             0
 ZLA                0             0             0             0             0
 ZINDIC             0             0             0             0             0
 ZSINIC             0             0             0             0             0
 ZNWEST             0             0             0             0             0
 ZISLAM             0             0             0             0             0
 ZORT               0             0             0             0             0


           BETA
              ZISLAM        ZORT
              ________      ________
 REL_B              0             0
 RES1_B             0             0
 RES2_B             0             0
 SLOPE             27            28
 ATTEND             0             0
 ZAFRICA            0             0
 ZLA                0             0
 ZINDIC             0             0
 ZSINIC             0             0
 ZNWEST             0             0
 ZISLAM             0             0
 ZORT               0             0


           PSI
              REL_B         RES1_B        RES2_B        SLOPE         ATTEND
              ________      ________      ________      ________      ________
 REL_B             30
 RES1_B             0            31
 RES2_B             0             0            32
 SLOPE              0             0             0            33
 ATTEND             0             0             0             0            34
 ZAFRICA            0             0             0             0             0
 ZLA                0             0             0             0             0
 ZINDIC             0             0             0             0             0
 ZSINIC             0             0             0             0             0
 ZNWEST             0             0             0             0             0
 ZISLAM             0             0             0             0             0
 ZORT               0             0             0             0             0


           PSI
              ZAFRICA       ZLA           ZINDIC        ZSINIC        ZNWEST
              ________      ________      ________      ________      ________
 ZAFRICA            0
 ZLA                0             0
 ZINDIC             0             0             0
 ZSINIC             0             0             0             0
 ZNWEST             0             0             0             0             0
 ZISLAM             0             0             0             0             0
 ZORT               0             0             0             0             0


           PSI
              ZISLAM        ZORT
              ________      ________
 ZISLAM             0
 ZORT               0             0


     STARTING VALUES FOR WITHIN


           TAU
              IMPREL$1      IMPREL$2      IMPREL$3      PERSON$1      CONFIDEN
              ________      ________      ________      ________      ________
                0.000         0.000         0.000         0.000         0.000


           TAU
              CONFIDEN      CONFIDEN      BELONG$1
              ________      ________      ________
                0.000         0.000         0.000


           NU
              IMPREL        PERSON        CONFIDEN      BELONG        PRAY
              ________      ________      ________      ________      ________
                0.000         0.000         0.000         0.000         0.000


           NU
              ATTEND
              ________
                0.000


           LAMBDA
              REL_W         RES1_W        RES2_W        ATTEND
              ________      ________      ________      ________
 IMPREL         1.000         0.000         0.000         0.000
 PERSON         1.000         0.000         1.000         0.000
 CONFIDEN       1.000         0.000         0.000         0.000
 BELONG         1.000         0.000         1.000         0.000
 PRAY           1.000         1.000         0.000         0.000
 ATTEND         0.000         0.000         0.000         1.000


           THETA
              IMPREL        PERSON        CONFIDEN      BELONG        PRAY
              ________      ________      ________      ________      ________
 IMPREL         1.000
 PERSON         0.000         1.000
 CONFIDEN       0.000         0.000         1.000
 BELONG         0.000         0.000         0.000         1.000
 PRAY           0.000         0.000         0.000         0.000         3.773
 ATTEND         0.000         0.000         0.000         0.000         0.000


           THETA
              ATTEND
              ________
 ATTEND         0.000


           ALPHA
              REL_W         RES1_W        RES2_W        ATTEND
              ________      ________      ________      ________
                0.000         0.000         0.000         0.000


           BETA
              REL_W         RES1_W        RES2_W        ATTEND
              ________      ________      ________      ________
 REL_W          0.000         0.000         0.000         0.000
 RES1_W         0.000         0.000         0.000         0.000
 RES2_W         0.000         0.000         0.000         0.000
 ATTEND         0.000         1.000         0.000         0.000


           PSI
              REL_W         RES1_W        RES2_W        ATTEND
              ________      ________      ________      ________
 REL_W          1.000
 RES1_W         0.000         1.000
 RES2_W         0.000         0.000         1.000
 ATTEND         0.000         0.000         0.000         2.251


     STARTING VALUES FOR BETWEEN


           TAU
              IMPREL$1      IMPREL$2      IMPREL$3      PERSON$1      CONFIDEN
              ________      ________      ________      ________      ________
               -0.825        -0.201         0.346        -0.249        -0.979


           TAU
              CONFIDEN      CONFIDEN      BELONG$1
              ________      ________      ________
               -0.135         0.657        -0.479


           NU
              IMPREL        PERSON        CONFIDEN      BELONG        PRAY
              ________      ________      ________      ________      ________
                0.000         0.000         0.000         0.000         4.773


           NU
              ATTEND        ZAFRICA       ZLA           ZINDIC        ZSINIC
              ________      ________      ________      ________      ________
                0.000         0.000         0.000         0.000         0.000


           NU
              ZNWEST        ZISLAM        ZORT
              ________      ________      ________
                0.000         0.000         0.000


           LAMBDA
              REL_B         RES1_B        RES2_B        SLOPE         ATTEND
              ________      ________      ________      ________      ________
 IMPREL         1.000         0.000         0.000         0.000         0.000
 PERSON         1.000         0.000         1.000         0.000         0.000
 CONFIDEN       1.000         0.000         0.000         0.000         0.000
 BELONG         1.000         0.000         1.000         0.000         0.000
 PRAY           1.000         1.000         0.000         0.000         0.000
 ATTEND         0.000         0.000         0.000         0.000         1.000
 ZAFRICA        0.000         0.000         0.000         0.000         0.000
 ZLA            0.000         0.000         0.000         0.000         0.000
 ZINDIC         0.000         0.000         0.000         0.000         0.000
 ZSINIC         0.000         0.000         0.000         0.000         0.000
 ZNWEST         0.000         0.000         0.000         0.000         0.000
 ZISLAM         0.000         0.000         0.000         0.000         0.000
 ZORT           0.000         0.000         0.000         0.000         0.000


           LAMBDA
              ZAFRICA       ZLA           ZINDIC        ZSINIC        ZNWEST
              ________      ________      ________      ________      ________
 IMPREL         0.000         0.000         0.000         0.000         0.000
 PERSON         0.000         0.000         0.000         0.000         0.000
 CONFIDEN       0.000         0.000         0.000         0.000         0.000
 BELONG         0.000         0.000         0.000         0.000         0.000
 PRAY           0.000         0.000         0.000         0.000         0.000
 ATTEND         0.000         0.000         0.000         0.000         0.000
 ZAFRICA        1.000         0.000         0.000         0.000         0.000
 ZLA            0.000         1.000         0.000         0.000         0.000
 ZINDIC         0.000         0.000         1.000         0.000         0.000
 ZSINIC         0.000         0.000         0.000         1.000         0.000
 ZNWEST         0.000         0.000         0.000         0.000         1.000
 ZISLAM         0.000         0.000         0.000         0.000         0.000
 ZORT           0.000         0.000         0.000         0.000         0.000


           LAMBDA
              ZISLAM        ZORT
              ________      ________
 IMPREL         0.000         0.000
 PERSON         0.000         0.000
 CONFIDEN       0.000         0.000
 BELONG         0.000         0.000
 PRAY           0.000         0.000
 ATTEND         0.000         0.000
 ZAFRICA        0.000         0.000
 ZLA            0.000         0.000
 ZINDIC         0.000         0.000
 ZSINIC         0.000         0.000
 ZNWEST         0.000         0.000
 ZISLAM         1.000         0.000
 ZORT           0.000         1.000


           THETA
              IMPREL        PERSON        CONFIDEN      BELONG        PRAY
              ________      ________      ________      ________      ________
 IMPREL         1.000
 PERSON         0.000         1.000
 CONFIDEN       0.000         0.000         1.000
 BELONG         0.000         0.000         0.000         1.000
 PRAY           0.000         0.000         0.000         0.000         3.773
 ATTEND         0.000         0.000         0.000         0.000         0.000
 ZAFRICA        0.000         0.000         0.000         0.000         0.000
 ZLA            0.000         0.000         0.000         0.000         0.000
 ZINDIC         0.000         0.000         0.000         0.000         0.000
 ZSINIC         0.000         0.000         0.000         0.000         0.000
 ZNWEST         0.000         0.000         0.000         0.000         0.000
 ZISLAM         0.000         0.000         0.000         0.000         0.000
 ZORT           0.000         0.000         0.000         0.000         0.000


           THETA
              ATTEND        ZAFRICA       ZLA           ZINDIC        ZSINIC
              ________      ________      ________      ________      ________
 ATTEND         0.000
 ZAFRICA        0.000         0.000
 ZLA            0.000         0.000         0.000
 ZINDIC         0.000         0.000         0.000         0.000
 ZSINIC         0.000         0.000         0.000         0.000         0.000
 ZNWEST         0.000         0.000         0.000         0.000         0.000
 ZISLAM         0.000         0.000         0.000         0.000         0.000
 ZORT           0.000         0.000         0.000         0.000         0.000


           THETA
              ZNWEST        ZISLAM        ZORT
              ________      ________      ________
 ZNWEST         0.000
 ZISLAM         0.000         0.000
 ZORT           0.000         0.000         0.000


           ALPHA
              REL_B         RES1_B        RES2_B        SLOPE         ATTEND
              ________      ________      ________      ________      ________
                0.000         0.000         0.000         0.000         3.501


           ALPHA
              ZAFRICA       ZLA           ZINDIC        ZSINIC        ZNWEST
              ________      ________      ________      ________      ________
                0.000         0.000         0.000         0.000         0.000


           ALPHA
              ZISLAM        ZORT
              ________      ________
                0.000         0.000


           BETA
              REL_B         RES1_B        RES2_B        SLOPE         ATTEND
              ________      ________      ________      ________      ________
 REL_B          0.000         0.000         0.000         0.000         0.000
 RES1_B         0.000         0.000         0.000         0.000         0.000
 RES2_B         0.000         0.000         0.000         0.000         0.000
 SLOPE          0.000         0.000         0.000         0.000         0.000
 ATTEND         1.000         1.000         0.000         0.000         0.000
 ZAFRICA        0.000         0.000         0.000         0.000         0.000
 ZLA            0.000         0.000         0.000         0.000         0.000
 ZINDIC         0.000         0.000         0.000         0.000         0.000
 ZSINIC         0.000         0.000         0.000         0.000         0.000
 ZNWEST         0.000         0.000         0.000         0.000         0.000
 ZISLAM         0.000         0.000         0.000         0.000         0.000
 ZORT           0.000         0.000         0.000         0.000         0.000


           BETA
              ZAFRICA       ZLA           ZINDIC        ZSINIC        ZNWEST
              ________      ________      ________      ________      ________
 REL_B          0.000         0.000         0.000         0.000         0.000
 RES1_B         0.000         0.000         0.000         0.000         0.000
 RES2_B         0.000         0.000         0.000         0.000         0.000
 SLOPE          0.000         0.000         0.000         0.000         0.000
 ATTEND         0.000         0.000         0.000         0.000         0.000
 ZAFRICA        0.000         0.000         0.000         0.000         0.000
 ZLA            0.000         0.000         0.000         0.000         0.000
 ZINDIC         0.000         0.000         0.000         0.000         0.000
 ZSINIC         0.000         0.000         0.000         0.000         0.000
 ZNWEST         0.000         0.000         0.000         0.000         0.000
 ZISLAM         0.000         0.000         0.000         0.000         0.000
 ZORT           0.000         0.000         0.000         0.000         0.000


           BETA
              ZISLAM        ZORT
              ________      ________
 REL_B          0.000         0.000
 RES1_B         0.000         0.000
 RES2_B         0.000         0.000
 SLOPE          0.000         0.000
 ATTEND         0.000         0.000
 ZAFRICA        0.000         0.000
 ZLA            0.000         0.000
 ZINDIC         0.000         0.000
 ZSINIC         0.000         0.000
 ZNWEST         0.000         0.000
 ZISLAM         0.000         0.000
 ZORT           0.000         0.000


           PSI
              REL_B         RES1_B        RES2_B        SLOPE         ATTEND
              ________      ________      ________      ________      ________
 REL_B          1.000
 RES1_B         0.000         1.000
 RES2_B         0.000         0.000         1.000
 SLOPE          0.000         0.000         0.000         1.000
 ATTEND         0.000         0.000         0.000         0.000         2.251
 ZAFRICA        0.000         0.000         0.000         0.000         0.000
 ZLA            0.000         0.000         0.000         0.000         0.000
 ZINDIC         0.000         0.000         0.000         0.000         0.000
 ZSINIC         0.000         0.000         0.000         0.000         0.000
 ZNWEST         0.000         0.000         0.000         0.000         0.000
 ZISLAM         0.000         0.000         0.000         0.000         0.000
 ZORT           0.000         0.000         0.000         0.000         0.000


           PSI
              ZAFRICA       ZLA           ZINDIC        ZSINIC        ZNWEST
              ________      ________      ________      ________      ________
 ZAFRICA        0.013
 ZLA            0.000         0.098
 ZINDIC         0.000         0.000         0.026
 ZSINIC         0.000         0.000         0.000         0.023
 ZNWEST         0.000         0.000         0.000         0.000         0.067
 ZISLAM         0.000         0.000         0.000         0.000         0.000
 ZORT           0.000         0.000         0.000         0.000         0.000


           PSI
              ZISLAM        ZORT
              ________      ________
 ZISLAM         0.012
 ZORT           0.000         0.066



     PRIORS FOR ALL PARAMETERS            PRIOR MEAN      PRIOR VARIANCE     PRIOR STD. DEV.

     Parameter 1~N(0.000,5.000)              0.0000              5.0000              2.2361
     Parameter 2~N(0.000,5.000)              0.0000              5.0000              2.2361
     Parameter 3~N(0.000,5.000)              0.0000              5.0000              2.2361
     Parameter 4~N(0.000,infinity)           0.0000            infinity            infinity
     Parameter 5~IG(-1.000,0.000)          infinity            infinity            infinity
     Parameter 6~IG(-1.000,0.000)          infinity            infinity            infinity
     Parameter 7~IG(-1.000,0.000)          infinity            infinity            infinity
     Parameter 8~IG(-1.000,0.000)          infinity            infinity            infinity
     Parameter 9~IG(-1.000,0.000)          infinity            infinity            infinity
     Parameter 10~N(0.000,infinity)          0.0000            infinity            infinity
     Parameter 11~N(0.000,5.000)             0.0000              5.0000              2.2361
     Parameter 12~N(0.000,5.000)             0.0000              5.0000              2.2361
     Parameter 13~N(0.000,5.000)             0.0000              5.0000              2.2361
     Parameter 14~N(0.000,infinity)          0.0000            infinity            infinity
     Parameter 15~IG(-1.000,0.000)         infinity            infinity            infinity
     Parameter 16~IG(-1.000,0.000)         infinity            infinity            infinity
     Parameter 17~IG(-1.000,0.000)         infinity            infinity            infinity
     Parameter 18~IG(-1.000,0.000)         infinity            infinity            infinity
     Parameter 19~IG(-1.000,0.000)         infinity            infinity            infinity
     Parameter 20~N(0.000,infinity)          0.0000            infinity            infinity
     Parameter 21~N(0.000,infinity)          0.0000            infinity            infinity
     Parameter 22~N(0.000,infinity)          0.0000            infinity            infinity
     Parameter 23~N(0.000,infinity)          0.0000            infinity            infinity
     Parameter 24~N(0.000,infinity)          0.0000            infinity            infinity
     Parameter 25~N(0.000,infinity)          0.0000            infinity            infinity
     Parameter 26~N(0.000,infinity)          0.0000            infinity            infinity
     Parameter 27~N(0.000,infinity)          0.0000            infinity            infinity
     Parameter 28~N(0.000,infinity)          0.0000            infinity            infinity
     Parameter 29~N(0.000,infinity)          0.0000            infinity            infinity
     Parameter 30~IG(-1.000,0.000)         infinity            infinity            infinity
     Parameter 31~IG(-1.000,0.000)         infinity            infinity            infinity
     Parameter 32~IG(-1.000,0.000)         infinity            infinity            infinity
     Parameter 33~IG(-1.000,0.000)         infinity            infinity            infinity
     Parameter 34~IG(-1.000,0.000)         infinity            infinity            infinity
     Parameter 35~N(-1.767,0.001)           -1.7670              0.0010              0.0316
     Parameter 36~N(-0.428,0.001)           -0.4280              0.0010              0.0316
     Parameter 37~N(0.768,0.001)             0.7680              0.0010              0.0316
     Parameter 38~N(0.000,5.000)             0.0000              5.0000              2.2361
     Parameter 39~N(-1.383,0.001)           -1.3830              0.0010              0.0316
     Parameter 40~N(-0.212,0.001)           -0.2120              0.0010              0.0316
     Parameter 41~N(0.942,0.001)             0.9420              0.0010              0.0316
     Parameter 42~N(0.000,5.000)             0.0000              5.0000              2.2361


TECHNICAL 8 OUTPUT


   TECHNICAL 8 OUTPUT FOR BAYES ESTIMATION

     CHAIN    BSEED
     1        0
     2        285380

                     POTENTIAL       PARAMETER WITH
     ITERATION    SCALE REDUCTION      HIGHEST PSR
     100              2.648               40
     200              1.113               8
     300              1.062               41
     400              1.068               41
     500              1.017               36
     600              1.023               8
     700              1.039               8
     800              1.021               8
     900              1.027               8
     1000             1.033               37
     1100             1.047               6
     1200             1.030               37
     1300             1.020               37
     1400             1.017               37
     1500             1.017               37
     1600             1.027               37
     1700             1.023               37
     1800             1.017               37
     1900             1.009               37
     2000             1.006               14
     2100             1.006               14
     2200             1.006               37
     2300             1.007               37
     2400             1.005               37
     2500             1.003               15
     2600             1.007               41
     2700             1.010               41
     2800             1.015               41
     2900             1.020               41
     3000             1.023               41
     3100             1.011               40
     3200             1.005               41
     3300             1.007               41
     3400             1.011               40
     3500             1.011               41
     3600             1.007               39
     3700             1.012               41
     3800             1.010               39
     3900             1.010               39
     4000             1.009               39
     4100             1.012               39
     4200             1.013               39
     4300             1.019               39
     4400             1.019               40
     4500             1.022               40
     4600             1.017               40
     4700             1.014               39
     4800             1.014               39
     4900             1.015               39
     5000             1.017               39
     5100             1.017               39
     5200             1.013               39
     5300             1.010               39
     5400             1.009               39
     5500             1.007               39
     5600             1.005               39
     5700             1.005               39
     5800             1.003               39
     5900             1.003               39
     6000             1.004               8
     6100             1.003               8
     6200             1.004               8
     6300             1.006               8
     6400             1.003               8
     6500             1.002               8
     6600             1.004               8
     6700             1.003               8
     6800             1.003               8
     6900             1.003               8
     7000             1.003               8
     7100             1.006               8
     7200             1.006               8
     7300             1.007               8
     7400             1.010               8
     7500             1.006               8
     7600             1.005               8
     7700             1.005               8
     7800             1.003               8
     7900             1.004               8
     8000             1.004               8
     8100             1.006               8
     8200             1.007               8
     8300             1.007               8
     8400             1.004               8
     8500             1.004               8
     8600             1.003               8
     8700             1.004               8
     8800             1.003               8
     8900             1.003               8
     9000             1.003               8
     9100             1.002               8
     9200             1.002               40
     9300             1.002               8
     9400             1.001               8
     9500             1.002               8
     9600             1.001               8
     9700             1.002               8
     9800             1.002               8
     9900             1.003               8
     10000            1.004               8
     10100            1.005               8
     10200            1.003               8
     10300            1.003               8
     10400            1.003               8
     10500            1.003               8
     10600            1.003               8
     10700            1.002               8
     10800            1.003               8
     10900            1.002               8
     11000            1.002               8
     11100            1.002               8
     11200            1.001               1
     11300            1.001               41
     11400            1.001               8
     11500            1.001               37
     11600            1.002               8
     11700            1.002               8
     11800            1.002               8
     11900            1.002               8
     12000            1.002               37
     12100            1.002               37
     12200            1.002               37
     12300            1.002               37
     12400            1.001               37
     12500            1.001               37
     12600            1.001               35
     12700            1.001               35
     12800            1.002               35
     12900            1.002               35
     13000            1.002               35
     13100            1.003               35
     13200            1.003               35
     13300            1.004               35
     13400            1.004               35
     13500            1.004               35
     13600            1.004               35
     13700            1.004               35
     13800            1.004               35
     13900            1.003               35
     14000            1.003               35
     14100            1.003               35
     14200            1.003               35
     14300            1.002               35
     14400            1.002               35
     14500            1.002               35
     14600            1.002               35
     14700            1.002               35
     14800            1.002               35
     14900            1.002               35
     15000            1.002               35
     15100            1.001               35
     15200            1.001               8
     15300            1.002               41
     15400            1.002               41
     15500            1.002               8
     15600            1.002               8
     15700            1.002               8
     15800            1.002               8
     15900            1.001               41
     16000            1.002               8
     16100            1.002               41
     16200            1.002               41
     16300            1.002               41
     16400            1.002               41
     16500            1.002               8
     16600            1.002               8
     16700            1.002               8
     16800            1.002               8
     16900            1.002               8
     17000            1.002               8
     17100            1.002               8
     17200            1.002               8
     17300            1.001               8
     17400            1.001               39
     17500            1.001               41
     17600            1.001               39
     17700            1.001               39
     17800            1.001               39
     17900            1.001               41
     18000            1.001               41
     18100            1.001               41
     18200            1.001               41
     18300            1.001               41
     18400            1.001               41
     18500            1.002               41
     18600            1.002               39
     18700            1.002               39
     18800            1.002               39
     18900            1.002               39
     19000            1.002               41
     19100            1.002               39
     19200            1.002               40
     19300            1.002               40
     19400            1.002               41
     19500            1.001               41
     19600            1.002               41
     19700            1.002               40
     19800            1.002               40
     19900            1.002               39
     20000            1.002               39


PLOT INFORMATION

The following plots are available:

  Sample proportions
  Bayesian posterior parameter distributions
  Bayesian posterior parameter trace plots
  Bayesian autocorrelation plots
  Bayesian prior parameter distributions

SAVEDATA INFORMATION


  Bayesian Parameters

  Save file
    parameters.dat
  Save format      Free

  Order of parameters saved

    Chain number
    Iteration number
    Parameter 1, %WITHIN%: REL_W BY PERSON
    Parameter 2, %WITHIN%: REL_W BY CONFIDENCE
    Parameter 3, %WITHIN%: REL_W BY BELONG
    Parameter 4, %WITHIN%: REL_W BY PRAY
    Parameter 5, %WITHIN%: PRAY
    Parameter 6, %WITHIN%: REL_W
    Parameter 7, %WITHIN%: RES1_W
    Parameter 8, %WITHIN%: RES2_W
    Parameter 9, %WITHIN%: ATTEND
    Parameter 10, %BETWEEN%: [ PRAY ]
    Parameter 11, %BETWEEN%: REL_B BY PERSON
    Parameter 12, %BETWEEN%: REL_B BY CONFIDENCE
    Parameter 13, %BETWEEN%: REL_B BY BELONG
    Parameter 14, %BETWEEN%: REL_B BY PRAY
    Parameter 15, %BETWEEN%: IMPREL
    Parameter 16, %BETWEEN%: PERSON
    Parameter 17, %BETWEEN%: CONFIDENCE
    Parameter 18, %BETWEEN%: BELONG
    Parameter 19, %BETWEEN%: PRAY
    Parameter 20, %BETWEEN%: [ SLOPE ]
    Parameter 21, %BETWEEN%: [ ATTEND ]
    Parameter 22, %BETWEEN%: SLOPE ON ZAFRICA
    Parameter 23, %BETWEEN%: SLOPE ON ZLA
    Parameter 24, %BETWEEN%: SLOPE ON ZINDIC
    Parameter 25, %BETWEEN%: SLOPE ON ZSINIC
    Parameter 26, %BETWEEN%: SLOPE ON ZNWEST
    Parameter 27, %BETWEEN%: SLOPE ON ZISLAM
    Parameter 28, %BETWEEN%: SLOPE ON ZORT
    Parameter 29, %BETWEEN%: ATTEND ON REL_B
    Parameter 30, %BETWEEN%: REL_B
    Parameter 31, %BETWEEN%: RES1_B
    Parameter 32, %BETWEEN%: RES2_B
    Parameter 33, %BETWEEN%: SLOPE
    Parameter 34, %BETWEEN%: ATTEND
    Parameter 35, %BETWEEN%: [ IMPREL$1 ] (equality/label)
    Parameter 36, %BETWEEN%: [ IMPREL$2 ] (equality/label)
    Parameter 37, %BETWEEN%: [ IMPREL$3 ] (equality/label)
    Parameter 38, %BETWEEN%: [ PERSON$1 ]
    Parameter 39, %BETWEEN%: [ CONFIDENCE$1 ] (equality/label)
    Parameter 40, %BETWEEN%: [ CONFIDENCE$2 ] (equality/label)
    Parameter 41, %BETWEEN%: [ CONFIDENCE$3 ] (equality/label)
    Parameter 42, %BETWEEN%: [ BELONG$1 ]

     Beginning Time:  20:25:27
        Ending Time:  09:27:34
       Elapsed Time:  37:02:07



MUTHEN & MUTHEN
3463 Stoner Ave.
Los Angeles, CA  90066

Tel: (310) 391-9971
Fax: (310) 391-8971
Web: www.StatModel.com
Support: Support@StatModel.com

Copyright (c) 1998-2019 Muthen & Muthen
