Mplus VERSION 8.4 (Mac)
MUTHEN & MUTHEN
03/09/2023   9:24 PM

INPUT INSTRUCTIONS

  TITLE: M5 dat3 Default Priors;

  DATA:
  FILE = mlsem_dat3.dat;

  VARIABLE:
  NAMES = country imprel confidence belong attend pray person year code RCCHR RCMUSLIM
       RCASIAN RCOTHER COMMALL RRI RLI ZAFRICA ZLA ZINDIC ZSINIC ZNWEST ZISLAM ZORT
       ZEUWEST;
  USEVARIABLES = country imprel person confidence pray attend belong
       RCMUSLIM RCASIAN RCOTHER COMMALL;
  MISSING = .;

  BETWEEN = RCMUSLIM RCASIAN RCOTHER COMMALL;
  CLUSTER = country;
  CATEGORICAL = imprel confidence belong person;

  ANALYSIS:
  ESTIMATOR = BAYES;
  PROCESSORS = 2;
  TYPE = TWOLEVEL;
  THIN = 20;
  FBITERATIONS = 10000;

  MODEL:
  %WITHIN%
  Rel_W BY imprel person confidence pray attend belong;
  Res1_W BY pray@1 attend@1;
  Res2_W BY person@1 belong@1;
  Res1_W WITH Rel_W@0;
  Res2_W WITH Rel_W@0;
  Res1_W WITH Res2_W@0;

  %BETWEEN%
  Rel_B BY imprel person confidence pray attend belong;
  Res1_B BY pray@1 attend@1;
  Res2_B BY person@1 belong@1;
  Res1_B WITH Rel_B@0;
  Res2_B WITH Rel_B@0;
  Res1_B WITH Res2_B@0;

  attend ON RCMUSLIM RCASIAN RCOTHER COMMALL;

  OUTPUT:
  TECH8;

  PLOT:
  TYPE = PLOT2;

  SAVEDATA:
  BPARAMETERS = parameters.dat;



*** WARNING in VARIABLE command
  Note that only the first 8 characters of variable names are used in the output.
  Shorten variable names to avoid any confusion.
*** WARNING in PLOT command
  Note that only the first 8 characters of variable names are used in plots.
  If variable names are not unique within the first 8 characters, problems
  may occur.
   2 WARNING(S) FOUND IN THE INPUT INSTRUCTIONS



M5 dat3 Default Priors;

SUMMARY OF ANALYSIS

Number of groups                                                 1
Number of observations                                       60019

Number of dependent variables                                    6
Number of independent variables                                  4
Number of continuous latent variables                            6

Observed dependent variables

  Continuous
   PRAY        ATTEND

  Binary and ordered categorical (ordinal)
   IMPREL      PERSON      CONFIDEN    BELONG

Observed independent variables
   RCMUSLIM    RCASIAN     RCOTHER     COMMALL

Continuous latent variables
   REL_W       RES1_W      RES2_W      REL_B       RES1_B      RES2_B

Variables with special functions

  Cluster variable      COUNTRY

  Between variables
   RCMUSLIM    RCASIAN     RCOTHER     COMMALL


Estimator                                                    BAYES
Specifications for Bayesian Estimation
  Point estimate                                            MEDIAN
  Number of Markov chain Monte Carlo (MCMC) chains               2
  Random seed for the first chain                                0
  Starting value information                           UNPERTURBED
  Algorithm used for Markov chain Monte Carlo           GIBBS(PX1)
  Fixed number of iterations                                 10000
  K-th iteration used for thinning                              20
Link                                                        PROBIT

Input data file(s)
  mlsem_dat3.dat
Input data format  FREE


SUMMARY OF DATA

     Number of clusters                         42

       Size (s)    Cluster ID with Size s

        250        14
        447        30
        999        38
       1000        10 40
       1003        2
       1004        1
       1046        33
       1057        28
       1069        36
       1189        37
       1190        41
       1200        35 23 12 29 11 18 42
       1203        19
       1222        15
       1223        3
       1257        31
       1266        22
       1276        21
       1313        24
       1499        20
       1520        9
       1533        13
       1535        5
       1552        16
       1638        26
       1739        25
       1762        7
       1810        32
       1813        4
       1902        27
       2012        34
       2067        6
       2596        39
       2609        17
       4018        8



COVARIANCE COVERAGE OF DATA

Minimum covariance coverage value   0.100

     Number of missing data patterns             1


     PROPORTION OF DATA PRESENT


           Covariance Coverage
              IMPREL        PERSON        CONFIDEN      BELONG        PRAY
              ________      ________      ________      ________      ________
 IMPREL         1.000
 PERSON         1.000         1.000
 CONFIDEN       1.000         1.000         1.000
 BELONG         1.000         1.000         1.000         1.000
 PRAY           1.000         1.000         1.000         1.000         1.000
 ATTEND         1.000         1.000         1.000         1.000         1.000
 RCMUSLIM       1.000         1.000         1.000         1.000         1.000
 RCASIAN        1.000         1.000         1.000         1.000         1.000
 RCOTHER        1.000         1.000         1.000         1.000         1.000
 COMMALL        1.000         1.000         1.000         1.000         1.000


           Covariance Coverage
              ATTEND        RCMUSLIM      RCASIAN       RCOTHER       COMMALL
              ________      ________      ________      ________      ________
 ATTEND         1.000
 RCMUSLIM       1.000         1.000
 RCASIAN        1.000         1.000         1.000
 RCOTHER        1.000         1.000         1.000         1.000
 COMMALL        1.000         1.000         1.000         1.000         1.000


UNIVARIATE PROPORTIONS AND COUNTS FOR CATEGORICAL VARIABLES

    IMPREL
      Category 1    0.184        11068.000
      Category 2    0.226        13537.000
      Category 3    0.241        14455.000
      Category 4    0.349        20959.000
    PERSON
      Category 1    0.390        23396.000
      Category 2    0.610        36623.000
    CONFIDEN
      Category 1    0.146         8771.000
      Category 2    0.293        17611.000
      Category 3    0.326        19549.000
      Category 4    0.235        14088.000
    BELONG
      Category 1    0.297        17823.000
      Category 2    0.703        42196.000



UNIVARIATE SAMPLE STATISTICS


     UNIVARIATE HIGHER-ORDER MOMENT DESCRIPTIVE STATISTICS

         Variable/         Mean/     Skewness/   Minimum/ % with                Percentiles
        Sample Size      Variance    Kurtosis    Maximum  Min/Max      20%/60%    40%/80%    Median

     PRAY                  4.772      -0.266       1.000   23.71%       1.000      4.000      6.000
           60019.000       7.552      -1.558       8.000   21.81%       6.000      8.000
     ATTEND                3.501       0.181       1.000   28.67%       1.000      2.000      4.000
           60019.000       4.502      -1.421       7.000    8.72%       4.000      6.000
     RCMUSLIM             10.800       2.712       0.008    2.38%       0.049      0.621      2.309
              42.000     536.166       6.176      98.831    2.38%       2.768     10.554
     RCASIAN               4.401       3.225       0.000    4.76%       0.023      0.071      0.147
              42.000     138.067       9.547      54.805    2.38%       0.203      1.872
     RCOTHER              23.245       1.378       0.878    2.38%       4.549     10.138     15.725
              42.000     474.301       1.667      94.074    2.38%      24.344     39.463
     COMMALL               0.333       0.707       0.000   66.67%       0.000      0.000      0.000
              42.000       0.222      -1.500       1.000   33.33%       0.000      1.000


THE MODEL ESTIMATION TERMINATED NORMALLY

     USE THE FBITERATIONS OPTION TO INCREASE THE NUMBER OF ITERATIONS BY A FACTOR
     OF AT LEAST TWO TO CHECK CONVERGENCE AND THAT THE PSR VALUE DOES NOT INCREASE.



MODEL FIT INFORMATION

Number of Free Parameters                              38

Bayesian Posterior Predictive Checking using Chi-Square

          95% Confidence Interval for the Difference Between
          the Observed and the Replicated Chi-Square Values

                                582.997           723.137

          Posterior Predictive P-Value              0.000



MODEL RESULTS

                                Posterior  One-Tailed         95% C.I.
                    Estimate       S.D.      P-Value   Lower 2.5%  Upper 2.5%  Significance

Within Level

 REL_W    BY
    IMPREL             1.000       0.000      0.000       1.000       1.000
    PERSON             1.214       0.018      0.000       1.180       1.251      *
    CONFIDENCE         0.606       0.007      0.000       0.591       0.620      *
    PRAY               1.252       0.014      0.000       1.226       1.279      *
    ATTEND             0.962       0.011      0.000       0.941       0.983      *
    BELONG             1.007       0.015      0.000       0.977       1.039      *

 RES1_W   BY
    PRAY               1.000       0.000      0.000       1.000       1.000
    ATTEND             1.000       0.000      0.000       1.000       1.000

 RES2_W   BY
    PERSON             1.000       0.000      0.000       1.000       1.000
    BELONG             1.000       0.000      0.000       1.000       1.000

 RES1_W   WITH
    REL_W              0.000       0.000      1.000       0.000       0.000
    RES2_W             0.000       0.000      1.000       0.000       0.000

 RES2_W   WITH
    REL_W              0.000       0.000      1.000       0.000       0.000

 Variances
    REL_W              1.623       0.030      0.000       1.565       1.684      *
    RES1_W             0.610       0.014      0.000       0.582       0.638      *
    RES2_W             0.265       0.021      0.000       0.223       0.306      *

 Residual Variances
    PRAY               2.139       0.018      0.000       2.105       2.175      *
    ATTEND             1.351       0.013      0.000       1.326       1.378      *

Between Level

 REL_B    BY
    IMPREL             1.000       0.000      0.000       1.000       1.000
    PERSON             0.733       0.084      0.000       0.571       0.902      *
    CONFIDENCE         0.446       0.048      0.000       0.353       0.544      *
    PRAY               1.264       0.063      0.000       1.143       1.389      *
    ATTEND             0.804       0.094      0.000       0.625       0.988      *
    BELONG             0.822       0.125      0.000       0.575       1.069      *

 RES1_B   BY
    PRAY               1.000       0.000      0.000       1.000       1.000
    ATTEND             1.000       0.000      0.000       1.000       1.000

 RES2_B   BY
    PERSON             1.000       0.000      0.000       1.000       1.000
    BELONG             1.000       0.000      0.000       1.000       1.000

 ATTEND     ON
    RCMUSLIM          -0.005       0.003      0.084      -0.011       0.002
    RCASIAN            0.001       0.006      0.435      -0.011       0.013
    RCOTHER           -0.001       0.005      0.409      -0.011       0.009
    COMMALL            0.053       0.178      0.379      -0.293       0.404

 RES1_B   WITH
    REL_B              0.000       0.000      1.000       0.000       0.000
    RES2_B             0.000       0.000      1.000       0.000       0.000

 RES2_B   WITH
    REL_B              0.000       0.000      1.000       0.000       0.000

 Intercepts
    PRAY               4.877       0.248      0.000       4.297       5.347      *
    ATTEND             3.644       0.213      0.000       3.202       4.038      *

 Thresholds
    IMPREL$1          -1.993       0.191      0.000      -2.342      -1.547      *
    IMPREL$2          -0.556       0.190      0.010      -0.905      -0.110      *
    IMPREL$3           0.739       0.190      0.000       0.392       1.189      *
    PERSON$1          -0.692       0.168      0.000      -1.016      -0.335      *
    CONFIDEN$1        -1.528       0.095      0.000      -1.714      -1.337      *
    CONFIDEN$2        -0.249       0.095      0.002      -0.435      -0.057      *
    CONFIDEN$3         0.998       0.095      0.000       0.813       1.189      *
    BELONG$1          -1.312       0.215      0.000      -1.729      -0.872      *

 Variances
    REL_B              1.516       0.376      0.000       0.996       2.456      *
    RES1_B             0.052       0.041      0.000       0.003       0.157      *
    RES2_B             0.216       0.100      0.000       0.052       0.440      *

 Residual Variances
    IMPREL             0.013       0.016      0.000       0.001       0.060      *
    PERSON             0.147       0.091      0.000       0.018       0.367      *
    CONFIDENCE         0.123       0.032      0.000       0.080       0.203      *
    BELONG             0.643       0.187      0.000       0.376       1.112      *
    PRAY               0.116       0.051      0.000       0.034       0.232      *
    ATTEND             0.169       0.058      0.000       0.088       0.313      *


TECHNICAL 1 OUTPUT


     PARAMETER SPECIFICATION FOR WITHIN


           TAU
              IMPREL$1      IMPREL$2      IMPREL$3      PERSON$1      CONFIDEN
              ________      ________      ________      ________      ________
                    0             0             0             0             0


           TAU
              CONFIDEN      CONFIDEN      BELONG$1
              ________      ________      ________
                    0             0             0


           NU
              IMPREL        PERSON        CONFIDEN      BELONG        PRAY
              ________      ________      ________      ________      ________
                    0             0             0             0             0


           NU
              ATTEND
              ________
                    0


           LAMBDA
              REL_W         RES1_W        RES2_W        ATTEND
              ________      ________      ________      ________
 IMPREL             0             0             0             0
 PERSON             1             0             0             0
 CONFIDEN           2             0             0             0
 BELONG             3             0             0             0
 PRAY               4             0             0             0
 ATTEND             0             0             0             0


           THETA
              IMPREL        PERSON        CONFIDEN      BELONG        PRAY
              ________      ________      ________      ________      ________
 IMPREL             0
 PERSON             0             0
 CONFIDEN           0             0             0
 BELONG             0             0             0             0
 PRAY               0             0             0             0             5
 ATTEND             0             0             0             0             0


           THETA
              ATTEND
              ________
 ATTEND             0


           ALPHA
              REL_W         RES1_W        RES2_W        ATTEND
              ________      ________      ________      ________
                    0             0             0             0


           BETA
              REL_W         RES1_W        RES2_W        ATTEND
              ________      ________      ________      ________
 REL_W              0             0             0             0
 RES1_W             0             0             0             0
 RES2_W             0             0             0             0
 ATTEND             6             0             0             0


           PSI
              REL_W         RES1_W        RES2_W        ATTEND
              ________      ________      ________      ________
 REL_W              7
 RES1_W             0             8
 RES2_W             0             0             9
 ATTEND             0             0             0            10


     PARAMETER SPECIFICATION FOR BETWEEN


           TAU
              IMPREL$1      IMPREL$2      IMPREL$3      PERSON$1      CONFIDEN
              ________      ________      ________      ________      ________
                   31            32            33            34            35


           TAU
              CONFIDEN      CONFIDEN      BELONG$1
              ________      ________      ________
                   36            37            38


           NU
              IMPREL        PERSON        CONFIDEN      BELONG        PRAY
              ________      ________      ________      ________      ________
                    0             0             0             0            11


           NU
              ATTEND        RCMUSLIM      RCASIAN       RCOTHER       COMMALL
              ________      ________      ________      ________      ________
                    0             0             0             0             0


           LAMBDA
              REL_B         RES1_B        RES2_B        ATTEND        RCMUSLIM
              ________      ________      ________      ________      ________
 IMPREL             0             0             0             0             0
 PERSON            12             0             0             0             0
 CONFIDEN          13             0             0             0             0
 BELONG            14             0             0             0             0
 PRAY              15             0             0             0             0
 ATTEND             0             0             0             0             0
 RCMUSLIM           0             0             0             0             0
 RCASIAN            0             0             0             0             0
 RCOTHER            0             0             0             0             0
 COMMALL            0             0             0             0             0


           LAMBDA
              RCASIAN       RCOTHER       COMMALL
              ________      ________      ________
 IMPREL             0             0             0
 PERSON             0             0             0
 CONFIDEN           0             0             0
 BELONG             0             0             0
 PRAY               0             0             0
 ATTEND             0             0             0
 RCMUSLIM           0             0             0
 RCASIAN            0             0             0
 RCOTHER            0             0             0
 COMMALL            0             0             0


           THETA
              IMPREL        PERSON        CONFIDEN      BELONG        PRAY
              ________      ________      ________      ________      ________
 IMPREL            16
 PERSON             0            17
 CONFIDEN           0             0            18
 BELONG             0             0             0            19
 PRAY               0             0             0             0            20
 ATTEND             0             0             0             0             0
 RCMUSLIM           0             0             0             0             0
 RCASIAN            0             0             0             0             0
 RCOTHER            0             0             0             0             0
 COMMALL            0             0             0             0             0


           THETA
              ATTEND        RCMUSLIM      RCASIAN       RCOTHER       COMMALL
              ________      ________      ________      ________      ________
 ATTEND             0
 RCMUSLIM           0             0
 RCASIAN            0             0             0
 RCOTHER            0             0             0             0
 COMMALL            0             0             0             0             0


           ALPHA
              REL_B         RES1_B        RES2_B        ATTEND        RCMUSLIM
              ________      ________      ________      ________      ________
                    0             0             0            21             0


           ALPHA
              RCASIAN       RCOTHER       COMMALL
              ________      ________      ________
                    0             0             0


           BETA
              REL_B         RES1_B        RES2_B        ATTEND        RCMUSLIM
              ________      ________      ________      ________      ________
 REL_B              0             0             0             0             0
 RES1_B             0             0             0             0             0
 RES2_B             0             0             0             0             0
 ATTEND            22             0             0             0            23
 RCMUSLIM           0             0             0             0             0
 RCASIAN            0             0             0             0             0
 RCOTHER            0             0             0             0             0
 COMMALL            0             0             0             0             0


           BETA
              RCASIAN       RCOTHER       COMMALL
              ________      ________      ________
 REL_B              0             0             0
 RES1_B             0             0             0
 RES2_B             0             0             0
 ATTEND            24            25            26
 RCMUSLIM           0             0             0
 RCASIAN            0             0             0
 RCOTHER            0             0             0
 COMMALL            0             0             0


           PSI
              REL_B         RES1_B        RES2_B        ATTEND        RCMUSLIM
              ________      ________      ________      ________      ________
 REL_B             27
 RES1_B             0            28
 RES2_B             0             0            29
 ATTEND             0             0             0            30
 RCMUSLIM           0             0             0             0             0
 RCASIAN            0             0             0             0             0
 RCOTHER            0             0             0             0             0
 COMMALL            0             0             0             0             0


           PSI
              RCASIAN       RCOTHER       COMMALL
              ________      ________      ________
 RCASIAN            0
 RCOTHER            0             0
 COMMALL            0             0             0


     STARTING VALUES FOR WITHIN


           TAU
              IMPREL$1      IMPREL$2      IMPREL$3      PERSON$1      CONFIDEN
              ________      ________      ________      ________      ________
                0.000         0.000         0.000         0.000         0.000


           TAU
              CONFIDEN      CONFIDEN      BELONG$1
              ________      ________      ________
                0.000         0.000         0.000


           NU
              IMPREL        PERSON        CONFIDEN      BELONG        PRAY
              ________      ________      ________      ________      ________
                0.000         0.000         0.000         0.000         0.000


           NU
              ATTEND
              ________
                0.000


           LAMBDA
              REL_W         RES1_W        RES2_W        ATTEND
              ________      ________      ________      ________
 IMPREL         1.000         0.000         0.000         0.000
 PERSON         1.000         0.000         1.000         0.000
 CONFIDEN       1.000         0.000         0.000         0.000
 BELONG         1.000         0.000         1.000         0.000
 PRAY           1.000         1.000         0.000         0.000
 ATTEND         0.000         0.000         0.000         1.000


           THETA
              IMPREL        PERSON        CONFIDEN      BELONG        PRAY
              ________      ________      ________      ________      ________
 IMPREL         1.000
 PERSON         0.000         1.000
 CONFIDEN       0.000         0.000         1.000
 BELONG         0.000         0.000         0.000         1.000
 PRAY           0.000         0.000         0.000         0.000         3.776
 ATTEND         0.000         0.000         0.000         0.000         0.000


           THETA
              ATTEND
              ________
 ATTEND         0.000


           ALPHA
              REL_W         RES1_W        RES2_W        ATTEND
              ________      ________      ________      ________
                0.000         0.000         0.000         0.000


           BETA
              REL_W         RES1_W        RES2_W        ATTEND
              ________      ________      ________      ________
 REL_W          0.000         0.000         0.000         0.000
 RES1_W         0.000         0.000         0.000         0.000
 RES2_W         0.000         0.000         0.000         0.000
 ATTEND         1.000         1.000         0.000         0.000


           PSI
              REL_W         RES1_W        RES2_W        ATTEND
              ________      ________      ________      ________
 REL_W          1.000
 RES1_W         0.000         1.000
 RES2_W         0.000         0.000         1.000
 ATTEND         0.000         0.000         0.000         2.251


     STARTING VALUES FOR BETWEEN


           TAU
              IMPREL$1      IMPREL$2      IMPREL$3      PERSON$1      CONFIDEN
              ________      ________      ________      ________      ________
               -0.826        -0.202         0.346        -0.249        -0.981


           TAU
              CONFIDEN      CONFIDEN      BELONG$1
              ________      ________      ________
               -0.135         0.657        -0.479


           NU
              IMPREL        PERSON        CONFIDEN      BELONG        PRAY
              ________      ________      ________      ________      ________
                0.000         0.000         0.000         0.000         4.772


           NU
              ATTEND        RCMUSLIM      RCASIAN       RCOTHER       COMMALL
              ________      ________      ________      ________      ________
                0.000         0.000         0.000         0.000         0.000


           LAMBDA
              REL_B         RES1_B        RES2_B        ATTEND        RCMUSLIM
              ________      ________      ________      ________      ________
 IMPREL         1.000         0.000         0.000         0.000         0.000
 PERSON         1.000         0.000         1.000         0.000         0.000
 CONFIDEN       1.000         0.000         0.000         0.000         0.000
 BELONG         1.000         0.000         1.000         0.000         0.000
 PRAY           1.000         1.000         0.000         0.000         0.000
 ATTEND         0.000         0.000         0.000         1.000         0.000
 RCMUSLIM       0.000         0.000         0.000         0.000         1.000
 RCASIAN        0.000         0.000         0.000         0.000         0.000
 RCOTHER        0.000         0.000         0.000         0.000         0.000
 COMMALL        0.000         0.000         0.000         0.000         0.000


           LAMBDA
              RCASIAN       RCOTHER       COMMALL
              ________      ________      ________
 IMPREL         0.000         0.000         0.000
 PERSON         0.000         0.000         0.000
 CONFIDEN       0.000         0.000         0.000
 BELONG         0.000         0.000         0.000
 PRAY           0.000         0.000         0.000
 ATTEND         0.000         0.000         0.000
 RCMUSLIM       0.000         0.000         0.000
 RCASIAN        1.000         0.000         0.000
 RCOTHER        0.000         1.000         0.000
 COMMALL        0.000         0.000         1.000


           THETA
              IMPREL        PERSON        CONFIDEN      BELONG        PRAY
              ________      ________      ________      ________      ________
 IMPREL         1.000
 PERSON         0.000         1.000
 CONFIDEN       0.000         0.000         1.000
 BELONG         0.000         0.000         0.000         1.000
 PRAY           0.000         0.000         0.000         0.000         3.776
 ATTEND         0.000         0.000         0.000         0.000         0.000
 RCMUSLIM       0.000         0.000         0.000         0.000         0.000
 RCASIAN        0.000         0.000         0.000         0.000         0.000
 RCOTHER        0.000         0.000         0.000         0.000         0.000
 COMMALL        0.000         0.000         0.000         0.000         0.000


           THETA
              ATTEND        RCMUSLIM      RCASIAN       RCOTHER       COMMALL
              ________      ________      ________      ________      ________
 ATTEND         0.000
 RCMUSLIM       0.000         0.000
 RCASIAN        0.000         0.000         0.000
 RCOTHER        0.000         0.000         0.000         0.000
 COMMALL        0.000         0.000         0.000         0.000         0.000


           ALPHA
              REL_B         RES1_B        RES2_B        ATTEND        RCMUSLIM
              ________      ________      ________      ________      ________
                0.000         0.000         0.000         3.501         0.000


           ALPHA
              RCASIAN       RCOTHER       COMMALL
              ________      ________      ________
                0.000         0.000         0.000


           BETA
              REL_B         RES1_B        RES2_B        ATTEND        RCMUSLIM
              ________      ________      ________      ________      ________
 REL_B          0.000         0.000         0.000         0.000         0.000
 RES1_B         0.000         0.000         0.000         0.000         0.000
 RES2_B         0.000         0.000         0.000         0.000         0.000
 ATTEND         1.000         1.000         0.000         0.000         0.000
 RCMUSLIM       0.000         0.000         0.000         0.000         0.000
 RCASIAN        0.000         0.000         0.000         0.000         0.000
 RCOTHER        0.000         0.000         0.000         0.000         0.000
 COMMALL        0.000         0.000         0.000         0.000         0.000


           BETA
              RCASIAN       RCOTHER       COMMALL
              ________      ________      ________
 REL_B          0.000         0.000         0.000
 RES1_B         0.000         0.000         0.000
 RES2_B         0.000         0.000         0.000
 ATTEND         0.000         0.000         0.000
 RCMUSLIM       0.000         0.000         0.000
 RCASIAN        0.000         0.000         0.000
 RCOTHER        0.000         0.000         0.000
 COMMALL        0.000         0.000         0.000


           PSI
              REL_B         RES1_B        RES2_B        ATTEND        RCMUSLIM
              ________      ________      ________      ________      ________
 REL_B          1.000
 RES1_B         0.000         1.000
 RES2_B         0.000         0.000         1.000
 ATTEND         0.000         0.000         0.000         2.251
 RCMUSLIM       0.000         0.000         0.000         0.000       254.233
 RCASIAN        0.000         0.000         0.000         0.000         0.000
 RCOTHER        0.000         0.000         0.000         0.000         0.000
 COMMALL        0.000         0.000         0.000         0.000         0.000


           PSI
              RCASIAN       RCOTHER       COMMALL
              ________      ________      ________
 RCASIAN       79.798
 RCOTHER        0.000       220.882
 COMMALL        0.000         0.000         0.103



     PRIORS FOR ALL PARAMETERS            PRIOR MEAN      PRIOR VARIANCE     PRIOR STD. DEV.

     Parameter 1~N(0.000,5.000)              0.0000              5.0000              2.2361
     Parameter 2~N(0.000,5.000)              0.0000              5.0000              2.2361
     Parameter 3~N(0.000,5.000)              0.0000              5.0000              2.2361
     Parameter 4~N(0.000,infinity)           0.0000            infinity            infinity
     Parameter 5~IG(-1.000,0.000)          infinity            infinity            infinity
     Parameter 6~N(0.000,infinity)           0.0000            infinity            infinity
     Parameter 7~IG(-1.000,0.000)          infinity            infinity            infinity
     Parameter 8~IG(-1.000,0.000)          infinity            infinity            infinity
     Parameter 9~IG(-1.000,0.000)          infinity            infinity            infinity
     Parameter 10~IG(-1.000,0.000)         infinity            infinity            infinity
     Parameter 11~N(0.000,infinity)          0.0000            infinity            infinity
     Parameter 12~N(0.000,5.000)             0.0000              5.0000              2.2361
     Parameter 13~N(0.000,5.000)             0.0000              5.0000              2.2361
     Parameter 14~N(0.000,5.000)             0.0000              5.0000              2.2361
     Parameter 15~N(0.000,infinity)          0.0000            infinity            infinity
     Parameter 16~IG(-1.000,0.000)         infinity            infinity            infinity
     Parameter 17~IG(-1.000,0.000)         infinity            infinity            infinity
     Parameter 18~IG(-1.000,0.000)         infinity            infinity            infinity
     Parameter 19~IG(-1.000,0.000)         infinity            infinity            infinity
     Parameter 20~IG(-1.000,0.000)         infinity            infinity            infinity
     Parameter 21~N(0.000,infinity)          0.0000            infinity            infinity
     Parameter 22~N(0.000,infinity)          0.0000            infinity            infinity
     Parameter 23~N(0.000,infinity)          0.0000            infinity            infinity
     Parameter 24~N(0.000,infinity)          0.0000            infinity            infinity
     Parameter 25~N(0.000,infinity)          0.0000            infinity            infinity
     Parameter 26~N(0.000,infinity)          0.0000            infinity            infinity
     Parameter 27~IG(-1.000,0.000)         infinity            infinity            infinity
     Parameter 28~IG(-1.000,0.000)         infinity            infinity            infinity
     Parameter 29~IG(-1.000,0.000)         infinity            infinity            infinity
     Parameter 30~IG(-1.000,0.000)         infinity            infinity            infinity
     Parameter 31~N(0.000,5.000)             0.0000              5.0000              2.2361
     Parameter 32~N(0.000,5.000)             0.0000              5.0000              2.2361
     Parameter 33~N(0.000,5.000)             0.0000              5.0000              2.2361
     Parameter 34~N(0.000,5.000)             0.0000              5.0000              2.2361
     Parameter 35~N(0.000,5.000)             0.0000              5.0000              2.2361
     Parameter 36~N(0.000,5.000)             0.0000              5.0000              2.2361
     Parameter 37~N(0.000,5.000)             0.0000              5.0000              2.2361
     Parameter 38~N(0.000,5.000)             0.0000              5.0000              2.2361


TECHNICAL 8 OUTPUT


   TECHNICAL 8 OUTPUT FOR BAYES ESTIMATION

     CHAIN    BSEED
     1        0
     2        285380

                     POTENTIAL       PARAMETER WITH
     ITERATION    SCALE REDUCTION      HIGHEST PSR
     100              4.014               36
     200              1.210               33
     300              1.156               36
     400              1.728               32
     500              2.310               32
     600              2.259               32
     700              1.308               32
     800              1.032               1
     900              1.117               33
     1000             1.499               35
     1100             2.035               32
     1200             2.399               32
     1300             1.906               32
     1400             1.471               32
     1500             1.161               35
     1600             1.031               35
     1700             1.039               33
     1800             1.119               33
     1900             1.234               33
     2000             1.352               33
     2100             1.529               33
     2200             1.670               33
     2300             1.583               32
     2400             1.375               31
     2500             1.249               37
     2600             1.152               37
     2700             1.105               37
     2800             1.048               37
     2900             1.030               37
     3000             1.039               37
     3100             1.056               36
     3200             1.069               36
     3300             1.089               36
     3400             1.119               36
     3500             1.169               36
     3600             1.219               36
     3700             1.271               36
     3800             1.293               36
     3900             1.314               36
     4000             1.348               31
     4100             1.388               31
     4200             1.400               32
     4300             1.417               32
     4400             1.438               32
     4500             1.475               36
     4600             1.528               36
     4700             1.552               36
     4800             1.595               32
     4900             1.654               32
     5000             1.711               32
     5100             1.779               32
     5200             1.889               32
     5300             2.044               32
     5400             2.222               32
     5500             2.427               32
     5600             2.551               32
     5700             2.450               32
     5800             2.364               36
     5900             2.313               36
     6000             2.224               36
     6100             2.132               36
     6200             2.057               36
     6300             2.010               36
     6400             1.929               36
     6500             1.792               36
     6600             1.669               36
     6700             1.599               31
     6800             1.540               32
     6900             1.480               32
     7000             1.458               32
     7100             1.423               32
     7200             1.386               31
     7300             1.358               31
     7400             1.343               32
     7500             1.332               32
     7600             1.318               31
     7700             1.293               32
     7800             1.280               33
     7900             1.271               33
     8000             1.267               33
     8100             1.247               33
     8200             1.247               32
     8300             1.247               32
     8400             1.262               32
     8500             1.273               32
     8600             1.254               32
     8700             1.225               32
     8800             1.203               32
     8900             1.188               32
     9000             1.170               32
     9100             1.152               32
     9200             1.142               33
     9300             1.133               33
     9400             1.132               37
     9500             1.131               37
     9600             1.123               37
     9700             1.118               37
     9800             1.120               37
     9900             1.129               37
     10000            1.125               37


PLOT INFORMATION

The following plots are available:

  Sample proportions and estimated probabilities
  Bayesian posterior parameter distributions
  Bayesian posterior parameter trace plots
  Bayesian autocorrelation plots
  Bayesian prior parameter distributions
  Bayesian posterior predictive checking scatterplots
  Bayesian posterior predictive checking distribution plots

SAVEDATA INFORMATION


  Bayesian Parameters

  Save file
    parameters.dat
  Save format      Free

  Order of parameters saved

    Chain number
    Iteration number
    Parameter 1, %WITHIN%: REL_W BY PERSON
    Parameter 2, %WITHIN%: REL_W BY CONFIDENCE
    Parameter 3, %WITHIN%: REL_W BY BELONG
    Parameter 4, %WITHIN%: REL_W BY PRAY
    Parameter 5, %WITHIN%: PRAY
    Parameter 6, %WITHIN%: ATTEND ON REL_W
    Parameter 7, %WITHIN%: REL_W
    Parameter 8, %WITHIN%: RES1_W
    Parameter 9, %WITHIN%: RES2_W
    Parameter 10, %WITHIN%: ATTEND
    Parameter 11, %BETWEEN%: [ PRAY ]
    Parameter 12, %BETWEEN%: REL_B BY PERSON
    Parameter 13, %BETWEEN%: REL_B BY CONFIDENCE
    Parameter 14, %BETWEEN%: REL_B BY BELONG
    Parameter 15, %BETWEEN%: REL_B BY PRAY
    Parameter 16, %BETWEEN%: IMPREL
    Parameter 17, %BETWEEN%: PERSON
    Parameter 18, %BETWEEN%: CONFIDENCE
    Parameter 19, %BETWEEN%: BELONG
    Parameter 20, %BETWEEN%: PRAY
    Parameter 21, %BETWEEN%: [ ATTEND ]
    Parameter 22, %BETWEEN%: ATTEND ON REL_B
    Parameter 23, %BETWEEN%: ATTEND ON RCMUSLIM
    Parameter 24, %BETWEEN%: ATTEND ON RCASIAN
    Parameter 25, %BETWEEN%: ATTEND ON RCOTHER
    Parameter 26, %BETWEEN%: ATTEND ON COMMALL
    Parameter 27, %BETWEEN%: REL_B
    Parameter 28, %BETWEEN%: RES1_B
    Parameter 29, %BETWEEN%: RES2_B
    Parameter 30, %BETWEEN%: ATTEND
    Parameter 31, %BETWEEN%: [ IMPREL$1 ]
    Parameter 32, %BETWEEN%: [ IMPREL$2 ]
    Parameter 33, %BETWEEN%: [ IMPREL$3 ]
    Parameter 34, %BETWEEN%: [ PERSON$1 ]
    Parameter 35, %BETWEEN%: [ CONFIDENCE$1 ]
    Parameter 36, %BETWEEN%: [ CONFIDENCE$2 ]
    Parameter 37, %BETWEEN%: [ CONFIDENCE$3 ]
    Parameter 38, %BETWEEN%: [ BELONG$1 ]

     Beginning Time:  21:24:19
        Ending Time:  16:49:37
       Elapsed Time:  19:25:18



MUTHEN & MUTHEN
3463 Stoner Ave.
Los Angeles, CA  90066

Tel: (310) 391-9971
Fax: (310) 391-8971
Web: www.StatModel.com
Support: Support@StatModel.com

Copyright (c) 1998-2019 Muthen & Muthen
