Mplus VERSION 8.4 (Mac)
MUTHEN & MUTHEN
03/03/2023  11:43 AM

INPUT INSTRUCTIONS

  TITLE: RI SIMPLE dat1 Doubled Iterations;

  DATA:
  FILE = mlsem_dat1.dat;

  VARIABLE:
  NAMES = country imprel confidence belong attend pray person year code RCCHR RCMUSLIM
       RCASIAN RCOTHER COMMALL RRI RLI ZAFRICA ZLA ZINDIC ZSINIC ZNWEST ZISLAM ZORT
       ZEUWEST;
  USEVARIABLES = country imprel person confidence pray attend belong;
  MISSING = .;

  CLUSTER = country;
  CATEGORICAL = imprel confidence belong person;

  ANALYSIS:
  ESTIMATOR = BAYES;
  PROCESSORS = 2;
  TYPE = TWOLEVEL;
  THIN = 20;
  FBITERATIONS = 20000;

  MODEL:
  %WITHIN%
  Rel_W BY imprel person confidence pray attend belong;
  Res1_W BY pray@1 attend@1;
  Res2_W BY person@1 belong@1;
  Res1_W WITH Rel_W@0;
  Res2_W WITH Rel_W@0;
  Res1_W WITH Res2_W@0;

  %BETWEEN%
  Rel_B BY imprel person confidence pray attend belong;
  Res1_B BY pray@1 attend@1;
  Res2_B BY person@1 belong@1;
  Res1_B WITH Rel_B@0;
  Res2_B WITH Rel_B@0;
  Res1_B WITH Res2_B@0;

  [imprel$1] (t1);
  [imprel$2] (t2);
  [imprel$3] (t3);
  [confidence$1] (t4);
  [confidence$2] (t5);
  [confidence$3] (t6);

  MODEL PRIORS:
  t1 ~ N(-1.767, 0.001);
  t2 ~ N(-0.428, 0.001);
  t3 ~ N(0.768, 0.001);
  t4 ~ N(-1.383, 0.001);
  t5 ~ N(-0.212, 0.001);
  t6 ~ N(0.942, 0.001);

  OUTPUT:
  TECH8;

  PLOT:
  TYPE = PLOT2;

  SAVEDATA:
  BPARAMETERS = parameters.dat;



*** WARNING in VARIABLE command
  Note that only the first 8 characters of variable names are used in the output.
  Shorten variable names to avoid any confusion.
*** WARNING in PLOT command
  Note that only the first 8 characters of variable names are used in plots.
  If variable names are not unique within the first 8 characters, problems
  may occur.
   2 WARNING(S) FOUND IN THE INPUT INSTRUCTIONS



RI SIMPLE dat1 Doubled Iterations;

SUMMARY OF ANALYSIS

Number of groups                                                 1
Number of observations                                       60019

Number of dependent variables                                    6
Number of independent variables                                  0
Number of continuous latent variables                            6

Observed dependent variables

  Continuous
   PRAY        ATTEND

  Binary and ordered categorical (ordinal)
   IMPREL      PERSON      CONFIDEN    BELONG

Continuous latent variables
   REL_W       RES1_W      RES2_W      REL_B       RES1_B      RES2_B

Variables with special functions

  Cluster variable      COUNTRY

Estimator                                                    BAYES
Specifications for Bayesian Estimation
  Point estimate                                            MEDIAN
  Number of Markov chain Monte Carlo (MCMC) chains               2
  Random seed for the first chain                                0
  Starting value information                           UNPERTURBED
  Algorithm used for Markov chain Monte Carlo           GIBBS(PX1)
  Fixed number of iterations                                 20000
  K-th iteration used for thinning                              20
Link                                                        PROBIT

Input data file(s)
  mlsem_dat1.dat
Input data format  FREE


SUMMARY OF DATA

     Number of clusters                         42

       Size (s)    Cluster ID with Size s

        250        14
        447        30
        999        38
       1000        10 40
       1003        2
       1004        1
       1046        33
       1057        28
       1069        36
       1189        37
       1190        41
       1200        35 23 12 29 11 18 42
       1203        19
       1222        15
       1223        3
       1257        31
       1266        22
       1276        21
       1313        24
       1499        20
       1520        9
       1533        13
       1535        5
       1552        16
       1638        26
       1739        25
       1762        7
       1810        32
       1813        4
       1902        27
       2012        34
       2067        6
       2596        39
       2609        17
       4018        8



COVARIANCE COVERAGE OF DATA

Minimum covariance coverage value   0.100

     Number of missing data patterns             1


     PROPORTION OF DATA PRESENT


           Covariance Coverage
              IMPREL        PERSON        CONFIDEN      BELONG        PRAY
              ________      ________      ________      ________      ________
 IMPREL         1.000
 PERSON         1.000         1.000
 CONFIDEN       1.000         1.000         1.000
 BELONG         1.000         1.000         1.000         1.000
 PRAY           1.000         1.000         1.000         1.000         1.000
 ATTEND         1.000         1.000         1.000         1.000         1.000


           Covariance Coverage
              ATTEND
              ________
 ATTEND         1.000


UNIVARIATE PROPORTIONS AND COUNTS FOR CATEGORICAL VARIABLES

    IMPREL
      Category 1    0.185        11081.000
      Category 2    0.226        13556.000
      Category 3    0.240        14425.000
      Category 4    0.349        20957.000
    PERSON
      Category 1    0.390        23397.000
      Category 2    0.610        36622.000
    CONFIDEN
      Category 1    0.147         8797.000
      Category 2    0.293        17596.000
      Category 3    0.326        19541.000
      Category 4    0.235        14085.000
    BELONG
      Category 1    0.297        17819.000
      Category 2    0.703        42200.000



UNIVARIATE SAMPLE STATISTICS


     UNIVARIATE HIGHER-ORDER MOMENT DESCRIPTIVE STATISTICS

         Variable/         Mean/     Skewness/   Minimum/ % with                Percentiles
        Sample Size      Variance    Kurtosis    Maximum  Min/Max      20%/60%    40%/80%    Median

     PRAY                  4.773      -0.266       1.000   23.66%       1.000      4.000      6.000
           60019.000       7.545      -1.557       8.000   21.81%       6.000      8.000
     ATTEND                3.501       0.181       1.000   28.69%       1.000      2.000      4.000
           60019.000       4.503      -1.422       7.000    8.72%       4.000      6.000


THE MODEL ESTIMATION TERMINATED NORMALLY

     USE THE FBITERATIONS OPTION TO INCREASE THE NUMBER OF ITERATIONS BY A FACTOR
     OF AT LEAST TWO TO CHECK CONVERGENCE AND THAT THE PSR VALUE DOES NOT INCREASE.



MODEL FIT INFORMATION

Number of Free Parameters                              34

Bayesian Posterior Predictive Checking using Chi-Square

          95% Confidence Interval for the Difference Between
          the Observed and the Replicated Chi-Square Values

                                510.906           645.514

          Posterior Predictive P-Value              0.000



MODEL RESULTS

                                Posterior  One-Tailed         95% C.I.
                    Estimate       S.D.      P-Value   Lower 2.5%  Upper 2.5%  Significance

Within Level

 REL_W    BY
    IMPREL             1.000       0.000      0.000       1.000       1.000
    PERSON             1.230       0.019      0.000       1.195       1.268      *
    CONFIDENCE         0.608       0.007      0.000       0.593       0.622      *
    PRAY               1.264       0.013      0.000       1.238       1.291      *
    ATTEND             0.972       0.011      0.000       0.952       0.993      *
    BELONG             1.013       0.015      0.000       0.983       1.043      *

 RES1_W   BY
    PRAY               1.000       0.000      0.000       1.000       1.000
    ATTEND             1.000       0.000      0.000       1.000       1.000

 RES2_W   BY
    PERSON             1.000       0.000      0.000       1.000       1.000
    BELONG             1.000       0.000      0.000       1.000       1.000

 RES1_W   WITH
    REL_W              0.000       0.000      1.000       0.000       0.000
    RES2_W             0.000       0.000      1.000       0.000       0.000

 RES2_W   WITH
    REL_W              0.000       0.000      1.000       0.000       0.000

 Variances
    REL_W              1.594       0.029      0.000       1.539       1.652      *
    RES1_W             0.607       0.014      0.000       0.579       0.634      *
    RES2_W             0.261       0.021      0.000       0.221       0.303      *

 Residual Variances
    PRAY               2.135       0.018      0.000       2.101       2.170      *
    ATTEND             1.351       0.013      0.000       1.325       1.377      *

Between Level

 REL_B    BY
    IMPREL             1.000       0.000      0.000       1.000       1.000
    PERSON             0.736       0.085      0.000       0.567       0.902      *
    CONFIDENCE         0.449       0.047      0.000       0.356       0.542      *
    PRAY               1.270       0.063      0.000       1.147       1.397      *
    ATTEND             0.785       0.066      0.000       0.656       0.916      *
    BELONG             0.828       0.127      0.000       0.574       1.076      *

 RES1_B   BY
    PRAY               1.000       0.000      0.000       1.000       1.000
    ATTEND             1.000       0.000      0.000       1.000       1.000

 RES2_B   BY
    PERSON             1.000       0.000      0.000       1.000       1.000
    BELONG             1.000       0.000      0.000       1.000       1.000

 RES1_B   WITH
    REL_B              0.000       0.000      1.000       0.000       0.000
    RES2_B             0.000       0.000      1.000       0.000       0.000

 RES2_B   WITH
    REL_B              0.000       0.000      1.000       0.000       0.000

 Intercepts
    PRAY               4.733       0.074      0.000       4.589       4.880      *
    ATTEND             3.490       0.077      0.000       3.338       3.640      *

 Thresholds
    IMPREL$1          -1.853       0.020      0.000      -1.891      -1.813      *
    IMPREL$2          -0.429       0.018      0.000      -0.465      -0.392      *
    IMPREL$3           0.853       0.020      0.000       0.815       0.892      *
    PERSON$1          -0.609       0.099      0.000      -0.801      -0.412      *
    CONFIDEN$1        -1.477       0.018      0.000      -1.513      -1.442      *
    CONFIDEN$2        -0.208       0.018      0.000      -0.242      -0.174      *
    CONFIDEN$3         1.032       0.018      0.000       0.997       1.068      *
    BELONG$1          -1.215       0.149      0.000      -1.509      -0.920      *

 Variances
    REL_B              1.458       0.364      0.000       0.955       2.359      *
    RES1_B             0.058       0.038      0.000       0.005       0.152      *
    RES2_B             0.218       0.104      0.000       0.049       0.458      *

 Residual Variances
    IMPREL             0.012       0.015      0.000       0.000       0.056      *
    PERSON             0.152       0.096      0.000       0.019       0.391      *
    CONFIDENCE         0.118       0.030      0.000       0.077       0.192      *
    BELONG             0.647       0.188      0.000       0.378       1.114      *
    PRAY               0.116       0.047      0.000       0.044       0.230      *
    ATTEND             0.156       0.052      0.000       0.082       0.284      *


TECHNICAL 1 OUTPUT


     PARAMETER SPECIFICATION FOR WITHIN


           TAU
              IMPREL$1      IMPREL$2      IMPREL$3      PERSON$1      CONFIDEN
              ________      ________      ________      ________      ________
                    0             0             0             0             0


           TAU
              CONFIDEN      CONFIDEN      BELONG$1
              ________      ________      ________
                    0             0             0


           NU
              IMPREL        PERSON        CONFIDEN      BELONG        PRAY
              ________      ________      ________      ________      ________
                    0             0             0             0             0


           NU
              ATTEND
              ________
                    0


           LAMBDA
              REL_W         RES1_W        RES2_W
              ________      ________      ________
 IMPREL             0             0             0
 PERSON             1             0             0
 CONFIDEN           2             0             0
 BELONG             3             0             0
 PRAY               4             0             0
 ATTEND             5             0             0


           THETA
              IMPREL        PERSON        CONFIDEN      BELONG        PRAY
              ________      ________      ________      ________      ________
 IMPREL             0
 PERSON             0             0
 CONFIDEN           0             0             0
 BELONG             0             0             0             0
 PRAY               0             0             0             0             6
 ATTEND             0             0             0             0             0


           THETA
              ATTEND
              ________
 ATTEND             7


           ALPHA
              REL_W         RES1_W        RES2_W
              ________      ________      ________
                    0             0             0


           BETA
              REL_W         RES1_W        RES2_W
              ________      ________      ________
 REL_W              0             0             0
 RES1_W             0             0             0
 RES2_W             0             0             0


           PSI
              REL_W         RES1_W        RES2_W
              ________      ________      ________
 REL_W              8
 RES1_W             0             9
 RES2_W             0             0            10


     PARAMETER SPECIFICATION FOR BETWEEN


           TAU
              IMPREL$1      IMPREL$2      IMPREL$3      PERSON$1      CONFIDEN
              ________      ________      ________      ________      ________
                   27            28            29            30            31


           TAU
              CONFIDEN      CONFIDEN      BELONG$1
              ________      ________      ________
                   32            33            34


           NU
              IMPREL        PERSON        CONFIDEN      BELONG        PRAY
              ________      ________      ________      ________      ________
                    0             0             0             0            11


           NU
              ATTEND
              ________
                   12


           LAMBDA
              REL_B         RES1_B        RES2_B
              ________      ________      ________
 IMPREL             0             0             0
 PERSON            13             0             0
 CONFIDEN          14             0             0
 BELONG            15             0             0
 PRAY              16             0             0
 ATTEND            17             0             0


           THETA
              IMPREL        PERSON        CONFIDEN      BELONG        PRAY
              ________      ________      ________      ________      ________
 IMPREL            18
 PERSON             0            19
 CONFIDEN           0             0            20
 BELONG             0             0             0            21
 PRAY               0             0             0             0            22
 ATTEND             0             0             0             0             0


           THETA
              ATTEND
              ________
 ATTEND            23


           ALPHA
              REL_B         RES1_B        RES2_B
              ________      ________      ________
                    0             0             0


           BETA
              REL_B         RES1_B        RES2_B
              ________      ________      ________
 REL_B              0             0             0
 RES1_B             0             0             0
 RES2_B             0             0             0


           PSI
              REL_B         RES1_B        RES2_B
              ________      ________      ________
 REL_B             24
 RES1_B             0            25
 RES2_B             0             0            26


     STARTING VALUES FOR WITHIN


           TAU
              IMPREL$1      IMPREL$2      IMPREL$3      PERSON$1      CONFIDEN
              ________      ________      ________      ________      ________
                0.000         0.000         0.000         0.000         0.000


           TAU
              CONFIDEN      CONFIDEN      BELONG$1
              ________      ________      ________
                0.000         0.000         0.000


           NU
              IMPREL        PERSON        CONFIDEN      BELONG        PRAY
              ________      ________      ________      ________      ________
                0.000         0.000         0.000         0.000         0.000


           NU
              ATTEND
              ________
                0.000


           LAMBDA
              REL_W         RES1_W        RES2_W
              ________      ________      ________
 IMPREL         1.000         0.000         0.000
 PERSON         1.000         0.000         1.000
 CONFIDEN       1.000         0.000         0.000
 BELONG         1.000         0.000         1.000
 PRAY           1.000         1.000         0.000
 ATTEND         1.000         1.000         0.000


           THETA
              IMPREL        PERSON        CONFIDEN      BELONG        PRAY
              ________      ________      ________      ________      ________
 IMPREL         1.000
 PERSON         0.000         1.000
 CONFIDEN       0.000         0.000         1.000
 BELONG         0.000         0.000         0.000         1.000
 PRAY           0.000         0.000         0.000         0.000         3.773
 ATTEND         0.000         0.000         0.000         0.000         0.000


           THETA
              ATTEND
              ________
 ATTEND         2.251


           ALPHA
              REL_W         RES1_W        RES2_W
              ________      ________      ________
                0.000         0.000         0.000


           BETA
              REL_W         RES1_W        RES2_W
              ________      ________      ________
 REL_W          0.000         0.000         0.000
 RES1_W         0.000         0.000         0.000
 RES2_W         0.000         0.000         0.000


           PSI
              REL_W         RES1_W        RES2_W
              ________      ________      ________
 REL_W          1.000
 RES1_W         0.000         1.000
 RES2_W         0.000         0.000         1.000


     STARTING VALUES FOR BETWEEN


           TAU
              IMPREL$1      IMPREL$2      IMPREL$3      PERSON$1      CONFIDEN
              ________      ________      ________      ________      ________
               -0.825        -0.201         0.346        -0.249        -0.979


           TAU
              CONFIDEN      CONFIDEN      BELONG$1
              ________      ________      ________
               -0.135         0.657        -0.479


           NU
              IMPREL        PERSON        CONFIDEN      BELONG        PRAY
              ________      ________      ________      ________      ________
                0.000         0.000         0.000         0.000         4.773


           NU
              ATTEND
              ________
                3.501


           LAMBDA
              REL_B         RES1_B        RES2_B
              ________      ________      ________
 IMPREL         1.000         0.000         0.000
 PERSON         1.000         0.000         1.000
 CONFIDEN       1.000         0.000         0.000
 BELONG         1.000         0.000         1.000
 PRAY           1.000         1.000         0.000
 ATTEND         1.000         1.000         0.000


           THETA
              IMPREL        PERSON        CONFIDEN      BELONG        PRAY
              ________      ________      ________      ________      ________
 IMPREL         1.000
 PERSON         0.000         1.000
 CONFIDEN       0.000         0.000         1.000
 BELONG         0.000         0.000         0.000         1.000
 PRAY           0.000         0.000         0.000         0.000         3.773
 ATTEND         0.000         0.000         0.000         0.000         0.000


           THETA
              ATTEND
              ________
 ATTEND         2.251


           ALPHA
              REL_B         RES1_B        RES2_B
              ________      ________      ________
                0.000         0.000         0.000


           BETA
              REL_B         RES1_B        RES2_B
              ________      ________      ________
 REL_B          0.000         0.000         0.000
 RES1_B         0.000         0.000         0.000
 RES2_B         0.000         0.000         0.000


           PSI
              REL_B         RES1_B        RES2_B
              ________      ________      ________
 REL_B          1.000
 RES1_B         0.000         1.000
 RES2_B         0.000         0.000         1.000



     PRIORS FOR ALL PARAMETERS            PRIOR MEAN      PRIOR VARIANCE     PRIOR STD. DEV.

     Parameter 1~N(0.000,5.000)              0.0000              5.0000              2.2361
     Parameter 2~N(0.000,5.000)              0.0000              5.0000              2.2361
     Parameter 3~N(0.000,5.000)              0.0000              5.0000              2.2361
     Parameter 4~N(0.000,infinity)           0.0000            infinity            infinity
     Parameter 5~N(0.000,infinity)           0.0000            infinity            infinity
     Parameter 6~IG(-1.000,0.000)          infinity            infinity            infinity
     Parameter 7~IG(-1.000,0.000)          infinity            infinity            infinity
     Parameter 8~IG(-1.000,0.000)          infinity            infinity            infinity
     Parameter 9~IG(-1.000,0.000)          infinity            infinity            infinity
     Parameter 10~IG(-1.000,0.000)         infinity            infinity            infinity
     Parameter 11~N(0.000,infinity)          0.0000            infinity            infinity
     Parameter 12~N(0.000,infinity)          0.0000            infinity            infinity
     Parameter 13~N(0.000,5.000)             0.0000              5.0000              2.2361
     Parameter 14~N(0.000,5.000)             0.0000              5.0000              2.2361
     Parameter 15~N(0.000,5.000)             0.0000              5.0000              2.2361
     Parameter 16~N(0.000,infinity)          0.0000            infinity            infinity
     Parameter 17~N(0.000,infinity)          0.0000            infinity            infinity
     Parameter 18~IG(-1.000,0.000)         infinity            infinity            infinity
     Parameter 19~IG(-1.000,0.000)         infinity            infinity            infinity
     Parameter 20~IG(-1.000,0.000)         infinity            infinity            infinity
     Parameter 21~IG(-1.000,0.000)         infinity            infinity            infinity
     Parameter 22~IG(-1.000,0.000)         infinity            infinity            infinity
     Parameter 23~IG(-1.000,0.000)         infinity            infinity            infinity
     Parameter 24~IG(-1.000,0.000)         infinity            infinity            infinity
     Parameter 25~IG(-1.000,0.000)         infinity            infinity            infinity
     Parameter 26~IG(-1.000,0.000)         infinity            infinity            infinity
     Parameter 27~N(-1.767,0.001)           -1.7670              0.0010              0.0316
     Parameter 28~N(-0.428,0.001)           -0.4280              0.0010              0.0316
     Parameter 29~N(0.768,0.001)             0.7680              0.0010              0.0316
     Parameter 30~N(0.000,5.000)             0.0000              5.0000              2.2361
     Parameter 31~N(-1.383,0.001)           -1.3830              0.0010              0.0316
     Parameter 32~N(-0.212,0.001)           -0.2120              0.0010              0.0316
     Parameter 33~N(0.942,0.001)             0.9420              0.0010              0.0316
     Parameter 34~N(0.000,5.000)             0.0000              5.0000              2.2361


TECHNICAL 8 OUTPUT


   TECHNICAL 8 OUTPUT FOR BAYES ESTIMATION

     CHAIN    BSEED
     1        0
     2        285380

                     POTENTIAL       PARAMETER WITH
     ITERATION    SCALE REDUCTION      HIGHEST PSR
     100              1.072               9
     200              1.071               27
     300              1.058               29
     400              1.135               27
     500              1.074               10
     600              1.043               10
     700              1.057               10
     800              1.036               10
     900              1.070               28
     1000             1.026               29
     1100             1.035               28
     1200             1.011               28
     1300             1.009               8
     1400             1.016               8
     1500             1.020               8
     1600             1.010               32
     1700             1.021               27
     1800             1.027               27
     1900             1.016               1
     2000             1.024               10
     2100             1.029               10
     2200             1.031               10
     2300             1.015               10
     2400             1.011               10
     2500             1.008               8
     2600             1.005               8
     2700             1.004               8
     2800             1.006               32
     2900             1.010               32
     3000             1.003               32
     3100             1.004               8
     3200             1.005               8
     3300             1.006               28
     3400             1.013               28
     3500             1.010               28
     3600             1.009               28
     3700             1.008               28
     3800             1.007               28
     3900             1.011               28
     4000             1.010               28
     4100             1.005               28
     4200             1.004               29
     4300             1.003               29
     4400             1.001               29
     4500             1.001               30
     4600             1.001               10
     4700             1.001               10
     4800             1.002               10
     4900             1.002               10
     5000             1.005               10
     5100             1.003               5
     5200             1.002               10
     5300             1.002               8
     5400             1.002               29
     5500             1.002               29
     5600             1.003               10
     5700             1.001               1
     5800             1.002               1
     5900             1.001               1
     6000             1.001               33
     6100             1.001               32
     6200             1.002               32
     6300             1.002               32
     6400             1.002               31
     6500             1.003               32
     6600             1.004               31
     6700             1.003               31
     6800             1.003               28
     6900             1.003               27
     7000             1.004               31
     7100             1.006               31
     7200             1.004               32
     7300             1.006               32
     7400             1.006               32
     7500             1.006               31
     7600             1.006               31
     7700             1.006               31
     7800             1.004               31
     7900             1.004               31
     8000             1.005               31
     8100             1.005               31
     8200             1.005               31
     8300             1.004               31
     8400             1.003               31
     8500             1.003               31
     8600             1.004               31
     8700             1.003               31
     8800             1.003               31
     8900             1.003               31
     9000             1.004               31
     9100             1.003               31
     9200             1.003               31
     9300             1.003               27
     9400             1.003               27
     9500             1.003               27
     9600             1.003               27
     9700             1.003               27
     9800             1.003               31
     9900             1.003               27
     10000            1.003               27
     10100            1.003               27
     10200            1.003               27
     10300            1.004               27
     10400            1.004               27
     10500            1.003               10
     10600            1.004               10
     10700            1.003               27
     10800            1.002               27
     10900            1.003               10
     11000            1.002               10
     11100            1.002               10
     11200            1.003               10
     11300            1.003               10
     11400            1.002               10
     11500            1.002               27
     11600            1.002               27
     11700            1.002               27
     11800            1.003               27
     11900            1.003               27
     12000            1.004               27
     12100            1.003               27
     12200            1.004               27
     12300            1.004               27
     12400            1.005               27
     12500            1.005               27
     12600            1.004               27
     12700            1.005               27
     12800            1.005               27
     12900            1.004               27
     13000            1.004               27
     13100            1.004               27
     13200            1.005               27
     13300            1.004               27
     13400            1.003               27
     13500            1.003               10
     13600            1.003               10
     13700            1.002               27
     13800            1.003               10
     13900            1.003               10
     14000            1.003               10
     14100            1.004               10
     14200            1.004               10
     14300            1.004               10
     14400            1.003               10
     14500            1.004               10
     14600            1.005               10
     14700            1.005               10
     14800            1.005               10
     14900            1.005               10
     15000            1.006               10
     15100            1.005               10
     15200            1.004               10
     15300            1.005               10
     15400            1.004               27
     15500            1.004               10
     15600            1.004               10
     15700            1.003               27
     15800            1.003               10
     15900            1.003               10
     16000            1.003               27
     16100            1.002               27
     16200            1.002               10
     16300            1.002               10
     16400            1.002               28
     16500            1.002               28
     16600            1.002               28
     16700            1.002               28
     16800            1.002               28
     16900            1.002               28
     17000            1.002               10
     17100            1.002               28
     17200            1.002               28
     17300            1.002               28
     17400            1.002               10
     17500            1.002               28
     17600            1.001               28
     17700            1.001               28
     17800            1.002               10
     17900            1.002               10
     18000            1.002               10
     18100            1.002               10
     18200            1.002               10
     18300            1.002               10
     18400            1.003               10
     18500            1.003               10
     18600            1.003               10
     18700            1.002               10
     18800            1.003               10
     18900            1.003               10
     19000            1.003               10
     19100            1.003               10
     19200            1.002               10
     19300            1.002               10
     19400            1.001               10
     19500            1.001               10
     19600            1.001               10
     19700            1.001               10
     19800            1.002               10
     19900            1.003               10
     20000            1.003               10


PLOT INFORMATION

The following plots are available:

  Sample proportions and estimated probabilities
  Bayesian posterior parameter distributions
  Bayesian posterior parameter trace plots
  Bayesian autocorrelation plots
  Bayesian prior parameter distributions
  Bayesian posterior predictive checking scatterplots
  Bayesian posterior predictive checking distribution plots

SAVEDATA INFORMATION


  Bayesian Parameters

  Save file
    parameters.dat
  Save format      Free

  Order of parameters saved

    Chain number
    Iteration number
    Parameter 1, %WITHIN%: REL_W BY PERSON
    Parameter 2, %WITHIN%: REL_W BY CONFIDENCE
    Parameter 3, %WITHIN%: REL_W BY BELONG
    Parameter 4, %WITHIN%: REL_W BY PRAY
    Parameter 5, %WITHIN%: REL_W BY ATTEND
    Parameter 6, %WITHIN%: PRAY
    Parameter 7, %WITHIN%: ATTEND
    Parameter 8, %WITHIN%: REL_W
    Parameter 9, %WITHIN%: RES1_W
    Parameter 10, %WITHIN%: RES2_W
    Parameter 11, %BETWEEN%: [ PRAY ]
    Parameter 12, %BETWEEN%: [ ATTEND ]
    Parameter 13, %BETWEEN%: REL_B BY PERSON
    Parameter 14, %BETWEEN%: REL_B BY CONFIDENCE
    Parameter 15, %BETWEEN%: REL_B BY BELONG
    Parameter 16, %BETWEEN%: REL_B BY PRAY
    Parameter 17, %BETWEEN%: REL_B BY ATTEND
    Parameter 18, %BETWEEN%: IMPREL
    Parameter 19, %BETWEEN%: PERSON
    Parameter 20, %BETWEEN%: CONFIDENCE
    Parameter 21, %BETWEEN%: BELONG
    Parameter 22, %BETWEEN%: PRAY
    Parameter 23, %BETWEEN%: ATTEND
    Parameter 24, %BETWEEN%: REL_B
    Parameter 25, %BETWEEN%: RES1_B
    Parameter 26, %BETWEEN%: RES2_B
    Parameter 27, %BETWEEN%: [ IMPREL$1 ] (equality/label)
    Parameter 28, %BETWEEN%: [ IMPREL$2 ] (equality/label)
    Parameter 29, %BETWEEN%: [ IMPREL$3 ] (equality/label)
    Parameter 30, %BETWEEN%: [ PERSON$1 ]
    Parameter 31, %BETWEEN%: [ CONFIDENCE$1 ] (equality/label)
    Parameter 32, %BETWEEN%: [ CONFIDENCE$2 ] (equality/label)
    Parameter 33, %BETWEEN%: [ CONFIDENCE$3 ] (equality/label)
    Parameter 34, %BETWEEN%: [ BELONG$1 ]

     Beginning Time:  11:43:34
        Ending Time:  20:00:42
       Elapsed Time:  08:17:08



MUTHEN & MUTHEN
3463 Stoner Ave.
Los Angeles, CA  90066

Tel: (310) 391-9971
Fax: (310) 391-8971
Web: www.StatModel.com
Support: Support@StatModel.com

Copyright (c) 1998-2019 Muthen & Muthen
