Mplus VERSION 8.4 (Mac)
MUTHEN & MUTHEN
03/24/2023  10:42 PM

INPUT INSTRUCTIONS

  TITLE: M6 dat2;

  DATA:
  FILE = mlsem_dat_add2.dat;

  VARIABLE:
  NAMES = country imprel confidence belong attend pray person year code RCCHR RCMUSLIM
       RCASIAN RCOTHER COMMALL RRI RLI ZAFRICA ZLA ZINDIC ZSINIC ZNWEST ZISLAM ZORT
       ZEUWEST;
  USEVARIABLES = country imprel person confidence pray attend belong
       ZAFRICA ZLA ZINDIC ZSINIC ZNWEST ZISLAM ZORT;
  MISSING = .;

  BETWEEN = ZAFRICA ZLA ZINDIC ZSINIC ZNWEST ZISLAM ZORT;
  CLUSTER = country;
  CATEGORICAL = imprel confidence belong person;

  ANALYSIS:
  ESTIMATOR = BAYES;
  PROCESSORS = 2;
  TYPE = TWOLEVEL;
  THIN = 20;
  FBITERATIONS = 10000;

  MODEL:
  %WITHIN%
  Rel_W BY imprel person confidence pray attend belong;
  Res1_W BY pray@1 attend@1;
  Res2_W BY person@1 belong@1;
  Res1_W WITH Rel_W@0;
  Res2_W WITH Rel_W@0;
  Res1_W WITH Res2_W@0;

  %BETWEEN%
  Rel_B BY imprel person confidence pray attend belong;
  Res1_B BY pray@1 attend@1;
  Res2_B BY person@1 belong@1;
  Res1_B WITH Rel_B@0;
  Res2_B WITH Rel_B@0;
  Res1_B WITH Res2_B@0;

  attend ON ZAFRICA ZLA ZINDIC ZSINIC ZNWEST ZISLAM ZORT;

  [imprel$1] (t1);
  [imprel$2] (t2);
  [imprel$3] (t3);
  [confidence$1] (t4);
  [confidence$2] (t5);
  [confidence$3] (t6);

  MODEL PRIORS:
  t1 ~ N(-1.474, 0.001);
  t2 ~ N(-0.096, 0.001);
  t3 ~ N(1.124, 0.001);
  t4 ~ N(-1.258, 0.001);
  t5 ~ N(-0.087, 0.001);
  t6 ~ N(1.077, 0.001);

  OUTPUT:
  TECH8;

  PLOT:
  TYPE = PLOT2;

  SAVEDATA:
  BPARAMETERS = parameters.dat;



*** WARNING in VARIABLE command
  Note that only the first 8 characters of variable names are used in the output.
  Shorten variable names to avoid any confusion.
*** WARNING in PLOT command
  Note that only the first 8 characters of variable names are used in plots.
  If variable names are not unique within the first 8 characters, problems
  may occur.
   2 WARNING(S) FOUND IN THE INPUT INSTRUCTIONS



M6 dat2;

SUMMARY OF ANALYSIS

Number of groups                                                 1
Number of observations                                       63221

Number of dependent variables                                    6
Number of independent variables                                  7
Number of continuous latent variables                            6

Observed dependent variables

  Continuous
   PRAY        ATTEND

  Binary and ordered categorical (ordinal)
   IMPREL      PERSON      CONFIDEN    BELONG

Observed independent variables
   ZAFRICA     ZLA         ZINDIC      ZSINIC      ZNWEST      ZISLAM
   ZORT

Continuous latent variables
   REL_W       RES1_W      RES2_W      REL_B       RES1_B      RES2_B

Variables with special functions

  Cluster variable      COUNTRY

  Between variables
   ZAFRICA     ZLA         ZINDIC      ZSINIC      ZNWEST      ZISLAM
   ZORT


Estimator                                                    BAYES
Specifications for Bayesian Estimation
  Point estimate                                            MEDIAN
  Number of Markov chain Monte Carlo (MCMC) chains               2
  Random seed for the first chain                                0
  Starting value information                           UNPERTURBED
  Algorithm used for Markov chain Monte Carlo           GIBBS(PX1)
  Fixed number of iterations                                 10000
  K-th iteration used for thinning                              20
Link                                                        PROBIT

Input data file(s)
  mlsem_dat_add2.dat
Input data format  FREE


SUMMARY OF DATA

     Number of clusters                         44

       Size (s)    Cluster ID with Size s

        250        14
        447        30
        999        38
       1000        10 40
       1003        2
       1004        1
       1046        33
       1057        28
       1069        36
       1127        44
       1189        37
       1190        41
       1200        23 12 29 11 18 42 35
       1203        19
       1222        15
       1223        3
       1257        31
       1266        22
       1276        21
       1313        24
       1499        20
       1520        9
       1533        13
       1535        5
       1552        16
       1638        26
       1739        25
       1762        7
       1810        32
       1813        4
       1902        27
       2012        34
       2067        6
       2075        43
       2596        39
       2609        17
       4018        8



COVARIANCE COVERAGE OF DATA

Minimum covariance coverage value   0.100

     Number of missing data patterns             1


     PROPORTION OF DATA PRESENT


           Covariance Coverage
              IMPREL        PERSON        CONFIDEN      BELONG        PRAY
              ________      ________      ________      ________      ________
 IMPREL         1.000
 PERSON         1.000         1.000
 CONFIDEN       1.000         1.000         1.000
 BELONG         1.000         1.000         1.000         1.000
 PRAY           1.000         1.000         1.000         1.000         1.000
 ATTEND         1.000         1.000         1.000         1.000         1.000
 ZAFRICA        1.000         1.000         1.000         1.000         1.000
 ZLA            1.000         1.000         1.000         1.000         1.000
 ZINDIC         1.000         1.000         1.000         1.000         1.000
 ZSINIC         1.000         1.000         1.000         1.000         1.000
 ZNWEST         1.000         1.000         1.000         1.000         1.000
 ZISLAM         1.000         1.000         1.000         1.000         1.000
 ZORT           1.000         1.000         1.000         1.000         1.000


           Covariance Coverage
              ATTEND        ZAFRICA       ZLA           ZINDIC        ZSINIC
              ________      ________      ________      ________      ________
 ATTEND         1.000
 ZAFRICA        1.000         1.000
 ZLA            1.000         1.000         1.000
 ZINDIC         1.000         1.000         1.000         1.000
 ZSINIC         1.000         1.000         1.000         1.000         1.000
 ZNWEST         1.000         1.000         1.000         1.000         1.000
 ZISLAM         1.000         1.000         1.000         1.000         1.000
 ZORT           1.000         1.000         1.000         1.000         1.000


           Covariance Coverage
              ZNWEST        ZISLAM        ZORT
              ________      ________      ________
 ZNWEST         1.000
 ZISLAM         1.000         1.000
 ZORT           1.000         1.000         1.000


UNIVARIATE PROPORTIONS AND COUNTS FOR CATEGORICAL VARIABLES

    IMPREL
      Category 1    0.184        11657.000
      Category 2    0.230        14546.000
      Category 3    0.239        15107.000
      Category 4    0.347        21911.000
    PERSON
      Category 1    0.403        25493.000
      Category 2    0.597        37728.000
    CONFIDEN
      Category 1    0.144         9090.000
      Category 2    0.294        18583.000
      Category 3    0.329        20796.000
      Category 4    0.233        14752.000
    BELONG
      Category 1    0.309        19504.000
      Category 2    0.691        43717.000



UNIVARIATE SAMPLE STATISTICS


     UNIVARIATE HIGHER-ORDER MOMENT DESCRIPTIVE STATISTICS

         Variable/         Mean/     Skewness/   Minimum/ % with                Percentiles
        Sample Size      Variance    Kurtosis    Maximum  Min/Max      20%/60%    40%/80%    Median

     PRAY                  4.744      -0.245       1.000   24.18%       1.000      4.000      6.000
           63221.000       7.637      -1.579       8.000   21.98%       6.000      8.000
     ATTEND                3.478       0.203       1.000   29.18%       1.000      2.000      4.000
           63221.000       4.535      -1.422       7.000    8.82%       4.000      6.000
     ZAFRICA               0.023       6.405       0.000   97.73%       0.000      0.000      0.000
              44.000       0.022      39.023       1.000    2.27%       0.000      0.000
     ZLA                   0.295       0.897       0.000   70.45%       0.000      0.000      0.000
              44.000       0.208      -1.196       1.000   29.55%       0.000      1.000
     ZINDIC                0.045       4.364       0.000   95.45%       0.000      0.000      0.000
              44.000       0.043      17.048       1.000    4.55%       0.000      0.000
     ZSINIC                0.068       3.426       0.000   93.18%       0.000      0.000      0.000
              44.000       0.064       9.740       1.000    6.82%       0.000      0.000
     ZNWEST                0.091       2.846       0.000   90.91%       0.000      0.000      0.000
              44.000       0.083       6.100       1.000    9.09%       0.000      0.000
     ZISLAM                0.023       6.405       0.000   97.73%       0.000      0.000      0.000
              44.000       0.022      39.023       1.000    2.27%       0.000      0.000
     ZORT                  0.159       1.864       0.000   84.09%       0.000      0.000      0.000
              44.000       0.134       1.475       1.000   15.91%       0.000      0.000


THE MODEL ESTIMATION TERMINATED NORMALLY

     USE THE FBITERATIONS OPTION TO INCREASE THE NUMBER OF ITERATIONS BY A FACTOR
     OF AT LEAST TWO TO CHECK CONVERGENCE AND THAT THE PSR VALUE DOES NOT INCREASE.



MODEL FIT INFORMATION

Number of Free Parameters                              41

Bayesian Posterior Predictive Checking using Chi-Square

          95% Confidence Interval for the Difference Between
          the Observed and the Replicated Chi-Square Values

                                652.586           809.440

          Posterior Predictive P-Value              0.000



MODEL RESULTS

                                Posterior  One-Tailed         95% C.I.
                    Estimate       S.D.      P-Value   Lower 2.5%  Upper 2.5%  Significance

Within Level

 REL_W    BY
    IMPREL             1.000       0.000      0.000       1.000       1.000
    PERSON             1.207       0.018      0.000       1.172       1.242      *
    CONFIDENCE         0.603       0.007      0.000       0.589       0.617      *
    PRAY               1.257       0.013      0.000       1.232       1.282      *
    ATTEND             0.976       0.010      0.000       0.956       0.997      *
    BELONG             1.027       0.015      0.000       0.998       1.057      *

 RES1_W   BY
    PRAY               1.000       0.000      0.000       1.000       1.000
    ATTEND             1.000       0.000      0.000       1.000       1.000

 RES2_W   BY
    PERSON             1.000       0.000      0.000       1.000       1.000
    BELONG             1.000       0.000      0.000       1.000       1.000

 RES1_W   WITH
    REL_W              0.000       0.000      1.000       0.000       0.000
    RES2_W             0.000       0.000      1.000       0.000       0.000

 RES2_W   WITH
    REL_W              0.000       0.000      1.000       0.000       0.000

 Variances
    REL_W              1.608       0.028      0.000       1.555       1.664      *
    RES1_W             0.597       0.014      0.000       0.570       0.625      *
    RES2_W             0.260       0.021      0.000       0.219       0.299      *

 Residual Variances
    PRAY               2.145       0.017      0.000       2.111       2.178      *
    ATTEND             1.372       0.013      0.000       1.347       1.397      *

Between Level

 REL_B    BY
    IMPREL             1.000       0.000      0.000       1.000       1.000
    PERSON             0.751       0.088      0.000       0.576       0.926      *
    CONFIDENCE         0.437       0.044      0.000       0.351       0.523      *
    PRAY               1.285       0.063      0.000       1.164       1.413      *
    ATTEND             0.784       0.104      0.000       0.582       0.992      *
    BELONG             0.828       0.128      0.000       0.576       1.078      *

 RES1_B   BY
    PRAY               1.000       0.000      0.000       1.000       1.000
    ATTEND             1.000       0.000      0.000       1.000       1.000

 RES2_B   BY
    PERSON             1.000       0.000      0.000       1.000       1.000
    BELONG             1.000       0.000      0.000       1.000       1.000

 ATTEND     ON
    ZAFRICA            0.412       0.601      0.237      -0.768       1.591
    ZLA               -0.125       0.269      0.325      -0.653       0.399
    ZINDIC             0.018       0.383      0.480      -0.748       0.763
    ZSINIC             0.008       0.296      0.489      -0.575       0.602
    ZNWEST            -0.346       0.264      0.094      -0.863       0.174
    ZISLAM            -0.598       0.530      0.128      -1.644       0.445
    ZORT              -0.283       0.243      0.115      -0.770       0.186

 RES1_B   WITH
    REL_B              0.000       0.000      1.000       0.000       0.000
    RES2_B             0.000       0.000      1.000       0.000       0.000

 RES2_B   WITH
    REL_B              0.000       0.000      1.000       0.000       0.000

 Intercepts
    PRAY               4.312       0.078      0.000       4.156       4.464      *
    ATTEND             3.337       0.142      0.000       3.060       3.616      *

 Thresholds
    IMPREL$1          -1.546       0.020      0.000      -1.585      -1.507      *
    IMPREL$2          -0.099       0.018      0.000      -0.134      -0.063      *
    IMPREL$3           1.189       0.020      0.000       1.150       1.226      *
    PERSON$1          -0.301       0.107      0.003      -0.513      -0.088      *
    CONFIDEN$1        -1.352       0.019      0.000      -1.389      -1.316      *
    CONFIDEN$2        -0.081       0.018      0.000      -0.117      -0.046      *
    CONFIDEN$3         1.168       0.018      0.000       1.132       1.204      *
    BELONG$1          -0.909       0.154      0.000      -1.213      -0.607      *

 Variances
    REL_B              1.627       0.393      0.000       1.075       2.611      *
    RES1_B             0.069       0.050      0.000       0.005       0.191      *
    RES2_B             0.272       0.115      0.000       0.086       0.540      *

 Residual Variances
    IMPREL             0.014       0.017      0.000       0.001       0.064      *
    PERSON             0.148       0.097      0.000       0.015       0.388      *
    CONFIDENCE         0.117       0.029      0.000       0.076       0.190      *
    BELONG             0.631       0.185      0.000       0.370       1.077      *
    PRAY               0.108       0.055      0.000       0.020       0.235      *
    ATTEND             0.156       0.057      0.000       0.076       0.297      *


TECHNICAL 1 OUTPUT


     PARAMETER SPECIFICATION FOR WITHIN


           TAU
              IMPREL$1      IMPREL$2      IMPREL$3      PERSON$1      CONFIDEN
              ________      ________      ________      ________      ________
                    0             0             0             0             0


           TAU
              CONFIDEN      CONFIDEN      BELONG$1
              ________      ________      ________
                    0             0             0


           NU
              IMPREL        PERSON        CONFIDEN      BELONG        PRAY
              ________      ________      ________      ________      ________
                    0             0             0             0             0


           NU
              ATTEND
              ________
                    0


           LAMBDA
              REL_W         RES1_W        RES2_W        ATTEND
              ________      ________      ________      ________
 IMPREL             0             0             0             0
 PERSON             1             0             0             0
 CONFIDEN           2             0             0             0
 BELONG             3             0             0             0
 PRAY               4             0             0             0
 ATTEND             0             0             0             0


           THETA
              IMPREL        PERSON        CONFIDEN      BELONG        PRAY
              ________      ________      ________      ________      ________
 IMPREL             0
 PERSON             0             0
 CONFIDEN           0             0             0
 BELONG             0             0             0             0
 PRAY               0             0             0             0             5
 ATTEND             0             0             0             0             0


           THETA
              ATTEND
              ________
 ATTEND             0


           ALPHA
              REL_W         RES1_W        RES2_W        ATTEND
              ________      ________      ________      ________
                    0             0             0             0


           BETA
              REL_W         RES1_W        RES2_W        ATTEND
              ________      ________      ________      ________
 REL_W              0             0             0             0
 RES1_W             0             0             0             0
 RES2_W             0             0             0             0
 ATTEND             6             0             0             0


           PSI
              REL_W         RES1_W        RES2_W        ATTEND
              ________      ________      ________      ________
 REL_W              7
 RES1_W             0             8
 RES2_W             0             0             9
 ATTEND             0             0             0            10


     PARAMETER SPECIFICATION FOR BETWEEN


           TAU
              IMPREL$1      IMPREL$2      IMPREL$3      PERSON$1      CONFIDEN
              ________      ________      ________      ________      ________
                   34            35            36            37            38


           TAU
              CONFIDEN      CONFIDEN      BELONG$1
              ________      ________      ________
                   39            40            41


           NU
              IMPREL        PERSON        CONFIDEN      BELONG        PRAY
              ________      ________      ________      ________      ________
                    0             0             0             0            11


           NU
              ATTEND        ZAFRICA       ZLA           ZINDIC        ZSINIC
              ________      ________      ________      ________      ________
                    0             0             0             0             0


           NU
              ZNWEST        ZISLAM        ZORT
              ________      ________      ________
                    0             0             0


           LAMBDA
              REL_B         RES1_B        RES2_B        ATTEND        ZAFRICA
              ________      ________      ________      ________      ________
 IMPREL             0             0             0             0             0
 PERSON            12             0             0             0             0
 CONFIDEN          13             0             0             0             0
 BELONG            14             0             0             0             0
 PRAY              15             0             0             0             0
 ATTEND             0             0             0             0             0
 ZAFRICA            0             0             0             0             0
 ZLA                0             0             0             0             0
 ZINDIC             0             0             0             0             0
 ZSINIC             0             0             0             0             0
 ZNWEST             0             0             0             0             0
 ZISLAM             0             0             0             0             0
 ZORT               0             0             0             0             0


           LAMBDA
              ZLA           ZINDIC        ZSINIC        ZNWEST        ZISLAM
              ________      ________      ________      ________      ________
 IMPREL             0             0             0             0             0
 PERSON             0             0             0             0             0
 CONFIDEN           0             0             0             0             0
 BELONG             0             0             0             0             0
 PRAY               0             0             0             0             0
 ATTEND             0             0             0             0             0
 ZAFRICA            0             0             0             0             0
 ZLA                0             0             0             0             0
 ZINDIC             0             0             0             0             0
 ZSINIC             0             0             0             0             0
 ZNWEST             0             0             0             0             0
 ZISLAM             0             0             0             0             0
 ZORT               0             0             0             0             0


           LAMBDA
              ZORT
              ________
 IMPREL             0
 PERSON             0
 CONFIDEN           0
 BELONG             0
 PRAY               0
 ATTEND             0
 ZAFRICA            0
 ZLA                0
 ZINDIC             0
 ZSINIC             0
 ZNWEST             0
 ZISLAM             0
 ZORT               0


           THETA
              IMPREL        PERSON        CONFIDEN      BELONG        PRAY
              ________      ________      ________      ________      ________
 IMPREL            16
 PERSON             0            17
 CONFIDEN           0             0            18
 BELONG             0             0             0            19
 PRAY               0             0             0             0            20
 ATTEND             0             0             0             0             0
 ZAFRICA            0             0             0             0             0
 ZLA                0             0             0             0             0
 ZINDIC             0             0             0             0             0
 ZSINIC             0             0             0             0             0
 ZNWEST             0             0             0             0             0
 ZISLAM             0             0             0             0             0
 ZORT               0             0             0             0             0


           THETA
              ATTEND        ZAFRICA       ZLA           ZINDIC        ZSINIC
              ________      ________      ________      ________      ________
 ATTEND             0
 ZAFRICA            0             0
 ZLA                0             0             0
 ZINDIC             0             0             0             0
 ZSINIC             0             0             0             0             0
 ZNWEST             0             0             0             0             0
 ZISLAM             0             0             0             0             0
 ZORT               0             0             0             0             0


           THETA
              ZNWEST        ZISLAM        ZORT
              ________      ________      ________
 ZNWEST             0
 ZISLAM             0             0
 ZORT               0             0             0


           ALPHA
              REL_B         RES1_B        RES2_B        ATTEND        ZAFRICA
              ________      ________      ________      ________      ________
                    0             0             0            21             0


           ALPHA
              ZLA           ZINDIC        ZSINIC        ZNWEST        ZISLAM
              ________      ________      ________      ________      ________
                    0             0             0             0             0


           ALPHA
              ZORT
              ________
                    0


           BETA
              REL_B         RES1_B        RES2_B        ATTEND        ZAFRICA
              ________      ________      ________      ________      ________
 REL_B              0             0             0             0             0
 RES1_B             0             0             0             0             0
 RES2_B             0             0             0             0             0
 ATTEND            22             0             0             0            23
 ZAFRICA            0             0             0             0             0
 ZLA                0             0             0             0             0
 ZINDIC             0             0             0             0             0
 ZSINIC             0             0             0             0             0
 ZNWEST             0             0             0             0             0
 ZISLAM             0             0             0             0             0
 ZORT               0             0             0             0             0


           BETA
              ZLA           ZINDIC        ZSINIC        ZNWEST        ZISLAM
              ________      ________      ________      ________      ________
 REL_B              0             0             0             0             0
 RES1_B             0             0             0             0             0
 RES2_B             0             0             0             0             0
 ATTEND            24            25            26            27            28
 ZAFRICA            0             0             0             0             0
 ZLA                0             0             0             0             0
 ZINDIC             0             0             0             0             0
 ZSINIC             0             0             0             0             0
 ZNWEST             0             0             0             0             0
 ZISLAM             0             0             0             0             0
 ZORT               0             0             0             0             0


           BETA
              ZORT
              ________
 REL_B              0
 RES1_B             0
 RES2_B             0
 ATTEND            29
 ZAFRICA            0
 ZLA                0
 ZINDIC             0
 ZSINIC             0
 ZNWEST             0
 ZISLAM             0
 ZORT               0


           PSI
              REL_B         RES1_B        RES2_B        ATTEND        ZAFRICA
              ________      ________      ________      ________      ________
 REL_B             30
 RES1_B             0            31
 RES2_B             0             0            32
 ATTEND             0             0             0            33
 ZAFRICA            0             0             0             0             0
 ZLA                0             0             0             0             0
 ZINDIC             0             0             0             0             0
 ZSINIC             0             0             0             0             0
 ZNWEST             0             0             0             0             0
 ZISLAM             0             0             0             0             0
 ZORT               0             0             0             0             0


           PSI
              ZLA           ZINDIC        ZSINIC        ZNWEST        ZISLAM
              ________      ________      ________      ________      ________
 ZLA                0
 ZINDIC             0             0
 ZSINIC             0             0             0
 ZNWEST             0             0             0             0
 ZISLAM             0             0             0             0             0
 ZORT               0             0             0             0             0


           PSI
              ZORT
              ________
 ZORT               0


     STARTING VALUES FOR WITHIN


           TAU
              IMPREL$1      IMPREL$2      IMPREL$3      PERSON$1      CONFIDEN
              ________      ________      ________      ________      ________
                0.000         0.000         0.000         0.000         0.000


           TAU
              CONFIDEN      CONFIDEN      BELONG$1
              ________      ________      ________
                0.000         0.000         0.000


           NU
              IMPREL        PERSON        CONFIDEN      BELONG        PRAY
              ________      ________      ________      ________      ________
                0.000         0.000         0.000         0.000         0.000


           NU
              ATTEND
              ________
                0.000


           LAMBDA
              REL_W         RES1_W        RES2_W        ATTEND
              ________      ________      ________      ________
 IMPREL         1.000         0.000         0.000         0.000
 PERSON         1.000         0.000         1.000         0.000
 CONFIDEN       1.000         0.000         0.000         0.000
 BELONG         1.000         0.000         1.000         0.000
 PRAY           1.000         1.000         0.000         0.000
 ATTEND         0.000         0.000         0.000         1.000


           THETA
              IMPREL        PERSON        CONFIDEN      BELONG        PRAY
              ________      ________      ________      ________      ________
 IMPREL         1.000
 PERSON         0.000         1.000
 CONFIDEN       0.000         0.000         1.000
 BELONG         0.000         0.000         0.000         1.000
 PRAY           0.000         0.000         0.000         0.000         3.819
 ATTEND         0.000         0.000         0.000         0.000         0.000


           THETA
              ATTEND
              ________
 ATTEND         0.000


           ALPHA
              REL_W         RES1_W        RES2_W        ATTEND
              ________      ________      ________      ________
                0.000         0.000         0.000         0.000


           BETA
              REL_W         RES1_W        RES2_W        ATTEND
              ________      ________      ________      ________
 REL_W          0.000         0.000         0.000         0.000
 RES1_W         0.000         0.000         0.000         0.000
 RES2_W         0.000         0.000         0.000         0.000
 ATTEND         1.000         1.000         0.000         0.000


           PSI
              REL_W         RES1_W        RES2_W        ATTEND
              ________      ________      ________      ________
 REL_W          1.000
 RES1_W         0.000         1.000
 RES2_W         0.000         0.000         1.000
 ATTEND         0.000         0.000         0.000         2.267


     STARTING VALUES FOR BETWEEN


           TAU
              IMPREL$1      IMPREL$2      IMPREL$3      PERSON$1      CONFIDEN
              ________      ________      ________      ________      ________
               -0.826        -0.192         0.352        -0.218        -0.991


           TAU
              CONFIDEN      CONFIDEN      BELONG$1
              ________      ________      ________
               -0.139         0.661        -0.448


           NU
              IMPREL        PERSON        CONFIDEN      BELONG        PRAY
              ________      ________      ________      ________      ________
                0.000         0.000         0.000         0.000         4.744


           NU
              ATTEND        ZAFRICA       ZLA           ZINDIC        ZSINIC
              ________      ________      ________      ________      ________
                0.000         0.000         0.000         0.000         0.000


           NU
              ZNWEST        ZISLAM        ZORT
              ________      ________      ________
                0.000         0.000         0.000


           LAMBDA
              REL_B         RES1_B        RES2_B        ATTEND        ZAFRICA
              ________      ________      ________      ________      ________
 IMPREL         1.000         0.000         0.000         0.000         0.000
 PERSON         1.000         0.000         1.000         0.000         0.000
 CONFIDEN       1.000         0.000         0.000         0.000         0.000
 BELONG         1.000         0.000         1.000         0.000         0.000
 PRAY           1.000         1.000         0.000         0.000         0.000
 ATTEND         0.000         0.000         0.000         1.000         0.000
 ZAFRICA        0.000         0.000         0.000         0.000         1.000
 ZLA            0.000         0.000         0.000         0.000         0.000
 ZINDIC         0.000         0.000         0.000         0.000         0.000
 ZSINIC         0.000         0.000         0.000         0.000         0.000
 ZNWEST         0.000         0.000         0.000         0.000         0.000
 ZISLAM         0.000         0.000         0.000         0.000         0.000
 ZORT           0.000         0.000         0.000         0.000         0.000


           LAMBDA
              ZLA           ZINDIC        ZSINIC        ZNWEST        ZISLAM
              ________      ________      ________      ________      ________
 IMPREL         0.000         0.000         0.000         0.000         0.000
 PERSON         0.000         0.000         0.000         0.000         0.000
 CONFIDEN       0.000         0.000         0.000         0.000         0.000
 BELONG         0.000         0.000         0.000         0.000         0.000
 PRAY           0.000         0.000         0.000         0.000         0.000
 ATTEND         0.000         0.000         0.000         0.000         0.000
 ZAFRICA        0.000         0.000         0.000         0.000         0.000
 ZLA            1.000         0.000         0.000         0.000         0.000
 ZINDIC         0.000         1.000         0.000         0.000         0.000
 ZSINIC         0.000         0.000         1.000         0.000         0.000
 ZNWEST         0.000         0.000         0.000         1.000         0.000
 ZISLAM         0.000         0.000         0.000         0.000         1.000
 ZORT           0.000         0.000         0.000         0.000         0.000


           LAMBDA
              ZORT
              ________
 IMPREL         0.000
 PERSON         0.000
 CONFIDEN       0.000
 BELONG         0.000
 PRAY           0.000
 ATTEND         0.000
 ZAFRICA        0.000
 ZLA            0.000
 ZINDIC         0.000
 ZSINIC         0.000
 ZNWEST         0.000
 ZISLAM         0.000
 ZORT           1.000


           THETA
              IMPREL        PERSON        CONFIDEN      BELONG        PRAY
              ________      ________      ________      ________      ________
 IMPREL         1.000
 PERSON         0.000         1.000
 CONFIDEN       0.000         0.000         1.000
 BELONG         0.000         0.000         0.000         1.000
 PRAY           0.000         0.000         0.000         0.000         3.819
 ATTEND         0.000         0.000         0.000         0.000         0.000
 ZAFRICA        0.000         0.000         0.000         0.000         0.000
 ZLA            0.000         0.000         0.000         0.000         0.000
 ZINDIC         0.000         0.000         0.000         0.000         0.000
 ZSINIC         0.000         0.000         0.000         0.000         0.000
 ZNWEST         0.000         0.000         0.000         0.000         0.000
 ZISLAM         0.000         0.000         0.000         0.000         0.000
 ZORT           0.000         0.000         0.000         0.000         0.000


           THETA
              ATTEND        ZAFRICA       ZLA           ZINDIC        ZSINIC
              ________      ________      ________      ________      ________
 ATTEND         0.000
 ZAFRICA        0.000         0.000
 ZLA            0.000         0.000         0.000
 ZINDIC         0.000         0.000         0.000         0.000
 ZSINIC         0.000         0.000         0.000         0.000         0.000
 ZNWEST         0.000         0.000         0.000         0.000         0.000
 ZISLAM         0.000         0.000         0.000         0.000         0.000
 ZORT           0.000         0.000         0.000         0.000         0.000


           THETA
              ZNWEST        ZISLAM        ZORT
              ________      ________      ________
 ZNWEST         0.000
 ZISLAM         0.000         0.000
 ZORT           0.000         0.000         0.000


           ALPHA
              REL_B         RES1_B        RES2_B        ATTEND        ZAFRICA
              ________      ________      ________      ________      ________
                0.000         0.000         0.000         3.478         0.000


           ALPHA
              ZLA           ZINDIC        ZSINIC        ZNWEST        ZISLAM
              ________      ________      ________      ________      ________
                0.000         0.000         0.000         0.000         0.000


           ALPHA
              ZORT
              ________
                0.000


           BETA
              REL_B         RES1_B        RES2_B        ATTEND        ZAFRICA
              ________      ________      ________      ________      ________
 REL_B          0.000         0.000         0.000         0.000         0.000
 RES1_B         0.000         0.000         0.000         0.000         0.000
 RES2_B         0.000         0.000         0.000         0.000         0.000
 ATTEND         1.000         1.000         0.000         0.000         0.000
 ZAFRICA        0.000         0.000         0.000         0.000         0.000
 ZLA            0.000         0.000         0.000         0.000         0.000
 ZINDIC         0.000         0.000         0.000         0.000         0.000
 ZSINIC         0.000         0.000         0.000         0.000         0.000
 ZNWEST         0.000         0.000         0.000         0.000         0.000
 ZISLAM         0.000         0.000         0.000         0.000         0.000
 ZORT           0.000         0.000         0.000         0.000         0.000


           BETA
              ZLA           ZINDIC        ZSINIC        ZNWEST        ZISLAM
              ________      ________      ________      ________      ________
 REL_B          0.000         0.000         0.000         0.000         0.000
 RES1_B         0.000         0.000         0.000         0.000         0.000
 RES2_B         0.000         0.000         0.000         0.000         0.000
 ATTEND         0.000         0.000         0.000         0.000         0.000
 ZAFRICA        0.000         0.000         0.000         0.000         0.000
 ZLA            0.000         0.000         0.000         0.000         0.000
 ZINDIC         0.000         0.000         0.000         0.000         0.000
 ZSINIC         0.000         0.000         0.000         0.000         0.000
 ZNWEST         0.000         0.000         0.000         0.000         0.000
 ZISLAM         0.000         0.000         0.000         0.000         0.000
 ZORT           0.000         0.000         0.000         0.000         0.000


           BETA
              ZORT
              ________
 REL_B          0.000
 RES1_B         0.000
 RES2_B         0.000
 ATTEND         0.000
 ZAFRICA        0.000
 ZLA            0.000
 ZINDIC         0.000
 ZSINIC         0.000
 ZNWEST         0.000
 ZISLAM         0.000
 ZORT           0.000


           PSI
              REL_B         RES1_B        RES2_B        ATTEND        ZAFRICA
              ________      ________      ________      ________      ________
 REL_B          1.000
 RES1_B         0.000         1.000
 RES2_B         0.000         0.000         1.000
 ATTEND         0.000         0.000         0.000         2.267
 ZAFRICA        0.000         0.000         0.000         0.000         0.012
 ZLA            0.000         0.000         0.000         0.000         0.000
 ZINDIC         0.000         0.000         0.000         0.000         0.000
 ZSINIC         0.000         0.000         0.000         0.000         0.000
 ZNWEST         0.000         0.000         0.000         0.000         0.000
 ZISLAM         0.000         0.000         0.000         0.000         0.000
 ZORT           0.000         0.000         0.000         0.000         0.000


           PSI
              ZLA           ZINDIC        ZSINIC        ZNWEST        ZISLAM
              ________      ________      ________      ________      ________
 ZLA            0.099
 ZINDIC         0.000         0.025
 ZSINIC         0.000         0.000         0.036
 ZNWEST         0.000         0.000         0.000         0.064
 ZISLAM         0.000         0.000         0.000         0.000         0.012
 ZORT           0.000         0.000         0.000         0.000         0.000


           PSI
              ZORT
              ________
 ZORT           0.063



     PRIORS FOR ALL PARAMETERS            PRIOR MEAN      PRIOR VARIANCE     PRIOR STD. DEV.

     Parameter 1~N(0.000,5.000)              0.0000              5.0000              2.2361
     Parameter 2~N(0.000,5.000)              0.0000              5.0000              2.2361
     Parameter 3~N(0.000,5.000)              0.0000              5.0000              2.2361
     Parameter 4~N(0.000,infinity)           0.0000            infinity            infinity
     Parameter 5~IG(-1.000,0.000)          infinity            infinity            infinity
     Parameter 6~N(0.000,infinity)           0.0000            infinity            infinity
     Parameter 7~IG(-1.000,0.000)          infinity            infinity            infinity
     Parameter 8~IG(-1.000,0.000)          infinity            infinity            infinity
     Parameter 9~IG(-1.000,0.000)          infinity            infinity            infinity
     Parameter 10~IG(-1.000,0.000)         infinity            infinity            infinity
     Parameter 11~N(0.000,infinity)          0.0000            infinity            infinity
     Parameter 12~N(0.000,5.000)             0.0000              5.0000              2.2361
     Parameter 13~N(0.000,5.000)             0.0000              5.0000              2.2361
     Parameter 14~N(0.000,5.000)             0.0000              5.0000              2.2361
     Parameter 15~N(0.000,infinity)          0.0000            infinity            infinity
     Parameter 16~IG(-1.000,0.000)         infinity            infinity            infinity
     Parameter 17~IG(-1.000,0.000)         infinity            infinity            infinity
     Parameter 18~IG(-1.000,0.000)         infinity            infinity            infinity
     Parameter 19~IG(-1.000,0.000)         infinity            infinity            infinity
     Parameter 20~IG(-1.000,0.000)         infinity            infinity            infinity
     Parameter 21~N(0.000,infinity)          0.0000            infinity            infinity
     Parameter 22~N(0.000,infinity)          0.0000            infinity            infinity
     Parameter 23~N(0.000,infinity)          0.0000            infinity            infinity
     Parameter 24~N(0.000,infinity)          0.0000            infinity            infinity
     Parameter 25~N(0.000,infinity)          0.0000            infinity            infinity
     Parameter 26~N(0.000,infinity)          0.0000            infinity            infinity
     Parameter 27~N(0.000,infinity)          0.0000            infinity            infinity
     Parameter 28~N(0.000,infinity)          0.0000            infinity            infinity
     Parameter 29~N(0.000,infinity)          0.0000            infinity            infinity
     Parameter 30~IG(-1.000,0.000)         infinity            infinity            infinity
     Parameter 31~IG(-1.000,0.000)         infinity            infinity            infinity
     Parameter 32~IG(-1.000,0.000)         infinity            infinity            infinity
     Parameter 33~IG(-1.000,0.000)         infinity            infinity            infinity
     Parameter 34~N(-1.474,0.001)           -1.4740              0.0010              0.0316
     Parameter 35~N(-0.096,0.001)           -0.0960              0.0010              0.0316
     Parameter 36~N(1.124,0.001)             1.1240              0.0010              0.0316
     Parameter 37~N(0.000,5.000)             0.0000              5.0000              2.2361
     Parameter 38~N(-1.258,0.001)           -1.2580              0.0010              0.0316
     Parameter 39~N(-0.087,0.001)           -0.0870              0.0010              0.0316
     Parameter 40~N(1.077,0.001)             1.0770              0.0010              0.0316
     Parameter 41~N(0.000,5.000)             0.0000              5.0000              2.2361


TECHNICAL 8 OUTPUT


   TECHNICAL 8 OUTPUT FOR BAYES ESTIMATION

     CHAIN    BSEED
     1        0
     2        285380

                     POTENTIAL       PARAMETER WITH
     ITERATION    SCALE REDUCTION      HIGHEST PSR
     100              1.419               35
     200              1.411               40
     300              1.112               34
     400              1.026               1
     500              1.062               34
     600              1.032               35
     700              1.076               9
     800              1.037               34
     900              1.020               34
     1000             1.035               35
     1100             1.042               35
     1200             1.050               35
     1300             1.047               35
     1400             1.054               34
     1500             1.036               35
     1600             1.031               34
     1700             1.033               34
     1800             1.025               34
     1900             1.020               34
     2000             1.013               40
     2100             1.008               34
     2200             1.012               9
     2300             1.011               38
     2400             1.005               7
     2500             1.005               9
     2600             1.006               9
     2700             1.004               9
     2800             1.004               9
     2900             1.006               39
     3000             1.008               39
     3100             1.015               9
     3200             1.014               39
     3300             1.013               39
     3400             1.014               39
     3500             1.009               34
     3600             1.011               34
     3700             1.014               35
     3800             1.017               35
     3900             1.012               35
     4000             1.010               35
     4100             1.009               35
     4200             1.008               40
     4300             1.006               35
     4400             1.004               35
     4500             1.007               35
     4600             1.010               35
     4700             1.008               35
     4800             1.007               35
     4900             1.009               35
     5000             1.005               35
     5100             1.005               35
     5200             1.005               35
     5300             1.003               35
     5400             1.003               35
     5500             1.004               35
     5600             1.005               35
     5700             1.005               35
     5800             1.005               35
     5900             1.005               35
     6000             1.007               34
     6100             1.008               34
     6200             1.009               35
     6300             1.008               35
     6400             1.007               35
     6500             1.005               35
     6600             1.003               35
     6700             1.003               34
     6800             1.004               39
     6900             1.003               39
     7000             1.002               35
     7100             1.004               35
     7200             1.003               39
     7300             1.003               39
     7400             1.003               39
     7500             1.004               39
     7600             1.004               39
     7700             1.004               39
     7800             1.003               39
     7900             1.005               39
     8000             1.005               39
     8100             1.006               39
     8200             1.004               39
     8300             1.003               39
     8400             1.001               39
     8500             1.001               41
     8600             1.001               41
     8700             1.001               41
     8800             1.001               41
     8900             1.001               41
     9000             1.001               41
     9100             1.001               36
     9200             1.001               9
     9300             1.001               36
     9400             1.001               36
     9500             1.002               36
     9600             1.001               36
     9700             1.001               35
     9800             1.002               35
     9900             1.001               35
     10000            1.001               10


PLOT INFORMATION

The following plots are available:

  Sample proportions and estimated probabilities
  Bayesian posterior parameter distributions
  Bayesian posterior parameter trace plots
  Bayesian autocorrelation plots
  Bayesian prior parameter distributions
  Bayesian posterior predictive checking scatterplots
  Bayesian posterior predictive checking distribution plots

SAVEDATA INFORMATION


  Bayesian Parameters

  Save file
    parameters.dat
  Save format      Free

  Order of parameters saved

    Chain number
    Iteration number
    Parameter 1, %WITHIN%: REL_W BY PERSON
    Parameter 2, %WITHIN%: REL_W BY CONFIDENCE
    Parameter 3, %WITHIN%: REL_W BY BELONG
    Parameter 4, %WITHIN%: REL_W BY PRAY
    Parameter 5, %WITHIN%: PRAY
    Parameter 6, %WITHIN%: ATTEND ON REL_W
    Parameter 7, %WITHIN%: REL_W
    Parameter 8, %WITHIN%: RES1_W
    Parameter 9, %WITHIN%: RES2_W
    Parameter 10, %WITHIN%: ATTEND
    Parameter 11, %BETWEEN%: [ PRAY ]
    Parameter 12, %BETWEEN%: REL_B BY PERSON
    Parameter 13, %BETWEEN%: REL_B BY CONFIDENCE
    Parameter 14, %BETWEEN%: REL_B BY BELONG
    Parameter 15, %BETWEEN%: REL_B BY PRAY
    Parameter 16, %BETWEEN%: IMPREL
    Parameter 17, %BETWEEN%: PERSON
    Parameter 18, %BETWEEN%: CONFIDENCE
    Parameter 19, %BETWEEN%: BELONG
    Parameter 20, %BETWEEN%: PRAY
    Parameter 21, %BETWEEN%: [ ATTEND ]
    Parameter 22, %BETWEEN%: ATTEND ON REL_B
    Parameter 23, %BETWEEN%: ATTEND ON ZAFRICA
    Parameter 24, %BETWEEN%: ATTEND ON ZLA
    Parameter 25, %BETWEEN%: ATTEND ON ZINDIC
    Parameter 26, %BETWEEN%: ATTEND ON ZSINIC
    Parameter 27, %BETWEEN%: ATTEND ON ZNWEST
    Parameter 28, %BETWEEN%: ATTEND ON ZISLAM
    Parameter 29, %BETWEEN%: ATTEND ON ZORT
    Parameter 30, %BETWEEN%: REL_B
    Parameter 31, %BETWEEN%: RES1_B
    Parameter 32, %BETWEEN%: RES2_B
    Parameter 33, %BETWEEN%: ATTEND
    Parameter 34, %BETWEEN%: [ IMPREL$1 ] (equality/label)
    Parameter 35, %BETWEEN%: [ IMPREL$2 ] (equality/label)
    Parameter 36, %BETWEEN%: [ IMPREL$3 ] (equality/label)
    Parameter 37, %BETWEEN%: [ PERSON$1 ]
    Parameter 38, %BETWEEN%: [ CONFIDENCE$1 ] (equality/label)
    Parameter 39, %BETWEEN%: [ CONFIDENCE$2 ] (equality/label)
    Parameter 40, %BETWEEN%: [ CONFIDENCE$3 ] (equality/label)
    Parameter 41, %BETWEEN%: [ BELONG$1 ]

     Beginning Time:  22:42:35
        Ending Time:  02:48:50
       Elapsed Time:  04:06:15



MUTHEN & MUTHEN
3463 Stoner Ave.
Los Angeles, CA  90066

Tel: (310) 391-9971
Fax: (310) 391-8971
Web: www.StatModel.com
Support: Support@StatModel.com

Copyright (c) 1998-2019 Muthen & Muthen
