Mplus VERSION 8.4 (Mac)
MUTHEN & MUTHEN
03/10/2023   7:09 PM

INPUT INSTRUCTIONS

  TITLE: M4 dat1 Default Priors;

  DATA:
  FILE = mlsem_dat1.dat;

  VARIABLE:
  NAMES = country imprel confidence belong attend pray person year code RCCHR RCMUSLIM
       RCASIAN RCOTHER COMMALL RRI RLI ZAFRICA ZLA ZINDIC ZSINIC ZNWEST ZISLAM ZORT
       ZEUWEST;
  USEVARIABLES = country imprel person confidence pray attend belong
       RCASIAN RCOTHER COMMALL;
  MISSING = .;

  BETWEEN = RCASIAN RCOTHER COMMALL;
  CLUSTER = country;
  CATEGORICAL = imprel confidence belong person;

  ANALYSIS:
  ESTIMATOR = BAYES;
  PROCESSORS = 2;
  TYPE = TWOLEVEL;
  THIN = 20;
  FBITERATIONS = 10000;

  MODEL:
  %WITHIN%
  Rel_W BY imprel person confidence pray attend belong;
  Res1_W BY pray@1 attend@1;
  Res2_W BY person@1 belong@1;
  Res1_W WITH Rel_W@0;
  Res2_W WITH Rel_W@0;
  Res1_W WITH Res2_W@0;

  %BETWEEN%
  Rel_B BY imprel person confidence pray attend belong;
  Res1_B BY pray@1 attend@1;
  Res2_B BY person@1 belong@1;
  Res1_B WITH Rel_B@0;
  Res2_B WITH Rel_B@0;
  Res1_B WITH Res2_B@0;

  attend ON RCASIAN RCOTHER COMMALL;

  OUTPUT:
  TECH8;

  PLOT:
  TYPE = PLOT2;

  SAVEDATA:
  BPARAMETERS = parameters.dat;



*** WARNING in VARIABLE command
  Note that only the first 8 characters of variable names are used in the output.
  Shorten variable names to avoid any confusion.
*** WARNING in PLOT command
  Note that only the first 8 characters of variable names are used in plots.
  If variable names are not unique within the first 8 characters, problems
  may occur.
   2 WARNING(S) FOUND IN THE INPUT INSTRUCTIONS



M4 dat1 Default Priors;

SUMMARY OF ANALYSIS

Number of groups                                                 1
Number of observations                                       60019

Number of dependent variables                                    6
Number of independent variables                                  3
Number of continuous latent variables                            6

Observed dependent variables

  Continuous
   PRAY        ATTEND

  Binary and ordered categorical (ordinal)
   IMPREL      PERSON      CONFIDEN    BELONG

Observed independent variables
   RCASIAN     RCOTHER     COMMALL

Continuous latent variables
   REL_W       RES1_W      RES2_W      REL_B       RES1_B      RES2_B

Variables with special functions

  Cluster variable      COUNTRY

  Between variables
   RCASIAN     RCOTHER     COMMALL


Estimator                                                    BAYES
Specifications for Bayesian Estimation
  Point estimate                                            MEDIAN
  Number of Markov chain Monte Carlo (MCMC) chains               2
  Random seed for the first chain                                0
  Starting value information                           UNPERTURBED
  Algorithm used for Markov chain Monte Carlo           GIBBS(PX1)
  Fixed number of iterations                                 10000
  K-th iteration used for thinning                              20
Link                                                        PROBIT

Input data file(s)
  mlsem_dat1.dat
Input data format  FREE


SUMMARY OF DATA

     Number of clusters                         42

       Size (s)    Cluster ID with Size s

        250        14
        447        30
        999        38
       1000        10 40
       1003        2
       1004        1
       1046        33
       1057        28
       1069        36
       1189        37
       1190        41
       1200        35 23 12 29 11 18 42
       1203        19
       1222        15
       1223        3
       1257        31
       1266        22
       1276        21
       1313        24
       1499        20
       1520        9
       1533        13
       1535        5
       1552        16
       1638        26
       1739        25
       1762        7
       1810        32
       1813        4
       1902        27
       2012        34
       2067        6
       2596        39
       2609        17
       4018        8



COVARIANCE COVERAGE OF DATA

Minimum covariance coverage value   0.100

     Number of missing data patterns             1


     PROPORTION OF DATA PRESENT


           Covariance Coverage
              IMPREL        PERSON        CONFIDEN      BELONG        PRAY
              ________      ________      ________      ________      ________
 IMPREL         1.000
 PERSON         1.000         1.000
 CONFIDEN       1.000         1.000         1.000
 BELONG         1.000         1.000         1.000         1.000
 PRAY           1.000         1.000         1.000         1.000         1.000
 ATTEND         1.000         1.000         1.000         1.000         1.000
 RCASIAN        1.000         1.000         1.000         1.000         1.000
 RCOTHER        1.000         1.000         1.000         1.000         1.000
 COMMALL        1.000         1.000         1.000         1.000         1.000


           Covariance Coverage
              ATTEND        RCASIAN       RCOTHER       COMMALL
              ________      ________      ________      ________
 ATTEND         1.000
 RCASIAN        1.000         1.000
 RCOTHER        1.000         1.000         1.000
 COMMALL        1.000         1.000         1.000         1.000


UNIVARIATE PROPORTIONS AND COUNTS FOR CATEGORICAL VARIABLES

    IMPREL
      Category 1    0.185        11081.000
      Category 2    0.226        13556.000
      Category 3    0.240        14425.000
      Category 4    0.349        20957.000
    PERSON
      Category 1    0.390        23397.000
      Category 2    0.610        36622.000
    CONFIDEN
      Category 1    0.147         8797.000
      Category 2    0.293        17596.000
      Category 3    0.326        19541.000
      Category 4    0.235        14085.000
    BELONG
      Category 1    0.297        17819.000
      Category 2    0.703        42200.000



UNIVARIATE SAMPLE STATISTICS


     UNIVARIATE HIGHER-ORDER MOMENT DESCRIPTIVE STATISTICS

         Variable/         Mean/     Skewness/   Minimum/ % with                Percentiles
        Sample Size      Variance    Kurtosis    Maximum  Min/Max      20%/60%    40%/80%    Median

     PRAY                  4.773      -0.266       1.000   23.66%       1.000      4.000      6.000
           60019.000       7.545      -1.557       8.000   21.81%       6.000      8.000
     ATTEND                3.501       0.181       1.000   28.69%       1.000      2.000      4.000
           60019.000       4.503      -1.422       7.000    8.72%       4.000      6.000
     RCASIAN               4.401       3.225       0.000    4.76%       0.023      0.071      0.147
              42.000     138.067       9.547      54.805    2.38%       0.203      1.872
     RCOTHER              23.245       1.378       0.878    2.38%       4.549     10.138     15.725
              42.000     474.301       1.667      94.074    2.38%      24.344     39.463
     COMMALL               0.333       0.707       0.000   66.67%       0.000      0.000      0.000
              42.000       0.222      -1.500       1.000   33.33%       0.000      1.000


THE MODEL ESTIMATION TERMINATED NORMALLY

     USE THE FBITERATIONS OPTION TO INCREASE THE NUMBER OF ITERATIONS BY A FACTOR
     OF AT LEAST TWO TO CHECK CONVERGENCE AND THAT THE PSR VALUE DOES NOT INCREASE.



MODEL FIT INFORMATION

Number of Free Parameters                              37

Bayesian Posterior Predictive Checking using Chi-Square

          95% Confidence Interval for the Difference Between
          the Observed and the Replicated Chi-Square Values

                                570.181           709.773

          Posterior Predictive P-Value              0.000



MODEL RESULTS

                                Posterior  One-Tailed         95% C.I.
                    Estimate       S.D.      P-Value   Lower 2.5%  Upper 2.5%  Significance

Within Level

 REL_W    BY
    IMPREL             1.000       0.000      0.000       1.000       1.000
    PERSON             1.217       0.019      0.000       1.180       1.254      *
    CONFIDENCE         0.605       0.007      0.000       0.590       0.619      *
    PRAY               1.249       0.014      0.000       1.222       1.276      *
    ATTEND             0.960       0.011      0.000       0.939       0.982      *
    BELONG             1.001       0.016      0.000       0.971       1.032      *

 RES1_W   BY
    PRAY               1.000       0.000      0.000       1.000       1.000
    ATTEND             1.000       0.000      0.000       1.000       1.000

 RES2_W   BY
    PERSON             1.000       0.000      0.000       1.000       1.000
    BELONG             1.000       0.000      0.000       1.000       1.000

 RES1_W   WITH
    REL_W              0.000       0.000      1.000       0.000       0.000
    RES2_W             0.000       0.000      1.000       0.000       0.000

 RES2_W   WITH
    REL_W              0.000       0.000      1.000       0.000       0.000

 Variances
    REL_W              1.629       0.030      0.000       1.570       1.690      *
    RES1_W             0.612       0.014      0.000       0.584       0.640      *
    RES2_W             0.264       0.020      0.000       0.224       0.305      *

 Residual Variances
    PRAY               2.137       0.017      0.000       2.102       2.171      *
    ATTEND             1.350       0.013      0.000       1.324       1.376      *

Between Level

 REL_B    BY
    IMPREL             1.000       0.000      0.000       1.000       1.000
    PERSON             0.730       0.086      0.000       0.562       0.902      *
    CONFIDENCE         0.449       0.048      0.000       0.357       0.544      *
    PRAY               1.260       0.062      0.000       1.141       1.386      *
    ATTEND             0.780       0.093      0.000       0.601       0.971      *
    BELONG             0.823       0.126      0.000       0.574       1.072      *

 RES1_B   BY
    PRAY               1.000       0.000      0.000       1.000       1.000
    ATTEND             1.000       0.000      0.000       1.000       1.000

 RES2_B   BY
    PERSON             1.000       0.000      0.000       1.000       1.000
    BELONG             1.000       0.000      0.000       1.000       1.000

 ATTEND     ON
    RCASIAN            0.000       0.006      0.495      -0.012       0.012
    RCOTHER            0.000       0.005      0.486      -0.010       0.009
    COMMALL            0.022       0.179      0.451      -0.319       0.379

 RES1_B   WITH
    REL_B              0.000       0.000      1.000       0.000       0.000
    RES2_B             0.000       0.000      1.000       0.000       0.000

 RES2_B   WITH
    REL_B              0.000       0.000      1.000       0.000       0.000

 Intercepts
    PRAY               4.715       0.243      0.000       4.291       5.210      *
    ATTEND             3.488       0.208      0.000       3.061       3.873      *

 Thresholds
    IMPREL$1          -1.854       0.185      0.000      -2.235      -1.539      *
    IMPREL$2          -0.414       0.185      0.000      -0.793      -0.100      *
    IMPREL$3           0.882       0.185      0.000       0.500       1.194      *
    PERSON$1          -0.604       0.166      0.000      -0.938      -0.291      *
    CONFIDEN$1        -1.475       0.108      0.000      -1.685      -1.288      *
    CONFIDEN$2        -0.198       0.108      0.015      -0.410      -0.012      *
    CONFIDEN$3         1.048       0.108      0.000       0.836       1.235      *
    BELONG$1          -1.211       0.211      0.000      -1.630      -0.806      *

 Variances
    REL_B              1.520       0.381      0.000       0.992       2.480      *
    RES1_B             0.061       0.042      0.000       0.005       0.165      *
    RES2_B             0.217       0.104      0.000       0.053       0.467      *

 Residual Variances
    IMPREL             0.012       0.015      0.000       0.000       0.058      *
    PERSON             0.153       0.094      0.000       0.016       0.385      *
    CONFIDENCE         0.122       0.032      0.000       0.079       0.202      *
    BELONG             0.650       0.192      0.000       0.380       1.120      *
    PRAY               0.111       0.050      0.000       0.031       0.231      *
    ATTEND             0.173       0.058      0.000       0.091       0.313      *


TECHNICAL 1 OUTPUT


     PARAMETER SPECIFICATION FOR WITHIN


           TAU
              IMPREL$1      IMPREL$2      IMPREL$3      PERSON$1      CONFIDEN
              ________      ________      ________      ________      ________
                    0             0             0             0             0


           TAU
              CONFIDEN      CONFIDEN      BELONG$1
              ________      ________      ________
                    0             0             0


           NU
              IMPREL        PERSON        CONFIDEN      BELONG        PRAY
              ________      ________      ________      ________      ________
                    0             0             0             0             0


           NU
              ATTEND
              ________
                    0


           LAMBDA
              REL_W         RES1_W        RES2_W        ATTEND
              ________      ________      ________      ________
 IMPREL             0             0             0             0
 PERSON             1             0             0             0
 CONFIDEN           2             0             0             0
 BELONG             3             0             0             0
 PRAY               4             0             0             0
 ATTEND             0             0             0             0


           THETA
              IMPREL        PERSON        CONFIDEN      BELONG        PRAY
              ________      ________      ________      ________      ________
 IMPREL             0
 PERSON             0             0
 CONFIDEN           0             0             0
 BELONG             0             0             0             0
 PRAY               0             0             0             0             5
 ATTEND             0             0             0             0             0


           THETA
              ATTEND
              ________
 ATTEND             0


           ALPHA
              REL_W         RES1_W        RES2_W        ATTEND
              ________      ________      ________      ________
                    0             0             0             0


           BETA
              REL_W         RES1_W        RES2_W        ATTEND
              ________      ________      ________      ________
 REL_W              0             0             0             0
 RES1_W             0             0             0             0
 RES2_W             0             0             0             0
 ATTEND             6             0             0             0


           PSI
              REL_W         RES1_W        RES2_W        ATTEND
              ________      ________      ________      ________
 REL_W              7
 RES1_W             0             8
 RES2_W             0             0             9
 ATTEND             0             0             0            10


     PARAMETER SPECIFICATION FOR BETWEEN


           TAU
              IMPREL$1      IMPREL$2      IMPREL$3      PERSON$1      CONFIDEN
              ________      ________      ________      ________      ________
                   30            31            32            33            34


           TAU
              CONFIDEN      CONFIDEN      BELONG$1
              ________      ________      ________
                   35            36            37


           NU
              IMPREL        PERSON        CONFIDEN      BELONG        PRAY
              ________      ________      ________      ________      ________
                    0             0             0             0            11


           NU
              ATTEND        RCASIAN       RCOTHER       COMMALL
              ________      ________      ________      ________
                    0             0             0             0


           LAMBDA
              REL_B         RES1_B        RES2_B        ATTEND        RCASIAN
              ________      ________      ________      ________      ________
 IMPREL             0             0             0             0             0
 PERSON            12             0             0             0             0
 CONFIDEN          13             0             0             0             0
 BELONG            14             0             0             0             0
 PRAY              15             0             0             0             0
 ATTEND             0             0             0             0             0
 RCASIAN            0             0             0             0             0
 RCOTHER            0             0             0             0             0
 COMMALL            0             0             0             0             0


           LAMBDA
              RCOTHER       COMMALL
              ________      ________
 IMPREL             0             0
 PERSON             0             0
 CONFIDEN           0             0
 BELONG             0             0
 PRAY               0             0
 ATTEND             0             0
 RCASIAN            0             0
 RCOTHER            0             0
 COMMALL            0             0


           THETA
              IMPREL        PERSON        CONFIDEN      BELONG        PRAY
              ________      ________      ________      ________      ________
 IMPREL            16
 PERSON             0            17
 CONFIDEN           0             0            18
 BELONG             0             0             0            19
 PRAY               0             0             0             0            20
 ATTEND             0             0             0             0             0
 RCASIAN            0             0             0             0             0
 RCOTHER            0             0             0             0             0
 COMMALL            0             0             0             0             0


           THETA
              ATTEND        RCASIAN       RCOTHER       COMMALL
              ________      ________      ________      ________
 ATTEND             0
 RCASIAN            0             0
 RCOTHER            0             0             0
 COMMALL            0             0             0             0


           ALPHA
              REL_B         RES1_B        RES2_B        ATTEND        RCASIAN
              ________      ________      ________      ________      ________
                    0             0             0            21             0


           ALPHA
              RCOTHER       COMMALL
              ________      ________
                    0             0


           BETA
              REL_B         RES1_B        RES2_B        ATTEND        RCASIAN
              ________      ________      ________      ________      ________
 REL_B              0             0             0             0             0
 RES1_B             0             0             0             0             0
 RES2_B             0             0             0             0             0
 ATTEND            22             0             0             0            23
 RCASIAN            0             0             0             0             0
 RCOTHER            0             0             0             0             0
 COMMALL            0             0             0             0             0


           BETA
              RCOTHER       COMMALL
              ________      ________
 REL_B              0             0
 RES1_B             0             0
 RES2_B             0             0
 ATTEND            24            25
 RCASIAN            0             0
 RCOTHER            0             0
 COMMALL            0             0


           PSI
              REL_B         RES1_B        RES2_B        ATTEND        RCASIAN
              ________      ________      ________      ________      ________
 REL_B             26
 RES1_B             0            27
 RES2_B             0             0            28
 ATTEND             0             0             0            29
 RCASIAN            0             0             0             0             0
 RCOTHER            0             0             0             0             0
 COMMALL            0             0             0             0             0


           PSI
              RCOTHER       COMMALL
              ________      ________
 RCOTHER            0
 COMMALL            0             0


     STARTING VALUES FOR WITHIN


           TAU
              IMPREL$1      IMPREL$2      IMPREL$3      PERSON$1      CONFIDEN
              ________      ________      ________      ________      ________
                0.000         0.000         0.000         0.000         0.000


           TAU
              CONFIDEN      CONFIDEN      BELONG$1
              ________      ________      ________
                0.000         0.000         0.000


           NU
              IMPREL        PERSON        CONFIDEN      BELONG        PRAY
              ________      ________      ________      ________      ________
                0.000         0.000         0.000         0.000         0.000


           NU
              ATTEND
              ________
                0.000


           LAMBDA
              REL_W         RES1_W        RES2_W        ATTEND
              ________      ________      ________      ________
 IMPREL         1.000         0.000         0.000         0.000
 PERSON         1.000         0.000         1.000         0.000
 CONFIDEN       1.000         0.000         0.000         0.000
 BELONG         1.000         0.000         1.000         0.000
 PRAY           1.000         1.000         0.000         0.000
 ATTEND         0.000         0.000         0.000         1.000


           THETA
              IMPREL        PERSON        CONFIDEN      BELONG        PRAY
              ________      ________      ________      ________      ________
 IMPREL         1.000
 PERSON         0.000         1.000
 CONFIDEN       0.000         0.000         1.000
 BELONG         0.000         0.000         0.000         1.000
 PRAY           0.000         0.000         0.000         0.000         3.773
 ATTEND         0.000         0.000         0.000         0.000         0.000


           THETA
              ATTEND
              ________
 ATTEND         0.000


           ALPHA
              REL_W         RES1_W        RES2_W        ATTEND
              ________      ________      ________      ________
                0.000         0.000         0.000         0.000


           BETA
              REL_W         RES1_W        RES2_W        ATTEND
              ________      ________      ________      ________
 REL_W          0.000         0.000         0.000         0.000
 RES1_W         0.000         0.000         0.000         0.000
 RES2_W         0.000         0.000         0.000         0.000
 ATTEND         1.000         1.000         0.000         0.000


           PSI
              REL_W         RES1_W        RES2_W        ATTEND
              ________      ________      ________      ________
 REL_W          1.000
 RES1_W         0.000         1.000
 RES2_W         0.000         0.000         1.000
 ATTEND         0.000         0.000         0.000         2.251


     STARTING VALUES FOR BETWEEN


           TAU
              IMPREL$1      IMPREL$2      IMPREL$3      PERSON$1      CONFIDEN
              ________      ________      ________      ________      ________
               -0.825        -0.201         0.346        -0.249        -0.979


           TAU
              CONFIDEN      CONFIDEN      BELONG$1
              ________      ________      ________
               -0.135         0.657        -0.479


           NU
              IMPREL        PERSON        CONFIDEN      BELONG        PRAY
              ________      ________      ________      ________      ________
                0.000         0.000         0.000         0.000         4.773


           NU
              ATTEND        RCASIAN       RCOTHER       COMMALL
              ________      ________      ________      ________
                0.000         0.000         0.000         0.000


           LAMBDA
              REL_B         RES1_B        RES2_B        ATTEND        RCASIAN
              ________      ________      ________      ________      ________
 IMPREL         1.000         0.000         0.000         0.000         0.000
 PERSON         1.000         0.000         1.000         0.000         0.000
 CONFIDEN       1.000         0.000         0.000         0.000         0.000
 BELONG         1.000         0.000         1.000         0.000         0.000
 PRAY           1.000         1.000         0.000         0.000         0.000
 ATTEND         0.000         0.000         0.000         1.000         0.000
 RCASIAN        0.000         0.000         0.000         0.000         1.000
 RCOTHER        0.000         0.000         0.000         0.000         0.000
 COMMALL        0.000         0.000         0.000         0.000         0.000


           LAMBDA
              RCOTHER       COMMALL
              ________      ________
 IMPREL         0.000         0.000
 PERSON         0.000         0.000
 CONFIDEN       0.000         0.000
 BELONG         0.000         0.000
 PRAY           0.000         0.000
 ATTEND         0.000         0.000
 RCASIAN        0.000         0.000
 RCOTHER        1.000         0.000
 COMMALL        0.000         1.000


           THETA
              IMPREL        PERSON        CONFIDEN      BELONG        PRAY
              ________      ________      ________      ________      ________
 IMPREL         1.000
 PERSON         0.000         1.000
 CONFIDEN       0.000         0.000         1.000
 BELONG         0.000         0.000         0.000         1.000
 PRAY           0.000         0.000         0.000         0.000         3.773
 ATTEND         0.000         0.000         0.000         0.000         0.000
 RCASIAN        0.000         0.000         0.000         0.000         0.000
 RCOTHER        0.000         0.000         0.000         0.000         0.000
 COMMALL        0.000         0.000         0.000         0.000         0.000


           THETA
              ATTEND        RCASIAN       RCOTHER       COMMALL
              ________      ________      ________      ________
 ATTEND         0.000
 RCASIAN        0.000         0.000
 RCOTHER        0.000         0.000         0.000
 COMMALL        0.000         0.000         0.000         0.000


           ALPHA
              REL_B         RES1_B        RES2_B        ATTEND        RCASIAN
              ________      ________      ________      ________      ________
                0.000         0.000         0.000         3.501         0.000


           ALPHA
              RCOTHER       COMMALL
              ________      ________
                0.000         0.000


           BETA
              REL_B         RES1_B        RES2_B        ATTEND        RCASIAN
              ________      ________      ________      ________      ________
 REL_B          0.000         0.000         0.000         0.000         0.000
 RES1_B         0.000         0.000         0.000         0.000         0.000
 RES2_B         0.000         0.000         0.000         0.000         0.000
 ATTEND         1.000         1.000         0.000         0.000         0.000
 RCASIAN        0.000         0.000         0.000         0.000         0.000
 RCOTHER        0.000         0.000         0.000         0.000         0.000
 COMMALL        0.000         0.000         0.000         0.000         0.000


           BETA
              RCOTHER       COMMALL
              ________      ________
 REL_B          0.000         0.000
 RES1_B         0.000         0.000
 RES2_B         0.000         0.000
 ATTEND         0.000         0.000
 RCASIAN        0.000         0.000
 RCOTHER        0.000         0.000
 COMMALL        0.000         0.000


           PSI
              REL_B         RES1_B        RES2_B        ATTEND        RCASIAN
              ________      ________      ________      ________      ________
 REL_B          1.000
 RES1_B         0.000         1.000
 RES2_B         0.000         0.000         1.000
 ATTEND         0.000         0.000         0.000         2.251
 RCASIAN        0.000         0.000         0.000         0.000        79.798
 RCOTHER        0.000         0.000         0.000         0.000         0.000
 COMMALL        0.000         0.000         0.000         0.000         0.000


           PSI
              RCOTHER       COMMALL
              ________      ________
 RCOTHER      220.882
 COMMALL        0.000         0.103



     PRIORS FOR ALL PARAMETERS            PRIOR MEAN      PRIOR VARIANCE     PRIOR STD. DEV.

     Parameter 1~N(0.000,5.000)              0.0000              5.0000              2.2361
     Parameter 2~N(0.000,5.000)              0.0000              5.0000              2.2361
     Parameter 3~N(0.000,5.000)              0.0000              5.0000              2.2361
     Parameter 4~N(0.000,infinity)           0.0000            infinity            infinity
     Parameter 5~IG(-1.000,0.000)          infinity            infinity            infinity
     Parameter 6~N(0.000,infinity)           0.0000            infinity            infinity
     Parameter 7~IG(-1.000,0.000)          infinity            infinity            infinity
     Parameter 8~IG(-1.000,0.000)          infinity            infinity            infinity
     Parameter 9~IG(-1.000,0.000)          infinity            infinity            infinity
     Parameter 10~IG(-1.000,0.000)         infinity            infinity            infinity
     Parameter 11~N(0.000,infinity)          0.0000            infinity            infinity
     Parameter 12~N(0.000,5.000)             0.0000              5.0000              2.2361
     Parameter 13~N(0.000,5.000)             0.0000              5.0000              2.2361
     Parameter 14~N(0.000,5.000)             0.0000              5.0000              2.2361
     Parameter 15~N(0.000,infinity)          0.0000            infinity            infinity
     Parameter 16~IG(-1.000,0.000)         infinity            infinity            infinity
     Parameter 17~IG(-1.000,0.000)         infinity            infinity            infinity
     Parameter 18~IG(-1.000,0.000)         infinity            infinity            infinity
     Parameter 19~IG(-1.000,0.000)         infinity            infinity            infinity
     Parameter 20~IG(-1.000,0.000)         infinity            infinity            infinity
     Parameter 21~N(0.000,infinity)          0.0000            infinity            infinity
     Parameter 22~N(0.000,infinity)          0.0000            infinity            infinity
     Parameter 23~N(0.000,infinity)          0.0000            infinity            infinity
     Parameter 24~N(0.000,infinity)          0.0000            infinity            infinity
     Parameter 25~N(0.000,infinity)          0.0000            infinity            infinity
     Parameter 26~IG(-1.000,0.000)         infinity            infinity            infinity
     Parameter 27~IG(-1.000,0.000)         infinity            infinity            infinity
     Parameter 28~IG(-1.000,0.000)         infinity            infinity            infinity
     Parameter 29~IG(-1.000,0.000)         infinity            infinity            infinity
     Parameter 30~N(0.000,5.000)             0.0000              5.0000              2.2361
     Parameter 31~N(0.000,5.000)             0.0000              5.0000              2.2361
     Parameter 32~N(0.000,5.000)             0.0000              5.0000              2.2361
     Parameter 33~N(0.000,5.000)             0.0000              5.0000              2.2361
     Parameter 34~N(0.000,5.000)             0.0000              5.0000              2.2361
     Parameter 35~N(0.000,5.000)             0.0000              5.0000              2.2361
     Parameter 36~N(0.000,5.000)             0.0000              5.0000              2.2361
     Parameter 37~N(0.000,5.000)             0.0000              5.0000              2.2361


TECHNICAL 8 OUTPUT


   TECHNICAL 8 OUTPUT FOR BAYES ESTIMATION

     CHAIN    BSEED
     1        0
     2        285380

                     POTENTIAL       PARAMETER WITH
     ITERATION    SCALE REDUCTION      HIGHEST PSR
     100              9.672               30
     200              7.297               32
     300              7.555               31
     400              3.475               31
     500              1.739               30
     600              1.035               34
     700              1.218               32
     800              1.886               31
     900              2.471               31
     1000             2.894               31
     1100             2.958               31
     1200             3.201               32
     1300             3.650               31
     1400             4.673               31
     1500             6.184               31
     1600             6.228               31
     1700             5.884               31
     1800             5.765               31
     1900             5.492               31
     2000             4.753               31
     2100             4.200               31
     2200             3.570               32
     2300             3.022               32
     2400             2.526               32
     2500             2.365               32
     2600             2.296               32
     2700             2.227               32
     2800             2.113               32
     2900             2.043               32
     3000             1.939               32
     3100             1.902               32
     3200             1.832               32
     3300             1.734               32
     3400             1.632               32
     3500             1.499               32
     3600             1.325               32
     3700             1.143               32
     3800             1.036               32
     3900             1.007               11
     4000             1.001               34
     4100             1.017               34
     4200             1.043               34
     4300             1.060               34
     4400             1.079               30
     4500             1.116               30
     4600             1.157               30
     4700             1.184               30
     4800             1.228               30
     4900             1.282               30
     5000             1.323               30
     5100             1.332               30
     5200             1.345               30
     5300             1.356               30
     5400             1.357               30
     5500             1.339               30
     5600             1.354               34
     5700             1.383               30
     5800             1.407               30
     5900             1.432               30
     6000             1.447               30
     6100             1.488               31
     6200             1.534               31
     6300             1.575               31
     6400             1.619               31
     6500             1.674               31
     6600             1.718               31
     6700             1.767               30
     6800             1.805               31
     6900             1.824               31
     7000             1.845               31
     7100             1.861               31
     7200             1.865               31
     7300             1.860               31
     7400             1.863               31
     7500             1.883               31
     7600             1.909               31
     7700             1.923               31
     7800             1.923               31
     7900             1.908               31
     8000             1.915               31
     8100             1.932               31
     8200             1.939               31
     8300             1.933               31
     8400             1.928               31
     8500             1.940               31
     8600             1.959               31
     8700             1.955               31
     8800             1.949               31
     8900             1.913               31
     9000             1.879               31
     9100             1.862               31
     9200             1.873               31
     9300             1.893               31
     9400             1.891               31
     9500             1.837               30
     9600             1.796               31
     9700             1.759               31
     9800             1.744               31
     9900             1.732               31
     10000            1.720               31


PLOT INFORMATION

The following plots are available:

  Sample proportions and estimated probabilities
  Bayesian posterior parameter distributions
  Bayesian posterior parameter trace plots
  Bayesian autocorrelation plots
  Bayesian prior parameter distributions
  Bayesian posterior predictive checking scatterplots
  Bayesian posterior predictive checking distribution plots

SAVEDATA INFORMATION


  Bayesian Parameters

  Save file
    parameters.dat
  Save format      Free

  Order of parameters saved

    Chain number
    Iteration number
    Parameter 1, %WITHIN%: REL_W BY PERSON
    Parameter 2, %WITHIN%: REL_W BY CONFIDENCE
    Parameter 3, %WITHIN%: REL_W BY BELONG
    Parameter 4, %WITHIN%: REL_W BY PRAY
    Parameter 5, %WITHIN%: PRAY
    Parameter 6, %WITHIN%: ATTEND ON REL_W
    Parameter 7, %WITHIN%: REL_W
    Parameter 8, %WITHIN%: RES1_W
    Parameter 9, %WITHIN%: RES2_W
    Parameter 10, %WITHIN%: ATTEND
    Parameter 11, %BETWEEN%: [ PRAY ]
    Parameter 12, %BETWEEN%: REL_B BY PERSON
    Parameter 13, %BETWEEN%: REL_B BY CONFIDENCE
    Parameter 14, %BETWEEN%: REL_B BY BELONG
    Parameter 15, %BETWEEN%: REL_B BY PRAY
    Parameter 16, %BETWEEN%: IMPREL
    Parameter 17, %BETWEEN%: PERSON
    Parameter 18, %BETWEEN%: CONFIDENCE
    Parameter 19, %BETWEEN%: BELONG
    Parameter 20, %BETWEEN%: PRAY
    Parameter 21, %BETWEEN%: [ ATTEND ]
    Parameter 22, %BETWEEN%: ATTEND ON REL_B
    Parameter 23, %BETWEEN%: ATTEND ON RCASIAN
    Parameter 24, %BETWEEN%: ATTEND ON RCOTHER
    Parameter 25, %BETWEEN%: ATTEND ON COMMALL
    Parameter 26, %BETWEEN%: REL_B
    Parameter 27, %BETWEEN%: RES1_B
    Parameter 28, %BETWEEN%: RES2_B
    Parameter 29, %BETWEEN%: ATTEND
    Parameter 30, %BETWEEN%: [ IMPREL$1 ]
    Parameter 31, %BETWEEN%: [ IMPREL$2 ]
    Parameter 32, %BETWEEN%: [ IMPREL$3 ]
    Parameter 33, %BETWEEN%: [ PERSON$1 ]
    Parameter 34, %BETWEEN%: [ CONFIDENCE$1 ]
    Parameter 35, %BETWEEN%: [ CONFIDENCE$2 ]
    Parameter 36, %BETWEEN%: [ CONFIDENCE$3 ]
    Parameter 37, %BETWEEN%: [ BELONG$1 ]

     Beginning Time:  19:09:31
        Ending Time:  23:31:25
       Elapsed Time:  04:21:54



MUTHEN & MUTHEN
3463 Stoner Ave.
Los Angeles, CA  90066

Tel: (310) 391-9971
Fax: (310) 391-8971
Web: www.StatModel.com
Support: Support@StatModel.com

Copyright (c) 1998-2019 Muthen & Muthen
