Mplus VERSION 8.4 (Mac)
MUTHEN & MUTHEN
02/09/2023  12:43 PM

INPUT INSTRUCTIONS

  TITLE: MLR dat4;

  DATA:
  FILE = mlsem_dat4.dat;

  VARIABLE:
  NAMES = country imprel confidence belong attend pray person year code RCCHR RCMUSLIM
       RCASIAN RCOTHER COMMALL RRI RLI ZAFRICA ZLA ZINDIC ZSINIC ZNWEST ZISLAM ZORT
       ZEUWEST;
  USEVARIABLES = country imprel person confidence pray attend belong;
  MISSING = .;

  CLUSTER = country;
  CATEGORICAL = imprel person confidence belong;

  ANALYSIS:
  ESTIMATOR = MLR;
  TYPE = TWOLEVEL;
  LINK = PROBIT;

  MODEL:
       %WITHIN%

       rel_w BY imprel@1;
       rel_w BY person*1.07552;
       rel_w BY confidence*0.59873;
       rel_w BY pray*1.50588;
       rel_w BY attend*1.19780;
       rel_w BY belong*0.86890;

       pray*2.46912;
       attend*1.76173;
       rel_w*1.30738;

       %BETWEEN%

       rel_b BY imprel@1;
       rel_b BY person*0.65237;
       rel_b BY confidence*0.42867;
       rel_b BY pray*1.38452;
       rel_b BY attend*0.88931;
       rel_b BY belong*0.61705;

       [ pray*4.37791 ];
       [ attend*3.24708 ];

       [ imprel$1*-1.46994 ];
       [ imprel$2*-0.12168 ];
       [ imprel$3*1.08612 ];
       [ person$1*-0.28397 ];
       [ confidence$1*-1.24977 ];
       [ confidence$2*-0.07841 ];
       [ confidence$3*1.07333 ];
       [ belong$1*-0.66364 ];

       imprel@0;
       person@0;
       confidence@0;
       belong@0;
       pray@0;
       attend@0;
       rel_b*1.27390;

  OUTPUT:
  SVALUES;



*** WARNING in VARIABLE command
  Note that only the first 8 characters of variable names are used in the output.
  Shorten variable names to avoid any confusion.
   1 WARNING(S) FOUND IN THE INPUT INSTRUCTIONS



MLR dat4;

SUMMARY OF ANALYSIS

Number of groups                                                 1
Number of observations                                       60019

Number of dependent variables                                    6
Number of independent variables                                  0
Number of continuous latent variables                            2

Observed dependent variables

  Continuous
   PRAY        ATTEND

  Binary and ordered categorical (ordinal)
   IMPREL      PERSON      CONFIDEN    BELONG

Continuous latent variables
   REL_W       REL_B

Variables with special functions

  Cluster variable      COUNTRY

Estimator                                                      MLR
Information matrix                                        OBSERVED
Optimization Specifications for the Quasi-Newton Algorithm for
Continuous Outcomes
  Maximum number of iterations                                 100
  Convergence criterion                                  0.100D-05
Optimization Specifications for the EM Algorithm
  Maximum number of iterations                                 500
  Convergence criteria
    Loglikelihood change                                 0.100D-02
    Relative loglikelihood change                        0.100D-05
    Derivative                                           0.100D-02
Optimization Specifications for the M step of the EM Algorithm for
Categorical Latent variables
  Number of M step iterations                                    1
  M step convergence criterion                           0.100D-02
  Basis for M step termination                           ITERATION
Optimization Specifications for the M step of the EM Algorithm for
Censored, Binary or Ordered Categorical (Ordinal), Unordered
Categorical (Nominal) and Count Outcomes
  Number of M step iterations                                    1
  M step convergence criterion                           0.100D-02
  Basis for M step termination                           ITERATION
  Maximum value for logit thresholds                            10
  Minimum value for logit thresholds                           -10
  Minimum expected cell size for chi-square              0.100D-01
Maximum number of iterations for H1                           2000
Convergence criterion for H1                             0.100D-03
Optimization algorithm                                         EMA
Integration Specifications
  Type                                                    STANDARD
  Number of integration points                                  15
  Dimensions of numerical integration                            2
  Adaptive quadrature                                           ON
Link                                                        PROBIT
Cholesky                                                        ON

Input data file(s)
  mlsem_dat4.dat
Input data format  FREE


SUMMARY OF DATA

     Number of missing data patterns             1
     Number of y missing data patterns           1
     Number of u missing data patterns           1
     Number of clusters                         42



COVARIANCE COVERAGE OF DATA

Minimum covariance coverage value   0.100


     PROPORTION OF DATA PRESENT FOR Y


           Covariance Coverage
              PRAY          ATTEND
              ________      ________
 PRAY           1.000
 ATTEND         1.000         1.000


UNIVARIATE PROPORTIONS AND COUNTS FOR CATEGORICAL VARIABLES

    IMPREL
      Category 1    0.184        11070.000
      Category 2    0.226        13546.000
      Category 3    0.241        14438.000
      Category 4    0.349        20965.000
    PERSON
      Category 1    0.390        23391.000
      Category 2    0.610        36628.000
    CONFIDEN
      Category 1    0.146         8773.000
      Category 2    0.293        17607.000
      Category 3    0.325        19523.000
      Category 4    0.235        14116.000
    BELONG
      Category 1    0.297        17838.000
      Category 2    0.703        42181.000



UNIVARIATE SAMPLE STATISTICS


     UNIVARIATE HIGHER-ORDER MOMENT DESCRIPTIVE STATISTICS

         Variable/         Mean/     Skewness/   Minimum/ % with                Percentiles
        Sample Size      Variance    Kurtosis    Maximum  Min/Max      20%/60%    40%/80%    Median

     PRAY                  4.774      -0.267       1.000   23.65%       1.000      4.000      6.000
           60019.000       7.544      -1.556       8.000   21.79%       6.000      8.000
     ATTEND                3.501       0.181       1.000   28.68%       1.000      2.000      4.000
           60019.000       4.502      -1.421       7.000    8.72%       4.000      6.000


THE MODEL ESTIMATION TERMINATED NORMALLY



MODEL FIT INFORMATION

Number of Free Parameters                       24

Loglikelihood

          H0 Value                     -428457.261
          H0 Scaling Correction Factor     73.9856
            for MLR

Information Criteria

          Akaike (AIC)                  856962.522
          Bayesian (BIC)                857178.580
          Sample-Size Adjusted BIC      857102.307
            (n* = (n + 2) / 24)



MODEL RESULTS

                                                    Two-Tailed
                    Estimate       S.E.  Est./S.E.    P-Value

Within Level

 REL_W    BY
    IMPREL             1.000      0.000    999.000    999.000
    PERSON             1.108      0.053     20.858      0.000
    CONFIDENCE         0.609      0.039     15.432      0.000
    PRAY               1.516      0.085     17.840      0.000
    ATTEND             1.208      0.089     13.595      0.000
    BELONG             0.855      0.070     12.250      0.000

 Variances
    REL_W              1.249      0.210      5.951      0.000

 Residual Variances
    PRAY               2.465      0.128     19.304      0.000
    ATTEND             1.763      0.131     13.413      0.000

Between Level

 REL_B    BY
    IMPREL             1.000      0.000    999.000    999.000
    PERSON             0.656      0.072      9.090      0.000
    CONFIDENCE         0.434      0.052      8.309      0.000
    PRAY               1.417      0.095     14.887      0.000
    ATTEND             0.913      0.068     13.371      0.000
    BELONG             0.659      0.141      4.680      0.000

 Intercepts
    PRAY               4.341      0.256     16.966      0.000
    ATTEND             3.222      0.168     19.187      0.000

 Thresholds
    IMPREL$1          -1.435      0.157     -9.137      0.000
    IMPREL$2          -0.097      0.177     -0.550      0.583
    IMPREL$3           1.100      0.196      5.620      0.000
    PERSON$1          -0.273      0.147     -1.849      0.064
    CONFIDEN$1        -1.240      0.085    -14.656      0.000
    CONFIDEN$2        -0.068      0.103     -0.663      0.507
    CONFIDEN$3         1.084      0.125      8.682      0.000
    BELONG$1          -0.637      0.150     -4.232      0.000

 Variances
    REL_B              1.247      0.251      4.970      0.000

 Residual Variances
    IMPREL             0.000      0.000    999.000    999.000
    PERSON             0.000      0.000    999.000    999.000
    CONFIDENCE         0.000      0.000    999.000    999.000
    BELONG             0.000      0.000    999.000    999.000
    PRAY               0.000      0.000    999.000    999.000
    ATTEND             0.000      0.000    999.000    999.000


RESULTS IN PROBABILITY SCALE

                    Estimate

Within Level


Between Level

 IMPREL
    Category 1         0.221
    Category 2         0.258
    Category 3         0.243
    Category 4         0.278
 PERSON
    Category 1         0.438
    Category 2         0.562
 CONFIDEN
    Category 1         0.171
    Category 2         0.309
    Category 3         0.318
    Category 4         0.203
 BELONG
    Category 1         0.342
    Category 2         0.658


QUALITY OF NUMERICAL RESULTS

     Condition Number for the Information Matrix              0.125E-06
       (ratio of smallest to largest eigenvalue)


MODEL COMMAND WITH FINAL ESTIMATES USED AS STARTING VALUES

     %WITHIN%

     rel_w BY imprel@1;
     rel_w BY person*1.10767;
     rel_w BY confidence*0.60905;
     rel_w BY pray*1.51635;
     rel_w BY attend*1.20751;
     rel_w BY belong*0.85541;

     pray*2.46529;
     attend*1.76342;
     rel_w*1.24885;

     %BETWEEN%

     rel_b BY imprel@1;
     rel_b BY person*0.65575;
     rel_b BY confidence*0.43410;
     rel_b BY pray*1.41666;
     rel_b BY attend*0.91343;
     rel_b BY belong*0.65895;

     [ pray*4.34091 ];
     [ attend*3.22213 ];

     [ imprel$1*-1.43550 ];
     [ imprel$2*-0.09737 ];
     [ imprel$3*1.09973 ];
     [ person$1*-0.27264 ];
     [ confidence$1*-1.24030 ];
     [ confidence$2*-0.06809 ];
     [ confidence$3*1.08397 ];
     [ belong$1*-0.63676 ];

     imprel@0;
     person@0;
     confidence@0;
     belong@0;
     pray@0;
     attend@0;
     rel_b*1.24693;



     Beginning Time:  12:43:07
        Ending Time:  12:53:45
       Elapsed Time:  00:10:38



MUTHEN & MUTHEN
3463 Stoner Ave.
Los Angeles, CA  90066

Tel: (310) 391-9971
Fax: (310) 391-8971
Web: www.StatModel.com
Support: Support@StatModel.com

Copyright (c) 1998-2019 Muthen & Muthen
