Mplus VERSION 8.4 (Mac)
MUTHEN & MUTHEN
02/09/2023   2:20 PM

INPUT INSTRUCTIONS

  TITLE: MLR dat2;

  DATA:
  FILE = mlsem_dat2.dat;

  VARIABLE:
  NAMES = country imprel confidence belong attend pray person year code RCCHR RCMUSLIM
       RCASIAN RCOTHER COMMALL RRI RLI ZAFRICA ZLA ZINDIC ZSINIC ZNWEST ZISLAM ZORT
       ZEUWEST;
  USEVARIABLES = country imprel person confidence pray attend belong;
  MISSING = .;

  CLUSTER = country;
  CATEGORICAL = imprel person confidence belong;

  ANALYSIS:
  ESTIMATOR = MLR;
  TYPE = twolevel;
  LINK = probit;

  MODEL:
       %WITHIN%

       rel_w BY imprel@1;
       rel_w BY person*1.10767;
       rel_w BY confidence*0.60905;
       rel_w BY pray*1.51635;
       rel_w BY attend*1.20751;
       rel_w BY belong*0.85541;

       pray*2.46529;
       attend*1.76342;
       rel_w*1.24885;

       %BETWEEN%

       rel_b BY imprel@1;
       rel_b BY person*0.65575;
       rel_b BY confidence*0.43410;
       rel_b BY pray*1.41666;
       rel_b BY attend*0.91343;
       rel_b BY belong*0.65895;

       [ pray*4.34091 ];
       [ attend*3.22213 ];

       [ imprel$1*-1.43550 ];
       [ imprel$2*-0.09737 ];
       [ imprel$3*1.09973 ];
       [ person$1*-0.27264 ];
       [ confidence$1*-1.24030 ];
       [ confidence$2*-0.06809 ];
       [ confidence$3*1.08397 ];
       [ belong$1*-0.63676 ];

       imprel@0;
       person@0;
       confidence@0;
       belong@0;
       pray@0;
       attend@0;
       rel_b*1.24693;

  OUTPUT:
  SVALUES;



*** WARNING in VARIABLE command
  Note that only the first 8 characters of variable names are used in the output.
  Shorten variable names to avoid any confusion.
   1 WARNING(S) FOUND IN THE INPUT INSTRUCTIONS



MLR dat2;

SUMMARY OF ANALYSIS

Number of groups                                                 1
Number of observations                                       60019

Number of dependent variables                                    6
Number of independent variables                                  0
Number of continuous latent variables                            2

Observed dependent variables

  Continuous
   PRAY        ATTEND

  Binary and ordered categorical (ordinal)
   IMPREL      PERSON      CONFIDEN    BELONG

Continuous latent variables
   REL_W       REL_B

Variables with special functions

  Cluster variable      COUNTRY

Estimator                                                      MLR
Information matrix                                        OBSERVED
Optimization Specifications for the Quasi-Newton Algorithm for
Continuous Outcomes
  Maximum number of iterations                                 100
  Convergence criterion                                  0.100D-05
Optimization Specifications for the EM Algorithm
  Maximum number of iterations                                 500
  Convergence criteria
    Loglikelihood change                                 0.100D-02
    Relative loglikelihood change                        0.100D-05
    Derivative                                           0.100D-02
Optimization Specifications for the M step of the EM Algorithm for
Categorical Latent variables
  Number of M step iterations                                    1
  M step convergence criterion                           0.100D-02
  Basis for M step termination                           ITERATION
Optimization Specifications for the M step of the EM Algorithm for
Censored, Binary or Ordered Categorical (Ordinal), Unordered
Categorical (Nominal) and Count Outcomes
  Number of M step iterations                                    1
  M step convergence criterion                           0.100D-02
  Basis for M step termination                           ITERATION
  Maximum value for logit thresholds                            10
  Minimum value for logit thresholds                           -10
  Minimum expected cell size for chi-square              0.100D-01
Maximum number of iterations for H1                           2000
Convergence criterion for H1                             0.100D-03
Optimization algorithm                                         EMA
Integration Specifications
  Type                                                    STANDARD
  Number of integration points                                  15
  Dimensions of numerical integration                            2
  Adaptive quadrature                                           ON
Link                                                        PROBIT
Cholesky                                                        ON

Input data file(s)
  mlsem_dat2.dat
Input data format  FREE


SUMMARY OF DATA

     Number of missing data patterns             1
     Number of y missing data patterns           1
     Number of u missing data patterns           1
     Number of clusters                         42



COVARIANCE COVERAGE OF DATA

Minimum covariance coverage value   0.100


     PROPORTION OF DATA PRESENT FOR Y


           Covariance Coverage
              PRAY          ATTEND
              ________      ________
 PRAY           1.000
 ATTEND         1.000         1.000


UNIVARIATE PROPORTIONS AND COUNTS FOR CATEGORICAL VARIABLES

    IMPREL
      Category 1    0.185        11079.000
      Category 2    0.226        13545.000
      Category 3    0.241        14439.000
      Category 4    0.349        20956.000
    PERSON
      Category 1    0.390        23423.000
      Category 2    0.610        36596.000
    CONFIDEN
      Category 1    0.146         8777.000
      Category 2    0.293        17607.000
      Category 3    0.325        19505.000
      Category 4    0.235        14130.000
    BELONG
      Category 1    0.297        17816.000
      Category 2    0.703        42203.000



UNIVARIATE SAMPLE STATISTICS


     UNIVARIATE HIGHER-ORDER MOMENT DESCRIPTIVE STATISTICS

         Variable/         Mean/     Skewness/   Minimum/ % with                Percentiles
        Sample Size      Variance    Kurtosis    Maximum  Min/Max      20%/60%    40%/80%    Median

     PRAY                  4.774      -0.267       1.000   23.66%       1.000      4.000      6.000
           60019.000       7.546      -1.556       8.000   21.82%       6.000      8.000
     ATTEND                3.501       0.181       1.000   28.69%       1.000      2.000      4.000
           60019.000       4.503      -1.421       7.000    8.72%       4.000      6.000


THE MODEL ESTIMATION TERMINATED NORMALLY



MODEL FIT INFORMATION

Number of Free Parameters                       24

Loglikelihood

          H0 Value                     -428500.364
          H0 Scaling Correction Factor     73.9465
            for MLR

Information Criteria

          Akaike (AIC)                  857048.728
          Bayesian (BIC)                857264.786
          Sample-Size Adjusted BIC      857188.514
            (n* = (n + 2) / 24)



MODEL RESULTS

                                                    Two-Tailed
                    Estimate       S.E.  Est./S.E.    P-Value

Within Level

 REL_W    BY
    IMPREL             1.000      0.000    999.000    999.000
    PERSON             1.110      0.053     20.807      0.000
    CONFIDENCE         0.611      0.039     15.527      0.000
    PRAY               1.519      0.085     17.780      0.000
    ATTEND             1.209      0.089     13.551      0.000
    BELONG             0.854      0.070     12.261      0.000

 Variances
    REL_W              1.246      0.210      5.944      0.000

 Residual Variances
    PRAY               2.466      0.129     19.168      0.000
    ATTEND             1.764      0.132     13.336      0.000

Between Level

 REL_B    BY
    IMPREL             1.000      0.000    999.000    999.000
    PERSON             0.655      0.072      9.157      0.000
    CONFIDENCE         0.434      0.052      8.280      0.000
    PRAY               1.417      0.095     14.868      0.000
    ATTEND             0.913      0.068     13.353      0.000
    BELONG             0.659      0.141      4.682      0.000

 Intercepts
    PRAY               4.806      0.232     20.700      0.000
    ATTEND             3.521      0.158     22.341      0.000

 Thresholds
    IMPREL$1          -1.761      0.147    -11.963      0.000
    IMPREL$2          -0.424      0.163     -2.600      0.009
    IMPREL$3           0.772      0.182      4.247      0.000
    PERSON$1          -0.485      0.129     -3.774      0.000
    CONFIDEN$1        -1.383      0.081    -17.093      0.000
    CONFIDEN$2        -0.210      0.091     -2.310      0.021
    CONFIDEN$3         0.941      0.114      8.262      0.000
    BELONG$1          -0.853      0.151     -5.660      0.000

 Variances
    REL_B              1.134      0.207      5.472      0.000

 Residual Variances
    IMPREL             0.000      0.000    999.000    999.000
    PERSON             0.000      0.000    999.000    999.000
    CONFIDENCE         0.000      0.000    999.000    999.000
    BELONG             0.000      0.000    999.000    999.000
    PRAY               0.000      0.000    999.000    999.000
    ATTEND             0.000      0.000    999.000    999.000


RESULTS IN PROBABILITY SCALE

                    Estimate

Within Level


Between Level

 IMPREL
    Category 1         0.169
    Category 2         0.240
    Category 3         0.254
    Category 4         0.337
 PERSON
    Category 1         0.390
    Category 2         0.610
 CONFIDEN
    Category 1         0.143
    Category 2         0.293
    Category 3         0.331
    Category 4         0.234
 BELONG
    Category 1         0.291
    Category 2         0.709


QUALITY OF NUMERICAL RESULTS

     Condition Number for the Information Matrix              0.495E-07
       (ratio of smallest to largest eigenvalue)


MODEL COMMAND WITH FINAL ESTIMATES USED AS STARTING VALUES

     %WITHIN%

     rel_w BY imprel@1;
     rel_w BY person*1.11032;
     rel_w BY confidence*0.61063;
     rel_w BY pray*1.51879;
     rel_w BY attend*1.20935;
     rel_w BY belong*0.85376;

     pray*2.46628;
     attend*1.76441;
     rel_w*1.24561;

     %BETWEEN%

     rel_b BY imprel@1;
     rel_b BY person*0.65537;
     rel_b BY confidence*0.43368;
     rel_b BY pray*1.41670;
     rel_b BY attend*0.91335;
     rel_b BY belong*0.65924;

     [ pray*4.80580 ];
     [ attend*3.52096 ];

     [ imprel$1*-1.76143 ];
     [ imprel$2*-0.42443 ];
     [ imprel$3*0.77239 ];
     [ person$1*-0.48527 ];
     [ confidence$1*-1.38254 ];
     [ confidence$2*-0.21003 ];
     [ confidence$3*0.94083 ];
     [ belong$1*-0.85344 ];

     imprel@0;
     person@0;
     confidence@0;
     belong@0;
     pray@0;
     attend@0;
     rel_b*1.13445;



     Beginning Time:  14:20:43
        Ending Time:  14:41:51
       Elapsed Time:  00:21:08



MUTHEN & MUTHEN
3463 Stoner Ave.
Los Angeles, CA  90066

Tel: (310) 391-9971
Fax: (310) 391-8971
Web: www.StatModel.com
Support: Support@StatModel.com

Copyright (c) 1998-2019 Muthen & Muthen
