Mplus VERSION 8.4 (Mac)
MUTHEN & MUTHEN
02/08/2023   4:23 PM

INPUT INSTRUCTIONS

  TITLE: MLR dat4;

  DATA:
  FILE = mlsem_dat4.dat;

  VARIABLE:
  NAMES = country imprel confidence belong attend pray person year code RCCHR RCMUSLIM
       RCASIAN RCOTHER COMMALL RRI RLI ZAFRICA ZLA ZINDIC ZSINIC ZNWEST ZISLAM ZORT
       ZEUWEST;
  USEVARIABLES = country imprel person confidence pray attend belong;
  MISSING = .;

  CLUSTER = country;
  CATEGORICAL = imprel person confidence belong;

  ANALYSIS:
  ESTIMATOR = MLR;
  TYPE = TWOLEVEL;
  LINK = PROBIT;

  MODEL:
  %WITHIN%
  Rel_W BY imprel person confidence pray attend belong;

  %BETWEEN%
  Rel_B BY imprel person confidence pray attend belong;
  imprel@0;
  person@0;
  confidence@0;
  pray@0;
  attend@0;
  belong@0;

  OUTPUT:
  SVALUES;



*** WARNING in VARIABLE command
  Note that only the first 8 characters of variable names are used in the output.
  Shorten variable names to avoid any confusion.
   1 WARNING(S) FOUND IN THE INPUT INSTRUCTIONS



MLR dat4;

SUMMARY OF ANALYSIS

Number of groups                                                 1
Number of observations                                       60019

Number of dependent variables                                    6
Number of independent variables                                  0
Number of continuous latent variables                            2

Observed dependent variables

  Continuous
   PRAY        ATTEND

  Binary and ordered categorical (ordinal)
   IMPREL      PERSON      CONFIDEN    BELONG

Continuous latent variables
   REL_W       REL_B

Variables with special functions

  Cluster variable      COUNTRY

Estimator                                                      MLR
Information matrix                                        OBSERVED
Optimization Specifications for the Quasi-Newton Algorithm for
Continuous Outcomes
  Maximum number of iterations                                 100
  Convergence criterion                                  0.100D-05
Optimization Specifications for the EM Algorithm
  Maximum number of iterations                                 500
  Convergence criteria
    Loglikelihood change                                 0.100D-02
    Relative loglikelihood change                        0.100D-05
    Derivative                                           0.100D-02
Optimization Specifications for the M step of the EM Algorithm for
Categorical Latent variables
  Number of M step iterations                                    1
  M step convergence criterion                           0.100D-02
  Basis for M step termination                           ITERATION
Optimization Specifications for the M step of the EM Algorithm for
Censored, Binary or Ordered Categorical (Ordinal), Unordered
Categorical (Nominal) and Count Outcomes
  Number of M step iterations                                    1
  M step convergence criterion                           0.100D-02
  Basis for M step termination                           ITERATION
  Maximum value for logit thresholds                            10
  Minimum value for logit thresholds                           -10
  Minimum expected cell size for chi-square              0.100D-01
Maximum number of iterations for H1                           2000
Convergence criterion for H1                             0.100D-03
Optimization algorithm                                         EMA
Integration Specifications
  Type                                                    STANDARD
  Number of integration points                                  15
  Dimensions of numerical integration                            2
  Adaptive quadrature                                           ON
Link                                                        PROBIT
Cholesky                                                        ON

Input data file(s)
  mlsem_dat4.dat
Input data format  FREE


SUMMARY OF DATA

     Number of missing data patterns             1
     Number of y missing data patterns           1
     Number of u missing data patterns           1
     Number of clusters                         42



COVARIANCE COVERAGE OF DATA

Minimum covariance coverage value   0.100


     PROPORTION OF DATA PRESENT FOR Y


           Covariance Coverage
              PRAY          ATTEND
              ________      ________
 PRAY           1.000
 ATTEND         1.000         1.000


UNIVARIATE PROPORTIONS AND COUNTS FOR CATEGORICAL VARIABLES

    IMPREL
      Category 1    0.184        11070.000
      Category 2    0.226        13546.000
      Category 3    0.241        14438.000
      Category 4    0.349        20965.000
    PERSON
      Category 1    0.390        23391.000
      Category 2    0.610        36628.000
    CONFIDEN
      Category 1    0.146         8773.000
      Category 2    0.293        17607.000
      Category 3    0.325        19523.000
      Category 4    0.235        14116.000
    BELONG
      Category 1    0.297        17838.000
      Category 2    0.703        42181.000



UNIVARIATE SAMPLE STATISTICS


     UNIVARIATE HIGHER-ORDER MOMENT DESCRIPTIVE STATISTICS

         Variable/         Mean/     Skewness/   Minimum/ % with                Percentiles
        Sample Size      Variance    Kurtosis    Maximum  Min/Max      20%/60%    40%/80%    Median

     PRAY                  4.774      -0.267       1.000   23.65%       1.000      4.000      6.000
           60019.000       7.544      -1.556       8.000   21.79%       6.000      8.000
     ATTEND                3.501       0.181       1.000   28.68%       1.000      2.000      4.000
           60019.000       4.502      -1.421       7.000    8.72%       4.000      6.000

     WARNING: THE MODEL ESTIMATION HAS REACHED A SADDLE POINT OR A POINT WHERE THE
     OBSERVED AND THE EXPECTED INFORMATION MATRICES DO NOT MATCH.
     AN ADJUSTMENT TO THE ESTIMATION OF THE INFORMATION MATRIX HAS BEEN MADE.
     THE CONDITION NUMBER IS      -0.179D+00.
     THE PROBLEM MAY ALSO BE RESOLVED BY TURNING OFF THE CHOLESKY OPTION OR
     BY DECREASING THE VALUE OF THE MCONVERGENCE OPTION OR BY CHANGING THE STARTING VALUES
     OR BY INCREASING THE NUMBER OF INTEGRATION POINTS OR BY USING THE MLF ESTIMATOR.


THE MODEL ESTIMATION TERMINATED NORMALLY



MODEL FIT INFORMATION

Number of Free Parameters                       24

Loglikelihood

          H0 Value                     -429176.596
          H0 Scaling Correction Factor     70.6460
            for MLR

Information Criteria

          Akaike (AIC)                  858401.193
          Bayesian (BIC)                858617.251
          Sample-Size Adjusted BIC      858540.978
            (n* = (n + 2) / 24)



MODEL RESULTS

                                                    Two-Tailed
                    Estimate       S.E.  Est./S.E.    P-Value

Within Level

 REL_W    BY
    IMPREL             1.000      0.000    999.000    999.000
    PERSON             1.076      0.047     22.888      0.000
    CONFIDENCE         0.599      0.033     18.084      0.000
    PRAY               1.506      0.063     23.917      0.000
    ATTEND             1.198      0.061     19.504      0.000
    BELONG             0.869      0.073     11.917      0.000

 Variances
    REL_W              1.307      0.162      8.059      0.000

 Residual Variances
    PRAY               2.469      0.130     19.037      0.000
    ATTEND             1.762      0.134     13.119      0.000

Between Level

 REL_B    BY
    IMPREL             1.000      0.000    999.000    999.000
    PERSON             0.652      0.062     10.487      0.000
    CONFIDENCE         0.429      0.057      7.479      0.000
    PRAY               1.385      0.052     26.460      0.000
    ATTEND             0.889      0.060     14.804      0.000
    BELONG             0.617      0.105      5.864      0.000

 Intercepts
    PRAY               4.378      0.062     71.178      0.000
    ATTEND             3.247      0.045     72.408      0.000

 Thresholds
    IMPREL$1          -1.470      0.056    -26.303      0.000
    IMPREL$2          -0.122      0.029     -4.189      0.000
    IMPREL$3           1.086      0.032     34.005      0.000
    PERSON$1          -0.284      0.079     -3.575      0.000
    CONFIDEN$1        -1.250      0.067    -18.607      0.000
    CONFIDEN$2        -0.078      0.067     -1.164      0.244
    CONFIDEN$3         1.073      0.076     14.180      0.000
    BELONG$1          -0.664      0.099     -6.673      0.000

 Variances
    REL_B              1.274      0.236      5.394      0.000

 Residual Variances
    IMPREL             0.000      0.000    999.000    999.000
    PERSON             0.000      0.000    999.000    999.000
    CONFIDENCE         0.000      0.000    999.000    999.000
    BELONG             0.000      0.000    999.000    999.000
    PRAY               0.000      0.000    999.000    999.000
    ATTEND             0.000      0.000    999.000    999.000


RESULTS IN PROBABILITY SCALE

                    Estimate

Within Level


Between Level

 IMPREL
    Category 1         0.219
    Category 2         0.256
    Category 3         0.243
    Category 4         0.283
 PERSON
    Category 1         0.435
    Category 2         0.565
 CONFIDEN
    Category 1         0.169
    Category 2         0.307
    Category 3         0.319
    Category 4         0.205
 BELONG
    Category 1         0.336
    Category 2         0.664


QUALITY OF NUMERICAL RESULTS

     Condition Number for the Information Matrix             -0.179E+00
       (ratio of smallest to largest eigenvalue)


MODEL COMMAND WITH FINAL ESTIMATES USED AS STARTING VALUES

     %WITHIN%

     rel_w BY imprel@1;
     rel_w BY person*1.07552;
     rel_w BY confidence*0.59873;
     rel_w BY pray*1.50588;
     rel_w BY attend*1.19780;
     rel_w BY belong*0.86890;

     pray*2.46912;
     attend*1.76173;
     rel_w*1.30738;

     %BETWEEN%

     rel_b BY imprel@1;
     rel_b BY person*0.65237;
     rel_b BY confidence*0.42867;
     rel_b BY pray*1.38452;
     rel_b BY attend*0.88931;
     rel_b BY belong*0.61705;

     [ pray*4.37791 ];
     [ attend*3.24708 ];

     [ imprel$1*-1.46994 ];
     [ imprel$2*-0.12168 ];
     [ imprel$3*1.08612 ];
     [ person$1*-0.28397 ];
     [ confidence$1*-1.24977 ];
     [ confidence$2*-0.07841 ];
     [ confidence$3*1.07333 ];
     [ belong$1*-0.66364 ];

     imprel@0;
     person@0;
     confidence@0;
     belong@0;
     pray@0;
     attend@0;
     rel_b*1.27390;



     Beginning Time:  16:23:06
        Ending Time:  16:31:03
       Elapsed Time:  00:07:57



MUTHEN & MUTHEN
3463 Stoner Ave.
Los Angeles, CA  90066

Tel: (310) 391-9971
Fax: (310) 391-8971
Web: www.StatModel.com
Support: Support@StatModel.com

Copyright (c) 1998-2019 Muthen & Muthen
