Mplus VERSION 8.4 (Mac)
MUTHEN & MUTHEN
02/18/2023   6:47 PM

INPUT INSTRUCTIONS

  TITLE: M2 dat5;

  DATA:
  FILE = mlsem_dat5.dat;

  VARIABLE:
  NAMES = country imprel confidence belong attend pray person year code RCCHR RCMUSLIM
       RCASIAN RCOTHER COMMALL RRI RLI ZAFRICA ZLA ZINDIC ZSINIC ZNWEST ZISLAM ZORT
       ZEUWEST;
  USEVARIABLES = country imprel person confidence pray attend belong
       RCMUSLIM RCASIAN RCOTHER COMMALL RRI RLI;
  MISSING = .;

  BETWEEN = RCMUSLIM RCASIAN RCOTHER COMMALL RRI RLI;
  CLUSTER = country;
  CATEGORICAL = imprel confidence belong person;

  ANALYSIS:
  ESTIMATOR = BAYES;
  PROCESSORS = 2;
  TYPE = TWOLEVEL RANDOM;
  THIN = 20;
  FBITERATIONS = 10000;

  MODEL:
  %WITHIN%
  Rel_W BY imprel person confidence pray belong;
  Res1_W BY pray@1 attend@1;
  Res2_W BY person@1 belong@1;
  Res1_W WITH Rel_W@0;
  Res2_W WITH Rel_W@0;
  Res1_W WITH Res2_W@0;

  SLOPE | attend ON Rel_W;

  %BETWEEN%
  Rel_B BY imprel person confidence pray attend belong;
  Res1_B BY pray@1 attend@1;
  Res2_B BY person@1 belong@1;
  Res1_B WITH Rel_B@0;
  Res2_B WITH Rel_B@0;
  Res1_B WITH Res2_B@0;

  SLOPE ON RCMUSLIM RCASIAN RCOTHER COMMALL RRI RLI;

  [imprel$1] (t1);
  [imprel$2] (t2);
  [imprel$3] (t3);
  [confidence$1] (t4);
  [confidence$2] (t5);
  [confidence$3] (t6);

  MODEL PRIORS:
  t1 ~ N(-1.764, 0.001);
  t2 ~ N(-0.430, 0.001);
  t3 ~ N(0.765, 0.001);
  t4 ~ N(-1.383, 0.001);
  t5 ~ N(-0.211, 0.001);
  t6 ~ N(0.942, 0.001);

  OUTPUT:
  TECH8;

  PLOT:
  TYPE = PLOT2;

  SAVEDATA:
  BPARAMETERS = parameters.dat;



*** WARNING in VARIABLE command
  Note that only the first 8 characters of variable names are used in the output.
  Shorten variable names to avoid any confusion.
*** WARNING in PLOT command
  Note that only the first 8 characters of variable names are used in plots.
  If variable names are not unique within the first 8 characters, problems
  may occur.
   2 WARNING(S) FOUND IN THE INPUT INSTRUCTIONS



M2 dat5;

SUMMARY OF ANALYSIS

Number of groups                                                 1
Number of observations                                       60019

Number of dependent variables                                    6
Number of independent variables                                  6
Number of continuous latent variables                            7

Observed dependent variables

  Continuous
   PRAY        ATTEND

  Binary and ordered categorical (ordinal)
   IMPREL      PERSON      CONFIDEN    BELONG

Observed independent variables
   RCMUSLIM    RCASIAN     RCOTHER     COMMALL     RRI         RLI

Continuous latent variables
   REL_W       RES1_W      RES2_W      REL_B       RES1_B      RES2_B
   SLOPE

Variables with special functions

  Cluster variable      COUNTRY

  Between variables
   RCMUSLIM    RCASIAN     RCOTHER     COMMALL     RRI         RLI


Estimator                                                    BAYES
Specifications for Bayesian Estimation
  Point estimate                                            MEDIAN
  Number of Markov chain Monte Carlo (MCMC) chains               2
  Random seed for the first chain                                0
  Starting value information                           UNPERTURBED
  Algorithm used for Markov chain Monte Carlo           GIBBS(PX1)
  Fixed number of iterations                                 10000
  K-th iteration used for thinning                              20
Link                                                        PROBIT

Input data file(s)
  mlsem_dat5.dat
Input data format  FREE


SUMMARY OF DATA

     Number of clusters                         42

       Size (s)    Cluster ID with Size s

        250        14
        447        30
        999        38
       1000        10 40
       1003        2
       1004        1
       1046        33
       1057        28
       1069        36
       1189        37
       1190        41
       1200        35 23 12 29 11 18 42
       1203        19
       1222        15
       1223        3
       1257        31
       1266        22
       1276        21
       1313        24
       1499        20
       1520        9
       1533        13
       1535        5
       1552        16
       1638        26
       1739        25
       1762        7
       1810        32
       1813        4
       1902        27
       2012        34
       2067        6
       2596        39
       2609        17
       4018        8



COVARIANCE COVERAGE OF DATA

Minimum covariance coverage value   0.100

     Number of missing data patterns             1


     PROPORTION OF DATA PRESENT


           Covariance Coverage
              IMPREL        PERSON        CONFIDEN      BELONG        PRAY
              ________      ________      ________      ________      ________
 IMPREL         1.000
 PERSON         1.000         1.000
 CONFIDEN       1.000         1.000         1.000
 BELONG         1.000         1.000         1.000         1.000
 PRAY           1.000         1.000         1.000         1.000         1.000
 ATTEND         1.000         1.000         1.000         1.000         1.000
 RCMUSLIM       1.000         1.000         1.000         1.000         1.000
 RCASIAN        1.000         1.000         1.000         1.000         1.000
 RCOTHER        1.000         1.000         1.000         1.000         1.000
 COMMALL        1.000         1.000         1.000         1.000         1.000
 RRI            1.000         1.000         1.000         1.000         1.000
 RLI            1.000         1.000         1.000         1.000         1.000


           Covariance Coverage
              ATTEND        RCMUSLIM      RCASIAN       RCOTHER       COMMALL
              ________      ________      ________      ________      ________
 ATTEND         1.000
 RCMUSLIM       1.000         1.000
 RCASIAN        1.000         1.000         1.000
 RCOTHER        1.000         1.000         1.000         1.000
 COMMALL        1.000         1.000         1.000         1.000         1.000
 RRI            1.000         1.000         1.000         1.000         1.000
 RLI            1.000         1.000         1.000         1.000         1.000


           Covariance Coverage
              RRI           RLI
              ________      ________
 RRI            1.000
 RLI            1.000         1.000


UNIVARIATE PROPORTIONS AND COUNTS FOR CATEGORICAL VARIABLES

    IMPREL
      Category 1    0.184        11073.000
      Category 2    0.226        13538.000
      Category 3    0.241        14442.000
      Category 4    0.349        20966.000
    PERSON
      Category 1    0.390        23395.000
      Category 2    0.610        36624.000
    CONFIDEN
      Category 1    0.146         8791.000
      Category 2    0.294        17623.000
      Category 3    0.325        19523.000
      Category 4    0.235        14082.000
    BELONG
      Category 1    0.297        17823.000
      Category 2    0.703        42196.000



UNIVARIATE SAMPLE STATISTICS


     UNIVARIATE HIGHER-ORDER MOMENT DESCRIPTIVE STATISTICS

         Variable/         Mean/     Skewness/   Minimum/ % with                Percentiles
        Sample Size      Variance    Kurtosis    Maximum  Min/Max      20%/60%    40%/80%    Median

     PRAY                  4.774      -0.267       1.000   23.67%       1.000      4.000      6.000
           60019.000       7.547      -1.556       8.000   21.82%       6.000      8.000
     ATTEND                3.502       0.180       1.000   28.65%       1.000      2.000      4.000
           60019.000       4.499      -1.421       7.000    8.71%       4.000      6.000
     RCMUSLIM             10.800       2.712       0.008    2.38%       0.049      0.621      2.309
              42.000     536.166       6.176      98.831    2.38%       2.768     10.554
     RCASIAN               4.401       3.225       0.000    4.76%       0.023      0.071      0.147
              42.000     138.067       9.547      54.805    2.38%       0.203      1.872
     RCOTHER              23.245       1.378       0.878    2.38%       4.549     10.138     15.725
              42.000     474.301       1.667      94.074    2.38%      24.344     39.463
     COMMALL               0.333       0.707       0.000   66.67%       0.000      0.000      0.000
              42.000       0.222      -1.500       1.000   33.33%       0.000      1.000
     RRI                  10.357       1.891       0.000    4.76%       2.000      5.000      6.000
              42.000     148.849       3.125      55.000    2.38%       7.000     17.000
     RLI                   9.500       2.756       3.000    4.76%       5.000      7.000      8.000
              42.000      44.107       8.354      36.000    2.38%       9.000     13.000


THE MODEL ESTIMATION TERMINATED NORMALLY

     USE THE FBITERATIONS OPTION TO INCREASE THE NUMBER OF ITERATIONS BY A FACTOR
     OF AT LEAST TWO TO CHECK CONVERGENCE AND THAT THE PSR VALUE DOES NOT INCREASE.



MODEL FIT INFORMATION

Number of Free Parameters                              41



MODEL RESULTS

                                Posterior  One-Tailed         95% C.I.
                    Estimate       S.D.      P-Value   Lower 2.5%  Upper 2.5%  Significance

Within Level

 REL_W    BY
    IMPREL             1.000       0.000      0.000       1.000       1.000
    PERSON             1.232       0.019      0.000       1.197       1.269      *
    CONFIDENCE         0.613       0.007      0.000       0.599       0.627      *
    PRAY               1.281       0.014      0.000       1.254       1.307      *
    BELONG             1.036       0.016      0.000       1.006       1.067      *

 RES1_W   BY
    PRAY               1.000       0.000      0.000       1.000       1.000
    ATTEND             1.000       0.000      0.000       1.000       1.000

 RES2_W   BY
    PERSON             1.000       0.000      0.000       1.000       1.000
    BELONG             1.000       0.000      0.000       1.000       1.000

 RES1_W   WITH
    REL_W              0.000       0.000      1.000       0.000       0.000
    RES2_W             0.000       0.000      1.000       0.000       0.000

 RES2_W   WITH
    REL_W              0.000       0.000      1.000       0.000       0.000

 Variances
    REL_W              1.554       0.028      0.000       1.501       1.609      *
    RES1_W             0.590       0.014      0.000       0.562       0.618      *
    RES2_W             0.264       0.021      0.000       0.226       0.307      *

 Residual Variances
    PRAY               2.155       0.018      0.000       2.120       2.191      *
    ATTEND             1.295       0.013      0.000       1.269       1.321      *

Between Level

 REL_B    BY
    IMPREL             1.000       0.000      0.000       1.000       1.000
    PERSON             0.743       0.086      0.000       0.573       0.914      *
    CONFIDENCE         0.451       0.048      0.000       0.356       0.545      *
    PRAY               1.275       0.065      0.000       1.149       1.406      *
    ATTEND             0.791       0.066      0.000       0.662       0.924      *
    BELONG             0.844       0.130      0.000       0.586       1.096      *

 RES1_B   BY
    PRAY               1.000       0.000      0.000       1.000       1.000
    ATTEND             1.000       0.000      0.000       1.000       1.000

 RES2_B   BY
    PERSON             1.000       0.000      0.000       1.000       1.000
    BELONG             1.000       0.000      0.000       1.000       1.000

 SLOPE      ON
    RCMUSLIM          -0.001       0.002      0.276      -0.005       0.003
    RCASIAN            0.001       0.003      0.322      -0.004       0.006
    RCOTHER           -0.001       0.002      0.325      -0.004       0.003
    COMMALL           -0.196       0.072      0.004      -0.340      -0.055      *
    RRI                0.002       0.004      0.243      -0.005       0.009
    RLI               -0.004       0.005      0.197      -0.015       0.006

 RES1_B   WITH
    REL_B              0.000       0.000      1.000       0.000       0.000
    RES2_B             0.000       0.000      1.000       0.000       0.000

 RES2_B   WITH
    REL_B              0.000       0.000      1.000       0.000       0.000

 Intercepts
    PRAY               4.739       0.075      0.000       4.591       4.888      *
    ATTEND             3.494       0.077      0.000       3.344       3.644      *
    SLOPE              1.107       0.070      0.000       0.970       1.247      *

 Thresholds
    IMPREL$1          -1.843       0.020      0.000      -1.882      -1.804      *
    IMPREL$2          -0.431       0.018      0.000      -0.467      -0.396      *
    IMPREL$3           0.842       0.019      0.000       0.804       0.880      *
    PERSON$1          -0.607       0.099      0.000      -0.800      -0.412      *
    CONFIDEN$1        -1.475       0.018      0.000      -1.511      -1.439      *
    CONFIDEN$2        -0.207       0.018      0.000      -0.242      -0.172      *
    CONFIDEN$3         1.031       0.018      0.000       0.995       1.067      *
    BELONG$1          -1.225       0.148      0.000      -1.522      -0.935      *

 Variances
    REL_B              1.439       0.353      0.000       0.951       2.338      *
    RES1_B             0.059       0.039      0.000       0.007       0.156      *
    RES2_B             0.224       0.102      0.000       0.057       0.466      *

 Residual Variances
    IMPREL             0.012       0.015      0.000       0.000       0.055      *
    PERSON             0.141       0.092      0.000       0.014       0.364      *
    CONFIDENCE         0.117       0.030      0.000       0.075       0.191      *
    BELONG             0.657       0.192      0.000       0.391       1.136      *
    PRAY               0.120       0.049      0.000       0.048       0.238      *
    ATTEND             0.154       0.053      0.000       0.078       0.284      *
    SLOPE              0.035       0.010      0.000       0.022       0.061      *


TECHNICAL 1 OUTPUT


     PARAMETER SPECIFICATION FOR WITHIN


           TAU
              IMPREL$1      IMPREL$2      IMPREL$3      PERSON$1      CONFIDEN
              ________      ________      ________      ________      ________
                    0             0             0             0             0


           TAU
              CONFIDEN      CONFIDEN      BELONG$1
              ________      ________      ________
                    0             0             0


           NU
              IMPREL        PERSON        CONFIDEN      BELONG        PRAY
              ________      ________      ________      ________      ________
                    0             0             0             0             0


           NU
              ATTEND
              ________
                    0


           LAMBDA
              REL_W         RES1_W        RES2_W        ATTEND
              ________      ________      ________      ________
 IMPREL             0             0             0             0
 PERSON             1             0             0             0
 CONFIDEN           2             0             0             0
 BELONG             3             0             0             0
 PRAY               4             0             0             0
 ATTEND             0             0             0             0


           THETA
              IMPREL        PERSON        CONFIDEN      BELONG        PRAY
              ________      ________      ________      ________      ________
 IMPREL             0
 PERSON             0             0
 CONFIDEN           0             0             0
 BELONG             0             0             0             0
 PRAY               0             0             0             0             5
 ATTEND             0             0             0             0             0


           THETA
              ATTEND
              ________
 ATTEND             0


           ALPHA
              REL_W         RES1_W        RES2_W        ATTEND
              ________      ________      ________      ________
                    0             0             0             0


           BETA
              REL_W         RES1_W        RES2_W        ATTEND
              ________      ________      ________      ________
 REL_W              0             0             0             0
 RES1_W             0             0             0             0
 RES2_W             0             0             0             0
 ATTEND             0             0             0             0


           PSI
              REL_W         RES1_W        RES2_W        ATTEND
              ________      ________      ________      ________
 REL_W              6
 RES1_W             0             7
 RES2_W             0             0             8
 ATTEND             0             0             0             9


     PARAMETER SPECIFICATION FOR BETWEEN


           TAU
              IMPREL$1      IMPREL$2      IMPREL$3      PERSON$1      CONFIDEN
              ________      ________      ________      ________      ________
                   34            35            36            37            38


           TAU
              CONFIDEN      CONFIDEN      BELONG$1
              ________      ________      ________
                   39            40            41


           NU
              IMPREL        PERSON        CONFIDEN      BELONG        PRAY
              ________      ________      ________      ________      ________
                    0             0             0             0            10


           NU
              ATTEND        RCMUSLIM      RCASIAN       RCOTHER       COMMALL
              ________      ________      ________      ________      ________
                    0             0             0             0             0


           NU
              RRI           RLI
              ________      ________
                    0             0


           LAMBDA
              REL_B         RES1_B        RES2_B        SLOPE         ATTEND
              ________      ________      ________      ________      ________
 IMPREL             0             0             0             0             0
 PERSON            11             0             0             0             0
 CONFIDEN          12             0             0             0             0
 BELONG            13             0             0             0             0
 PRAY              14             0             0             0             0
 ATTEND             0             0             0             0             0
 RCMUSLIM           0             0             0             0             0
 RCASIAN            0             0             0             0             0
 RCOTHER            0             0             0             0             0
 COMMALL            0             0             0             0             0
 RRI                0             0             0             0             0
 RLI                0             0             0             0             0


           LAMBDA
              RCMUSLIM      RCASIAN       RCOTHER       COMMALL       RRI
              ________      ________      ________      ________      ________
 IMPREL             0             0             0             0             0
 PERSON             0             0             0             0             0
 CONFIDEN           0             0             0             0             0
 BELONG             0             0             0             0             0
 PRAY               0             0             0             0             0
 ATTEND             0             0             0             0             0
 RCMUSLIM           0             0             0             0             0
 RCASIAN            0             0             0             0             0
 RCOTHER            0             0             0             0             0
 COMMALL            0             0             0             0             0
 RRI                0             0             0             0             0
 RLI                0             0             0             0             0


           LAMBDA
              RLI
              ________
 IMPREL             0
 PERSON             0
 CONFIDEN           0
 BELONG             0
 PRAY               0
 ATTEND             0
 RCMUSLIM           0
 RCASIAN            0
 RCOTHER            0
 COMMALL            0
 RRI                0
 RLI                0


           THETA
              IMPREL        PERSON        CONFIDEN      BELONG        PRAY
              ________      ________      ________      ________      ________
 IMPREL            15
 PERSON             0            16
 CONFIDEN           0             0            17
 BELONG             0             0             0            18
 PRAY               0             0             0             0            19
 ATTEND             0             0             0             0             0
 RCMUSLIM           0             0             0             0             0
 RCASIAN            0             0             0             0             0
 RCOTHER            0             0             0             0             0
 COMMALL            0             0             0             0             0
 RRI                0             0             0             0             0
 RLI                0             0             0             0             0


           THETA
              ATTEND        RCMUSLIM      RCASIAN       RCOTHER       COMMALL
              ________      ________      ________      ________      ________
 ATTEND             0
 RCMUSLIM           0             0
 RCASIAN            0             0             0
 RCOTHER            0             0             0             0
 COMMALL            0             0             0             0             0
 RRI                0             0             0             0             0
 RLI                0             0             0             0             0


           THETA
              RRI           RLI
              ________      ________
 RRI                0
 RLI                0             0


           ALPHA
              REL_B         RES1_B        RES2_B        SLOPE         ATTEND
              ________      ________      ________      ________      ________
                    0             0             0            20            21


           ALPHA
              RCMUSLIM      RCASIAN       RCOTHER       COMMALL       RRI
              ________      ________      ________      ________      ________
                    0             0             0             0             0


           ALPHA
              RLI
              ________
                    0


           BETA
              REL_B         RES1_B        RES2_B        SLOPE         ATTEND
              ________      ________      ________      ________      ________
 REL_B              0             0             0             0             0
 RES1_B             0             0             0             0             0
 RES2_B             0             0             0             0             0
 SLOPE              0             0             0             0             0
 ATTEND            28             0             0             0             0
 RCMUSLIM           0             0             0             0             0
 RCASIAN            0             0             0             0             0
 RCOTHER            0             0             0             0             0
 COMMALL            0             0             0             0             0
 RRI                0             0             0             0             0
 RLI                0             0             0             0             0


           BETA
              RCMUSLIM      RCASIAN       RCOTHER       COMMALL       RRI
              ________      ________      ________      ________      ________
 REL_B              0             0             0             0             0
 RES1_B             0             0             0             0             0
 RES2_B             0             0             0             0             0
 SLOPE             22            23            24            25            26
 ATTEND             0             0             0             0             0
 RCMUSLIM           0             0             0             0             0
 RCASIAN            0             0             0             0             0
 RCOTHER            0             0             0             0             0
 COMMALL            0             0             0             0             0
 RRI                0             0             0             0             0
 RLI                0             0             0             0             0


           BETA
              RLI
              ________
 REL_B              0
 RES1_B             0
 RES2_B             0
 SLOPE             27
 ATTEND             0
 RCMUSLIM           0
 RCASIAN            0
 RCOTHER            0
 COMMALL            0
 RRI                0
 RLI                0


           PSI
              REL_B         RES1_B        RES2_B        SLOPE         ATTEND
              ________      ________      ________      ________      ________
 REL_B             29
 RES1_B             0            30
 RES2_B             0             0            31
 SLOPE              0             0             0            32
 ATTEND             0             0             0             0            33
 RCMUSLIM           0             0             0             0             0
 RCASIAN            0             0             0             0             0
 RCOTHER            0             0             0             0             0
 COMMALL            0             0             0             0             0
 RRI                0             0             0             0             0
 RLI                0             0             0             0             0


           PSI
              RCMUSLIM      RCASIAN       RCOTHER       COMMALL       RRI
              ________      ________      ________      ________      ________
 RCMUSLIM           0
 RCASIAN            0             0
 RCOTHER            0             0             0
 COMMALL            0             0             0             0
 RRI                0             0             0             0             0
 RLI                0             0             0             0             0


           PSI
              RLI
              ________
 RLI                0


     STARTING VALUES FOR WITHIN


           TAU
              IMPREL$1      IMPREL$2      IMPREL$3      PERSON$1      CONFIDEN
              ________      ________      ________      ________      ________
                0.000         0.000         0.000         0.000         0.000


           TAU
              CONFIDEN      CONFIDEN      BELONG$1
              ________      ________      ________
                0.000         0.000         0.000


           NU
              IMPREL        PERSON        CONFIDEN      BELONG        PRAY
              ________      ________      ________      ________      ________
                0.000         0.000         0.000         0.000         0.000


           NU
              ATTEND
              ________
                0.000


           LAMBDA
              REL_W         RES1_W        RES2_W        ATTEND
              ________      ________      ________      ________
 IMPREL         1.000         0.000         0.000         0.000
 PERSON         1.000         0.000         1.000         0.000
 CONFIDEN       1.000         0.000         0.000         0.000
 BELONG         1.000         0.000         1.000         0.000
 PRAY           1.000         1.000         0.000         0.000
 ATTEND         0.000         0.000         0.000         1.000


           THETA
              IMPREL        PERSON        CONFIDEN      BELONG        PRAY
              ________      ________      ________      ________      ________
 IMPREL         1.000
 PERSON         0.000         1.000
 CONFIDEN       0.000         0.000         1.000
 BELONG         0.000         0.000         0.000         1.000
 PRAY           0.000         0.000         0.000         0.000         3.773
 ATTEND         0.000         0.000         0.000         0.000         0.000


           THETA
              ATTEND
              ________
 ATTEND         0.000


           ALPHA
              REL_W         RES1_W        RES2_W        ATTEND
              ________      ________      ________      ________
                0.000         0.000         0.000         0.000


           BETA
              REL_W         RES1_W        RES2_W        ATTEND
              ________      ________      ________      ________
 REL_W          0.000         0.000         0.000         0.000
 RES1_W         0.000         0.000         0.000         0.000
 RES2_W         0.000         0.000         0.000         0.000
 ATTEND         0.000         1.000         0.000         0.000


           PSI
              REL_W         RES1_W        RES2_W        ATTEND
              ________      ________      ________      ________
 REL_W          1.000
 RES1_W         0.000         1.000
 RES2_W         0.000         0.000         1.000
 ATTEND         0.000         0.000         0.000         2.250


     STARTING VALUES FOR BETWEEN


           TAU
              IMPREL$1      IMPREL$2      IMPREL$3      PERSON$1      CONFIDEN
              ________      ________      ________      ________      ________
               -0.826        -0.202         0.346        -0.249        -0.979


           TAU
              CONFIDEN      CONFIDEN      BELONG$1
              ________      ________      ________
               -0.134         0.657        -0.479


           NU
              IMPREL        PERSON        CONFIDEN      BELONG        PRAY
              ________      ________      ________      ________      ________
                0.000         0.000         0.000         0.000         4.774


           NU
              ATTEND        RCMUSLIM      RCASIAN       RCOTHER       COMMALL
              ________      ________      ________      ________      ________
                0.000         0.000         0.000         0.000         0.000


           NU
              RRI           RLI
              ________      ________
                0.000         0.000


           LAMBDA
              REL_B         RES1_B        RES2_B        SLOPE         ATTEND
              ________      ________      ________      ________      ________
 IMPREL         1.000         0.000         0.000         0.000         0.000
 PERSON         1.000         0.000         1.000         0.000         0.000
 CONFIDEN       1.000         0.000         0.000         0.000         0.000
 BELONG         1.000         0.000         1.000         0.000         0.000
 PRAY           1.000         1.000         0.000         0.000         0.000
 ATTEND         0.000         0.000         0.000         0.000         1.000
 RCMUSLIM       0.000         0.000         0.000         0.000         0.000
 RCASIAN        0.000         0.000         0.000         0.000         0.000
 RCOTHER        0.000         0.000         0.000         0.000         0.000
 COMMALL        0.000         0.000         0.000         0.000         0.000
 RRI            0.000         0.000         0.000         0.000         0.000
 RLI            0.000         0.000         0.000         0.000         0.000


           LAMBDA
              RCMUSLIM      RCASIAN       RCOTHER       COMMALL       RRI
              ________      ________      ________      ________      ________
 IMPREL         0.000         0.000         0.000         0.000         0.000
 PERSON         0.000         0.000         0.000         0.000         0.000
 CONFIDEN       0.000         0.000         0.000         0.000         0.000
 BELONG         0.000         0.000         0.000         0.000         0.000
 PRAY           0.000         0.000         0.000         0.000         0.000
 ATTEND         0.000         0.000         0.000         0.000         0.000
 RCMUSLIM       1.000         0.000         0.000         0.000         0.000
 RCASIAN        0.000         1.000         0.000         0.000         0.000
 RCOTHER        0.000         0.000         1.000         0.000         0.000
 COMMALL        0.000         0.000         0.000         1.000         0.000
 RRI            0.000         0.000         0.000         0.000         1.000
 RLI            0.000         0.000         0.000         0.000         0.000


           LAMBDA
              RLI
              ________
 IMPREL         0.000
 PERSON         0.000
 CONFIDEN       0.000
 BELONG         0.000
 PRAY           0.000
 ATTEND         0.000
 RCMUSLIM       0.000
 RCASIAN        0.000
 RCOTHER        0.000
 COMMALL        0.000
 RRI            0.000
 RLI            1.000


           THETA
              IMPREL        PERSON        CONFIDEN      BELONG        PRAY
              ________      ________      ________      ________      ________
 IMPREL         1.000
 PERSON         0.000         1.000
 CONFIDEN       0.000         0.000         1.000
 BELONG         0.000         0.000         0.000         1.000
 PRAY           0.000         0.000         0.000         0.000         3.773
 ATTEND         0.000         0.000         0.000         0.000         0.000
 RCMUSLIM       0.000         0.000         0.000         0.000         0.000
 RCASIAN        0.000         0.000         0.000         0.000         0.000
 RCOTHER        0.000         0.000         0.000         0.000         0.000
 COMMALL        0.000         0.000         0.000         0.000         0.000
 RRI            0.000         0.000         0.000         0.000         0.000
 RLI            0.000         0.000         0.000         0.000         0.000


           THETA
              ATTEND        RCMUSLIM      RCASIAN       RCOTHER       COMMALL
              ________      ________      ________      ________      ________
 ATTEND         0.000
 RCMUSLIM       0.000         0.000
 RCASIAN        0.000         0.000         0.000
 RCOTHER        0.000         0.000         0.000         0.000
 COMMALL        0.000         0.000         0.000         0.000         0.000
 RRI            0.000         0.000         0.000         0.000         0.000
 RLI            0.000         0.000         0.000         0.000         0.000


           THETA
              RRI           RLI
              ________      ________
 RRI            0.000
 RLI            0.000         0.000


           ALPHA
              REL_B         RES1_B        RES2_B        SLOPE         ATTEND
              ________      ________      ________      ________      ________
                0.000         0.000         0.000         0.000         3.502


           ALPHA
              RCMUSLIM      RCASIAN       RCOTHER       COMMALL       RRI
              ________      ________      ________      ________      ________
                0.000         0.000         0.000         0.000         0.000


           ALPHA
              RLI
              ________
                0.000


           BETA
              REL_B         RES1_B        RES2_B        SLOPE         ATTEND
              ________      ________      ________      ________      ________
 REL_B          0.000         0.000         0.000         0.000         0.000
 RES1_B         0.000         0.000         0.000         0.000         0.000
 RES2_B         0.000         0.000         0.000         0.000         0.000
 SLOPE          0.000         0.000         0.000         0.000         0.000
 ATTEND         1.000         1.000         0.000         0.000         0.000
 RCMUSLIM       0.000         0.000         0.000         0.000         0.000
 RCASIAN        0.000         0.000         0.000         0.000         0.000
 RCOTHER        0.000         0.000         0.000         0.000         0.000
 COMMALL        0.000         0.000         0.000         0.000         0.000
 RRI            0.000         0.000         0.000         0.000         0.000
 RLI            0.000         0.000         0.000         0.000         0.000


           BETA
              RCMUSLIM      RCASIAN       RCOTHER       COMMALL       RRI
              ________      ________      ________      ________      ________
 REL_B          0.000         0.000         0.000         0.000         0.000
 RES1_B         0.000         0.000         0.000         0.000         0.000
 RES2_B         0.000         0.000         0.000         0.000         0.000
 SLOPE          0.000         0.000         0.000         0.000         0.000
 ATTEND         0.000         0.000         0.000         0.000         0.000
 RCMUSLIM       0.000         0.000         0.000         0.000         0.000
 RCASIAN        0.000         0.000         0.000         0.000         0.000
 RCOTHER        0.000         0.000         0.000         0.000         0.000
 COMMALL        0.000         0.000         0.000         0.000         0.000
 RRI            0.000         0.000         0.000         0.000         0.000
 RLI            0.000         0.000         0.000         0.000         0.000


           BETA
              RLI
              ________
 REL_B          0.000
 RES1_B         0.000
 RES2_B         0.000
 SLOPE          0.000
 ATTEND         0.000
 RCMUSLIM       0.000
 RCASIAN        0.000
 RCOTHER        0.000
 COMMALL        0.000
 RRI            0.000
 RLI            0.000


           PSI
              REL_B         RES1_B        RES2_B        SLOPE         ATTEND
              ________      ________      ________      ________      ________
 REL_B          1.000
 RES1_B         0.000         1.000
 RES2_B         0.000         0.000         1.000
 SLOPE          0.000         0.000         0.000         1.000
 ATTEND         0.000         0.000         0.000         0.000         2.250
 RCMUSLIM       0.000         0.000         0.000         0.000         0.000
 RCASIAN        0.000         0.000         0.000         0.000         0.000
 RCOTHER        0.000         0.000         0.000         0.000         0.000
 COMMALL        0.000         0.000         0.000         0.000         0.000
 RRI            0.000         0.000         0.000         0.000         0.000
 RLI            0.000         0.000         0.000         0.000         0.000


           PSI
              RCMUSLIM      RCASIAN       RCOTHER       COMMALL       RRI
              ________      ________      ________      ________      ________
 RCMUSLIM     254.233
 RCASIAN        0.000        79.798
 RCOTHER        0.000         0.000       220.882
 COMMALL        0.000         0.000         0.000         0.103
 RRI            0.000         0.000         0.000         0.000        69.930
 RLI            0.000         0.000         0.000         0.000         0.000


           PSI
              RLI
              ________
 RLI           21.741



     PRIORS FOR ALL PARAMETERS            PRIOR MEAN      PRIOR VARIANCE     PRIOR STD. DEV.

     Parameter 1~N(0.000,5.000)              0.0000              5.0000              2.2361
     Parameter 2~N(0.000,5.000)              0.0000              5.0000              2.2361
     Parameter 3~N(0.000,5.000)              0.0000              5.0000              2.2361
     Parameter 4~N(0.000,infinity)           0.0000            infinity            infinity
     Parameter 5~IG(-1.000,0.000)          infinity            infinity            infinity
     Parameter 6~IG(-1.000,0.000)          infinity            infinity            infinity
     Parameter 7~IG(-1.000,0.000)          infinity            infinity            infinity
     Parameter 8~IG(-1.000,0.000)          infinity            infinity            infinity
     Parameter 9~IG(-1.000,0.000)          infinity            infinity            infinity
     Parameter 10~N(0.000,infinity)          0.0000            infinity            infinity
     Parameter 11~N(0.000,5.000)             0.0000              5.0000              2.2361
     Parameter 12~N(0.000,5.000)             0.0000              5.0000              2.2361
     Parameter 13~N(0.000,5.000)             0.0000              5.0000              2.2361
     Parameter 14~N(0.000,infinity)          0.0000            infinity            infinity
     Parameter 15~IG(-1.000,0.000)         infinity            infinity            infinity
     Parameter 16~IG(-1.000,0.000)         infinity            infinity            infinity
     Parameter 17~IG(-1.000,0.000)         infinity            infinity            infinity
     Parameter 18~IG(-1.000,0.000)         infinity            infinity            infinity
     Parameter 19~IG(-1.000,0.000)         infinity            infinity            infinity
     Parameter 20~N(0.000,infinity)          0.0000            infinity            infinity
     Parameter 21~N(0.000,infinity)          0.0000            infinity            infinity
     Parameter 22~N(0.000,infinity)          0.0000            infinity            infinity
     Parameter 23~N(0.000,infinity)          0.0000            infinity            infinity
     Parameter 24~N(0.000,infinity)          0.0000            infinity            infinity
     Parameter 25~N(0.000,infinity)          0.0000            infinity            infinity
     Parameter 26~N(0.000,infinity)          0.0000            infinity            infinity
     Parameter 27~N(0.000,infinity)          0.0000            infinity            infinity
     Parameter 28~N(0.000,infinity)          0.0000            infinity            infinity
     Parameter 29~IG(-1.000,0.000)         infinity            infinity            infinity
     Parameter 30~IG(-1.000,0.000)         infinity            infinity            infinity
     Parameter 31~IG(-1.000,0.000)         infinity            infinity            infinity
     Parameter 32~IG(-1.000,0.000)         infinity            infinity            infinity
     Parameter 33~IG(-1.000,0.000)         infinity            infinity            infinity
     Parameter 34~N(-1.764,0.001)           -1.7640              0.0010              0.0316
     Parameter 35~N(-0.430,0.001)           -0.4300              0.0010              0.0316
     Parameter 36~N(0.765,0.001)             0.7650              0.0010              0.0316
     Parameter 37~N(0.000,5.000)             0.0000              5.0000              2.2361
     Parameter 38~N(-1.383,0.001)           -1.3830              0.0010              0.0316
     Parameter 39~N(-0.211,0.001)           -0.2110              0.0010              0.0316
     Parameter 40~N(0.942,0.001)             0.9420              0.0010              0.0316
     Parameter 41~N(0.000,5.000)             0.0000              5.0000              2.2361


TECHNICAL 8 OUTPUT


   TECHNICAL 8 OUTPUT FOR BAYES ESTIMATION

     CHAIN    BSEED
     1        0
     2        285380

                     POTENTIAL       PARAMETER WITH
     ITERATION    SCALE REDUCTION      HIGHEST PSR
     100              1.076               31
     200              1.065               8
     300              1.032               8
     400              1.024               34
     500              1.034               6
     600              1.053               6
     700              1.084               6
     800              1.098               4
     900              1.063               6
     1000             1.041               36
     1100             1.036               6
     1200             1.026               6
     1300             1.045               38
     1400             1.050               38
     1500             1.035               8
     1600             1.026               8
     1700             1.051               8
     1800             1.045               8
     1900             1.048               8
     2000             1.024               40
     2100             1.028               8
     2200             1.036               8
     2300             1.023               39
     2400             1.014               40
     2500             1.008               8
     2600             1.008               39
     2700             1.014               39
     2800             1.010               39
     2900             1.009               39
     3000             1.007               40
     3100             1.007               39
     3200             1.009               40
     3300             1.006               40
     3400             1.008               39
     3500             1.009               39
     3600             1.010               39
     3700             1.012               39
     3800             1.008               39
     3900             1.011               8
     4000             1.014               8
     4100             1.014               8
     4200             1.011               8
     4300             1.011               8
     4400             1.013               8
     4500             1.017               8
     4600             1.015               8
     4700             1.016               8
     4800             1.024               8
     4900             1.028               8
     5000             1.028               8
     5100             1.017               8
     5200             1.016               8
     5300             1.016               8
     5400             1.015               8
     5500             1.011               8
     5600             1.007               8
     5700             1.005               8
     5800             1.006               8
     5900             1.007               8
     6000             1.006               8
     6100             1.008               8
     6200             1.010               8
     6300             1.007               8
     6400             1.002               39
     6500             1.002               39
     6600             1.003               34
     6700             1.005               34
     6800             1.004               35
     6900             1.006               35
     7000             1.008               35
     7100             1.008               35
     7200             1.007               35
     7300             1.007               35
     7400             1.003               35
     7500             1.004               35
     7600             1.003               35
     7700             1.004               35
     7800             1.004               35
     7900             1.005               35
     8000             1.004               35
     8100             1.004               39
     8200             1.006               39
     8300             1.005               39
     8400             1.005               39
     8500             1.005               39
     8600             1.005               3
     8700             1.005               3
     8800             1.005               8
     8900             1.008               8
     9000             1.011               8
     9100             1.009               8
     9200             1.010               8
     9300             1.012               8
     9400             1.008               8
     9500             1.008               8
     9600             1.008               8
     9700             1.007               39
     9800             1.008               8
     9900             1.008               8
     10000            1.008               8


PLOT INFORMATION

The following plots are available:

  Sample proportions
  Bayesian posterior parameter distributions
  Bayesian posterior parameter trace plots
  Bayesian autocorrelation plots
  Bayesian prior parameter distributions

SAVEDATA INFORMATION


  Bayesian Parameters

  Save file
    parameters.dat
  Save format      Free

  Order of parameters saved

    Chain number
    Iteration number
    Parameter 1, %WITHIN%: REL_W BY PERSON
    Parameter 2, %WITHIN%: REL_W BY CONFIDENCE
    Parameter 3, %WITHIN%: REL_W BY BELONG
    Parameter 4, %WITHIN%: REL_W BY PRAY
    Parameter 5, %WITHIN%: PRAY
    Parameter 6, %WITHIN%: REL_W
    Parameter 7, %WITHIN%: RES1_W
    Parameter 8, %WITHIN%: RES2_W
    Parameter 9, %WITHIN%: ATTEND
    Parameter 10, %BETWEEN%: [ PRAY ]
    Parameter 11, %BETWEEN%: REL_B BY PERSON
    Parameter 12, %BETWEEN%: REL_B BY CONFIDENCE
    Parameter 13, %BETWEEN%: REL_B BY BELONG
    Parameter 14, %BETWEEN%: REL_B BY PRAY
    Parameter 15, %BETWEEN%: IMPREL
    Parameter 16, %BETWEEN%: PERSON
    Parameter 17, %BETWEEN%: CONFIDENCE
    Parameter 18, %BETWEEN%: BELONG
    Parameter 19, %BETWEEN%: PRAY
    Parameter 20, %BETWEEN%: [ SLOPE ]
    Parameter 21, %BETWEEN%: [ ATTEND ]
    Parameter 22, %BETWEEN%: SLOPE ON RCMUSLIM
    Parameter 23, %BETWEEN%: SLOPE ON RCASIAN
    Parameter 24, %BETWEEN%: SLOPE ON RCOTHER
    Parameter 25, %BETWEEN%: SLOPE ON COMMALL
    Parameter 26, %BETWEEN%: SLOPE ON RRI
    Parameter 27, %BETWEEN%: SLOPE ON RLI
    Parameter 28, %BETWEEN%: ATTEND ON REL_B
    Parameter 29, %BETWEEN%: REL_B
    Parameter 30, %BETWEEN%: RES1_B
    Parameter 31, %BETWEEN%: RES2_B
    Parameter 32, %BETWEEN%: SLOPE
    Parameter 33, %BETWEEN%: ATTEND
    Parameter 34, %BETWEEN%: [ IMPREL$1 ] (equality/label)
    Parameter 35, %BETWEEN%: [ IMPREL$2 ] (equality/label)
    Parameter 36, %BETWEEN%: [ IMPREL$3 ] (equality/label)
    Parameter 37, %BETWEEN%: [ PERSON$1 ]
    Parameter 38, %BETWEEN%: [ CONFIDENCE$1 ] (equality/label)
    Parameter 39, %BETWEEN%: [ CONFIDENCE$2 ] (equality/label)
    Parameter 40, %BETWEEN%: [ CONFIDENCE$3 ] (equality/label)
    Parameter 41, %BETWEEN%: [ BELONG$1 ]

     Beginning Time:  18:47:09
        Ending Time:  05:26:01
       Elapsed Time:  10:38:52



MUTHEN & MUTHEN
3463 Stoner Ave.
Los Angeles, CA  90066

Tel: (310) 391-9971
Fax: (310) 391-8971
Web: www.StatModel.com
Support: Support@StatModel.com

Copyright (c) 1998-2019 Muthen & Muthen
