Mplus VERSION 8.4 (Mac)
MUTHEN & MUTHEN
03/08/2023   8:03 PM

INPUT INSTRUCTIONS

  TITLE: M5 dat1 Default Priors;

  DATA:
  FILE = mlsem_dat1.dat;

  VARIABLE:
  NAMES = country imprel confidence belong attend pray person year code RCCHR RCMUSLIM
       RCASIAN RCOTHER COMMALL RRI RLI ZAFRICA ZLA ZINDIC ZSINIC ZNWEST ZISLAM ZORT
       ZEUWEST;
  USEVARIABLES = country imprel person confidence pray attend belong
       RCMUSLIM RCASIAN RCOTHER COMMALL;
  MISSING = .;

  BETWEEN = RCMUSLIM RCASIAN RCOTHER COMMALL;
  CLUSTER = country;
  CATEGORICAL = imprel confidence belong person;

  ANALYSIS:
  ESTIMATOR = BAYES;
  PROCESSORS = 2;
  TYPE = TWOLEVEL;
  THIN = 20;
  FBITERATIONS = 10000;

  MODEL:
  %WITHIN%
  Rel_W BY imprel person confidence pray attend belong;
  Res1_W BY pray@1 attend@1;
  Res2_W BY person@1 belong@1;
  Res1_W WITH Rel_W@0;
  Res2_W WITH Rel_W@0;
  Res1_W WITH Res2_W@0;

  %BETWEEN%
  Rel_B BY imprel person confidence pray attend belong;
  Res1_B BY pray@1 attend@1;
  Res2_B BY person@1 belong@1;
  Res1_B WITH Rel_B@0;
  Res2_B WITH Rel_B@0;
  Res1_B WITH Res2_B@0;

  attend ON RCMUSLIM RCASIAN RCOTHER COMMALL;

  OUTPUT:
  TECH8;

  PLOT:
  TYPE = PLOT2;

  SAVEDATA:
  BPARAMETERS = parameters.dat;



*** WARNING in VARIABLE command
  Note that only the first 8 characters of variable names are used in the output.
  Shorten variable names to avoid any confusion.
*** WARNING in PLOT command
  Note that only the first 8 characters of variable names are used in plots.
  If variable names are not unique within the first 8 characters, problems
  may occur.
   2 WARNING(S) FOUND IN THE INPUT INSTRUCTIONS



M5 dat1 Default Priors;

SUMMARY OF ANALYSIS

Number of groups                                                 1
Number of observations                                       60019

Number of dependent variables                                    6
Number of independent variables                                  4
Number of continuous latent variables                            6

Observed dependent variables

  Continuous
   PRAY        ATTEND

  Binary and ordered categorical (ordinal)
   IMPREL      PERSON      CONFIDEN    BELONG

Observed independent variables
   RCMUSLIM    RCASIAN     RCOTHER     COMMALL

Continuous latent variables
   REL_W       RES1_W      RES2_W      REL_B       RES1_B      RES2_B

Variables with special functions

  Cluster variable      COUNTRY

  Between variables
   RCMUSLIM    RCASIAN     RCOTHER     COMMALL


Estimator                                                    BAYES
Specifications for Bayesian Estimation
  Point estimate                                            MEDIAN
  Number of Markov chain Monte Carlo (MCMC) chains               2
  Random seed for the first chain                                0
  Starting value information                           UNPERTURBED
  Algorithm used for Markov chain Monte Carlo           GIBBS(PX1)
  Fixed number of iterations                                 10000
  K-th iteration used for thinning                              20
Link                                                        PROBIT

Input data file(s)
  mlsem_dat1.dat
Input data format  FREE


SUMMARY OF DATA

     Number of clusters                         42

       Size (s)    Cluster ID with Size s

        250        14
        447        30
        999        38
       1000        10 40
       1003        2
       1004        1
       1046        33
       1057        28
       1069        36
       1189        37
       1190        41
       1200        35 23 12 29 11 18 42
       1203        19
       1222        15
       1223        3
       1257        31
       1266        22
       1276        21
       1313        24
       1499        20
       1520        9
       1533        13
       1535        5
       1552        16
       1638        26
       1739        25
       1762        7
       1810        32
       1813        4
       1902        27
       2012        34
       2067        6
       2596        39
       2609        17
       4018        8



COVARIANCE COVERAGE OF DATA

Minimum covariance coverage value   0.100

     Number of missing data patterns             1


     PROPORTION OF DATA PRESENT


           Covariance Coverage
              IMPREL        PERSON        CONFIDEN      BELONG        PRAY
              ________      ________      ________      ________      ________
 IMPREL         1.000
 PERSON         1.000         1.000
 CONFIDEN       1.000         1.000         1.000
 BELONG         1.000         1.000         1.000         1.000
 PRAY           1.000         1.000         1.000         1.000         1.000
 ATTEND         1.000         1.000         1.000         1.000         1.000
 RCMUSLIM       1.000         1.000         1.000         1.000         1.000
 RCASIAN        1.000         1.000         1.000         1.000         1.000
 RCOTHER        1.000         1.000         1.000         1.000         1.000
 COMMALL        1.000         1.000         1.000         1.000         1.000


           Covariance Coverage
              ATTEND        RCMUSLIM      RCASIAN       RCOTHER       COMMALL
              ________      ________      ________      ________      ________
 ATTEND         1.000
 RCMUSLIM       1.000         1.000
 RCASIAN        1.000         1.000         1.000
 RCOTHER        1.000         1.000         1.000         1.000
 COMMALL        1.000         1.000         1.000         1.000         1.000


UNIVARIATE PROPORTIONS AND COUNTS FOR CATEGORICAL VARIABLES

    IMPREL
      Category 1    0.185        11081.000
      Category 2    0.226        13556.000
      Category 3    0.240        14425.000
      Category 4    0.349        20957.000
    PERSON
      Category 1    0.390        23397.000
      Category 2    0.610        36622.000
    CONFIDEN
      Category 1    0.147         8797.000
      Category 2    0.293        17596.000
      Category 3    0.326        19541.000
      Category 4    0.235        14085.000
    BELONG
      Category 1    0.297        17819.000
      Category 2    0.703        42200.000



UNIVARIATE SAMPLE STATISTICS


     UNIVARIATE HIGHER-ORDER MOMENT DESCRIPTIVE STATISTICS

         Variable/         Mean/     Skewness/   Minimum/ % with                Percentiles
        Sample Size      Variance    Kurtosis    Maximum  Min/Max      20%/60%    40%/80%    Median

     PRAY                  4.773      -0.266       1.000   23.66%       1.000      4.000      6.000
           60019.000       7.545      -1.557       8.000   21.81%       6.000      8.000
     ATTEND                3.501       0.181       1.000   28.69%       1.000      2.000      4.000
           60019.000       4.503      -1.422       7.000    8.72%       4.000      6.000
     RCMUSLIM             10.800       2.712       0.008    2.38%       0.049      0.621      2.309
              42.000     536.166       6.176      98.831    2.38%       2.768     10.554
     RCASIAN               4.401       3.225       0.000    4.76%       0.023      0.071      0.147
              42.000     138.067       9.547      54.805    2.38%       0.203      1.872
     RCOTHER              23.245       1.378       0.878    2.38%       4.549     10.138     15.725
              42.000     474.301       1.667      94.074    2.38%      24.344     39.463
     COMMALL               0.333       0.707       0.000   66.67%       0.000      0.000      0.000
              42.000       0.222      -1.500       1.000   33.33%       0.000      1.000


THE MODEL ESTIMATION TERMINATED NORMALLY

     USE THE FBITERATIONS OPTION TO INCREASE THE NUMBER OF ITERATIONS BY A FACTOR
     OF AT LEAST TWO TO CHECK CONVERGENCE AND THAT THE PSR VALUE DOES NOT INCREASE.



MODEL FIT INFORMATION

Number of Free Parameters                              38

Bayesian Posterior Predictive Checking using Chi-Square

          95% Confidence Interval for the Difference Between
          the Observed and the Replicated Chi-Square Values

                                577.444           716.135

          Posterior Predictive P-Value              0.000



MODEL RESULTS

                                Posterior  One-Tailed         95% C.I.
                    Estimate       S.D.      P-Value   Lower 2.5%  Upper 2.5%  Significance

Within Level

 REL_W    BY
    IMPREL             1.000       0.000      0.000       1.000       1.000
    PERSON             1.215       0.018      0.000       1.180       1.252      *
    CONFIDENCE         0.604       0.007      0.000       0.590       0.619      *
    PRAY               1.248       0.014      0.000       1.221       1.275      *
    ATTEND             0.960       0.011      0.000       0.939       0.981      *
    BELONG             1.001       0.015      0.000       0.971       1.032      *

 RES1_W   BY
    PRAY               1.000       0.000      0.000       1.000       1.000
    ATTEND             1.000       0.000      0.000       1.000       1.000

 RES2_W   BY
    PERSON             1.000       0.000      0.000       1.000       1.000
    BELONG             1.000       0.000      0.000       1.000       1.000

 RES1_W   WITH
    REL_W              0.000       0.000      1.000       0.000       0.000
    RES2_W             0.000       0.000      1.000       0.000       0.000

 RES2_W   WITH
    REL_W              0.000       0.000      1.000       0.000       0.000

 Variances
    REL_W              1.631       0.030      0.000       1.572       1.691      *
    RES1_W             0.612       0.014      0.000       0.584       0.640      *
    RES2_W             0.264       0.021      0.000       0.222       0.306      *

 Residual Variances
    PRAY               2.137       0.018      0.000       2.103       2.173      *
    ATTEND             1.350       0.013      0.000       1.324       1.376      *

Between Level

 REL_B    BY
    IMPREL             1.000       0.000      0.000       1.000       1.000
    PERSON             0.730       0.085      0.000       0.566       0.900      *
    CONFIDENCE         0.446       0.048      0.000       0.353       0.543      *
    PRAY               1.261       0.063      0.000       1.138       1.385      *
    ATTEND             0.801       0.093      0.000       0.623       0.984      *
    BELONG             0.821       0.126      0.000       0.575       1.070      *

 RES1_B   BY
    PRAY               1.000       0.000      0.000       1.000       1.000
    ATTEND             1.000       0.000      0.000       1.000       1.000

 RES2_B   BY
    PERSON             1.000       0.000      0.000       1.000       1.000
    BELONG             1.000       0.000      0.000       1.000       1.000

 ATTEND     ON
    RCMUSLIM          -0.005       0.003      0.084      -0.011       0.002
    RCASIAN            0.001       0.006      0.437      -0.011       0.013
    RCOTHER           -0.001       0.005      0.398      -0.011       0.008
    COMMALL            0.055       0.178      0.376      -0.292       0.408

 RES1_B   WITH
    REL_B              0.000       0.000      1.000       0.000       0.000
    RES2_B             0.000       0.000      1.000       0.000       0.000

 RES2_B   WITH
    REL_B              0.000       0.000      1.000       0.000       0.000

 Intercepts
    PRAY               4.848       0.236      0.000       4.161       5.203      *
    ATTEND             3.622       0.207      0.000       3.146       3.972      *

 Thresholds
    IMPREL$1          -1.969       0.181      0.000      -2.228      -1.438      *
    IMPREL$2          -0.529       0.181      0.027      -0.788       0.007
    IMPREL$3           0.765       0.181      0.000       0.510       1.304      *
    PERSON$1          -0.676       0.163      0.001      -0.944      -0.262      *
    CONFIDEN$1        -1.513       0.092      0.000      -1.655      -1.279      *
    CONFIDEN$2        -0.236       0.092      0.023      -0.376      -0.002      *
    CONFIDEN$3         1.010       0.092      0.000       0.871       1.245      *
    BELONG$1          -1.286       0.210      0.000      -1.652      -0.803      *

 Variances
    REL_B              1.513       0.378      0.000       0.990       2.452      *
    RES1_B             0.051       0.041      0.000       0.003       0.157      *
    RES2_B             0.218       0.102      0.000       0.051       0.446      *

 Residual Variances
    IMPREL             0.013       0.016      0.000       0.001       0.060      *
    PERSON             0.153       0.093      0.000       0.019       0.380      *
    CONFIDENCE         0.122       0.032      0.000       0.079       0.201      *
    BELONG             0.645       0.188      0.000       0.377       1.116      *
    PRAY               0.119       0.052      0.000       0.036       0.237      *
    ATTEND             0.169       0.058      0.000       0.088       0.312      *


TECHNICAL 1 OUTPUT


     PARAMETER SPECIFICATION FOR WITHIN


           TAU
              IMPREL$1      IMPREL$2      IMPREL$3      PERSON$1      CONFIDEN
              ________      ________      ________      ________      ________
                    0             0             0             0             0


           TAU
              CONFIDEN      CONFIDEN      BELONG$1
              ________      ________      ________
                    0             0             0


           NU
              IMPREL        PERSON        CONFIDEN      BELONG        PRAY
              ________      ________      ________      ________      ________
                    0             0             0             0             0


           NU
              ATTEND
              ________
                    0


           LAMBDA
              REL_W         RES1_W        RES2_W        ATTEND
              ________      ________      ________      ________
 IMPREL             0             0             0             0
 PERSON             1             0             0             0
 CONFIDEN           2             0             0             0
 BELONG             3             0             0             0
 PRAY               4             0             0             0
 ATTEND             0             0             0             0


           THETA
              IMPREL        PERSON        CONFIDEN      BELONG        PRAY
              ________      ________      ________      ________      ________
 IMPREL             0
 PERSON             0             0
 CONFIDEN           0             0             0
 BELONG             0             0             0             0
 PRAY               0             0             0             0             5
 ATTEND             0             0             0             0             0


           THETA
              ATTEND
              ________
 ATTEND             0


           ALPHA
              REL_W         RES1_W        RES2_W        ATTEND
              ________      ________      ________      ________
                    0             0             0             0


           BETA
              REL_W         RES1_W        RES2_W        ATTEND
              ________      ________      ________      ________
 REL_W              0             0             0             0
 RES1_W             0             0             0             0
 RES2_W             0             0             0             0
 ATTEND             6             0             0             0


           PSI
              REL_W         RES1_W        RES2_W        ATTEND
              ________      ________      ________      ________
 REL_W              7
 RES1_W             0             8
 RES2_W             0             0             9
 ATTEND             0             0             0            10


     PARAMETER SPECIFICATION FOR BETWEEN


           TAU
              IMPREL$1      IMPREL$2      IMPREL$3      PERSON$1      CONFIDEN
              ________      ________      ________      ________      ________
                   31            32            33            34            35


           TAU
              CONFIDEN      CONFIDEN      BELONG$1
              ________      ________      ________
                   36            37            38


           NU
              IMPREL        PERSON        CONFIDEN      BELONG        PRAY
              ________      ________      ________      ________      ________
                    0             0             0             0            11


           NU
              ATTEND        RCMUSLIM      RCASIAN       RCOTHER       COMMALL
              ________      ________      ________      ________      ________
                    0             0             0             0             0


           LAMBDA
              REL_B         RES1_B        RES2_B        ATTEND        RCMUSLIM
              ________      ________      ________      ________      ________
 IMPREL             0             0             0             0             0
 PERSON            12             0             0             0             0
 CONFIDEN          13             0             0             0             0
 BELONG            14             0             0             0             0
 PRAY              15             0             0             0             0
 ATTEND             0             0             0             0             0
 RCMUSLIM           0             0             0             0             0
 RCASIAN            0             0             0             0             0
 RCOTHER            0             0             0             0             0
 COMMALL            0             0             0             0             0


           LAMBDA
              RCASIAN       RCOTHER       COMMALL
              ________      ________      ________
 IMPREL             0             0             0
 PERSON             0             0             0
 CONFIDEN           0             0             0
 BELONG             0             0             0
 PRAY               0             0             0
 ATTEND             0             0             0
 RCMUSLIM           0             0             0
 RCASIAN            0             0             0
 RCOTHER            0             0             0
 COMMALL            0             0             0


           THETA
              IMPREL        PERSON        CONFIDEN      BELONG        PRAY
              ________      ________      ________      ________      ________
 IMPREL            16
 PERSON             0            17
 CONFIDEN           0             0            18
 BELONG             0             0             0            19
 PRAY               0             0             0             0            20
 ATTEND             0             0             0             0             0
 RCMUSLIM           0             0             0             0             0
 RCASIAN            0             0             0             0             0
 RCOTHER            0             0             0             0             0
 COMMALL            0             0             0             0             0


           THETA
              ATTEND        RCMUSLIM      RCASIAN       RCOTHER       COMMALL
              ________      ________      ________      ________      ________
 ATTEND             0
 RCMUSLIM           0             0
 RCASIAN            0             0             0
 RCOTHER            0             0             0             0
 COMMALL            0             0             0             0             0


           ALPHA
              REL_B         RES1_B        RES2_B        ATTEND        RCMUSLIM
              ________      ________      ________      ________      ________
                    0             0             0            21             0


           ALPHA
              RCASIAN       RCOTHER       COMMALL
              ________      ________      ________
                    0             0             0


           BETA
              REL_B         RES1_B        RES2_B        ATTEND        RCMUSLIM
              ________      ________      ________      ________      ________
 REL_B              0             0             0             0             0
 RES1_B             0             0             0             0             0
 RES2_B             0             0             0             0             0
 ATTEND            22             0             0             0            23
 RCMUSLIM           0             0             0             0             0
 RCASIAN            0             0             0             0             0
 RCOTHER            0             0             0             0             0
 COMMALL            0             0             0             0             0


           BETA
              RCASIAN       RCOTHER       COMMALL
              ________      ________      ________
 REL_B              0             0             0
 RES1_B             0             0             0
 RES2_B             0             0             0
 ATTEND            24            25            26
 RCMUSLIM           0             0             0
 RCASIAN            0             0             0
 RCOTHER            0             0             0
 COMMALL            0             0             0


           PSI
              REL_B         RES1_B        RES2_B        ATTEND        RCMUSLIM
              ________      ________      ________      ________      ________
 REL_B             27
 RES1_B             0            28
 RES2_B             0             0            29
 ATTEND             0             0             0            30
 RCMUSLIM           0             0             0             0             0
 RCASIAN            0             0             0             0             0
 RCOTHER            0             0             0             0             0
 COMMALL            0             0             0             0             0


           PSI
              RCASIAN       RCOTHER       COMMALL
              ________      ________      ________
 RCASIAN            0
 RCOTHER            0             0
 COMMALL            0             0             0


     STARTING VALUES FOR WITHIN


           TAU
              IMPREL$1      IMPREL$2      IMPREL$3      PERSON$1      CONFIDEN
              ________      ________      ________      ________      ________
                0.000         0.000         0.000         0.000         0.000


           TAU
              CONFIDEN      CONFIDEN      BELONG$1
              ________      ________      ________
                0.000         0.000         0.000


           NU
              IMPREL        PERSON        CONFIDEN      BELONG        PRAY
              ________      ________      ________      ________      ________
                0.000         0.000         0.000         0.000         0.000


           NU
              ATTEND
              ________
                0.000


           LAMBDA
              REL_W         RES1_W        RES2_W        ATTEND
              ________      ________      ________      ________
 IMPREL         1.000         0.000         0.000         0.000
 PERSON         1.000         0.000         1.000         0.000
 CONFIDEN       1.000         0.000         0.000         0.000
 BELONG         1.000         0.000         1.000         0.000
 PRAY           1.000         1.000         0.000         0.000
 ATTEND         0.000         0.000         0.000         1.000


           THETA
              IMPREL        PERSON        CONFIDEN      BELONG        PRAY
              ________      ________      ________      ________      ________
 IMPREL         1.000
 PERSON         0.000         1.000
 CONFIDEN       0.000         0.000         1.000
 BELONG         0.000         0.000         0.000         1.000
 PRAY           0.000         0.000         0.000         0.000         3.773
 ATTEND         0.000         0.000         0.000         0.000         0.000


           THETA
              ATTEND
              ________
 ATTEND         0.000


           ALPHA
              REL_W         RES1_W        RES2_W        ATTEND
              ________      ________      ________      ________
                0.000         0.000         0.000         0.000


           BETA
              REL_W         RES1_W        RES2_W        ATTEND
              ________      ________      ________      ________
 REL_W          0.000         0.000         0.000         0.000
 RES1_W         0.000         0.000         0.000         0.000
 RES2_W         0.000         0.000         0.000         0.000
 ATTEND         1.000         1.000         0.000         0.000


           PSI
              REL_W         RES1_W        RES2_W        ATTEND
              ________      ________      ________      ________
 REL_W          1.000
 RES1_W         0.000         1.000
 RES2_W         0.000         0.000         1.000
 ATTEND         0.000         0.000         0.000         2.251


     STARTING VALUES FOR BETWEEN


           TAU
              IMPREL$1      IMPREL$2      IMPREL$3      PERSON$1      CONFIDEN
              ________      ________      ________      ________      ________
               -0.825        -0.201         0.346        -0.249        -0.979


           TAU
              CONFIDEN      CONFIDEN      BELONG$1
              ________      ________      ________
               -0.135         0.657        -0.479


           NU
              IMPREL        PERSON        CONFIDEN      BELONG        PRAY
              ________      ________      ________      ________      ________
                0.000         0.000         0.000         0.000         4.773


           NU
              ATTEND        RCMUSLIM      RCASIAN       RCOTHER       COMMALL
              ________      ________      ________      ________      ________
                0.000         0.000         0.000         0.000         0.000


           LAMBDA
              REL_B         RES1_B        RES2_B        ATTEND        RCMUSLIM
              ________      ________      ________      ________      ________
 IMPREL         1.000         0.000         0.000         0.000         0.000
 PERSON         1.000         0.000         1.000         0.000         0.000
 CONFIDEN       1.000         0.000         0.000         0.000         0.000
 BELONG         1.000         0.000         1.000         0.000         0.000
 PRAY           1.000         1.000         0.000         0.000         0.000
 ATTEND         0.000         0.000         0.000         1.000         0.000
 RCMUSLIM       0.000         0.000         0.000         0.000         1.000
 RCASIAN        0.000         0.000         0.000         0.000         0.000
 RCOTHER        0.000         0.000         0.000         0.000         0.000
 COMMALL        0.000         0.000         0.000         0.000         0.000


           LAMBDA
              RCASIAN       RCOTHER       COMMALL
              ________      ________      ________
 IMPREL         0.000         0.000         0.000
 PERSON         0.000         0.000         0.000
 CONFIDEN       0.000         0.000         0.000
 BELONG         0.000         0.000         0.000
 PRAY           0.000         0.000         0.000
 ATTEND         0.000         0.000         0.000
 RCMUSLIM       0.000         0.000         0.000
 RCASIAN        1.000         0.000         0.000
 RCOTHER        0.000         1.000         0.000
 COMMALL        0.000         0.000         1.000


           THETA
              IMPREL        PERSON        CONFIDEN      BELONG        PRAY
              ________      ________      ________      ________      ________
 IMPREL         1.000
 PERSON         0.000         1.000
 CONFIDEN       0.000         0.000         1.000
 BELONG         0.000         0.000         0.000         1.000
 PRAY           0.000         0.000         0.000         0.000         3.773
 ATTEND         0.000         0.000         0.000         0.000         0.000
 RCMUSLIM       0.000         0.000         0.000         0.000         0.000
 RCASIAN        0.000         0.000         0.000         0.000         0.000
 RCOTHER        0.000         0.000         0.000         0.000         0.000
 COMMALL        0.000         0.000         0.000         0.000         0.000


           THETA
              ATTEND        RCMUSLIM      RCASIAN       RCOTHER       COMMALL
              ________      ________      ________      ________      ________
 ATTEND         0.000
 RCMUSLIM       0.000         0.000
 RCASIAN        0.000         0.000         0.000
 RCOTHER        0.000         0.000         0.000         0.000
 COMMALL        0.000         0.000         0.000         0.000         0.000


           ALPHA
              REL_B         RES1_B        RES2_B        ATTEND        RCMUSLIM
              ________      ________      ________      ________      ________
                0.000         0.000         0.000         3.501         0.000


           ALPHA
              RCASIAN       RCOTHER       COMMALL
              ________      ________      ________
                0.000         0.000         0.000


           BETA
              REL_B         RES1_B        RES2_B        ATTEND        RCMUSLIM
              ________      ________      ________      ________      ________
 REL_B          0.000         0.000         0.000         0.000         0.000
 RES1_B         0.000         0.000         0.000         0.000         0.000
 RES2_B         0.000         0.000         0.000         0.000         0.000
 ATTEND         1.000         1.000         0.000         0.000         0.000
 RCMUSLIM       0.000         0.000         0.000         0.000         0.000
 RCASIAN        0.000         0.000         0.000         0.000         0.000
 RCOTHER        0.000         0.000         0.000         0.000         0.000
 COMMALL        0.000         0.000         0.000         0.000         0.000


           BETA
              RCASIAN       RCOTHER       COMMALL
              ________      ________      ________
 REL_B          0.000         0.000         0.000
 RES1_B         0.000         0.000         0.000
 RES2_B         0.000         0.000         0.000
 ATTEND         0.000         0.000         0.000
 RCMUSLIM       0.000         0.000         0.000
 RCASIAN        0.000         0.000         0.000
 RCOTHER        0.000         0.000         0.000
 COMMALL        0.000         0.000         0.000


           PSI
              REL_B         RES1_B        RES2_B        ATTEND        RCMUSLIM
              ________      ________      ________      ________      ________
 REL_B          1.000
 RES1_B         0.000         1.000
 RES2_B         0.000         0.000         1.000
 ATTEND         0.000         0.000         0.000         2.251
 RCMUSLIM       0.000         0.000         0.000         0.000       254.233
 RCASIAN        0.000         0.000         0.000         0.000         0.000
 RCOTHER        0.000         0.000         0.000         0.000         0.000
 COMMALL        0.000         0.000         0.000         0.000         0.000


           PSI
              RCASIAN       RCOTHER       COMMALL
              ________      ________      ________
 RCASIAN       79.798
 RCOTHER        0.000       220.882
 COMMALL        0.000         0.000         0.103



     PRIORS FOR ALL PARAMETERS            PRIOR MEAN      PRIOR VARIANCE     PRIOR STD. DEV.

     Parameter 1~N(0.000,5.000)              0.0000              5.0000              2.2361
     Parameter 2~N(0.000,5.000)              0.0000              5.0000              2.2361
     Parameter 3~N(0.000,5.000)              0.0000              5.0000              2.2361
     Parameter 4~N(0.000,infinity)           0.0000            infinity            infinity
     Parameter 5~IG(-1.000,0.000)          infinity            infinity            infinity
     Parameter 6~N(0.000,infinity)           0.0000            infinity            infinity
     Parameter 7~IG(-1.000,0.000)          infinity            infinity            infinity
     Parameter 8~IG(-1.000,0.000)          infinity            infinity            infinity
     Parameter 9~IG(-1.000,0.000)          infinity            infinity            infinity
     Parameter 10~IG(-1.000,0.000)         infinity            infinity            infinity
     Parameter 11~N(0.000,infinity)          0.0000            infinity            infinity
     Parameter 12~N(0.000,5.000)             0.0000              5.0000              2.2361
     Parameter 13~N(0.000,5.000)             0.0000              5.0000              2.2361
     Parameter 14~N(0.000,5.000)             0.0000              5.0000              2.2361
     Parameter 15~N(0.000,infinity)          0.0000            infinity            infinity
     Parameter 16~IG(-1.000,0.000)         infinity            infinity            infinity
     Parameter 17~IG(-1.000,0.000)         infinity            infinity            infinity
     Parameter 18~IG(-1.000,0.000)         infinity            infinity            infinity
     Parameter 19~IG(-1.000,0.000)         infinity            infinity            infinity
     Parameter 20~IG(-1.000,0.000)         infinity            infinity            infinity
     Parameter 21~N(0.000,infinity)          0.0000            infinity            infinity
     Parameter 22~N(0.000,infinity)          0.0000            infinity            infinity
     Parameter 23~N(0.000,infinity)          0.0000            infinity            infinity
     Parameter 24~N(0.000,infinity)          0.0000            infinity            infinity
     Parameter 25~N(0.000,infinity)          0.0000            infinity            infinity
     Parameter 26~N(0.000,infinity)          0.0000            infinity            infinity
     Parameter 27~IG(-1.000,0.000)         infinity            infinity            infinity
     Parameter 28~IG(-1.000,0.000)         infinity            infinity            infinity
     Parameter 29~IG(-1.000,0.000)         infinity            infinity            infinity
     Parameter 30~IG(-1.000,0.000)         infinity            infinity            infinity
     Parameter 31~N(0.000,5.000)             0.0000              5.0000              2.2361
     Parameter 32~N(0.000,5.000)             0.0000              5.0000              2.2361
     Parameter 33~N(0.000,5.000)             0.0000              5.0000              2.2361
     Parameter 34~N(0.000,5.000)             0.0000              5.0000              2.2361
     Parameter 35~N(0.000,5.000)             0.0000              5.0000              2.2361
     Parameter 36~N(0.000,5.000)             0.0000              5.0000              2.2361
     Parameter 37~N(0.000,5.000)             0.0000              5.0000              2.2361
     Parameter 38~N(0.000,5.000)             0.0000              5.0000              2.2361


TECHNICAL 8 OUTPUT


   TECHNICAL 8 OUTPUT FOR BAYES ESTIMATION

     CHAIN    BSEED
     1        0
     2        285380

                     POTENTIAL       PARAMETER WITH
     ITERATION    SCALE REDUCTION      HIGHEST PSR
     100              3.646               37
     200              1.837               36
     300              1.134               33
     400              1.915               32
     500              2.325               32
     600              2.248               32
     700              1.331               32
     800              1.031               31
     900              1.051               35
     1000             1.366               35
     1100             1.685               35
     1200             1.597               31
     1300             1.267               35
     1400             1.083               35
     1500             1.093               32
     1600             1.251               32
     1700             1.448               32
     1800             1.651               32
     1900             1.882               32
     2000             2.139               32
     2100             2.490               33
     2200             2.785               33
     2300             2.674               32
     2400             2.243               31
     2500             1.910               31
     2600             1.600               33
     2700             1.380               37
     2800             1.237               31
     2900             1.183               37
     3000             1.175               37
     3100             1.174               37
     3200             1.165               36
     3300             1.180               31
     3400             1.204               31
     3500             1.228               36
     3600             1.277               36
     3700             1.324               36
     3800             1.353               31
     3900             1.377               31
     4000             1.417               32
     4100             1.456               32
     4200             1.474               32
     4300             1.492               32
     4400             1.511               32
     4500             1.541               32
     4600             1.587               33
     4700             1.643               33
     4800             1.702               33
     4900             1.778               33
     5000             1.849               32
     5100             1.932               32
     5200             2.071               32
     5300             2.263               32
     5400             2.487               32
     5500             2.735               32
     5600             2.962               32
     5700             2.963               36
     5800             2.958               36
     5900             2.972               36
     6000             2.771               36
     6100             2.566               36
     6200             2.435               36
     6300             2.344               36
     6400             2.179               36
     6500             1.954               36
     6600             1.784               36
     6700             1.664               32
     6800             1.565               32
     6900             1.505               36
     7000             1.458               32
     7100             1.430               32
     7200             1.397               33
     7300             1.372               32
     7400             1.356               33
     7500             1.341               32
     7600             1.321               32
     7700             1.289               33
     7800             1.269               33
     7900             1.259               33
     8000             1.255               33
     8100             1.242               33
     8200             1.239               33
     8300             1.236               33
     8400             1.243               32
     8500             1.244               32
     8600             1.227               32
     8700             1.212               32
     8800             1.196               32
     8900             1.184               33
     9000             1.167               33
     9100             1.145               33
     9200             1.124               33
     9300             1.108               33
     9400             1.098               33
     9500             1.082               37
     9600             1.071               37
     9700             1.061               37
     9800             1.058               37
     9900             1.063               37
     10000            1.062               37


PLOT INFORMATION

The following plots are available:

  Sample proportions and estimated probabilities
  Bayesian posterior parameter distributions
  Bayesian posterior parameter trace plots
  Bayesian autocorrelation plots
  Bayesian prior parameter distributions
  Bayesian posterior predictive checking scatterplots
  Bayesian posterior predictive checking distribution plots

SAVEDATA INFORMATION


  Bayesian Parameters

  Save file
    parameters.dat
  Save format      Free

  Order of parameters saved

    Chain number
    Iteration number
    Parameter 1, %WITHIN%: REL_W BY PERSON
    Parameter 2, %WITHIN%: REL_W BY CONFIDENCE
    Parameter 3, %WITHIN%: REL_W BY BELONG
    Parameter 4, %WITHIN%: REL_W BY PRAY
    Parameter 5, %WITHIN%: PRAY
    Parameter 6, %WITHIN%: ATTEND ON REL_W
    Parameter 7, %WITHIN%: REL_W
    Parameter 8, %WITHIN%: RES1_W
    Parameter 9, %WITHIN%: RES2_W
    Parameter 10, %WITHIN%: ATTEND
    Parameter 11, %BETWEEN%: [ PRAY ]
    Parameter 12, %BETWEEN%: REL_B BY PERSON
    Parameter 13, %BETWEEN%: REL_B BY CONFIDENCE
    Parameter 14, %BETWEEN%: REL_B BY BELONG
    Parameter 15, %BETWEEN%: REL_B BY PRAY
    Parameter 16, %BETWEEN%: IMPREL
    Parameter 17, %BETWEEN%: PERSON
    Parameter 18, %BETWEEN%: CONFIDENCE
    Parameter 19, %BETWEEN%: BELONG
    Parameter 20, %BETWEEN%: PRAY
    Parameter 21, %BETWEEN%: [ ATTEND ]
    Parameter 22, %BETWEEN%: ATTEND ON REL_B
    Parameter 23, %BETWEEN%: ATTEND ON RCMUSLIM
    Parameter 24, %BETWEEN%: ATTEND ON RCASIAN
    Parameter 25, %BETWEEN%: ATTEND ON RCOTHER
    Parameter 26, %BETWEEN%: ATTEND ON COMMALL
    Parameter 27, %BETWEEN%: REL_B
    Parameter 28, %BETWEEN%: RES1_B
    Parameter 29, %BETWEEN%: RES2_B
    Parameter 30, %BETWEEN%: ATTEND
    Parameter 31, %BETWEEN%: [ IMPREL$1 ]
    Parameter 32, %BETWEEN%: [ IMPREL$2 ]
    Parameter 33, %BETWEEN%: [ IMPREL$3 ]
    Parameter 34, %BETWEEN%: [ PERSON$1 ]
    Parameter 35, %BETWEEN%: [ CONFIDENCE$1 ]
    Parameter 36, %BETWEEN%: [ CONFIDENCE$2 ]
    Parameter 37, %BETWEEN%: [ CONFIDENCE$3 ]
    Parameter 38, %BETWEEN%: [ BELONG$1 ]

     Beginning Time:  20:03:59
        Ending Time:  11:49:08
       Elapsed Time:  15:45:09



MUTHEN & MUTHEN
3463 Stoner Ave.
Los Angeles, CA  90066

Tel: (310) 391-9971
Fax: (310) 391-8971
Web: www.StatModel.com
Support: Support@StatModel.com

Copyright (c) 1998-2019 Muthen & Muthen
