Mplus VERSION 8.4 (Mac)
MUTHEN & MUTHEN
03/11/2023  12:01 PM

INPUT INSTRUCTIONS

  TITLE: M5 dat5 Default Priors;

  DATA:
  FILE = mlsem_dat5.dat;

  VARIABLE:
  NAMES = country imprel confidence belong attend pray person year code RCCHR RCMUSLIM
       RCASIAN RCOTHER COMMALL RRI RLI ZAFRICA ZLA ZINDIC ZSINIC ZNWEST ZISLAM ZORT
       ZEUWEST;
  USEVARIABLES = country imprel person confidence pray attend belong
       RCMUSLIM RCASIAN RCOTHER COMMALL;
  MISSING = .;

  BETWEEN = RCMUSLIM RCASIAN RCOTHER COMMALL;
  CLUSTER = country;
  CATEGORICAL = imprel confidence belong person;

  ANALYSIS:
  ESTIMATOR = BAYES;
  PROCESSORS = 2;
  TYPE = TWOLEVEL;
  THIN = 20;
  FBITERATIONS = 10000;

  MODEL:
  %WITHIN%
  Rel_W BY imprel person confidence pray attend belong;
  Res1_W BY pray@1 attend@1;
  Res2_W BY person@1 belong@1;
  Res1_W WITH Rel_W@0;
  Res2_W WITH Rel_W@0;
  Res1_W WITH Res2_W@0;

  %BETWEEN%
  Rel_B BY imprel person confidence pray attend belong;
  Res1_B BY pray@1 attend@1;
  Res2_B BY person@1 belong@1;
  Res1_B WITH Rel_B@0;
  Res2_B WITH Rel_B@0;
  Res1_B WITH Res2_B@0;

  attend ON RCMUSLIM RCASIAN RCOTHER COMMALL;

  OUTPUT:
  TECH8;

  PLOT:
  TYPE = PLOT2;

  SAVEDATA:
  BPARAMETERS = parameters.dat;



*** WARNING in VARIABLE command
  Note that only the first 8 characters of variable names are used in the output.
  Shorten variable names to avoid any confusion.
*** WARNING in PLOT command
  Note that only the first 8 characters of variable names are used in plots.
  If variable names are not unique within the first 8 characters, problems
  may occur.
   2 WARNING(S) FOUND IN THE INPUT INSTRUCTIONS



M5 dat5 Default Priors;

SUMMARY OF ANALYSIS

Number of groups                                                 1
Number of observations                                       60019

Number of dependent variables                                    6
Number of independent variables                                  4
Number of continuous latent variables                            6

Observed dependent variables

  Continuous
   PRAY        ATTEND

  Binary and ordered categorical (ordinal)
   IMPREL      PERSON      CONFIDEN    BELONG

Observed independent variables
   RCMUSLIM    RCASIAN     RCOTHER     COMMALL

Continuous latent variables
   REL_W       RES1_W      RES2_W      REL_B       RES1_B      RES2_B

Variables with special functions

  Cluster variable      COUNTRY

  Between variables
   RCMUSLIM    RCASIAN     RCOTHER     COMMALL


Estimator                                                    BAYES
Specifications for Bayesian Estimation
  Point estimate                                            MEDIAN
  Number of Markov chain Monte Carlo (MCMC) chains               2
  Random seed for the first chain                                0
  Starting value information                           UNPERTURBED
  Algorithm used for Markov chain Monte Carlo           GIBBS(PX1)
  Fixed number of iterations                                 10000
  K-th iteration used for thinning                              20
Link                                                        PROBIT

Input data file(s)
  mlsem_dat5.dat
Input data format  FREE


SUMMARY OF DATA

     Number of clusters                         42

       Size (s)    Cluster ID with Size s

        250        14
        447        30
        999        38
       1000        10 40
       1003        2
       1004        1
       1046        33
       1057        28
       1069        36
       1189        37
       1190        41
       1200        35 23 12 29 11 18 42
       1203        19
       1222        15
       1223        3
       1257        31
       1266        22
       1276        21
       1313        24
       1499        20
       1520        9
       1533        13
       1535        5
       1552        16
       1638        26
       1739        25
       1762        7
       1810        32
       1813        4
       1902        27
       2012        34
       2067        6
       2596        39
       2609        17
       4018        8



COVARIANCE COVERAGE OF DATA

Minimum covariance coverage value   0.100

     Number of missing data patterns             1


     PROPORTION OF DATA PRESENT


           Covariance Coverage
              IMPREL        PERSON        CONFIDEN      BELONG        PRAY
              ________      ________      ________      ________      ________
 IMPREL         1.000
 PERSON         1.000         1.000
 CONFIDEN       1.000         1.000         1.000
 BELONG         1.000         1.000         1.000         1.000
 PRAY           1.000         1.000         1.000         1.000         1.000
 ATTEND         1.000         1.000         1.000         1.000         1.000
 RCMUSLIM       1.000         1.000         1.000         1.000         1.000
 RCASIAN        1.000         1.000         1.000         1.000         1.000
 RCOTHER        1.000         1.000         1.000         1.000         1.000
 COMMALL        1.000         1.000         1.000         1.000         1.000


           Covariance Coverage
              ATTEND        RCMUSLIM      RCASIAN       RCOTHER       COMMALL
              ________      ________      ________      ________      ________
 ATTEND         1.000
 RCMUSLIM       1.000         1.000
 RCASIAN        1.000         1.000         1.000
 RCOTHER        1.000         1.000         1.000         1.000
 COMMALL        1.000         1.000         1.000         1.000         1.000


UNIVARIATE PROPORTIONS AND COUNTS FOR CATEGORICAL VARIABLES

    IMPREL
      Category 1    0.184        11073.000
      Category 2    0.226        13538.000
      Category 3    0.241        14442.000
      Category 4    0.349        20966.000
    PERSON
      Category 1    0.390        23395.000
      Category 2    0.610        36624.000
    CONFIDEN
      Category 1    0.146         8791.000
      Category 2    0.294        17623.000
      Category 3    0.325        19523.000
      Category 4    0.235        14082.000
    BELONG
      Category 1    0.297        17823.000
      Category 2    0.703        42196.000



UNIVARIATE SAMPLE STATISTICS


     UNIVARIATE HIGHER-ORDER MOMENT DESCRIPTIVE STATISTICS

         Variable/         Mean/     Skewness/   Minimum/ % with                Percentiles
        Sample Size      Variance    Kurtosis    Maximum  Min/Max      20%/60%    40%/80%    Median

     PRAY                  4.774      -0.267       1.000   23.67%       1.000      4.000      6.000
           60019.000       7.547      -1.556       8.000   21.82%       6.000      8.000
     ATTEND                3.502       0.180       1.000   28.65%       1.000      2.000      4.000
           60019.000       4.499      -1.421       7.000    8.71%       4.000      6.000
     RCMUSLIM             10.800       2.712       0.008    2.38%       0.049      0.621      2.309
              42.000     536.166       6.176      98.831    2.38%       2.768     10.554
     RCASIAN               4.401       3.225       0.000    4.76%       0.023      0.071      0.147
              42.000     138.067       9.547      54.805    2.38%       0.203      1.872
     RCOTHER              23.245       1.378       0.878    2.38%       4.549     10.138     15.725
              42.000     474.301       1.667      94.074    2.38%      24.344     39.463
     COMMALL               0.333       0.707       0.000   66.67%       0.000      0.000      0.000
              42.000       0.222      -1.500       1.000   33.33%       0.000      1.000


THE MODEL ESTIMATION TERMINATED NORMALLY

     USE THE FBITERATIONS OPTION TO INCREASE THE NUMBER OF ITERATIONS BY A FACTOR
     OF AT LEAST TWO TO CHECK CONVERGENCE AND THAT THE PSR VALUE DOES NOT INCREASE.



MODEL FIT INFORMATION

Number of Free Parameters                              38

Bayesian Posterior Predictive Checking using Chi-Square

          95% Confidence Interval for the Difference Between
          the Observed and the Replicated Chi-Square Values

                                572.894           712.277

          Posterior Predictive P-Value              0.000



MODEL RESULTS

                                Posterior  One-Tailed         95% C.I.
                    Estimate       S.D.      P-Value   Lower 2.5%  Upper 2.5%  Significance

Within Level

 REL_W    BY
    IMPREL             1.000       0.000      0.000       1.000       1.000
    PERSON             1.214       0.018      0.000       1.179       1.251      *
    CONFIDENCE         0.605       0.007      0.000       0.591       0.620      *
    PRAY               1.251       0.014      0.000       1.224       1.278      *
    ATTEND             0.963       0.011      0.000       0.942       0.984      *
    BELONG             1.009       0.016      0.000       0.978       1.040      *

 RES1_W   BY
    PRAY               1.000       0.000      0.000       1.000       1.000
    ATTEND             1.000       0.000      0.000       1.000       1.000

 RES2_W   BY
    PERSON             1.000       0.000      0.000       1.000       1.000
    BELONG             1.000       0.000      0.000       1.000       1.000

 RES1_W   WITH
    REL_W              0.000       0.000      1.000       0.000       0.000
    RES2_W             0.000       0.000      1.000       0.000       0.000

 RES2_W   WITH
    REL_W              0.000       0.000      1.000       0.000       0.000

 Variances
    REL_W              1.621       0.030      0.000       1.563       1.682      *
    RES1_W             0.611       0.014      0.000       0.583       0.639      *
    RES2_W             0.263       0.021      0.000       0.222       0.305      *

 Residual Variances
    PRAY               2.144       0.018      0.000       2.110       2.180      *
    ATTEND             1.349       0.013      0.000       1.323       1.375      *

Between Level

 REL_B    BY
    IMPREL             1.000       0.000      0.000       1.000       1.000
    PERSON             0.732       0.085      0.000       0.570       0.902      *
    CONFIDENCE         0.446       0.048      0.000       0.353       0.543      *
    PRAY               1.262       0.064      0.000       1.139       1.388      *
    ATTEND             0.802       0.094      0.000       0.623       0.985      *
    BELONG             0.825       0.127      0.000       0.576       1.076      *

 RES1_B   BY
    PRAY               1.000       0.000      0.000       1.000       1.000
    ATTEND             1.000       0.000      0.000       1.000       1.000

 RES2_B   BY
    PERSON             1.000       0.000      0.000       1.000       1.000
    BELONG             1.000       0.000      0.000       1.000       1.000

 ATTEND     ON
    RCMUSLIM          -0.005       0.003      0.083      -0.011       0.002
    RCASIAN            0.001       0.006      0.436      -0.011       0.013
    RCOTHER           -0.001       0.005      0.395      -0.011       0.008
    COMMALL            0.052       0.178      0.383      -0.293       0.405

 RES1_B   WITH
    REL_B              0.000       0.000      1.000       0.000       0.000
    RES2_B             0.000       0.000      1.000       0.000       0.000

 RES2_B   WITH
    REL_B              0.000       0.000      1.000       0.000       0.000

 Intercepts
    PRAY               4.921       0.237      0.000       4.400       5.392      *
    ATTEND             3.675       0.205      0.000       3.251       4.057      *

 Thresholds
    IMPREL$1          -2.022       0.182      0.000      -2.389      -1.616      *
    IMPREL$2          -0.585       0.181      0.000      -0.952      -0.182      *
    IMPREL$3           0.709       0.181      0.000       0.342       1.113      *
    PERSON$1          -0.716       0.162      0.000      -1.033      -0.379      *
    CONFIDEN$1        -1.544       0.089      0.000      -1.729      -1.355      *
    CONFIDEN$2        -0.268       0.089      0.001      -0.453      -0.078      *
    CONFIDEN$3         0.978       0.089      0.000       0.793       1.167      *
    BELONG$1          -1.345       0.211      0.000      -1.758      -0.916      *

 Variances
    REL_B              1.518       0.377      0.000       0.992       2.461      *
    RES1_B             0.052       0.041      0.000       0.003       0.158      *
    RES2_B             0.219       0.101      0.000       0.053       0.446      *

 Residual Variances
    IMPREL             0.013       0.016      0.000       0.001       0.061      *
    PERSON             0.146       0.091      0.000       0.017       0.368      *
    CONFIDENCE         0.122       0.031      0.000       0.078       0.200      *
    BELONG             0.655       0.190      0.000       0.385       1.131      *
    PRAY               0.121       0.052      0.000       0.037       0.241      *
    ATTEND             0.168       0.058      0.000       0.087       0.312      *


TECHNICAL 1 OUTPUT


     PARAMETER SPECIFICATION FOR WITHIN


           TAU
              IMPREL$1      IMPREL$2      IMPREL$3      PERSON$1      CONFIDEN
              ________      ________      ________      ________      ________
                    0             0             0             0             0


           TAU
              CONFIDEN      CONFIDEN      BELONG$1
              ________      ________      ________
                    0             0             0


           NU
              IMPREL        PERSON        CONFIDEN      BELONG        PRAY
              ________      ________      ________      ________      ________
                    0             0             0             0             0


           NU
              ATTEND
              ________
                    0


           LAMBDA
              REL_W         RES1_W        RES2_W        ATTEND
              ________      ________      ________      ________
 IMPREL             0             0             0             0
 PERSON             1             0             0             0
 CONFIDEN           2             0             0             0
 BELONG             3             0             0             0
 PRAY               4             0             0             0
 ATTEND             0             0             0             0


           THETA
              IMPREL        PERSON        CONFIDEN      BELONG        PRAY
              ________      ________      ________      ________      ________
 IMPREL             0
 PERSON             0             0
 CONFIDEN           0             0             0
 BELONG             0             0             0             0
 PRAY               0             0             0             0             5
 ATTEND             0             0             0             0             0


           THETA
              ATTEND
              ________
 ATTEND             0


           ALPHA
              REL_W         RES1_W        RES2_W        ATTEND
              ________      ________      ________      ________
                    0             0             0             0


           BETA
              REL_W         RES1_W        RES2_W        ATTEND
              ________      ________      ________      ________
 REL_W              0             0             0             0
 RES1_W             0             0             0             0
 RES2_W             0             0             0             0
 ATTEND             6             0             0             0


           PSI
              REL_W         RES1_W        RES2_W        ATTEND
              ________      ________      ________      ________
 REL_W              7
 RES1_W             0             8
 RES2_W             0             0             9
 ATTEND             0             0             0            10


     PARAMETER SPECIFICATION FOR BETWEEN


           TAU
              IMPREL$1      IMPREL$2      IMPREL$3      PERSON$1      CONFIDEN
              ________      ________      ________      ________      ________
                   31            32            33            34            35


           TAU
              CONFIDEN      CONFIDEN      BELONG$1
              ________      ________      ________
                   36            37            38


           NU
              IMPREL        PERSON        CONFIDEN      BELONG        PRAY
              ________      ________      ________      ________      ________
                    0             0             0             0            11


           NU
              ATTEND        RCMUSLIM      RCASIAN       RCOTHER       COMMALL
              ________      ________      ________      ________      ________
                    0             0             0             0             0


           LAMBDA
              REL_B         RES1_B        RES2_B        ATTEND        RCMUSLIM
              ________      ________      ________      ________      ________
 IMPREL             0             0             0             0             0
 PERSON            12             0             0             0             0
 CONFIDEN          13             0             0             0             0
 BELONG            14             0             0             0             0
 PRAY              15             0             0             0             0
 ATTEND             0             0             0             0             0
 RCMUSLIM           0             0             0             0             0
 RCASIAN            0             0             0             0             0
 RCOTHER            0             0             0             0             0
 COMMALL            0             0             0             0             0


           LAMBDA
              RCASIAN       RCOTHER       COMMALL
              ________      ________      ________
 IMPREL             0             0             0
 PERSON             0             0             0
 CONFIDEN           0             0             0
 BELONG             0             0             0
 PRAY               0             0             0
 ATTEND             0             0             0
 RCMUSLIM           0             0             0
 RCASIAN            0             0             0
 RCOTHER            0             0             0
 COMMALL            0             0             0


           THETA
              IMPREL        PERSON        CONFIDEN      BELONG        PRAY
              ________      ________      ________      ________      ________
 IMPREL            16
 PERSON             0            17
 CONFIDEN           0             0            18
 BELONG             0             0             0            19
 PRAY               0             0             0             0            20
 ATTEND             0             0             0             0             0
 RCMUSLIM           0             0             0             0             0
 RCASIAN            0             0             0             0             0
 RCOTHER            0             0             0             0             0
 COMMALL            0             0             0             0             0


           THETA
              ATTEND        RCMUSLIM      RCASIAN       RCOTHER       COMMALL
              ________      ________      ________      ________      ________
 ATTEND             0
 RCMUSLIM           0             0
 RCASIAN            0             0             0
 RCOTHER            0             0             0             0
 COMMALL            0             0             0             0             0


           ALPHA
              REL_B         RES1_B        RES2_B        ATTEND        RCMUSLIM
              ________      ________      ________      ________      ________
                    0             0             0            21             0


           ALPHA
              RCASIAN       RCOTHER       COMMALL
              ________      ________      ________
                    0             0             0


           BETA
              REL_B         RES1_B        RES2_B        ATTEND        RCMUSLIM
              ________      ________      ________      ________      ________
 REL_B              0             0             0             0             0
 RES1_B             0             0             0             0             0
 RES2_B             0             0             0             0             0
 ATTEND            22             0             0             0            23
 RCMUSLIM           0             0             0             0             0
 RCASIAN            0             0             0             0             0
 RCOTHER            0             0             0             0             0
 COMMALL            0             0             0             0             0


           BETA
              RCASIAN       RCOTHER       COMMALL
              ________      ________      ________
 REL_B              0             0             0
 RES1_B             0             0             0
 RES2_B             0             0             0
 ATTEND            24            25            26
 RCMUSLIM           0             0             0
 RCASIAN            0             0             0
 RCOTHER            0             0             0
 COMMALL            0             0             0


           PSI
              REL_B         RES1_B        RES2_B        ATTEND        RCMUSLIM
              ________      ________      ________      ________      ________
 REL_B             27
 RES1_B             0            28
 RES2_B             0             0            29
 ATTEND             0             0             0            30
 RCMUSLIM           0             0             0             0             0
 RCASIAN            0             0             0             0             0
 RCOTHER            0             0             0             0             0
 COMMALL            0             0             0             0             0


           PSI
              RCASIAN       RCOTHER       COMMALL
              ________      ________      ________
 RCASIAN            0
 RCOTHER            0             0
 COMMALL            0             0             0


     STARTING VALUES FOR WITHIN


           TAU
              IMPREL$1      IMPREL$2      IMPREL$3      PERSON$1      CONFIDEN
              ________      ________      ________      ________      ________
                0.000         0.000         0.000         0.000         0.000


           TAU
              CONFIDEN      CONFIDEN      BELONG$1
              ________      ________      ________
                0.000         0.000         0.000


           NU
              IMPREL        PERSON        CONFIDEN      BELONG        PRAY
              ________      ________      ________      ________      ________
                0.000         0.000         0.000         0.000         0.000


           NU
              ATTEND
              ________
                0.000


           LAMBDA
              REL_W         RES1_W        RES2_W        ATTEND
              ________      ________      ________      ________
 IMPREL         1.000         0.000         0.000         0.000
 PERSON         1.000         0.000         1.000         0.000
 CONFIDEN       1.000         0.000         0.000         0.000
 BELONG         1.000         0.000         1.000         0.000
 PRAY           1.000         1.000         0.000         0.000
 ATTEND         0.000         0.000         0.000         1.000


           THETA
              IMPREL        PERSON        CONFIDEN      BELONG        PRAY
              ________      ________      ________      ________      ________
 IMPREL         1.000
 PERSON         0.000         1.000
 CONFIDEN       0.000         0.000         1.000
 BELONG         0.000         0.000         0.000         1.000
 PRAY           0.000         0.000         0.000         0.000         3.773
 ATTEND         0.000         0.000         0.000         0.000         0.000


           THETA
              ATTEND
              ________
 ATTEND         0.000


           ALPHA
              REL_W         RES1_W        RES2_W        ATTEND
              ________      ________      ________      ________
                0.000         0.000         0.000         0.000


           BETA
              REL_W         RES1_W        RES2_W        ATTEND
              ________      ________      ________      ________
 REL_W          0.000         0.000         0.000         0.000
 RES1_W         0.000         0.000         0.000         0.000
 RES2_W         0.000         0.000         0.000         0.000
 ATTEND         1.000         1.000         0.000         0.000


           PSI
              REL_W         RES1_W        RES2_W        ATTEND
              ________      ________      ________      ________
 REL_W          1.000
 RES1_W         0.000         1.000
 RES2_W         0.000         0.000         1.000
 ATTEND         0.000         0.000         0.000         2.250


     STARTING VALUES FOR BETWEEN


           TAU
              IMPREL$1      IMPREL$2      IMPREL$3      PERSON$1      CONFIDEN
              ________      ________      ________      ________      ________
               -0.826        -0.202         0.346        -0.249        -0.979


           TAU
              CONFIDEN      CONFIDEN      BELONG$1
              ________      ________      ________
               -0.134         0.657        -0.479


           NU
              IMPREL        PERSON        CONFIDEN      BELONG        PRAY
              ________      ________      ________      ________      ________
                0.000         0.000         0.000         0.000         4.774


           NU
              ATTEND        RCMUSLIM      RCASIAN       RCOTHER       COMMALL
              ________      ________      ________      ________      ________
                0.000         0.000         0.000         0.000         0.000


           LAMBDA
              REL_B         RES1_B        RES2_B        ATTEND        RCMUSLIM
              ________      ________      ________      ________      ________
 IMPREL         1.000         0.000         0.000         0.000         0.000
 PERSON         1.000         0.000         1.000         0.000         0.000
 CONFIDEN       1.000         0.000         0.000         0.000         0.000
 BELONG         1.000         0.000         1.000         0.000         0.000
 PRAY           1.000         1.000         0.000         0.000         0.000
 ATTEND         0.000         0.000         0.000         1.000         0.000
 RCMUSLIM       0.000         0.000         0.000         0.000         1.000
 RCASIAN        0.000         0.000         0.000         0.000         0.000
 RCOTHER        0.000         0.000         0.000         0.000         0.000
 COMMALL        0.000         0.000         0.000         0.000         0.000


           LAMBDA
              RCASIAN       RCOTHER       COMMALL
              ________      ________      ________
 IMPREL         0.000         0.000         0.000
 PERSON         0.000         0.000         0.000
 CONFIDEN       0.000         0.000         0.000
 BELONG         0.000         0.000         0.000
 PRAY           0.000         0.000         0.000
 ATTEND         0.000         0.000         0.000
 RCMUSLIM       0.000         0.000         0.000
 RCASIAN        1.000         0.000         0.000
 RCOTHER        0.000         1.000         0.000
 COMMALL        0.000         0.000         1.000


           THETA
              IMPREL        PERSON        CONFIDEN      BELONG        PRAY
              ________      ________      ________      ________      ________
 IMPREL         1.000
 PERSON         0.000         1.000
 CONFIDEN       0.000         0.000         1.000
 BELONG         0.000         0.000         0.000         1.000
 PRAY           0.000         0.000         0.000         0.000         3.773
 ATTEND         0.000         0.000         0.000         0.000         0.000
 RCMUSLIM       0.000         0.000         0.000         0.000         0.000
 RCASIAN        0.000         0.000         0.000         0.000         0.000
 RCOTHER        0.000         0.000         0.000         0.000         0.000
 COMMALL        0.000         0.000         0.000         0.000         0.000


           THETA
              ATTEND        RCMUSLIM      RCASIAN       RCOTHER       COMMALL
              ________      ________      ________      ________      ________
 ATTEND         0.000
 RCMUSLIM       0.000         0.000
 RCASIAN        0.000         0.000         0.000
 RCOTHER        0.000         0.000         0.000         0.000
 COMMALL        0.000         0.000         0.000         0.000         0.000


           ALPHA
              REL_B         RES1_B        RES2_B        ATTEND        RCMUSLIM
              ________      ________      ________      ________      ________
                0.000         0.000         0.000         3.502         0.000


           ALPHA
              RCASIAN       RCOTHER       COMMALL
              ________      ________      ________
                0.000         0.000         0.000


           BETA
              REL_B         RES1_B        RES2_B        ATTEND        RCMUSLIM
              ________      ________      ________      ________      ________
 REL_B          0.000         0.000         0.000         0.000         0.000
 RES1_B         0.000         0.000         0.000         0.000         0.000
 RES2_B         0.000         0.000         0.000         0.000         0.000
 ATTEND         1.000         1.000         0.000         0.000         0.000
 RCMUSLIM       0.000         0.000         0.000         0.000         0.000
 RCASIAN        0.000         0.000         0.000         0.000         0.000
 RCOTHER        0.000         0.000         0.000         0.000         0.000
 COMMALL        0.000         0.000         0.000         0.000         0.000


           BETA
              RCASIAN       RCOTHER       COMMALL
              ________      ________      ________
 REL_B          0.000         0.000         0.000
 RES1_B         0.000         0.000         0.000
 RES2_B         0.000         0.000         0.000
 ATTEND         0.000         0.000         0.000
 RCMUSLIM       0.000         0.000         0.000
 RCASIAN        0.000         0.000         0.000
 RCOTHER        0.000         0.000         0.000
 COMMALL        0.000         0.000         0.000


           PSI
              REL_B         RES1_B        RES2_B        ATTEND        RCMUSLIM
              ________      ________      ________      ________      ________
 REL_B          1.000
 RES1_B         0.000         1.000
 RES2_B         0.000         0.000         1.000
 ATTEND         0.000         0.000         0.000         2.250
 RCMUSLIM       0.000         0.000         0.000         0.000       254.233
 RCASIAN        0.000         0.000         0.000         0.000         0.000
 RCOTHER        0.000         0.000         0.000         0.000         0.000
 COMMALL        0.000         0.000         0.000         0.000         0.000


           PSI
              RCASIAN       RCOTHER       COMMALL
              ________      ________      ________
 RCASIAN       79.798
 RCOTHER        0.000       220.882
 COMMALL        0.000         0.000         0.103



     PRIORS FOR ALL PARAMETERS            PRIOR MEAN      PRIOR VARIANCE     PRIOR STD. DEV.

     Parameter 1~N(0.000,5.000)              0.0000              5.0000              2.2361
     Parameter 2~N(0.000,5.000)              0.0000              5.0000              2.2361
     Parameter 3~N(0.000,5.000)              0.0000              5.0000              2.2361
     Parameter 4~N(0.000,infinity)           0.0000            infinity            infinity
     Parameter 5~IG(-1.000,0.000)          infinity            infinity            infinity
     Parameter 6~N(0.000,infinity)           0.0000            infinity            infinity
     Parameter 7~IG(-1.000,0.000)          infinity            infinity            infinity
     Parameter 8~IG(-1.000,0.000)          infinity            infinity            infinity
     Parameter 9~IG(-1.000,0.000)          infinity            infinity            infinity
     Parameter 10~IG(-1.000,0.000)         infinity            infinity            infinity
     Parameter 11~N(0.000,infinity)          0.0000            infinity            infinity
     Parameter 12~N(0.000,5.000)             0.0000              5.0000              2.2361
     Parameter 13~N(0.000,5.000)             0.0000              5.0000              2.2361
     Parameter 14~N(0.000,5.000)             0.0000              5.0000              2.2361
     Parameter 15~N(0.000,infinity)          0.0000            infinity            infinity
     Parameter 16~IG(-1.000,0.000)         infinity            infinity            infinity
     Parameter 17~IG(-1.000,0.000)         infinity            infinity            infinity
     Parameter 18~IG(-1.000,0.000)         infinity            infinity            infinity
     Parameter 19~IG(-1.000,0.000)         infinity            infinity            infinity
     Parameter 20~IG(-1.000,0.000)         infinity            infinity            infinity
     Parameter 21~N(0.000,infinity)          0.0000            infinity            infinity
     Parameter 22~N(0.000,infinity)          0.0000            infinity            infinity
     Parameter 23~N(0.000,infinity)          0.0000            infinity            infinity
     Parameter 24~N(0.000,infinity)          0.0000            infinity            infinity
     Parameter 25~N(0.000,infinity)          0.0000            infinity            infinity
     Parameter 26~N(0.000,infinity)          0.0000            infinity            infinity
     Parameter 27~IG(-1.000,0.000)         infinity            infinity            infinity
     Parameter 28~IG(-1.000,0.000)         infinity            infinity            infinity
     Parameter 29~IG(-1.000,0.000)         infinity            infinity            infinity
     Parameter 30~IG(-1.000,0.000)         infinity            infinity            infinity
     Parameter 31~N(0.000,5.000)             0.0000              5.0000              2.2361
     Parameter 32~N(0.000,5.000)             0.0000              5.0000              2.2361
     Parameter 33~N(0.000,5.000)             0.0000              5.0000              2.2361
     Parameter 34~N(0.000,5.000)             0.0000              5.0000              2.2361
     Parameter 35~N(0.000,5.000)             0.0000              5.0000              2.2361
     Parameter 36~N(0.000,5.000)             0.0000              5.0000              2.2361
     Parameter 37~N(0.000,5.000)             0.0000              5.0000              2.2361
     Parameter 38~N(0.000,5.000)             0.0000              5.0000              2.2361


TECHNICAL 8 OUTPUT


   TECHNICAL 8 OUTPUT FOR BAYES ESTIMATION

     CHAIN    BSEED
     1        0
     2        285380

                     POTENTIAL       PARAMETER WITH
     ITERATION    SCALE REDUCTION      HIGHEST PSR
     100              3.001               31
     200              2.938               32
     300              1.944               32
     400              3.318               31
     500              3.470               32
     600              2.926               32
     700              1.846               33
     800              1.321               32
     900              1.022               32
     1000             1.152               35
     1100             1.385               32
     1200             1.403               31
     1300             1.145               31
     1400             1.054               35
     1500             1.024               32
     1600             1.119               32
     1700             1.263               32
     1800             1.411               32
     1900             1.567               32
     2000             1.729               32
     2100             1.845               32
     2200             1.822               32
     2300             1.646               31
     2400             1.403               31
     2500             1.272               31
     2600             1.130               31
     2700             1.049               31
     2800             1.015               31
     2900             1.012               27
     3000             1.011               27
     3100             1.010               35
     3200             1.012               9
     3300             1.017               9
     3400             1.022               31
     3500             1.024               31
     3600             1.042               35
     3700             1.068               35
     3800             1.078               31
     3900             1.080               35
     4000             1.092               31
     4100             1.113               31
     4200             1.121               31
     4300             1.135               31
     4400             1.151               31
     4500             1.168               31
     4600             1.215               36
     4700             1.247               36
     4800             1.271               32
     4900             1.318               32
     5000             1.348               32
     5100             1.395               32
     5200             1.469               32
     5300             1.542               32
     5400             1.669               32
     5500             1.817               32
     5600             1.907               32
     5700             1.886               32
     5800             1.831               32
     5900             1.810               32
     6000             1.784               32
     6100             1.708               32
     6200             1.660               32
     6300             1.623               32
     6400             1.572               31
     6500             1.536               31
     6600             1.483               31
     6700             1.435               31
     6800             1.375               31
     6900             1.341               31
     7000             1.334               31
     7100             1.311               31
     7200             1.285               31
     7300             1.257               31
     7400             1.240               31
     7500             1.228               31
     7600             1.211               31
     7700             1.189               31
     7800             1.171               31
     7900             1.165               31
     8000             1.163               31
     8100             1.156               31
     8200             1.154               31
     8300             1.152               31
     8400             1.159               31
     8500             1.160               31
     8600             1.143               31
     8700             1.127               31
     8800             1.112               31
     8900             1.098               31
     9000             1.077               31
     9100             1.056               32
     9200             1.041               32
     9300             1.030               33
     9400             1.025               32
     9500             1.020               31
     9600             1.016               31
     9700             1.013               31
     9800             1.012               31
     9900             1.013               33
     10000            1.013               31


PLOT INFORMATION

The following plots are available:

  Sample proportions and estimated probabilities
  Bayesian posterior parameter distributions
  Bayesian posterior parameter trace plots
  Bayesian autocorrelation plots
  Bayesian prior parameter distributions
  Bayesian posterior predictive checking scatterplots
  Bayesian posterior predictive checking distribution plots

SAVEDATA INFORMATION


  Bayesian Parameters

  Save file
    parameters.dat
  Save format      Free

  Order of parameters saved

    Chain number
    Iteration number
    Parameter 1, %WITHIN%: REL_W BY PERSON
    Parameter 2, %WITHIN%: REL_W BY CONFIDENCE
    Parameter 3, %WITHIN%: REL_W BY BELONG
    Parameter 4, %WITHIN%: REL_W BY PRAY
    Parameter 5, %WITHIN%: PRAY
    Parameter 6, %WITHIN%: ATTEND ON REL_W
    Parameter 7, %WITHIN%: REL_W
    Parameter 8, %WITHIN%: RES1_W
    Parameter 9, %WITHIN%: RES2_W
    Parameter 10, %WITHIN%: ATTEND
    Parameter 11, %BETWEEN%: [ PRAY ]
    Parameter 12, %BETWEEN%: REL_B BY PERSON
    Parameter 13, %BETWEEN%: REL_B BY CONFIDENCE
    Parameter 14, %BETWEEN%: REL_B BY BELONG
    Parameter 15, %BETWEEN%: REL_B BY PRAY
    Parameter 16, %BETWEEN%: IMPREL
    Parameter 17, %BETWEEN%: PERSON
    Parameter 18, %BETWEEN%: CONFIDENCE
    Parameter 19, %BETWEEN%: BELONG
    Parameter 20, %BETWEEN%: PRAY
    Parameter 21, %BETWEEN%: [ ATTEND ]
    Parameter 22, %BETWEEN%: ATTEND ON REL_B
    Parameter 23, %BETWEEN%: ATTEND ON RCMUSLIM
    Parameter 24, %BETWEEN%: ATTEND ON RCASIAN
    Parameter 25, %BETWEEN%: ATTEND ON RCOTHER
    Parameter 26, %BETWEEN%: ATTEND ON COMMALL
    Parameter 27, %BETWEEN%: REL_B
    Parameter 28, %BETWEEN%: RES1_B
    Parameter 29, %BETWEEN%: RES2_B
    Parameter 30, %BETWEEN%: ATTEND
    Parameter 31, %BETWEEN%: [ IMPREL$1 ]
    Parameter 32, %BETWEEN%: [ IMPREL$2 ]
    Parameter 33, %BETWEEN%: [ IMPREL$3 ]
    Parameter 34, %BETWEEN%: [ PERSON$1 ]
    Parameter 35, %BETWEEN%: [ CONFIDENCE$1 ]
    Parameter 36, %BETWEEN%: [ CONFIDENCE$2 ]
    Parameter 37, %BETWEEN%: [ CONFIDENCE$3 ]
    Parameter 38, %BETWEEN%: [ BELONG$1 ]

     Beginning Time:  12:01:36
        Ending Time:  18:38:38
       Elapsed Time:  06:37:02



MUTHEN & MUTHEN
3463 Stoner Ave.
Los Angeles, CA  90066

Tel: (310) 391-9971
Fax: (310) 391-8971
Web: www.StatModel.com
Support: Support@StatModel.com

Copyright (c) 1998-2019 Muthen & Muthen
