Mplus VERSION 8.4 (Mac)
MUTHEN & MUTHEN
03/20/2023   8:59 PM

INPUT INSTRUCTIONS

  TITLE: M3 dat2 Default Priors;

  DATA:
  FILE = mlsem_dat2.dat;

  VARIABLE:
  NAMES = country imprel confidence belong attend pray person year code RCCHR RCMUSLIM
       RCASIAN RCOTHER COMMALL RRI RLI ZAFRICA ZLA ZINDIC ZSINIC ZNWEST ZISLAM ZORT
       ZEUWEST;
  USEVARIABLES = country imprel person confidence pray attend belong
       ZAFRICA ZLA ZINDIC ZSINIC ZNWEST ZISLAM ZORT;
  MISSING = .;

  BETWEEN = ZAFRICA ZLA ZINDIC ZSINIC ZNWEST ZISLAM ZORT;
  CLUSTER = country;
  CATEGORICAL = imprel confidence belong person;

  ANALYSIS:
  ESTIMATOR = BAYES;
  PROCESSORS = 2;
  TYPE = TWOLEVEL RANDOM;
  THIN = 20;
  FBITERATIONS = 10000;

  MODEL:
  %WITHIN%
  Rel_W BY imprel person confidence pray belong;
  Res1_W BY pray@1 attend@1;
  Res2_W BY person@1 belong@1;
  Res1_W WITH Rel_W@0;
  Res2_W WITH Rel_W@0;
  Res1_W WITH Res2_W@0;

  SLOPE | attend ON Rel_W;

  %BETWEEN%
  Rel_B BY imprel person confidence pray attend belong;
  Res1_B BY pray@1 attend@1;
  Res2_B BY person@1 belong@1;
  Res1_B WITH Rel_B@0;
  Res2_B WITH Rel_B@0;
  Res1_B WITH Res2_B@0;

  SLOPE ON ZAFRICA ZLA ZINDIC ZSINIC ZNWEST ZISLAM ZORT;

  OUTPUT:
  TECH8;

  PLOT:
  TYPE = PLOT2;

  SAVEDATA:
  BPARAMETERS = parameters.dat;



*** WARNING in VARIABLE command
  Note that only the first 8 characters of variable names are used in the output.
  Shorten variable names to avoid any confusion.
*** WARNING in PLOT command
  Note that only the first 8 characters of variable names are used in plots.
  If variable names are not unique within the first 8 characters, problems
  may occur.
   2 WARNING(S) FOUND IN THE INPUT INSTRUCTIONS



M3 dat2 Default Priors;

SUMMARY OF ANALYSIS

Number of groups                                                 1
Number of observations                                       60019

Number of dependent variables                                    6
Number of independent variables                                  7
Number of continuous latent variables                            7

Observed dependent variables

  Continuous
   PRAY        ATTEND

  Binary and ordered categorical (ordinal)
   IMPREL      PERSON      CONFIDEN    BELONG

Observed independent variables
   ZAFRICA     ZLA         ZINDIC      ZSINIC      ZNWEST      ZISLAM
   ZORT

Continuous latent variables
   REL_W       RES1_W      RES2_W      REL_B       RES1_B      RES2_B
   SLOPE

Variables with special functions

  Cluster variable      COUNTRY

  Between variables
   ZAFRICA     ZLA         ZINDIC      ZSINIC      ZNWEST      ZISLAM
   ZORT


Estimator                                                    BAYES
Specifications for Bayesian Estimation
  Point estimate                                            MEDIAN
  Number of Markov chain Monte Carlo (MCMC) chains               2
  Random seed for the first chain                                0
  Starting value information                           UNPERTURBED
  Algorithm used for Markov chain Monte Carlo           GIBBS(PX1)
  Fixed number of iterations                                 10000
  K-th iteration used for thinning                              20
Link                                                        PROBIT

Input data file(s)
  mlsem_dat2.dat
Input data format  FREE


SUMMARY OF DATA

     Number of clusters                         42

       Size (s)    Cluster ID with Size s

        250        14
        447        30
        999        38
       1000        10 40
       1003        2
       1004        1
       1046        33
       1057        28
       1069        36
       1189        37
       1190        41
       1200        35 23 12 29 11 18 42
       1203        19
       1222        15
       1223        3
       1257        31
       1266        22
       1276        21
       1313        24
       1499        20
       1520        9
       1533        13
       1535        5
       1552        16
       1638        26
       1739        25
       1762        7
       1810        32
       1813        4
       1902        27
       2012        34
       2067        6
       2596        39
       2609        17
       4018        8



COVARIANCE COVERAGE OF DATA

Minimum covariance coverage value   0.100

     Number of missing data patterns             1


     PROPORTION OF DATA PRESENT


           Covariance Coverage
              IMPREL        PERSON        CONFIDEN      BELONG        PRAY
              ________      ________      ________      ________      ________
 IMPREL         1.000
 PERSON         1.000         1.000
 CONFIDEN       1.000         1.000         1.000
 BELONG         1.000         1.000         1.000         1.000
 PRAY           1.000         1.000         1.000         1.000         1.000
 ATTEND         1.000         1.000         1.000         1.000         1.000
 ZAFRICA        1.000         1.000         1.000         1.000         1.000
 ZLA            1.000         1.000         1.000         1.000         1.000
 ZINDIC         1.000         1.000         1.000         1.000         1.000
 ZSINIC         1.000         1.000         1.000         1.000         1.000
 ZNWEST         1.000         1.000         1.000         1.000         1.000
 ZISLAM         1.000         1.000         1.000         1.000         1.000
 ZORT           1.000         1.000         1.000         1.000         1.000


           Covariance Coverage
              ATTEND        ZAFRICA       ZLA           ZINDIC        ZSINIC
              ________      ________      ________      ________      ________
 ATTEND         1.000
 ZAFRICA        1.000         1.000
 ZLA            1.000         1.000         1.000
 ZINDIC         1.000         1.000         1.000         1.000
 ZSINIC         1.000         1.000         1.000         1.000         1.000
 ZNWEST         1.000         1.000         1.000         1.000         1.000
 ZISLAM         1.000         1.000         1.000         1.000         1.000
 ZORT           1.000         1.000         1.000         1.000         1.000


           Covariance Coverage
              ZNWEST        ZISLAM        ZORT
              ________      ________      ________
 ZNWEST         1.000
 ZISLAM         1.000         1.000
 ZORT           1.000         1.000         1.000


UNIVARIATE PROPORTIONS AND COUNTS FOR CATEGORICAL VARIABLES

    IMPREL
      Category 1    0.185        11079.000
      Category 2    0.226        13545.000
      Category 3    0.241        14439.000
      Category 4    0.349        20956.000
    PERSON
      Category 1    0.390        23423.000
      Category 2    0.610        36596.000
    CONFIDEN
      Category 1    0.146         8777.000
      Category 2    0.293        17607.000
      Category 3    0.325        19505.000
      Category 4    0.235        14130.000
    BELONG
      Category 1    0.297        17816.000
      Category 2    0.703        42203.000



UNIVARIATE SAMPLE STATISTICS


     UNIVARIATE HIGHER-ORDER MOMENT DESCRIPTIVE STATISTICS

         Variable/         Mean/     Skewness/   Minimum/ % with                Percentiles
        Sample Size      Variance    Kurtosis    Maximum  Min/Max      20%/60%    40%/80%    Median

     PRAY                  4.774      -0.267       1.000   23.66%       1.000      4.000      6.000
           60019.000       7.546      -1.556       8.000   21.82%       6.000      8.000
     ATTEND                3.501       0.181       1.000   28.69%       1.000      2.000      4.000
           60019.000       4.503      -1.421       7.000    8.72%       4.000      6.000
     ZAFRICA               0.024       6.247       0.000   97.62%       0.000      0.000      0.000
              42.000       0.023      37.024       1.000    2.38%       0.000      0.000
     ZLA                   0.286       0.949       0.000   71.43%       0.000      0.000      0.000
              42.000       0.204      -1.100       1.000   28.57%       0.000      1.000
     ZINDIC                0.048       4.249       0.000   95.24%       0.000      0.000      0.000
              42.000       0.045      16.050       1.000    4.76%       0.000      0.000
     ZSINIC                0.048       4.249       0.000   95.24%       0.000      0.000      0.000
              42.000       0.045      16.050       1.000    4.76%       0.000      0.000
     ZNWEST                0.095       2.758       0.000   90.48%       0.000      0.000      0.000
              42.000       0.086       5.605       1.000    9.52%       0.000      0.000
     ZISLAM                0.024       6.247       0.000   97.62%       0.000      0.000      0.000
              42.000       0.023      37.024       1.000    2.38%       0.000      0.000
     ZORT                  0.167       1.789       0.000   83.33%       0.000      0.000      0.000
              42.000       0.139       1.200       1.000   16.67%       0.000      0.000


THE MODEL ESTIMATION TERMINATED NORMALLY

     USE THE FBITERATIONS OPTION TO INCREASE THE NUMBER OF ITERATIONS BY A FACTOR
     OF AT LEAST TWO TO CHECK CONVERGENCE AND THAT THE PSR VALUE DOES NOT INCREASE.



MODEL FIT INFORMATION

Number of Free Parameters                              42



MODEL RESULTS

                                Posterior  One-Tailed         95% C.I.
                    Estimate       S.D.      P-Value   Lower 2.5%  Upper 2.5%  Significance

Within Level

 REL_W    BY
    IMPREL             1.000       0.000      0.000       1.000       1.000
    PERSON             1.223       0.019      0.000       1.187       1.260      *
    CONFIDENCE         0.611       0.008      0.000       0.596       0.626      *
    PRAY               1.267       0.014      0.000       1.239       1.295      *
    BELONG             1.025       0.016      0.000       0.994       1.056      *

 RES1_W   BY
    PRAY               1.000       0.000      0.000       1.000       1.000
    ATTEND             1.000       0.000      0.000       1.000       1.000

 RES2_W   BY
    PERSON             1.000       0.000      0.000       1.000       1.000
    BELONG             1.000       0.000      0.000       1.000       1.000

 RES1_W   WITH
    REL_W              0.000       0.000      1.000       0.000       0.000
    RES2_W             0.000       0.000      1.000       0.000       0.000

 RES2_W   WITH
    REL_W              0.000       0.000      1.000       0.000       0.000

 Variances
    REL_W              1.589       0.030      0.000       1.531       1.651      *
    RES1_W             0.596       0.014      0.000       0.567       0.624      *
    RES2_W             0.276       0.021      0.000       0.236       0.319      *

 Residual Variances
    PRAY               2.148       0.018      0.000       2.114       2.183      *
    ATTEND             1.296       0.013      0.000       1.270       1.322      *

Between Level

 REL_B    BY
    IMPREL             1.000       0.000      0.000       1.000       1.000
    PERSON             0.741       0.085      0.000       0.575       0.911      *
    CONFIDENCE         0.450       0.048      0.000       0.355       0.545      *
    PRAY               1.265       0.063      0.000       1.142       1.391      *
    ATTEND             0.783       0.065      0.000       0.657       0.916      *
    BELONG             0.836       0.129      0.000       0.583       1.089      *

 RES1_B   BY
    PRAY               1.000       0.000      0.000       1.000       1.000
    ATTEND             1.000       0.000      0.000       1.000       1.000

 RES2_B   BY
    PERSON             1.000       0.000      0.000       1.000       1.000
    BELONG             1.000       0.000      0.000       1.000       1.000

 SLOPE      ON
    ZAFRICA            0.044       0.187      0.407      -0.323       0.415
    ZLA                0.183       0.072      0.006       0.043       0.328      *
    ZINDIC             0.128       0.135      0.171      -0.135       0.393
    ZSINIC            -0.067       0.136      0.308      -0.333       0.202
    ZNWEST             0.038       0.102      0.347      -0.162       0.241
    ZISLAM            -0.044       0.184      0.401      -0.411       0.313
    ZORT              -0.148       0.083      0.038      -0.311       0.015

 RES1_B   WITH
    REL_B              0.000       0.000      1.000       0.000       0.000
    RES2_B             0.000       0.000      1.000       0.000       0.000

 RES2_B   WITH
    REL_B              0.000       0.000      1.000       0.000       0.000

 Intercepts
    PRAY               4.688       0.169      0.000       4.388       5.047      *
    ATTEND             3.462       0.121      0.000       3.235       3.710      *
    SLOPE              0.955       0.051      0.000       0.855       1.053      *

 Thresholds
    IMPREL$1          -1.817       0.123      0.000      -2.098      -1.611      *
    IMPREL$2          -0.388       0.123      0.000      -0.668      -0.183      *
    IMPREL$3           0.898       0.123      0.000       0.618       1.102      *
    PERSON$1          -0.575       0.133      0.000      -0.846      -0.326      *
    CONFIDEN$1        -1.464       0.076      0.000      -1.618      -1.325      *
    CONFIDEN$2        -0.186       0.076      0.002      -0.340      -0.047      *
    CONFIDEN$3         1.056       0.076      0.000       0.903       1.195      *
    BELONG$1          -1.195       0.182      0.000      -1.568      -0.851      *

 Variances
    REL_B              1.483       0.364      0.000       0.974       2.374      *
    RES1_B             0.057       0.038      0.000       0.006       0.151      *
    RES2_B             0.224       0.103      0.000       0.057       0.463      *

 Residual Variances
    IMPREL             0.012       0.016      0.000       0.000       0.058      *
    PERSON             0.137       0.090      0.000       0.012       0.358      *
    CONFIDENCE         0.123       0.033      0.000       0.079       0.203      *
    BELONG             0.665       0.190      0.000       0.392       1.135      *
    PRAY               0.118       0.048      0.000       0.045       0.234      *
    ATTEND             0.157       0.052      0.000       0.082       0.282      *
    SLOPE              0.029       0.009      0.000       0.018       0.051      *


TECHNICAL 1 OUTPUT


     PARAMETER SPECIFICATION FOR WITHIN


           TAU
              IMPREL$1      IMPREL$2      IMPREL$3      PERSON$1      CONFIDEN
              ________      ________      ________      ________      ________
                    0             0             0             0             0


           TAU
              CONFIDEN      CONFIDEN      BELONG$1
              ________      ________      ________
                    0             0             0


           NU
              IMPREL        PERSON        CONFIDEN      BELONG        PRAY
              ________      ________      ________      ________      ________
                    0             0             0             0             0


           NU
              ATTEND
              ________
                    0


           LAMBDA
              REL_W         RES1_W        RES2_W        ATTEND
              ________      ________      ________      ________
 IMPREL             0             0             0             0
 PERSON             1             0             0             0
 CONFIDEN           2             0             0             0
 BELONG             3             0             0             0
 PRAY               4             0             0             0
 ATTEND             0             0             0             0


           THETA
              IMPREL        PERSON        CONFIDEN      BELONG        PRAY
              ________      ________      ________      ________      ________
 IMPREL             0
 PERSON             0             0
 CONFIDEN           0             0             0
 BELONG             0             0             0             0
 PRAY               0             0             0             0             5
 ATTEND             0             0             0             0             0


           THETA
              ATTEND
              ________
 ATTEND             0


           ALPHA
              REL_W         RES1_W        RES2_W        ATTEND
              ________      ________      ________      ________
                    0             0             0             0


           BETA
              REL_W         RES1_W        RES2_W        ATTEND
              ________      ________      ________      ________
 REL_W              0             0             0             0
 RES1_W             0             0             0             0
 RES2_W             0             0             0             0
 ATTEND             0             0             0             0


           PSI
              REL_W         RES1_W        RES2_W        ATTEND
              ________      ________      ________      ________
 REL_W              6
 RES1_W             0             7
 RES2_W             0             0             8
 ATTEND             0             0             0             9


     PARAMETER SPECIFICATION FOR BETWEEN


           TAU
              IMPREL$1      IMPREL$2      IMPREL$3      PERSON$1      CONFIDEN
              ________      ________      ________      ________      ________
                   35            36            37            38            39


           TAU
              CONFIDEN      CONFIDEN      BELONG$1
              ________      ________      ________
                   40            41            42


           NU
              IMPREL        PERSON        CONFIDEN      BELONG        PRAY
              ________      ________      ________      ________      ________
                    0             0             0             0            10


           NU
              ATTEND        ZAFRICA       ZLA           ZINDIC        ZSINIC
              ________      ________      ________      ________      ________
                    0             0             0             0             0


           NU
              ZNWEST        ZISLAM        ZORT
              ________      ________      ________
                    0             0             0


           LAMBDA
              REL_B         RES1_B        RES2_B        SLOPE         ATTEND
              ________      ________      ________      ________      ________
 IMPREL             0             0             0             0             0
 PERSON            11             0             0             0             0
 CONFIDEN          12             0             0             0             0
 BELONG            13             0             0             0             0
 PRAY              14             0             0             0             0
 ATTEND             0             0             0             0             0
 ZAFRICA            0             0             0             0             0
 ZLA                0             0             0             0             0
 ZINDIC             0             0             0             0             0
 ZSINIC             0             0             0             0             0
 ZNWEST             0             0             0             0             0
 ZISLAM             0             0             0             0             0
 ZORT               0             0             0             0             0


           LAMBDA
              ZAFRICA       ZLA           ZINDIC        ZSINIC        ZNWEST
              ________      ________      ________      ________      ________
 IMPREL             0             0             0             0             0
 PERSON             0             0             0             0             0
 CONFIDEN           0             0             0             0             0
 BELONG             0             0             0             0             0
 PRAY               0             0             0             0             0
 ATTEND             0             0             0             0             0
 ZAFRICA            0             0             0             0             0
 ZLA                0             0             0             0             0
 ZINDIC             0             0             0             0             0
 ZSINIC             0             0             0             0             0
 ZNWEST             0             0             0             0             0
 ZISLAM             0             0             0             0             0
 ZORT               0             0             0             0             0


           LAMBDA
              ZISLAM        ZORT
              ________      ________
 IMPREL             0             0
 PERSON             0             0
 CONFIDEN           0             0
 BELONG             0             0
 PRAY               0             0
 ATTEND             0             0
 ZAFRICA            0             0
 ZLA                0             0
 ZINDIC             0             0
 ZSINIC             0             0
 ZNWEST             0             0
 ZISLAM             0             0
 ZORT               0             0


           THETA
              IMPREL        PERSON        CONFIDEN      BELONG        PRAY
              ________      ________      ________      ________      ________
 IMPREL            15
 PERSON             0            16
 CONFIDEN           0             0            17
 BELONG             0             0             0            18
 PRAY               0             0             0             0            19
 ATTEND             0             0             0             0             0
 ZAFRICA            0             0             0             0             0
 ZLA                0             0             0             0             0
 ZINDIC             0             0             0             0             0
 ZSINIC             0             0             0             0             0
 ZNWEST             0             0             0             0             0
 ZISLAM             0             0             0             0             0
 ZORT               0             0             0             0             0


           THETA
              ATTEND        ZAFRICA       ZLA           ZINDIC        ZSINIC
              ________      ________      ________      ________      ________
 ATTEND             0
 ZAFRICA            0             0
 ZLA                0             0             0
 ZINDIC             0             0             0             0
 ZSINIC             0             0             0             0             0
 ZNWEST             0             0             0             0             0
 ZISLAM             0             0             0             0             0
 ZORT               0             0             0             0             0


           THETA
              ZNWEST        ZISLAM        ZORT
              ________      ________      ________
 ZNWEST             0
 ZISLAM             0             0
 ZORT               0             0             0


           ALPHA
              REL_B         RES1_B        RES2_B        SLOPE         ATTEND
              ________      ________      ________      ________      ________
                    0             0             0            20            21


           ALPHA
              ZAFRICA       ZLA           ZINDIC        ZSINIC        ZNWEST
              ________      ________      ________      ________      ________
                    0             0             0             0             0


           ALPHA
              ZISLAM        ZORT
              ________      ________
                    0             0


           BETA
              REL_B         RES1_B        RES2_B        SLOPE         ATTEND
              ________      ________      ________      ________      ________
 REL_B              0             0             0             0             0
 RES1_B             0             0             0             0             0
 RES2_B             0             0             0             0             0
 SLOPE              0             0             0             0             0
 ATTEND            29             0             0             0             0
 ZAFRICA            0             0             0             0             0
 ZLA                0             0             0             0             0
 ZINDIC             0             0             0             0             0
 ZSINIC             0             0             0             0             0
 ZNWEST             0             0             0             0             0
 ZISLAM             0             0             0             0             0
 ZORT               0             0             0             0             0


           BETA
              ZAFRICA       ZLA           ZINDIC        ZSINIC        ZNWEST
              ________      ________      ________      ________      ________
 REL_B              0             0             0             0             0
 RES1_B             0             0             0             0             0
 RES2_B             0             0             0             0             0
 SLOPE             22            23            24            25            26
 ATTEND             0             0             0             0             0
 ZAFRICA            0             0             0             0             0
 ZLA                0             0             0             0             0
 ZINDIC             0             0             0             0             0
 ZSINIC             0             0             0             0             0
 ZNWEST             0             0             0             0             0
 ZISLAM             0             0             0             0             0
 ZORT               0             0             0             0             0


           BETA
              ZISLAM        ZORT
              ________      ________
 REL_B              0             0
 RES1_B             0             0
 RES2_B             0             0
 SLOPE             27            28
 ATTEND             0             0
 ZAFRICA            0             0
 ZLA                0             0
 ZINDIC             0             0
 ZSINIC             0             0
 ZNWEST             0             0
 ZISLAM             0             0
 ZORT               0             0


           PSI
              REL_B         RES1_B        RES2_B        SLOPE         ATTEND
              ________      ________      ________      ________      ________
 REL_B             30
 RES1_B             0            31
 RES2_B             0             0            32
 SLOPE              0             0             0            33
 ATTEND             0             0             0             0            34
 ZAFRICA            0             0             0             0             0
 ZLA                0             0             0             0             0
 ZINDIC             0             0             0             0             0
 ZSINIC             0             0             0             0             0
 ZNWEST             0             0             0             0             0
 ZISLAM             0             0             0             0             0
 ZORT               0             0             0             0             0


           PSI
              ZAFRICA       ZLA           ZINDIC        ZSINIC        ZNWEST
              ________      ________      ________      ________      ________
 ZAFRICA            0
 ZLA                0             0
 ZINDIC             0             0             0
 ZSINIC             0             0             0             0
 ZNWEST             0             0             0             0             0
 ZISLAM             0             0             0             0             0
 ZORT               0             0             0             0             0


           PSI
              ZISLAM        ZORT
              ________      ________
 ZISLAM             0
 ZORT               0             0


     STARTING VALUES FOR WITHIN


           TAU
              IMPREL$1      IMPREL$2      IMPREL$3      PERSON$1      CONFIDEN
              ________      ________      ________      ________      ________
                0.000         0.000         0.000         0.000         0.000


           TAU
              CONFIDEN      CONFIDEN      BELONG$1
              ________      ________      ________
                0.000         0.000         0.000


           NU
              IMPREL        PERSON        CONFIDEN      BELONG        PRAY
              ________      ________      ________      ________      ________
                0.000         0.000         0.000         0.000         0.000


           NU
              ATTEND
              ________
                0.000


           LAMBDA
              REL_W         RES1_W        RES2_W        ATTEND
              ________      ________      ________      ________
 IMPREL         1.000         0.000         0.000         0.000
 PERSON         1.000         0.000         1.000         0.000
 CONFIDEN       1.000         0.000         0.000         0.000
 BELONG         1.000         0.000         1.000         0.000
 PRAY           1.000         1.000         0.000         0.000
 ATTEND         0.000         0.000         0.000         1.000


           THETA
              IMPREL        PERSON        CONFIDEN      BELONG        PRAY
              ________      ________      ________      ________      ________
 IMPREL         1.000
 PERSON         0.000         1.000
 CONFIDEN       0.000         0.000         1.000
 BELONG         0.000         0.000         0.000         1.000
 PRAY           0.000         0.000         0.000         0.000         3.773
 ATTEND         0.000         0.000         0.000         0.000         0.000


           THETA
              ATTEND
              ________
 ATTEND         0.000


           ALPHA
              REL_W         RES1_W        RES2_W        ATTEND
              ________      ________      ________      ________
                0.000         0.000         0.000         0.000


           BETA
              REL_W         RES1_W        RES2_W        ATTEND
              ________      ________      ________      ________
 REL_W          0.000         0.000         0.000         0.000
 RES1_W         0.000         0.000         0.000         0.000
 RES2_W         0.000         0.000         0.000         0.000
 ATTEND         0.000         1.000         0.000         0.000


           PSI
              REL_W         RES1_W        RES2_W        ATTEND
              ________      ________      ________      ________
 REL_W          1.000
 RES1_W         0.000         1.000
 RES2_W         0.000         0.000         1.000
 ATTEND         0.000         0.000         0.000         2.252


     STARTING VALUES FOR BETWEEN


           TAU
              IMPREL$1      IMPREL$2      IMPREL$3      PERSON$1      CONFIDEN
              ________      ________      ________      ________      ________
               -0.825        -0.202         0.346        -0.248        -0.980


           TAU
              CONFIDEN      CONFIDEN      BELONG$1
              ________      ________      ________
               -0.135         0.654        -0.479


           NU
              IMPREL        PERSON        CONFIDEN      BELONG        PRAY
              ________      ________      ________      ________      ________
                0.000         0.000         0.000         0.000         4.774


           NU
              ATTEND        ZAFRICA       ZLA           ZINDIC        ZSINIC
              ________      ________      ________      ________      ________
                0.000         0.000         0.000         0.000         0.000


           NU
              ZNWEST        ZISLAM        ZORT
              ________      ________      ________
                0.000         0.000         0.000


           LAMBDA
              REL_B         RES1_B        RES2_B        SLOPE         ATTEND
              ________      ________      ________      ________      ________
 IMPREL         1.000         0.000         0.000         0.000         0.000
 PERSON         1.000         0.000         1.000         0.000         0.000
 CONFIDEN       1.000         0.000         0.000         0.000         0.000
 BELONG         1.000         0.000         1.000         0.000         0.000
 PRAY           1.000         1.000         0.000         0.000         0.000
 ATTEND         0.000         0.000         0.000         0.000         1.000
 ZAFRICA        0.000         0.000         0.000         0.000         0.000
 ZLA            0.000         0.000         0.000         0.000         0.000
 ZINDIC         0.000         0.000         0.000         0.000         0.000
 ZSINIC         0.000         0.000         0.000         0.000         0.000
 ZNWEST         0.000         0.000         0.000         0.000         0.000
 ZISLAM         0.000         0.000         0.000         0.000         0.000
 ZORT           0.000         0.000         0.000         0.000         0.000


           LAMBDA
              ZAFRICA       ZLA           ZINDIC        ZSINIC        ZNWEST
              ________      ________      ________      ________      ________
 IMPREL         0.000         0.000         0.000         0.000         0.000
 PERSON         0.000         0.000         0.000         0.000         0.000
 CONFIDEN       0.000         0.000         0.000         0.000         0.000
 BELONG         0.000         0.000         0.000         0.000         0.000
 PRAY           0.000         0.000         0.000         0.000         0.000
 ATTEND         0.000         0.000         0.000         0.000         0.000
 ZAFRICA        1.000         0.000         0.000         0.000         0.000
 ZLA            0.000         1.000         0.000         0.000         0.000
 ZINDIC         0.000         0.000         1.000         0.000         0.000
 ZSINIC         0.000         0.000         0.000         1.000         0.000
 ZNWEST         0.000         0.000         0.000         0.000         1.000
 ZISLAM         0.000         0.000         0.000         0.000         0.000
 ZORT           0.000         0.000         0.000         0.000         0.000


           LAMBDA
              ZISLAM        ZORT
              ________      ________
 IMPREL         0.000         0.000
 PERSON         0.000         0.000
 CONFIDEN       0.000         0.000
 BELONG         0.000         0.000
 PRAY           0.000         0.000
 ATTEND         0.000         0.000
 ZAFRICA        0.000         0.000
 ZLA            0.000         0.000
 ZINDIC         0.000         0.000
 ZSINIC         0.000         0.000
 ZNWEST         0.000         0.000
 ZISLAM         1.000         0.000
 ZORT           0.000         1.000


           THETA
              IMPREL        PERSON        CONFIDEN      BELONG        PRAY
              ________      ________      ________      ________      ________
 IMPREL         1.000
 PERSON         0.000         1.000
 CONFIDEN       0.000         0.000         1.000
 BELONG         0.000         0.000         0.000         1.000
 PRAY           0.000         0.000         0.000         0.000         3.773
 ATTEND         0.000         0.000         0.000         0.000         0.000
 ZAFRICA        0.000         0.000         0.000         0.000         0.000
 ZLA            0.000         0.000         0.000         0.000         0.000
 ZINDIC         0.000         0.000         0.000         0.000         0.000
 ZSINIC         0.000         0.000         0.000         0.000         0.000
 ZNWEST         0.000         0.000         0.000         0.000         0.000
 ZISLAM         0.000         0.000         0.000         0.000         0.000
 ZORT           0.000         0.000         0.000         0.000         0.000


           THETA
              ATTEND        ZAFRICA       ZLA           ZINDIC        ZSINIC
              ________      ________      ________      ________      ________
 ATTEND         0.000
 ZAFRICA        0.000         0.000
 ZLA            0.000         0.000         0.000
 ZINDIC         0.000         0.000         0.000         0.000
 ZSINIC         0.000         0.000         0.000         0.000         0.000
 ZNWEST         0.000         0.000         0.000         0.000         0.000
 ZISLAM         0.000         0.000         0.000         0.000         0.000
 ZORT           0.000         0.000         0.000         0.000         0.000


           THETA
              ZNWEST        ZISLAM        ZORT
              ________      ________      ________
 ZNWEST         0.000
 ZISLAM         0.000         0.000
 ZORT           0.000         0.000         0.000


           ALPHA
              REL_B         RES1_B        RES2_B        SLOPE         ATTEND
              ________      ________      ________      ________      ________
                0.000         0.000         0.000         0.000         3.501


           ALPHA
              ZAFRICA       ZLA           ZINDIC        ZSINIC        ZNWEST
              ________      ________      ________      ________      ________
                0.000         0.000         0.000         0.000         0.000


           ALPHA
              ZISLAM        ZORT
              ________      ________
                0.000         0.000


           BETA
              REL_B         RES1_B        RES2_B        SLOPE         ATTEND
              ________      ________      ________      ________      ________
 REL_B          0.000         0.000         0.000         0.000         0.000
 RES1_B         0.000         0.000         0.000         0.000         0.000
 RES2_B         0.000         0.000         0.000         0.000         0.000
 SLOPE          0.000         0.000         0.000         0.000         0.000
 ATTEND         1.000         1.000         0.000         0.000         0.000
 ZAFRICA        0.000         0.000         0.000         0.000         0.000
 ZLA            0.000         0.000         0.000         0.000         0.000
 ZINDIC         0.000         0.000         0.000         0.000         0.000
 ZSINIC         0.000         0.000         0.000         0.000         0.000
 ZNWEST         0.000         0.000         0.000         0.000         0.000
 ZISLAM         0.000         0.000         0.000         0.000         0.000
 ZORT           0.000         0.000         0.000         0.000         0.000


           BETA
              ZAFRICA       ZLA           ZINDIC        ZSINIC        ZNWEST
              ________      ________      ________      ________      ________
 REL_B          0.000         0.000         0.000         0.000         0.000
 RES1_B         0.000         0.000         0.000         0.000         0.000
 RES2_B         0.000         0.000         0.000         0.000         0.000
 SLOPE          0.000         0.000         0.000         0.000         0.000
 ATTEND         0.000         0.000         0.000         0.000         0.000
 ZAFRICA        0.000         0.000         0.000         0.000         0.000
 ZLA            0.000         0.000         0.000         0.000         0.000
 ZINDIC         0.000         0.000         0.000         0.000         0.000
 ZSINIC         0.000         0.000         0.000         0.000         0.000
 ZNWEST         0.000         0.000         0.000         0.000         0.000
 ZISLAM         0.000         0.000         0.000         0.000         0.000
 ZORT           0.000         0.000         0.000         0.000         0.000


           BETA
              ZISLAM        ZORT
              ________      ________
 REL_B          0.000         0.000
 RES1_B         0.000         0.000
 RES2_B         0.000         0.000
 SLOPE          0.000         0.000
 ATTEND         0.000         0.000
 ZAFRICA        0.000         0.000
 ZLA            0.000         0.000
 ZINDIC         0.000         0.000
 ZSINIC         0.000         0.000
 ZNWEST         0.000         0.000
 ZISLAM         0.000         0.000
 ZORT           0.000         0.000


           PSI
              REL_B         RES1_B        RES2_B        SLOPE         ATTEND
              ________      ________      ________      ________      ________
 REL_B          1.000
 RES1_B         0.000         1.000
 RES2_B         0.000         0.000         1.000
 SLOPE          0.000         0.000         0.000         1.000
 ATTEND         0.000         0.000         0.000         0.000         2.252
 ZAFRICA        0.000         0.000         0.000         0.000         0.000
 ZLA            0.000         0.000         0.000         0.000         0.000
 ZINDIC         0.000         0.000         0.000         0.000         0.000
 ZSINIC         0.000         0.000         0.000         0.000         0.000
 ZNWEST         0.000         0.000         0.000         0.000         0.000
 ZISLAM         0.000         0.000         0.000         0.000         0.000
 ZORT           0.000         0.000         0.000         0.000         0.000


           PSI
              ZAFRICA       ZLA           ZINDIC        ZSINIC        ZNWEST
              ________      ________      ________      ________      ________
 ZAFRICA        0.013
 ZLA            0.000         0.098
 ZINDIC         0.000         0.000         0.026
 ZSINIC         0.000         0.000         0.000         0.023
 ZNWEST         0.000         0.000         0.000         0.000         0.067
 ZISLAM         0.000         0.000         0.000         0.000         0.000
 ZORT           0.000         0.000         0.000         0.000         0.000


           PSI
              ZISLAM        ZORT
              ________      ________
 ZISLAM         0.012
 ZORT           0.000         0.066



     PRIORS FOR ALL PARAMETERS            PRIOR MEAN      PRIOR VARIANCE     PRIOR STD. DEV.

     Parameter 1~N(0.000,5.000)              0.0000              5.0000              2.2361
     Parameter 2~N(0.000,5.000)              0.0000              5.0000              2.2361
     Parameter 3~N(0.000,5.000)              0.0000              5.0000              2.2361
     Parameter 4~N(0.000,infinity)           0.0000            infinity            infinity
     Parameter 5~IG(-1.000,0.000)          infinity            infinity            infinity
     Parameter 6~IG(-1.000,0.000)          infinity            infinity            infinity
     Parameter 7~IG(-1.000,0.000)          infinity            infinity            infinity
     Parameter 8~IG(-1.000,0.000)          infinity            infinity            infinity
     Parameter 9~IG(-1.000,0.000)          infinity            infinity            infinity
     Parameter 10~N(0.000,infinity)          0.0000            infinity            infinity
     Parameter 11~N(0.000,5.000)             0.0000              5.0000              2.2361
     Parameter 12~N(0.000,5.000)             0.0000              5.0000              2.2361
     Parameter 13~N(0.000,5.000)             0.0000              5.0000              2.2361
     Parameter 14~N(0.000,infinity)          0.0000            infinity            infinity
     Parameter 15~IG(-1.000,0.000)         infinity            infinity            infinity
     Parameter 16~IG(-1.000,0.000)         infinity            infinity            infinity
     Parameter 17~IG(-1.000,0.000)         infinity            infinity            infinity
     Parameter 18~IG(-1.000,0.000)         infinity            infinity            infinity
     Parameter 19~IG(-1.000,0.000)         infinity            infinity            infinity
     Parameter 20~N(0.000,infinity)          0.0000            infinity            infinity
     Parameter 21~N(0.000,infinity)          0.0000            infinity            infinity
     Parameter 22~N(0.000,infinity)          0.0000            infinity            infinity
     Parameter 23~N(0.000,infinity)          0.0000            infinity            infinity
     Parameter 24~N(0.000,infinity)          0.0000            infinity            infinity
     Parameter 25~N(0.000,infinity)          0.0000            infinity            infinity
     Parameter 26~N(0.000,infinity)          0.0000            infinity            infinity
     Parameter 27~N(0.000,infinity)          0.0000            infinity            infinity
     Parameter 28~N(0.000,infinity)          0.0000            infinity            infinity
     Parameter 29~N(0.000,infinity)          0.0000            infinity            infinity
     Parameter 30~IG(-1.000,0.000)         infinity            infinity            infinity
     Parameter 31~IG(-1.000,0.000)         infinity            infinity            infinity
     Parameter 32~IG(-1.000,0.000)         infinity            infinity            infinity
     Parameter 33~IG(-1.000,0.000)         infinity            infinity            infinity
     Parameter 34~IG(-1.000,0.000)         infinity            infinity            infinity
     Parameter 35~N(0.000,5.000)             0.0000              5.0000              2.2361
     Parameter 36~N(0.000,5.000)             0.0000              5.0000              2.2361
     Parameter 37~N(0.000,5.000)             0.0000              5.0000              2.2361
     Parameter 38~N(0.000,5.000)             0.0000              5.0000              2.2361
     Parameter 39~N(0.000,5.000)             0.0000              5.0000              2.2361
     Parameter 40~N(0.000,5.000)             0.0000              5.0000              2.2361
     Parameter 41~N(0.000,5.000)             0.0000              5.0000              2.2361
     Parameter 42~N(0.000,5.000)             0.0000              5.0000              2.2361


TECHNICAL 8 OUTPUT


   TECHNICAL 8 OUTPUT FOR BAYES ESTIMATION

     CHAIN    BSEED
     1        0
     2        285380

                     POTENTIAL       PARAMETER WITH
     ITERATION    SCALE REDUCTION      HIGHEST PSR
     100              1.938               40
     200              2.913               41
     300              2.368               37
     400              2.143               41
     500              1.341               40
     600              1.075               40
     700              1.216               36
     800              1.303               36
     900              1.395               37
     1000             1.606               37
     1100             1.823               37
     1200             2.116               37
     1300             2.024               37
     1400             1.892               37
     1500             1.853               36
     1600             2.009               36
     1700             2.240               36
     1800             2.262               36
     1900             2.329               36
     2000             2.162               36
     2100             1.827               36
     2200             1.684               36
     2300             1.629               36
     2400             1.551               36
     2500             1.548               35
     2600             1.602               35
     2700             1.647               35
     2800             1.724               35
     2900             1.872               35
     3000             1.983               35
     3100             2.123               35
     3200             2.215               36
     3300             2.268               35
     3400             2.314               35
     3500             2.360               36
     3600             2.460               36
     3700             2.591               36
     3800             2.731               36
     3900             2.869               36
     4000             2.973               36
     4100             3.099               36
     4200             3.230               36
     4300             3.347               36
     4400             3.492               36
     4500             3.590               36
     4600             3.661               36
     4700             3.746               36
     4800             3.733               36
     4900             3.682               36
     5000             3.494               36
     5100             3.342               36
     5200             3.282               36
     5300             3.062               36
     5400             2.884               36
     5500             2.707               36
     5600             2.596               36
     5700             2.391               36
     5800             2.185               36
     5900             1.894               36
     6000             1.701               36
     6100             1.621               35
     6200             1.538               35
     6300             1.468               35
     6400             1.406               35
     6500             1.340               35
     6600             1.308               35
     6700             1.279               35
     6800             1.269               35
     6900             1.259               35
     7000             1.249               35
     7100             1.219               35
     7200             1.187               35
     7300             1.147               35
     7400             1.119               35
     7500             1.094               35
     7600             1.082               35
     7700             1.070               35
     7800             1.057               35
     7900             1.045               35
     8000             1.039               35
     8100             1.035               35
     8200             1.031               35
     8300             1.025               35
     8400             1.019               35
     8500             1.012               35
     8600             1.004               35
     8700             1.004               41
     8800             1.010               41
     8900             1.017               41
     9000             1.029               41
     9100             1.041               41
     9200             1.061               40
     9300             1.079               41
     9400             1.092               41
     9500             1.113               41
     9600             1.118               41
     9700             1.124               41
     9800             1.126               41
     9900             1.113               41
     10000            1.114               40


PLOT INFORMATION

The following plots are available:

  Sample proportions
  Bayesian posterior parameter distributions
  Bayesian posterior parameter trace plots
  Bayesian autocorrelation plots
  Bayesian prior parameter distributions

SAVEDATA INFORMATION


  Bayesian Parameters

  Save file
    parameters.dat
  Save format      Free

  Order of parameters saved

    Chain number
    Iteration number
    Parameter 1, %WITHIN%: REL_W BY PERSON
    Parameter 2, %WITHIN%: REL_W BY CONFIDENCE
    Parameter 3, %WITHIN%: REL_W BY BELONG
    Parameter 4, %WITHIN%: REL_W BY PRAY
    Parameter 5, %WITHIN%: PRAY
    Parameter 6, %WITHIN%: REL_W
    Parameter 7, %WITHIN%: RES1_W
    Parameter 8, %WITHIN%: RES2_W
    Parameter 9, %WITHIN%: ATTEND
    Parameter 10, %BETWEEN%: [ PRAY ]
    Parameter 11, %BETWEEN%: REL_B BY PERSON
    Parameter 12, %BETWEEN%: REL_B BY CONFIDENCE
    Parameter 13, %BETWEEN%: REL_B BY BELONG
    Parameter 14, %BETWEEN%: REL_B BY PRAY
    Parameter 15, %BETWEEN%: IMPREL
    Parameter 16, %BETWEEN%: PERSON
    Parameter 17, %BETWEEN%: CONFIDENCE
    Parameter 18, %BETWEEN%: BELONG
    Parameter 19, %BETWEEN%: PRAY
    Parameter 20, %BETWEEN%: [ SLOPE ]
    Parameter 21, %BETWEEN%: [ ATTEND ]
    Parameter 22, %BETWEEN%: SLOPE ON ZAFRICA
    Parameter 23, %BETWEEN%: SLOPE ON ZLA
    Parameter 24, %BETWEEN%: SLOPE ON ZINDIC
    Parameter 25, %BETWEEN%: SLOPE ON ZSINIC
    Parameter 26, %BETWEEN%: SLOPE ON ZNWEST
    Parameter 27, %BETWEEN%: SLOPE ON ZISLAM
    Parameter 28, %BETWEEN%: SLOPE ON ZORT
    Parameter 29, %BETWEEN%: ATTEND ON REL_B
    Parameter 30, %BETWEEN%: REL_B
    Parameter 31, %BETWEEN%: RES1_B
    Parameter 32, %BETWEEN%: RES2_B
    Parameter 33, %BETWEEN%: SLOPE
    Parameter 34, %BETWEEN%: ATTEND
    Parameter 35, %BETWEEN%: [ IMPREL$1 ]
    Parameter 36, %BETWEEN%: [ IMPREL$2 ]
    Parameter 37, %BETWEEN%: [ IMPREL$3 ]
    Parameter 38, %BETWEEN%: [ PERSON$1 ]
    Parameter 39, %BETWEEN%: [ CONFIDENCE$1 ]
    Parameter 40, %BETWEEN%: [ CONFIDENCE$2 ]
    Parameter 41, %BETWEEN%: [ CONFIDENCE$3 ]
    Parameter 42, %BETWEEN%: [ BELONG$1 ]

     Beginning Time:  20:59:33
        Ending Time:  19:13:21
       Elapsed Time:  22:13:48



MUTHEN & MUTHEN
3463 Stoner Ave.
Los Angeles, CA  90066

Tel: (310) 391-9971
Fax: (310) 391-8971
Web: www.StatModel.com
Support: Support@StatModel.com

Copyright (c) 1998-2019 Muthen & Muthen
