Mplus VERSION 8.4 (Mac)
MUTHEN & MUTHEN
03/19/2023   2:59 PM

INPUT INSTRUCTIONS

  TITLE: M2 dat1 Default Priors;

  DATA:
  FILE = mlsem_dat1.dat;

  VARIABLE:
  NAMES = country imprel confidence belong attend pray person year code RCCHR RCMUSLIM
       RCASIAN RCOTHER COMMALL RRI RLI ZAFRICA ZLA ZINDIC ZSINIC ZNWEST ZISLAM ZORT
       ZEUWEST;
  USEVARIABLES = country imprel person confidence pray attend belong
       RCMUSLIM RCASIAN RCOTHER COMMALL RRI RLI;
  MISSING = .;

  BETWEEN = RCMUSLIM RCASIAN RCOTHER COMMALL RRI RLI;
  CLUSTER = country;
  CATEGORICAL = imprel confidence belong person;

  ANALYSIS:
  ESTIMATOR = BAYES;
  PROCESSORS = 2;
  TYPE = TWOLEVEL RANDOM;
  THIN = 20;
  FBITERATIONS = 10000;

  MODEL:
  %WITHIN%
  Rel_W BY imprel person confidence pray belong;
  Res1_W BY pray@1 attend@1;
  Res2_W BY person@1 belong@1;
  Res1_W WITH Rel_W@0;
  Res2_W WITH Rel_W@0;
  Res1_W WITH Res2_W@0;

  SLOPE | attend ON Rel_W;

  %BETWEEN%
  Rel_B BY imprel person confidence pray attend belong;
  Res1_B BY pray@1 attend@1;
  Res2_B BY person@1 belong@1;
  Res1_B WITH Rel_B@0;
  Res2_B WITH Rel_B@0;
  Res1_B WITH Res2_B@0;

  SLOPE ON RCMUSLIM RCASIAN RCOTHER COMMALL RRI RLI;

  OUTPUT:
  TECH8;

  PLOT:
  TYPE = PLOT2;

  SAVEDATA:
  BPARAMETERS = parameters.dat;



*** WARNING in VARIABLE command
  Note that only the first 8 characters of variable names are used in the output.
  Shorten variable names to avoid any confusion.
*** WARNING in PLOT command
  Note that only the first 8 characters of variable names are used in plots.
  If variable names are not unique within the first 8 characters, problems
  may occur.
   2 WARNING(S) FOUND IN THE INPUT INSTRUCTIONS



M2 dat1 Default Priors;

SUMMARY OF ANALYSIS

Number of groups                                                 1
Number of observations                                       60019

Number of dependent variables                                    6
Number of independent variables                                  6
Number of continuous latent variables                            7

Observed dependent variables

  Continuous
   PRAY        ATTEND

  Binary and ordered categorical (ordinal)
   IMPREL      PERSON      CONFIDEN    BELONG

Observed independent variables
   RCMUSLIM    RCASIAN     RCOTHER     COMMALL     RRI         RLI

Continuous latent variables
   REL_W       RES1_W      RES2_W      REL_B       RES1_B      RES2_B
   SLOPE

Variables with special functions

  Cluster variable      COUNTRY

  Between variables
   RCMUSLIM    RCASIAN     RCOTHER     COMMALL     RRI         RLI


Estimator                                                    BAYES
Specifications for Bayesian Estimation
  Point estimate                                            MEDIAN
  Number of Markov chain Monte Carlo (MCMC) chains               2
  Random seed for the first chain                                0
  Starting value information                           UNPERTURBED
  Algorithm used for Markov chain Monte Carlo           GIBBS(PX1)
  Fixed number of iterations                                 10000
  K-th iteration used for thinning                              20
Link                                                        PROBIT

Input data file(s)
  mlsem_dat1.dat
Input data format  FREE


SUMMARY OF DATA

     Number of clusters                         42

       Size (s)    Cluster ID with Size s

        250        14
        447        30
        999        38
       1000        10 40
       1003        2
       1004        1
       1046        33
       1057        28
       1069        36
       1189        37
       1190        41
       1200        35 23 12 29 11 18 42
       1203        19
       1222        15
       1223        3
       1257        31
       1266        22
       1276        21
       1313        24
       1499        20
       1520        9
       1533        13
       1535        5
       1552        16
       1638        26
       1739        25
       1762        7
       1810        32
       1813        4
       1902        27
       2012        34
       2067        6
       2596        39
       2609        17
       4018        8



COVARIANCE COVERAGE OF DATA

Minimum covariance coverage value   0.100

     Number of missing data patterns             1


     PROPORTION OF DATA PRESENT


           Covariance Coverage
              IMPREL        PERSON        CONFIDEN      BELONG        PRAY
              ________      ________      ________      ________      ________
 IMPREL         1.000
 PERSON         1.000         1.000
 CONFIDEN       1.000         1.000         1.000
 BELONG         1.000         1.000         1.000         1.000
 PRAY           1.000         1.000         1.000         1.000         1.000
 ATTEND         1.000         1.000         1.000         1.000         1.000
 RCMUSLIM       1.000         1.000         1.000         1.000         1.000
 RCASIAN        1.000         1.000         1.000         1.000         1.000
 RCOTHER        1.000         1.000         1.000         1.000         1.000
 COMMALL        1.000         1.000         1.000         1.000         1.000
 RRI            1.000         1.000         1.000         1.000         1.000
 RLI            1.000         1.000         1.000         1.000         1.000


           Covariance Coverage
              ATTEND        RCMUSLIM      RCASIAN       RCOTHER       COMMALL
              ________      ________      ________      ________      ________
 ATTEND         1.000
 RCMUSLIM       1.000         1.000
 RCASIAN        1.000         1.000         1.000
 RCOTHER        1.000         1.000         1.000         1.000
 COMMALL        1.000         1.000         1.000         1.000         1.000
 RRI            1.000         1.000         1.000         1.000         1.000
 RLI            1.000         1.000         1.000         1.000         1.000


           Covariance Coverage
              RRI           RLI
              ________      ________
 RRI            1.000
 RLI            1.000         1.000


UNIVARIATE PROPORTIONS AND COUNTS FOR CATEGORICAL VARIABLES

    IMPREL
      Category 1    0.185        11081.000
      Category 2    0.226        13556.000
      Category 3    0.240        14425.000
      Category 4    0.349        20957.000
    PERSON
      Category 1    0.390        23397.000
      Category 2    0.610        36622.000
    CONFIDEN
      Category 1    0.147         8797.000
      Category 2    0.293        17596.000
      Category 3    0.326        19541.000
      Category 4    0.235        14085.000
    BELONG
      Category 1    0.297        17819.000
      Category 2    0.703        42200.000



UNIVARIATE SAMPLE STATISTICS


     UNIVARIATE HIGHER-ORDER MOMENT DESCRIPTIVE STATISTICS

         Variable/         Mean/     Skewness/   Minimum/ % with                Percentiles
        Sample Size      Variance    Kurtosis    Maximum  Min/Max      20%/60%    40%/80%    Median

     PRAY                  4.773      -0.266       1.000   23.66%       1.000      4.000      6.000
           60019.000       7.545      -1.557       8.000   21.81%       6.000      8.000
     ATTEND                3.501       0.181       1.000   28.69%       1.000      2.000      4.000
           60019.000       4.503      -1.422       7.000    8.72%       4.000      6.000
     RCMUSLIM             10.800       2.712       0.008    2.38%       0.049      0.621      2.309
              42.000     536.166       6.176      98.831    2.38%       2.768     10.554
     RCASIAN               4.401       3.225       0.000    4.76%       0.023      0.071      0.147
              42.000     138.067       9.547      54.805    2.38%       0.203      1.872
     RCOTHER              23.245       1.378       0.878    2.38%       4.549     10.138     15.725
              42.000     474.301       1.667      94.074    2.38%      24.344     39.463
     COMMALL               0.333       0.707       0.000   66.67%       0.000      0.000      0.000
              42.000       0.222      -1.500       1.000   33.33%       0.000      1.000
     RRI                  10.357       1.891       0.000    4.76%       2.000      5.000      6.000
              42.000     148.849       3.125      55.000    2.38%       7.000     17.000
     RLI                   9.500       2.756       3.000    4.76%       5.000      7.000      8.000
              42.000      44.107       8.354      36.000    2.38%       9.000     13.000


THE MODEL ESTIMATION TERMINATED NORMALLY

     USE THE FBITERATIONS OPTION TO INCREASE THE NUMBER OF ITERATIONS BY A FACTOR
     OF AT LEAST TWO TO CHECK CONVERGENCE AND THAT THE PSR VALUE DOES NOT INCREASE.



MODEL FIT INFORMATION

Number of Free Parameters                              41



MODEL RESULTS

                                Posterior  One-Tailed         95% C.I.
                    Estimate       S.D.      P-Value   Lower 2.5%  Upper 2.5%  Significance

Within Level

 REL_W    BY
    IMPREL             1.000       0.000      0.000       1.000       1.000
    PERSON             1.220       0.019      0.000       1.185       1.258      *
    CONFIDENCE         0.610       0.008      0.000       0.595       0.624      *
    PRAY               1.264       0.014      0.000       1.237       1.292      *
    BELONG             1.017       0.016      0.000       0.987       1.049      *

 RES1_W   BY
    PRAY               1.000       0.000      0.000       1.000       1.000
    ATTEND             1.000       0.000      0.000       1.000       1.000

 RES2_W   BY
    PERSON             1.000       0.000      0.000       1.000       1.000
    BELONG             1.000       0.000      0.000       1.000       1.000

 RES1_W   WITH
    REL_W              0.000       0.000      1.000       0.000       0.000
    RES2_W             0.000       0.000      1.000       0.000       0.000

 RES2_W   WITH
    REL_W              0.000       0.000      1.000       0.000       0.000

 Variances
    REL_W              1.593       0.030      0.000       1.536       1.652      *
    RES1_W             0.595       0.014      0.000       0.568       0.623      *
    RES2_W             0.267       0.021      0.000       0.229       0.310      *

 Residual Variances
    PRAY               2.149       0.018      0.000       2.114       2.184      *
    ATTEND             1.295       0.013      0.000       1.269       1.321      *

Between Level

 REL_B    BY
    IMPREL             1.000       0.000      0.000       1.000       1.000
    PERSON             0.735       0.086      0.000       0.566       0.905      *
    CONFIDENCE         0.448       0.048      0.000       0.351       0.544      *
    PRAY               1.265       0.064      0.000       1.141       1.393      *
    ATTEND             0.784       0.066      0.000       0.657       0.916      *
    BELONG             0.833       0.128      0.000       0.579       1.082      *

 RES1_B   BY
    PRAY               1.000       0.000      0.000       1.000       1.000
    ATTEND             1.000       0.000      0.000       1.000       1.000

 RES2_B   BY
    PERSON             1.000       0.000      0.000       1.000       1.000
    BELONG             1.000       0.000      0.000       1.000       1.000

 SLOPE      ON
    RCMUSLIM          -0.001       0.002      0.261      -0.005       0.003
    RCASIAN            0.001       0.003      0.313      -0.004       0.006
    RCOTHER           -0.001       0.002      0.325      -0.004       0.002
    COMMALL           -0.191       0.071      0.005      -0.333      -0.052      *
    RRI                0.002       0.004      0.247      -0.005       0.009
    RLI               -0.004       0.005      0.205      -0.014       0.006

 RES1_B   WITH
    REL_B              0.000       0.000      1.000       0.000       0.000
    RES2_B             0.000       0.000      1.000       0.000       0.000

 RES2_B   WITH
    REL_B              0.000       0.000      1.000       0.000       0.000

 Intercepts
    PRAY               4.959       0.243      0.000       4.423       5.328      *
    ATTEND             3.625       0.163      0.000       3.267       3.891      *
    SLOPE              1.091       0.069      0.000       0.956       1.229      *

 Thresholds
    IMPREL$1          -2.043       0.187      0.000      -2.313      -1.632      *
    IMPREL$2          -0.614       0.186      0.000      -0.882      -0.199      *
    IMPREL$3           0.672       0.186      0.000       0.401       1.086      *
    PERSON$1          -0.727       0.168      0.000      -1.019      -0.374      *
    CONFIDEN$1        -1.559       0.097      0.000      -1.729      -1.336      *
    CONFIDEN$2        -0.284       0.097      0.002      -0.454      -0.062      *
    CONFIDEN$3         0.961       0.097      0.000       0.792       1.182      *
    BELONG$1          -1.353       0.214      0.000      -1.745      -0.910      *

 Variances
    REL_B              1.509       0.373      0.000       0.997       2.462      *
    RES1_B             0.058       0.039      0.000       0.007       0.155      *
    RES2_B             0.223       0.103      0.000       0.055       0.469      *

 Residual Variances
    IMPREL             0.012       0.016      0.000       0.000       0.057      *
    PERSON             0.148       0.094      0.000       0.016       0.376      *
    CONFIDENCE         0.122       0.032      0.000       0.078       0.201      *
    BELONG             0.647       0.190      0.000       0.384       1.120      *
    PRAY               0.117       0.048      0.000       0.047       0.235      *
    ATTEND             0.154       0.053      0.000       0.078       0.284      *
    SLOPE              0.034       0.010      0.000       0.021       0.059      *


TECHNICAL 1 OUTPUT


     PARAMETER SPECIFICATION FOR WITHIN


           TAU
              IMPREL$1      IMPREL$2      IMPREL$3      PERSON$1      CONFIDEN
              ________      ________      ________      ________      ________
                    0             0             0             0             0


           TAU
              CONFIDEN      CONFIDEN      BELONG$1
              ________      ________      ________
                    0             0             0


           NU
              IMPREL        PERSON        CONFIDEN      BELONG        PRAY
              ________      ________      ________      ________      ________
                    0             0             0             0             0


           NU
              ATTEND
              ________
                    0


           LAMBDA
              REL_W         RES1_W        RES2_W        ATTEND
              ________      ________      ________      ________
 IMPREL             0             0             0             0
 PERSON             1             0             0             0
 CONFIDEN           2             0             0             0
 BELONG             3             0             0             0
 PRAY               4             0             0             0
 ATTEND             0             0             0             0


           THETA
              IMPREL        PERSON        CONFIDEN      BELONG        PRAY
              ________      ________      ________      ________      ________
 IMPREL             0
 PERSON             0             0
 CONFIDEN           0             0             0
 BELONG             0             0             0             0
 PRAY               0             0             0             0             5
 ATTEND             0             0             0             0             0


           THETA
              ATTEND
              ________
 ATTEND             0


           ALPHA
              REL_W         RES1_W        RES2_W        ATTEND
              ________      ________      ________      ________
                    0             0             0             0


           BETA
              REL_W         RES1_W        RES2_W        ATTEND
              ________      ________      ________      ________
 REL_W              0             0             0             0
 RES1_W             0             0             0             0
 RES2_W             0             0             0             0
 ATTEND             0             0             0             0


           PSI
              REL_W         RES1_W        RES2_W        ATTEND
              ________      ________      ________      ________
 REL_W              6
 RES1_W             0             7
 RES2_W             0             0             8
 ATTEND             0             0             0             9


     PARAMETER SPECIFICATION FOR BETWEEN


           TAU
              IMPREL$1      IMPREL$2      IMPREL$3      PERSON$1      CONFIDEN
              ________      ________      ________      ________      ________
                   34            35            36            37            38


           TAU
              CONFIDEN      CONFIDEN      BELONG$1
              ________      ________      ________
                   39            40            41


           NU
              IMPREL        PERSON        CONFIDEN      BELONG        PRAY
              ________      ________      ________      ________      ________
                    0             0             0             0            10


           NU
              ATTEND        RCMUSLIM      RCASIAN       RCOTHER       COMMALL
              ________      ________      ________      ________      ________
                    0             0             0             0             0


           NU
              RRI           RLI
              ________      ________
                    0             0


           LAMBDA
              REL_B         RES1_B        RES2_B        SLOPE         ATTEND
              ________      ________      ________      ________      ________
 IMPREL             0             0             0             0             0
 PERSON            11             0             0             0             0
 CONFIDEN          12             0             0             0             0
 BELONG            13             0             0             0             0
 PRAY              14             0             0             0             0
 ATTEND             0             0             0             0             0
 RCMUSLIM           0             0             0             0             0
 RCASIAN            0             0             0             0             0
 RCOTHER            0             0             0             0             0
 COMMALL            0             0             0             0             0
 RRI                0             0             0             0             0
 RLI                0             0             0             0             0


           LAMBDA
              RCMUSLIM      RCASIAN       RCOTHER       COMMALL       RRI
              ________      ________      ________      ________      ________
 IMPREL             0             0             0             0             0
 PERSON             0             0             0             0             0
 CONFIDEN           0             0             0             0             0
 BELONG             0             0             0             0             0
 PRAY               0             0             0             0             0
 ATTEND             0             0             0             0             0
 RCMUSLIM           0             0             0             0             0
 RCASIAN            0             0             0             0             0
 RCOTHER            0             0             0             0             0
 COMMALL            0             0             0             0             0
 RRI                0             0             0             0             0
 RLI                0             0             0             0             0


           LAMBDA
              RLI
              ________
 IMPREL             0
 PERSON             0
 CONFIDEN           0
 BELONG             0
 PRAY               0
 ATTEND             0
 RCMUSLIM           0
 RCASIAN            0
 RCOTHER            0
 COMMALL            0
 RRI                0
 RLI                0


           THETA
              IMPREL        PERSON        CONFIDEN      BELONG        PRAY
              ________      ________      ________      ________      ________
 IMPREL            15
 PERSON             0            16
 CONFIDEN           0             0            17
 BELONG             0             0             0            18
 PRAY               0             0             0             0            19
 ATTEND             0             0             0             0             0
 RCMUSLIM           0             0             0             0             0
 RCASIAN            0             0             0             0             0
 RCOTHER            0             0             0             0             0
 COMMALL            0             0             0             0             0
 RRI                0             0             0             0             0
 RLI                0             0             0             0             0


           THETA
              ATTEND        RCMUSLIM      RCASIAN       RCOTHER       COMMALL
              ________      ________      ________      ________      ________
 ATTEND             0
 RCMUSLIM           0             0
 RCASIAN            0             0             0
 RCOTHER            0             0             0             0
 COMMALL            0             0             0             0             0
 RRI                0             0             0             0             0
 RLI                0             0             0             0             0


           THETA
              RRI           RLI
              ________      ________
 RRI                0
 RLI                0             0


           ALPHA
              REL_B         RES1_B        RES2_B        SLOPE         ATTEND
              ________      ________      ________      ________      ________
                    0             0             0            20            21


           ALPHA
              RCMUSLIM      RCASIAN       RCOTHER       COMMALL       RRI
              ________      ________      ________      ________      ________
                    0             0             0             0             0


           ALPHA
              RLI
              ________
                    0


           BETA
              REL_B         RES1_B        RES2_B        SLOPE         ATTEND
              ________      ________      ________      ________      ________
 REL_B              0             0             0             0             0
 RES1_B             0             0             0             0             0
 RES2_B             0             0             0             0             0
 SLOPE              0             0             0             0             0
 ATTEND            28             0             0             0             0
 RCMUSLIM           0             0             0             0             0
 RCASIAN            0             0             0             0             0
 RCOTHER            0             0             0             0             0
 COMMALL            0             0             0             0             0
 RRI                0             0             0             0             0
 RLI                0             0             0             0             0


           BETA
              RCMUSLIM      RCASIAN       RCOTHER       COMMALL       RRI
              ________      ________      ________      ________      ________
 REL_B              0             0             0             0             0
 RES1_B             0             0             0             0             0
 RES2_B             0             0             0             0             0
 SLOPE             22            23            24            25            26
 ATTEND             0             0             0             0             0
 RCMUSLIM           0             0             0             0             0
 RCASIAN            0             0             0             0             0
 RCOTHER            0             0             0             0             0
 COMMALL            0             0             0             0             0
 RRI                0             0             0             0             0
 RLI                0             0             0             0             0


           BETA
              RLI
              ________
 REL_B              0
 RES1_B             0
 RES2_B             0
 SLOPE             27
 ATTEND             0
 RCMUSLIM           0
 RCASIAN            0
 RCOTHER            0
 COMMALL            0
 RRI                0
 RLI                0


           PSI
              REL_B         RES1_B        RES2_B        SLOPE         ATTEND
              ________      ________      ________      ________      ________
 REL_B             29
 RES1_B             0            30
 RES2_B             0             0            31
 SLOPE              0             0             0            32
 ATTEND             0             0             0             0            33
 RCMUSLIM           0             0             0             0             0
 RCASIAN            0             0             0             0             0
 RCOTHER            0             0             0             0             0
 COMMALL            0             0             0             0             0
 RRI                0             0             0             0             0
 RLI                0             0             0             0             0


           PSI
              RCMUSLIM      RCASIAN       RCOTHER       COMMALL       RRI
              ________      ________      ________      ________      ________
 RCMUSLIM           0
 RCASIAN            0             0
 RCOTHER            0             0             0
 COMMALL            0             0             0             0
 RRI                0             0             0             0             0
 RLI                0             0             0             0             0


           PSI
              RLI
              ________
 RLI                0


     STARTING VALUES FOR WITHIN


           TAU
              IMPREL$1      IMPREL$2      IMPREL$3      PERSON$1      CONFIDEN
              ________      ________      ________      ________      ________
                0.000         0.000         0.000         0.000         0.000


           TAU
              CONFIDEN      CONFIDEN      BELONG$1
              ________      ________      ________
                0.000         0.000         0.000


           NU
              IMPREL        PERSON        CONFIDEN      BELONG        PRAY
              ________      ________      ________      ________      ________
                0.000         0.000         0.000         0.000         0.000


           NU
              ATTEND
              ________
                0.000


           LAMBDA
              REL_W         RES1_W        RES2_W        ATTEND
              ________      ________      ________      ________
 IMPREL         1.000         0.000         0.000         0.000
 PERSON         1.000         0.000         1.000         0.000
 CONFIDEN       1.000         0.000         0.000         0.000
 BELONG         1.000         0.000         1.000         0.000
 PRAY           1.000         1.000         0.000         0.000
 ATTEND         0.000         0.000         0.000         1.000


           THETA
              IMPREL        PERSON        CONFIDEN      BELONG        PRAY
              ________      ________      ________      ________      ________
 IMPREL         1.000
 PERSON         0.000         1.000
 CONFIDEN       0.000         0.000         1.000
 BELONG         0.000         0.000         0.000         1.000
 PRAY           0.000         0.000         0.000         0.000         3.773
 ATTEND         0.000         0.000         0.000         0.000         0.000


           THETA
              ATTEND
              ________
 ATTEND         0.000


           ALPHA
              REL_W         RES1_W        RES2_W        ATTEND
              ________      ________      ________      ________
                0.000         0.000         0.000         0.000


           BETA
              REL_W         RES1_W        RES2_W        ATTEND
              ________      ________      ________      ________
 REL_W          0.000         0.000         0.000         0.000
 RES1_W         0.000         0.000         0.000         0.000
 RES2_W         0.000         0.000         0.000         0.000
 ATTEND         0.000         1.000         0.000         0.000


           PSI
              REL_W         RES1_W        RES2_W        ATTEND
              ________      ________      ________      ________
 REL_W          1.000
 RES1_W         0.000         1.000
 RES2_W         0.000         0.000         1.000
 ATTEND         0.000         0.000         0.000         2.251


     STARTING VALUES FOR BETWEEN


           TAU
              IMPREL$1      IMPREL$2      IMPREL$3      PERSON$1      CONFIDEN
              ________      ________      ________      ________      ________
               -0.825        -0.201         0.346        -0.249        -0.979


           TAU
              CONFIDEN      CONFIDEN      BELONG$1
              ________      ________      ________
               -0.135         0.657        -0.479


           NU
              IMPREL        PERSON        CONFIDEN      BELONG        PRAY
              ________      ________      ________      ________      ________
                0.000         0.000         0.000         0.000         4.773


           NU
              ATTEND        RCMUSLIM      RCASIAN       RCOTHER       COMMALL
              ________      ________      ________      ________      ________
                0.000         0.000         0.000         0.000         0.000


           NU
              RRI           RLI
              ________      ________
                0.000         0.000


           LAMBDA
              REL_B         RES1_B        RES2_B        SLOPE         ATTEND
              ________      ________      ________      ________      ________
 IMPREL         1.000         0.000         0.000         0.000         0.000
 PERSON         1.000         0.000         1.000         0.000         0.000
 CONFIDEN       1.000         0.000         0.000         0.000         0.000
 BELONG         1.000         0.000         1.000         0.000         0.000
 PRAY           1.000         1.000         0.000         0.000         0.000
 ATTEND         0.000         0.000         0.000         0.000         1.000
 RCMUSLIM       0.000         0.000         0.000         0.000         0.000
 RCASIAN        0.000         0.000         0.000         0.000         0.000
 RCOTHER        0.000         0.000         0.000         0.000         0.000
 COMMALL        0.000         0.000         0.000         0.000         0.000
 RRI            0.000         0.000         0.000         0.000         0.000
 RLI            0.000         0.000         0.000         0.000         0.000


           LAMBDA
              RCMUSLIM      RCASIAN       RCOTHER       COMMALL       RRI
              ________      ________      ________      ________      ________
 IMPREL         0.000         0.000         0.000         0.000         0.000
 PERSON         0.000         0.000         0.000         0.000         0.000
 CONFIDEN       0.000         0.000         0.000         0.000         0.000
 BELONG         0.000         0.000         0.000         0.000         0.000
 PRAY           0.000         0.000         0.000         0.000         0.000
 ATTEND         0.000         0.000         0.000         0.000         0.000
 RCMUSLIM       1.000         0.000         0.000         0.000         0.000
 RCASIAN        0.000         1.000         0.000         0.000         0.000
 RCOTHER        0.000         0.000         1.000         0.000         0.000
 COMMALL        0.000         0.000         0.000         1.000         0.000
 RRI            0.000         0.000         0.000         0.000         1.000
 RLI            0.000         0.000         0.000         0.000         0.000


           LAMBDA
              RLI
              ________
 IMPREL         0.000
 PERSON         0.000
 CONFIDEN       0.000
 BELONG         0.000
 PRAY           0.000
 ATTEND         0.000
 RCMUSLIM       0.000
 RCASIAN        0.000
 RCOTHER        0.000
 COMMALL        0.000
 RRI            0.000
 RLI            1.000


           THETA
              IMPREL        PERSON        CONFIDEN      BELONG        PRAY
              ________      ________      ________      ________      ________
 IMPREL         1.000
 PERSON         0.000         1.000
 CONFIDEN       0.000         0.000         1.000
 BELONG         0.000         0.000         0.000         1.000
 PRAY           0.000         0.000         0.000         0.000         3.773
 ATTEND         0.000         0.000         0.000         0.000         0.000
 RCMUSLIM       0.000         0.000         0.000         0.000         0.000
 RCASIAN        0.000         0.000         0.000         0.000         0.000
 RCOTHER        0.000         0.000         0.000         0.000         0.000
 COMMALL        0.000         0.000         0.000         0.000         0.000
 RRI            0.000         0.000         0.000         0.000         0.000
 RLI            0.000         0.000         0.000         0.000         0.000


           THETA
              ATTEND        RCMUSLIM      RCASIAN       RCOTHER       COMMALL
              ________      ________      ________      ________      ________
 ATTEND         0.000
 RCMUSLIM       0.000         0.000
 RCASIAN        0.000         0.000         0.000
 RCOTHER        0.000         0.000         0.000         0.000
 COMMALL        0.000         0.000         0.000         0.000         0.000
 RRI            0.000         0.000         0.000         0.000         0.000
 RLI            0.000         0.000         0.000         0.000         0.000


           THETA
              RRI           RLI
              ________      ________
 RRI            0.000
 RLI            0.000         0.000


           ALPHA
              REL_B         RES1_B        RES2_B        SLOPE         ATTEND
              ________      ________      ________      ________      ________
                0.000         0.000         0.000         0.000         3.501


           ALPHA
              RCMUSLIM      RCASIAN       RCOTHER       COMMALL       RRI
              ________      ________      ________      ________      ________
                0.000         0.000         0.000         0.000         0.000


           ALPHA
              RLI
              ________
                0.000


           BETA
              REL_B         RES1_B        RES2_B        SLOPE         ATTEND
              ________      ________      ________      ________      ________
 REL_B          0.000         0.000         0.000         0.000         0.000
 RES1_B         0.000         0.000         0.000         0.000         0.000
 RES2_B         0.000         0.000         0.000         0.000         0.000
 SLOPE          0.000         0.000         0.000         0.000         0.000
 ATTEND         1.000         1.000         0.000         0.000         0.000
 RCMUSLIM       0.000         0.000         0.000         0.000         0.000
 RCASIAN        0.000         0.000         0.000         0.000         0.000
 RCOTHER        0.000         0.000         0.000         0.000         0.000
 COMMALL        0.000         0.000         0.000         0.000         0.000
 RRI            0.000         0.000         0.000         0.000         0.000
 RLI            0.000         0.000         0.000         0.000         0.000


           BETA
              RCMUSLIM      RCASIAN       RCOTHER       COMMALL       RRI
              ________      ________      ________      ________      ________
 REL_B          0.000         0.000         0.000         0.000         0.000
 RES1_B         0.000         0.000         0.000         0.000         0.000
 RES2_B         0.000         0.000         0.000         0.000         0.000
 SLOPE          0.000         0.000         0.000         0.000         0.000
 ATTEND         0.000         0.000         0.000         0.000         0.000
 RCMUSLIM       0.000         0.000         0.000         0.000         0.000
 RCASIAN        0.000         0.000         0.000         0.000         0.000
 RCOTHER        0.000         0.000         0.000         0.000         0.000
 COMMALL        0.000         0.000         0.000         0.000         0.000
 RRI            0.000         0.000         0.000         0.000         0.000
 RLI            0.000         0.000         0.000         0.000         0.000


           BETA
              RLI
              ________
 REL_B          0.000
 RES1_B         0.000
 RES2_B         0.000
 SLOPE          0.000
 ATTEND         0.000
 RCMUSLIM       0.000
 RCASIAN        0.000
 RCOTHER        0.000
 COMMALL        0.000
 RRI            0.000
 RLI            0.000


           PSI
              REL_B         RES1_B        RES2_B        SLOPE         ATTEND
              ________      ________      ________      ________      ________
 REL_B          1.000
 RES1_B         0.000         1.000
 RES2_B         0.000         0.000         1.000
 SLOPE          0.000         0.000         0.000         1.000
 ATTEND         0.000         0.000         0.000         0.000         2.251
 RCMUSLIM       0.000         0.000         0.000         0.000         0.000
 RCASIAN        0.000         0.000         0.000         0.000         0.000
 RCOTHER        0.000         0.000         0.000         0.000         0.000
 COMMALL        0.000         0.000         0.000         0.000         0.000
 RRI            0.000         0.000         0.000         0.000         0.000
 RLI            0.000         0.000         0.000         0.000         0.000


           PSI
              RCMUSLIM      RCASIAN       RCOTHER       COMMALL       RRI
              ________      ________      ________      ________      ________
 RCMUSLIM     254.233
 RCASIAN        0.000        79.798
 RCOTHER        0.000         0.000       220.882
 COMMALL        0.000         0.000         0.000         0.103
 RRI            0.000         0.000         0.000         0.000        69.930
 RLI            0.000         0.000         0.000         0.000         0.000


           PSI
              RLI
              ________
 RLI           21.741



     PRIORS FOR ALL PARAMETERS            PRIOR MEAN      PRIOR VARIANCE     PRIOR STD. DEV.

     Parameter 1~N(0.000,5.000)              0.0000              5.0000              2.2361
     Parameter 2~N(0.000,5.000)              0.0000              5.0000              2.2361
     Parameter 3~N(0.000,5.000)              0.0000              5.0000              2.2361
     Parameter 4~N(0.000,infinity)           0.0000            infinity            infinity
     Parameter 5~IG(-1.000,0.000)          infinity            infinity            infinity
     Parameter 6~IG(-1.000,0.000)          infinity            infinity            infinity
     Parameter 7~IG(-1.000,0.000)          infinity            infinity            infinity
     Parameter 8~IG(-1.000,0.000)          infinity            infinity            infinity
     Parameter 9~IG(-1.000,0.000)          infinity            infinity            infinity
     Parameter 10~N(0.000,infinity)          0.0000            infinity            infinity
     Parameter 11~N(0.000,5.000)             0.0000              5.0000              2.2361
     Parameter 12~N(0.000,5.000)             0.0000              5.0000              2.2361
     Parameter 13~N(0.000,5.000)             0.0000              5.0000              2.2361
     Parameter 14~N(0.000,infinity)          0.0000            infinity            infinity
     Parameter 15~IG(-1.000,0.000)         infinity            infinity            infinity
     Parameter 16~IG(-1.000,0.000)         infinity            infinity            infinity
     Parameter 17~IG(-1.000,0.000)         infinity            infinity            infinity
     Parameter 18~IG(-1.000,0.000)         infinity            infinity            infinity
     Parameter 19~IG(-1.000,0.000)         infinity            infinity            infinity
     Parameter 20~N(0.000,infinity)          0.0000            infinity            infinity
     Parameter 21~N(0.000,infinity)          0.0000            infinity            infinity
     Parameter 22~N(0.000,infinity)          0.0000            infinity            infinity
     Parameter 23~N(0.000,infinity)          0.0000            infinity            infinity
     Parameter 24~N(0.000,infinity)          0.0000            infinity            infinity
     Parameter 25~N(0.000,infinity)          0.0000            infinity            infinity
     Parameter 26~N(0.000,infinity)          0.0000            infinity            infinity
     Parameter 27~N(0.000,infinity)          0.0000            infinity            infinity
     Parameter 28~N(0.000,infinity)          0.0000            infinity            infinity
     Parameter 29~IG(-1.000,0.000)         infinity            infinity            infinity
     Parameter 30~IG(-1.000,0.000)         infinity            infinity            infinity
     Parameter 31~IG(-1.000,0.000)         infinity            infinity            infinity
     Parameter 32~IG(-1.000,0.000)         infinity            infinity            infinity
     Parameter 33~IG(-1.000,0.000)         infinity            infinity            infinity
     Parameter 34~N(0.000,5.000)             0.0000              5.0000              2.2361
     Parameter 35~N(0.000,5.000)             0.0000              5.0000              2.2361
     Parameter 36~N(0.000,5.000)             0.0000              5.0000              2.2361
     Parameter 37~N(0.000,5.000)             0.0000              5.0000              2.2361
     Parameter 38~N(0.000,5.000)             0.0000              5.0000              2.2361
     Parameter 39~N(0.000,5.000)             0.0000              5.0000              2.2361
     Parameter 40~N(0.000,5.000)             0.0000              5.0000              2.2361
     Parameter 41~N(0.000,5.000)             0.0000              5.0000              2.2361


TECHNICAL 8 OUTPUT


   TECHNICAL 8 OUTPUT FOR BAYES ESTIMATION

     CHAIN    BSEED
     1        0
     2        285380

                     POTENTIAL       PARAMETER WITH
     ITERATION    SCALE REDUCTION      HIGHEST PSR
     100              5.735               34
     200              8.737               36
     300              4.633               35
     400              3.269               34
     500              4.687               34
     600              2.996               35
     700              2.567               40
     800              2.663               39
     900              2.969               39
     1000             2.431               40
     1100             2.669               38
     1200             2.320               39
     1300             2.234               38
     1400             1.947               38
     1500             1.862               38
     1600             1.491               38
     1700             1.389               38
     1800             1.292               39
     1900             1.262               38
     2000             1.297               39
     2100             1.363               35
     2200             1.474               35
     2300             1.561               36
     2400             1.509               35
     2500             1.513               35
     2600             1.592               35
     2700             1.596               35
     2800             1.574               35
     2900             1.581               39
     3000             1.516               39
     3100             1.542               39
     3200             1.552               40
     3300             1.556               40
     3400             1.592               39
     3500             1.607               39
     3600             1.616               39
     3700             1.629               39
     3800             1.557               40
     3900             1.535               34
     4000             1.581               34
     4100             1.645               34
     4200             1.665               34
     4300             1.702               34
     4400             1.784               34
     4500             1.813               34
     4600             1.757               34
     4700             1.714               34
     4800             1.686               34
     4900             1.568               34
     5000             1.477               34
     5100             1.405               34
     5200             1.344               34
     5300             1.286               34
     5400             1.245               34
     5500             1.225               34
     5600             1.211               34
     5700             1.216               40
     5800             1.227               40
     5900             1.230               40
     6000             1.230               35
     6100             1.238               35
     6200             1.240               35
     6300             1.224               35
     6400             1.228               39
     6500             1.217               39
     6600             1.200               39
     6700             1.170               39
     6800             1.122               39
     6900             1.094               39
     7000             1.071               39
     7100             1.049               39
     7200             1.030               39
     7300             1.023               39
     7400             1.022               39
     7500             1.024               39
     7600             1.024               39
     7700             1.032               39
     7800             1.038               39
     7900             1.041               39
     8000             1.043               39
     8100             1.045               39
     8200             1.049               39
     8300             1.050               39
     8400             1.053               39
     8500             1.056               39
     8600             1.056               39
     8700             1.056               39
     8800             1.051               39
     8900             1.044               39
     9000             1.044               38
     9100             1.051               38
     9200             1.056               38
     9300             1.058               38
     9400             1.057               38
     9500             1.051               39
     9600             1.043               38
     9700             1.040               38
     9800             1.042               39
     9900             1.040               39
     10000            1.036               39


PLOT INFORMATION

The following plots are available:

  Sample proportions
  Bayesian posterior parameter distributions
  Bayesian posterior parameter trace plots
  Bayesian autocorrelation plots
  Bayesian prior parameter distributions

SAVEDATA INFORMATION


  Bayesian Parameters

  Save file
    parameters.dat
  Save format      Free

  Order of parameters saved

    Chain number
    Iteration number
    Parameter 1, %WITHIN%: REL_W BY PERSON
    Parameter 2, %WITHIN%: REL_W BY CONFIDENCE
    Parameter 3, %WITHIN%: REL_W BY BELONG
    Parameter 4, %WITHIN%: REL_W BY PRAY
    Parameter 5, %WITHIN%: PRAY
    Parameter 6, %WITHIN%: REL_W
    Parameter 7, %WITHIN%: RES1_W
    Parameter 8, %WITHIN%: RES2_W
    Parameter 9, %WITHIN%: ATTEND
    Parameter 10, %BETWEEN%: [ PRAY ]
    Parameter 11, %BETWEEN%: REL_B BY PERSON
    Parameter 12, %BETWEEN%: REL_B BY CONFIDENCE
    Parameter 13, %BETWEEN%: REL_B BY BELONG
    Parameter 14, %BETWEEN%: REL_B BY PRAY
    Parameter 15, %BETWEEN%: IMPREL
    Parameter 16, %BETWEEN%: PERSON
    Parameter 17, %BETWEEN%: CONFIDENCE
    Parameter 18, %BETWEEN%: BELONG
    Parameter 19, %BETWEEN%: PRAY
    Parameter 20, %BETWEEN%: [ SLOPE ]
    Parameter 21, %BETWEEN%: [ ATTEND ]
    Parameter 22, %BETWEEN%: SLOPE ON RCMUSLIM
    Parameter 23, %BETWEEN%: SLOPE ON RCASIAN
    Parameter 24, %BETWEEN%: SLOPE ON RCOTHER
    Parameter 25, %BETWEEN%: SLOPE ON COMMALL
    Parameter 26, %BETWEEN%: SLOPE ON RRI
    Parameter 27, %BETWEEN%: SLOPE ON RLI
    Parameter 28, %BETWEEN%: ATTEND ON REL_B
    Parameter 29, %BETWEEN%: REL_B
    Parameter 30, %BETWEEN%: RES1_B
    Parameter 31, %BETWEEN%: RES2_B
    Parameter 32, %BETWEEN%: SLOPE
    Parameter 33, %BETWEEN%: ATTEND
    Parameter 34, %BETWEEN%: [ IMPREL$1 ]
    Parameter 35, %BETWEEN%: [ IMPREL$2 ]
    Parameter 36, %BETWEEN%: [ IMPREL$3 ]
    Parameter 37, %BETWEEN%: [ PERSON$1 ]
    Parameter 38, %BETWEEN%: [ CONFIDENCE$1 ]
    Parameter 39, %BETWEEN%: [ CONFIDENCE$2 ]
    Parameter 40, %BETWEEN%: [ CONFIDENCE$3 ]
    Parameter 41, %BETWEEN%: [ BELONG$1 ]

     Beginning Time:  14:59:25
        Ending Time:  21:37:26
       Elapsed Time:  06:38:01



MUTHEN & MUTHEN
3463 Stoner Ave.
Los Angeles, CA  90066

Tel: (310) 391-9971
Fax: (310) 391-8971
Web: www.StatModel.com
Support: Support@StatModel.com

Copyright (c) 1998-2019 Muthen & Muthen
