Mplus VERSION 8.4 (Mac)
MUTHEN & MUTHEN
03/22/2023  10:36 AM

INPUT INSTRUCTIONS

  TITLE: MLR dat1;

  DATA:
  FILE = mlsem_dat_add1.dat;

  VARIABLE:
  NAMES = country imprel confidence belong attend pray person year code RCCHR RCMUSLIM
       RCASIAN RCOTHER COMMALL RRI RLI ZAFRICA ZLA ZINDIC ZSINIC ZNWEST ZISLAM ZORT
       ZEUWEST;
  USEVARIABLES = country imprel person confidence pray attend belong;
  MISSING = .;

  CLUSTER = country;
  CATEGORICAL = imprel person confidence belong;

  ANALYSIS:
  ESTIMATOR = MLR;
  TYPE = TWOLEVEL;
  LINK = PROBIT;

  MODEL:
  %WITHIN%
  Rel_W BY imprel person confidence pray attend belong;

  %BETWEEN%
  Rel_B BY imprel person confidence pray attend belong;
  imprel@0;
  person@0;
  confidence@0;
  pray@0;
  attend@0;
  belong@0;

  OUTPUT:
  SVALUES;



*** WARNING in VARIABLE command
  Note that only the first 8 characters of variable names are used in the output.
  Shorten variable names to avoid any confusion.
   1 WARNING(S) FOUND IN THE INPUT INSTRUCTIONS



MLR dat1;

SUMMARY OF ANALYSIS

Number of groups                                                 1
Number of observations                                       63221

Number of dependent variables                                    6
Number of independent variables                                  0
Number of continuous latent variables                            2

Observed dependent variables

  Continuous
   PRAY        ATTEND

  Binary and ordered categorical (ordinal)
   IMPREL      PERSON      CONFIDEN    BELONG

Continuous latent variables
   REL_W       REL_B

Variables with special functions

  Cluster variable      COUNTRY

Estimator                                                      MLR
Information matrix                                        OBSERVED
Optimization Specifications for the Quasi-Newton Algorithm for
Continuous Outcomes
  Maximum number of iterations                                 100
  Convergence criterion                                  0.100D-05
Optimization Specifications for the EM Algorithm
  Maximum number of iterations                                 500
  Convergence criteria
    Loglikelihood change                                 0.100D-02
    Relative loglikelihood change                        0.100D-05
    Derivative                                           0.100D-02
Optimization Specifications for the M step of the EM Algorithm for
Categorical Latent variables
  Number of M step iterations                                    1
  M step convergence criterion                           0.100D-02
  Basis for M step termination                           ITERATION
Optimization Specifications for the M step of the EM Algorithm for
Censored, Binary or Ordered Categorical (Ordinal), Unordered
Categorical (Nominal) and Count Outcomes
  Number of M step iterations                                    1
  M step convergence criterion                           0.100D-02
  Basis for M step termination                           ITERATION
  Maximum value for logit thresholds                            10
  Minimum value for logit thresholds                           -10
  Minimum expected cell size for chi-square              0.100D-01
Maximum number of iterations for H1                           2000
Convergence criterion for H1                             0.100D-03
Optimization algorithm                                         EMA
Integration Specifications
  Type                                                    STANDARD
  Number of integration points                                  15
  Dimensions of numerical integration                            2
  Adaptive quadrature                                           ON
Link                                                        PROBIT
Cholesky                                                        ON

Input data file(s)
  mlsem_dat_add1.dat
Input data format  FREE


SUMMARY OF DATA

     Number of missing data patterns             1
     Number of y missing data patterns           1
     Number of u missing data patterns           1
     Number of clusters                         44



COVARIANCE COVERAGE OF DATA

Minimum covariance coverage value   0.100


     PROPORTION OF DATA PRESENT FOR Y


           Covariance Coverage
              PRAY          ATTEND
              ________      ________
 PRAY           1.000
 ATTEND         1.000         1.000


UNIVARIATE PROPORTIONS AND COUNTS FOR CATEGORICAL VARIABLES

    IMPREL
      Category 1    0.184        11659.000
      Category 2    0.230        14557.000
      Category 3    0.239        15089.000
      Category 4    0.347        21916.000
    PERSON
      Category 1    0.403        25466.000
      Category 2    0.597        37755.000
    CONFIDEN
      Category 1    0.144         9109.000
      Category 2    0.294        18575.000
      Category 3    0.330        20833.000
      Category 4    0.233        14704.000
    BELONG
      Category 1    0.309        19509.000
      Category 2    0.691        43712.000



UNIVARIATE SAMPLE STATISTICS


     UNIVARIATE HIGHER-ORDER MOMENT DESCRIPTIVE STATISTICS

         Variable/         Mean/     Skewness/   Minimum/ % with                Percentiles
        Sample Size      Variance    Kurtosis    Maximum  Min/Max      20%/60%    40%/80%    Median

     PRAY                  4.743      -0.243       1.000   24.18%       1.000      4.000      6.000
           63221.000       7.638      -1.580       8.000   21.98%       6.000      8.000
     ATTEND                3.479       0.202       1.000   29.18%       1.000      2.000      4.000
           63221.000       4.534      -1.423       7.000    8.82%       4.000      6.000

     WARNING: THE MODEL ESTIMATION HAS REACHED A SADDLE POINT OR A POINT WHERE THE
     OBSERVED AND THE EXPECTED INFORMATION MATRICES DO NOT MATCH.
     AN ADJUSTMENT TO THE ESTIMATION OF THE INFORMATION MATRIX HAS BEEN MADE.
     THE CONDITION NUMBER IS      -0.605D+00.
     THE PROBLEM MAY ALSO BE RESOLVED BY TURNING OFF THE CHOLESKY OPTION OR
     BY DECREASING THE VALUE OF THE MCONVERGENCE OPTION OR BY CHANGING THE STARTING VALUES
     OR BY INCREASING THE NUMBER OF INTEGRATION POINTS OR BY USING THE MLF ESTIMATOR.


THE MODEL ESTIMATION TERMINATED NORMALLY



MODEL FIT INFORMATION

Number of Free Parameters                       24

Loglikelihood

          H0 Value                     -452732.919
          H0 Scaling Correction Factor     75.2545
            for MLR

Information Criteria

          Akaike (AIC)                  905513.837
          Bayesian (BIC)                905731.143
          Sample-Size Adjusted BIC      905654.870
            (n* = (n + 2) / 24)



MODEL RESULTS

                                                    Two-Tailed
                    Estimate       S.E.  Est./S.E.    P-Value

Within Level

 REL_W    BY
    IMPREL             1.000      0.000    999.000    999.000
    PERSON             1.009      0.047     21.650      0.000
    CONFIDENCE         0.583      0.032     18.443      0.000
    PRAY               1.468      0.062     23.770      0.000
    ATTEND             1.179      0.062     18.960      0.000
    BELONG             0.847      0.068     12.491      0.000

 Variances
    REL_W              1.362      0.164      8.298      0.000

 Residual Variances
    PRAY               2.488      0.131     18.987      0.000
    ATTEND             1.772      0.134     13.217      0.000

Between Level

 REL_B    BY
    IMPREL             1.000      0.000    999.000    999.000
    PERSON             0.684      0.066     10.337      0.000
    CONFIDENCE         0.411      0.062      6.623      0.000
    PRAY               1.381      0.061     22.612      0.000
    ATTEND             0.871      0.055     15.760      0.000
    BELONG             0.641      0.100      6.388      0.000

 Intercepts
    PRAY               4.306      0.064     67.345      0.000
    ATTEND             3.203      0.044     72.192      0.000

 Thresholds
    IMPREL$1          -1.470      0.056    -26.188      0.000
    IMPREL$2          -0.080      0.028     -2.862      0.004
    IMPREL$3           1.144      0.030     37.945      0.000
    PERSON$1          -0.193      0.085     -2.257      0.024
    CONFIDEN$1        -1.247      0.065    -19.127      0.000
    CONFIDEN$2        -0.078      0.067     -1.163      0.245
    CONFIDEN$3         1.088      0.074     14.744      0.000
    BELONG$1          -0.596      0.095     -6.276      0.000

 Variances
    REL_B              1.380      0.239      5.779      0.000

 Residual Variances
    IMPREL             0.000      0.000    999.000    999.000
    PERSON             0.000      0.000    999.000    999.000
    CONFIDENCE         0.000      0.000    999.000    999.000
    BELONG             0.000      0.000    999.000    999.000
    PRAY               0.000      0.000    999.000    999.000
    ATTEND             0.000      0.000    999.000    999.000


RESULTS IN PROBABILITY SCALE

                    Estimate

Within Level


Between Level

 IMPREL
    Category 1         0.224
    Category 2         0.260
    Category 3         0.239
    Category 4         0.277
 PERSON
    Category 1         0.456
    Category 2         0.544
 CONFIDEN
    Category 1         0.169
    Category 2         0.307
    Category 3         0.322
    Category 4         0.202
 BELONG
    Category 1         0.354
    Category 2         0.646


QUALITY OF NUMERICAL RESULTS

     Condition Number for the Information Matrix             -0.605E+00
       (ratio of smallest to largest eigenvalue)


MODEL COMMAND WITH FINAL ESTIMATES USED AS STARTING VALUES

     %WITHIN%

     rel_w BY imprel@1;
     rel_w BY person*1.00949;
     rel_w BY confidence*0.58323;
     rel_w BY pray*1.46783;
     rel_w BY attend*1.17934;
     rel_w BY belong*0.84717;

     pray*2.48820;
     attend*1.77239;
     rel_w*1.36236;

     %BETWEEN%

     rel_b BY imprel@1;
     rel_b BY person*0.68400;
     rel_b BY confidence*0.41150;
     rel_b BY pray*1.38114;
     rel_b BY attend*0.87053;
     rel_b BY belong*0.64089;

     [ pray*4.30551 ];
     [ attend*3.20325 ];

     [ imprel$1*-1.47013 ];
     [ imprel$2*-0.08044 ];
     [ imprel$3*1.14419 ];
     [ person$1*-0.19255 ];
     [ confidence$1*-1.24698 ];
     [ confidence$2*-0.07810 ];
     [ confidence$3*1.08756 ];
     [ belong$1*-0.59615 ];

     imprel@0;
     person@0;
     confidence@0;
     belong@0;
     pray@0;
     attend@0;
     rel_b*1.38031;



     Beginning Time:  10:36:22
        Ending Time:  10:55:52
       Elapsed Time:  00:19:30



MUTHEN & MUTHEN
3463 Stoner Ave.
Los Angeles, CA  90066

Tel: (310) 391-9971
Fax: (310) 391-8971
Web: www.StatModel.com
Support: Support@StatModel.com

Copyright (c) 1998-2019 Muthen & Muthen
