Mplus VERSION 8.4 (Mac)
MUTHEN & MUTHEN
03/22/2023   2:15 PM

INPUT INSTRUCTIONS

  TITLE: MLR dat1;

  DATA:
  FILE = mlsem_dat_add1.dat;

  VARIABLE:
  NAMES = country imprel confidence belong attend pray person year code RCCHR RCMUSLIM
       RCASIAN RCOTHER COMMALL RRI RLI ZAFRICA ZLA ZINDIC ZSINIC ZNWEST ZISLAM ZORT
       ZEUWEST;
  USEVARIABLES = country imprel person confidence pray attend belong;
  MISSING = .;

  CLUSTER = country;
  CATEGORICAL = imprel person confidence belong;

  ANALYSIS:
  ESTIMATOR = MLR;
  TYPE = TWOLEVEL;
  LINK = PROBIT;

  MODEL:
       %WITHIN%

       rel_w BY imprel@1;
       rel_w BY person*1.00949;
       rel_w BY confidence*0.58323;
       rel_w BY pray*1.46783;
       rel_w BY attend*1.17934;
       rel_w BY belong*0.84717;

       pray*2.48820;
       attend*1.77239;
       rel_w*1.36236;

       %BETWEEN%

       rel_b BY imprel@1;
       rel_b BY person*0.68400;
       rel_b BY confidence*0.41150;
       rel_b BY pray*1.38114;
       rel_b BY attend*0.87053;
       rel_b BY belong*0.64089;

       [ pray*4.30551 ];
       [ attend*3.20325 ];

       [ imprel$1*-1.47013 ];
       [ imprel$2*-0.08044 ];
       [ imprel$3*1.14419 ];
       [ person$1*-0.19255 ];
       [ confidence$1*-1.24698 ];
       [ confidence$2*-0.07810 ];
       [ confidence$3*1.08756 ];
       [ belong$1*-0.59615 ];

       imprel@0;
       person@0;
       confidence@0;
       belong@0;
       pray@0;
       attend@0;
       rel_b*1.38031;

  OUTPUT:
  SVALUES;



*** WARNING in VARIABLE command
  Note that only the first 8 characters of variable names are used in the output.
  Shorten variable names to avoid any confusion.
   1 WARNING(S) FOUND IN THE INPUT INSTRUCTIONS



MLR dat1;

SUMMARY OF ANALYSIS

Number of groups                                                 1
Number of observations                                       63221

Number of dependent variables                                    6
Number of independent variables                                  0
Number of continuous latent variables                            2

Observed dependent variables

  Continuous
   PRAY        ATTEND

  Binary and ordered categorical (ordinal)
   IMPREL      PERSON      CONFIDEN    BELONG

Continuous latent variables
   REL_W       REL_B

Variables with special functions

  Cluster variable      COUNTRY

Estimator                                                      MLR
Information matrix                                        OBSERVED
Optimization Specifications for the Quasi-Newton Algorithm for
Continuous Outcomes
  Maximum number of iterations                                 100
  Convergence criterion                                  0.100D-05
Optimization Specifications for the EM Algorithm
  Maximum number of iterations                                 500
  Convergence criteria
    Loglikelihood change                                 0.100D-02
    Relative loglikelihood change                        0.100D-05
    Derivative                                           0.100D-02
Optimization Specifications for the M step of the EM Algorithm for
Categorical Latent variables
  Number of M step iterations                                    1
  M step convergence criterion                           0.100D-02
  Basis for M step termination                           ITERATION
Optimization Specifications for the M step of the EM Algorithm for
Censored, Binary or Ordered Categorical (Ordinal), Unordered
Categorical (Nominal) and Count Outcomes
  Number of M step iterations                                    1
  M step convergence criterion                           0.100D-02
  Basis for M step termination                           ITERATION
  Maximum value for logit thresholds                            10
  Minimum value for logit thresholds                           -10
  Minimum expected cell size for chi-square              0.100D-01
Maximum number of iterations for H1                           2000
Convergence criterion for H1                             0.100D-03
Optimization algorithm                                         EMA
Integration Specifications
  Type                                                    STANDARD
  Number of integration points                                  15
  Dimensions of numerical integration                            2
  Adaptive quadrature                                           ON
Link                                                        PROBIT
Cholesky                                                        ON

Input data file(s)
  mlsem_dat_add1.dat
Input data format  FREE


SUMMARY OF DATA

     Number of missing data patterns             1
     Number of y missing data patterns           1
     Number of u missing data patterns           1
     Number of clusters                         44



COVARIANCE COVERAGE OF DATA

Minimum covariance coverage value   0.100


     PROPORTION OF DATA PRESENT FOR Y


           Covariance Coverage
              PRAY          ATTEND
              ________      ________
 PRAY           1.000
 ATTEND         1.000         1.000


UNIVARIATE PROPORTIONS AND COUNTS FOR CATEGORICAL VARIABLES

    IMPREL
      Category 1    0.184        11659.000
      Category 2    0.230        14557.000
      Category 3    0.239        15089.000
      Category 4    0.347        21916.000
    PERSON
      Category 1    0.403        25466.000
      Category 2    0.597        37755.000
    CONFIDEN
      Category 1    0.144         9109.000
      Category 2    0.294        18575.000
      Category 3    0.330        20833.000
      Category 4    0.233        14704.000
    BELONG
      Category 1    0.309        19509.000
      Category 2    0.691        43712.000



UNIVARIATE SAMPLE STATISTICS


     UNIVARIATE HIGHER-ORDER MOMENT DESCRIPTIVE STATISTICS

         Variable/         Mean/     Skewness/   Minimum/ % with                Percentiles
        Sample Size      Variance    Kurtosis    Maximum  Min/Max      20%/60%    40%/80%    Median

     PRAY                  4.743      -0.243       1.000   24.18%       1.000      4.000      6.000
           63221.000       7.638      -1.580       8.000   21.98%       6.000      8.000
     ATTEND                3.479       0.202       1.000   29.18%       1.000      2.000      4.000
           63221.000       4.534      -1.423       7.000    8.82%       4.000      6.000


THE MODEL ESTIMATION TERMINATED NORMALLY



MODEL FIT INFORMATION

Number of Free Parameters                       24

Loglikelihood

          H0 Value                     -451973.438
          H0 Scaling Correction Factor     77.7433
            for MLR

Information Criteria

          Akaike (AIC)                  903994.876
          Bayesian (BIC)                904212.181
          Sample-Size Adjusted BIC      904135.909
            (n* = (n + 2) / 24)



MODEL RESULTS

                                                    Two-Tailed
                    Estimate       S.E.  Est./S.E.    P-Value

Within Level

 REL_W    BY
    IMPREL             1.000      0.000    999.000    999.000
    PERSON             1.075      0.058     18.675      0.000
    CONFIDENCE         0.610      0.038     15.935      0.000
    PRAY               1.514      0.085     17.834      0.000
    ATTEND             1.221      0.089     13.721      0.000
    BELONG             0.862      0.068     12.634      0.000

 Variances
    REL_W              1.244      0.200      6.207      0.000

 Residual Variances
    PRAY               2.470      0.128     19.265      0.000
    ATTEND             1.767      0.132     13.428      0.000

Between Level

 REL_B    BY
    IMPREL             1.000      0.000    999.000    999.000
    PERSON             0.689      0.085      8.123      0.000
    CONFIDENCE         0.421      0.050      8.366      0.000
    PRAY               1.453      0.098     14.761      0.000
    ATTEND             0.912      0.067     13.646      0.000
    BELONG             0.688      0.143      4.814      0.000

 Intercepts
    PRAY               4.387      0.248     17.697      0.000
    ATTEND             3.255      0.159     20.457      0.000

 Thresholds
    IMPREL$1          -1.497      0.149    -10.080      0.000
    IMPREL$2          -0.144      0.168     -0.855      0.393
    IMPREL$3           1.051      0.186      5.648      0.000
    PERSON$1          -0.243      0.149     -1.630      0.103
    CONFIDEN$1        -1.274      0.080    -15.896      0.000
    CONFIDEN$2        -0.105      0.095     -1.099      0.272
    CONFIDEN$3         1.061      0.117      9.040      0.000
    BELONG$1          -0.630      0.148     -4.246      0.000

 Variances
    REL_B              1.213      0.230      5.267      0.000

 Residual Variances
    IMPREL             0.000      0.000    999.000    999.000
    PERSON             0.000      0.000    999.000    999.000
    CONFIDENCE         0.000      0.000    999.000    999.000
    BELONG             0.000      0.000    999.000    999.000
    PRAY               0.000      0.000    999.000    999.000
    ATTEND             0.000      0.000    999.000    999.000


RESULTS IN PROBABILITY SCALE

                    Estimate

Within Level


Between Level

 IMPREL
    Category 1         0.210
    Category 2         0.259
    Category 3         0.245
    Category 4         0.286
 PERSON
    Category 1         0.444
    Category 2         0.556
 CONFIDEN
    Category 1         0.163
    Category 2         0.305
    Category 3         0.326
    Category 4         0.206
 BELONG
    Category 1         0.345
    Category 2         0.655


QUALITY OF NUMERICAL RESULTS

     Condition Number for the Information Matrix              0.123E-06
       (ratio of smallest to largest eigenvalue)


MODEL COMMAND WITH FINAL ESTIMATES USED AS STARTING VALUES

     %WITHIN%

     rel_w BY imprel@1;
     rel_w BY person*1.07463;
     rel_w BY confidence*0.60959;
     rel_w BY pray*1.51394;
     rel_w BY attend*1.22096;
     rel_w BY belong*0.86207;

     pray*2.46981;
     attend*1.76748;
     rel_w*1.24433;

     %BETWEEN%

     rel_b BY imprel@1;
     rel_b BY person*0.68948;
     rel_b BY confidence*0.42135;
     rel_b BY pray*1.45302;
     rel_b BY attend*0.91185;
     rel_b BY belong*0.68834;

     [ pray*4.38709 ];
     [ attend*3.25547 ];

     [ imprel$1*-1.49722 ];
     [ imprel$2*-0.14372 ];
     [ imprel$3*1.05129 ];
     [ person$1*-0.24309 ];
     [ confidence$1*-1.27447 ];
     [ confidence$2*-0.10490 ];
     [ confidence$3*1.06082 ];
     [ belong$1*-0.63040 ];

     imprel@0;
     person@0;
     confidence@0;
     belong@0;
     pray@0;
     attend@0;
     rel_b*1.21322;



     Beginning Time:  14:15:03
        Ending Time:  14:22:16
       Elapsed Time:  00:07:13



MUTHEN & MUTHEN
3463 Stoner Ave.
Los Angeles, CA  90066

Tel: (310) 391-9971
Fax: (310) 391-8971
Web: www.StatModel.com
Support: Support@StatModel.com

Copyright (c) 1998-2019 Muthen & Muthen
